#
# There is insufficient memory for the Java Runtime Environment to continue.
# Native memory allocation (malloc) failed to allocate 803984 bytes for Chunk::new
# Possible reasons:
#   The system is out of physical RAM or swap space
#   The process is running with CompressedOops enabled, and the Java Heap may be blocking the growth of the native heap
# Possible solutions:
#   Reduce memory load on the system
#   Increase physical memory or swap space
#   Check if swap backing store is full
#   Decrease Java heap size (-Xmx/-Xms)
#   Decrease number of Java threads
#   Decrease Java thread stack sizes (-Xss)
#   Set larger code cache with -XX:ReservedCodeCacheSize=
#   JVM is running with Unscaled Compressed Oops mode in which the Java heap is
#     placed in the first 4GB address space. The Java Heap base address is the
#     maximum limit for the native heap growth. Please use -XX:HeapBaseMinAddress
#     to set the Java Heap base and to place the Java Heap above 4GB virtual address.
# This output file may be truncated or incomplete.
#
#  Out of Memory Error (arena.cpp:191), pid=20568, tid=6292
#
# JRE version: OpenJDK Runtime Environment Temurin-17.0.9+9 (17.0.9+9) (build 17.0.9+9)
# Java VM: OpenJDK 64-Bit Server VM Temurin-17.0.9+9 (17.0.9+9, mixed mode, tiered, compressed oops, compressed class ptrs, parallel gc, windows-amd64)
# No core dump will be written. Minidumps are not enabled by default on client versions of Windows
#

---------------  S U M M A R Y ------------

Command Line: --add-modules=ALL-SYSTEM --add-opens=java.base/java.util=ALL-UNNAMED --add-opens=java.base/java.lang=ALL-UNNAMED --add-opens=java.base/sun.nio.fs=ALL-UNNAMED -Declipse.application=org.eclipse.jdt.ls.core.id1 -Dosgi.bundles.defaultStartLevel=4 -Declipse.product=org.eclipse.jdt.ls.core.product -Djava.import.generatesMetadataFilesAtProjectRoot=false -DDetectVMInstallationsJob.disabled=true -Dfile.encoding=utf8 -XX:+UseParallelGC -XX:GCTimeRatio=4 -XX:AdaptiveSizePolicyWeight=90 -Dsun.zip.disableMemoryMapping=true -Xmx1G -Xms100m -Xlog:disable -javaagent:c:\Users\messi\.vscode\extensions\redhat.java-1.26.0-win32-x64\lombok\lombok-1.18.31-3454.jar c:\Users\messi\.vscode\extensions\redhat.java-1.26.0-win32-x64\server\plugins\org.eclipse.equinox.launcher_1.6.700.v20231214-2017.jar -configuration c:\Users\messi\AppData\Roaming\Code\User\globalStorage\redhat.java\1.26.0\config_ss_win -data c:\Users\messi\AppData\Roaming\Code\User\workspaceStorage\aa2e15ffd266c7f89fca84743d3787ac\redhat.java\ss_ws --stdio

Host: Intel(R) Core(TM) i5-9300H CPU @ 2.40GHz, 8 cores, 15G,  Windows 11 , 64 bit Build 22621 (10.0.22621.2506)
Time: Wed Jan 24 16:21:55 2024 SE Asia Standard Time elapsed time: 5.427472 seconds (0d 0h 0m 5s)

---------------  T H R E A D  ---------------

Current thread (0x0000025676b00740):  JavaThread "C2 CompilerThread2" daemon [_thread_in_native, id=6292, stack(0x0000009118000000,0x0000009118100000)]


Current CompileTask:
C2:   5427 4054       4       java.io.WinNTFileSystem::normalize (143 bytes)

Stack: [0x0000009118000000,0x0000009118100000]
Native frames: (J=compiled Java code, j=interpreted, Vv=VM code, C=native code)
V  [jvm.dll+0x67cf49]
V  [jvm.dll+0x83478a]
V  [jvm.dll+0x83624e]
V  [jvm.dll+0x8368b3]
V  [jvm.dll+0x247f1f]
V  [jvm.dll+0xac43c]
V  [jvm.dll+0xaca8c]
V  [jvm.dll+0x367067]
V  [jvm.dll+0x3313ba]
V  [jvm.dll+0x33085a]
V  [jvm.dll+0x21a5b1]
V  [jvm.dll+0x2199d1]
V  [jvm.dll+0x1a57cd]
V  [jvm.dll+0x2297ae]
V  [jvm.dll+0x22797c]
V  [jvm.dll+0x7e9877]
V  [jvm.dll+0x7e3c3a]
V  [jvm.dll+0x67be35]
C  [ucrtbase.dll+0x29363]
C  [KERNEL32.DLL+0x1257d]
C  [ntdll.dll+0x5aa58]


---------------  P R O C E S S  ---------------

Threads class SMR info:
_java_thread_list=0x00000256756389a0, length=28, elements={
0x000002565abce6d0, 0x000002566ea57040, 0x000002566ea57dd0, 0x000002566ea5bf70,
0x000002566ea5cc00, 0x000002566ea5d990, 0x000002566ea5e970, 0x0000025673b133a0,
0x0000025673b160d0, 0x0000025673b171c0, 0x0000025673c927b0, 0x0000025674c67be0,
0x000002567548fb80, 0x00000256755fc910, 0x000002567554c060, 0x00000256752b41f0,
0x00000256756409f0, 0x000002567591df90, 0x000002567591d060, 0x0000025675920810,
0x00000256759aab10, 0x000002567591e4a0, 0x000002567591f8e0, 0x000002567591e9b0,
0x000002567591eec0, 0x0000025676b00740, 0x000002567591f3d0, 0x0000025675920300
}

Java Threads: ( => current thread )
  0x000002565abce6d0 JavaThread "main" [_thread_blocked, id=6804, stack(0x0000009115b00000,0x0000009115c00000)]
  0x000002566ea57040 JavaThread "Reference Handler" daemon [_thread_blocked, id=21632, stack(0x0000009115e00000,0x0000009115f00000)]
  0x000002566ea57dd0 JavaThread "Finalizer" daemon [_thread_blocked, id=5332, stack(0x0000009115f00000,0x0000009116000000)]
  0x000002566ea5bf70 JavaThread "Signal Dispatcher" daemon [_thread_blocked, id=1368, stack(0x0000009116000000,0x0000009116100000)]
  0x000002566ea5cc00 JavaThread "Attach Listener" daemon [_thread_blocked, id=18720, stack(0x0000009116100000,0x0000009116200000)]
  0x000002566ea5d990 JavaThread "Service Thread" daemon [_thread_blocked, id=15712, stack(0x0000009116200000,0x0000009116300000)]
  0x000002566ea5e970 JavaThread "Monitor Deflation Thread" daemon [_thread_blocked, id=7888, stack(0x0000009116300000,0x0000009116400000)]
  0x0000025673b133a0 JavaThread "C2 CompilerThread0" daemon [_thread_blocked, id=16032, stack(0x0000009116400000,0x0000009116500000)]
  0x0000025673b160d0 JavaThread "C1 CompilerThread0" daemon [_thread_blocked, id=20440, stack(0x0000009116500000,0x0000009116600000)]
  0x0000025673b171c0 JavaThread "Sweeper thread" daemon [_thread_blocked, id=992, stack(0x0000009116600000,0x0000009116700000)]
  0x0000025673c927b0 JavaThread "Common-Cleaner" daemon [_thread_blocked, id=21024, stack(0x0000009116700000,0x0000009116800000)]
  0x0000025674c67be0 JavaThread "Notification Thread" daemon [_thread_blocked, id=18880, stack(0x0000009116900000,0x0000009116a00000)]
  0x000002567548fb80 JavaThread "Active Thread: Equinox Container: a8378ae0-5ed2-478f-8446-0fa8ec9b7a7d" [_thread_blocked, id=17460, stack(0x0000009117100000,0x0000009117200000)]
  0x00000256755fc910 JavaThread "Framework Event Dispatcher: Equinox Container: a8378ae0-5ed2-478f-8446-0fa8ec9b7a7d" daemon [_thread_blocked, id=21940, stack(0x0000009117200000,0x0000009117300000)]
  0x000002567554c060 JavaThread "Start Level: Equinox Container: a8378ae0-5ed2-478f-8446-0fa8ec9b7a7d" daemon [_thread_blocked, id=9548, stack(0x0000009117300000,0x0000009117400000)]
  0x00000256752b41f0 JavaThread "SCR Component Actor" daemon [_thread_blocked, id=2392, stack(0x0000009117400000,0x0000009117500000)]
  0x00000256756409f0 JavaThread "SCR Component Registry" daemon [_thread_blocked, id=19304, stack(0x0000009117600000,0x0000009117700000)]
  0x000002567591df90 JavaThread "Worker-JM" [_thread_blocked, id=18452, stack(0x0000009117000000,0x0000009117100000)]
  0x000002567591d060 JavaThread "Worker-0" [_thread_blocked, id=2520, stack(0x0000009117700000,0x0000009117800000)]
  0x0000025675920810 JavaThread "Worker-1" [_thread_blocked, id=4576, stack(0x0000009117800000,0x0000009117900000)]
  0x00000256759aab10 JavaThread "C2 CompilerThread1" daemon [_thread_blocked, id=21496, stack(0x0000009117900000,0x0000009117a00000)]
  0x000002567591e4a0 JavaThread "JNA Cleaner" daemon [_thread_blocked, id=16248, stack(0x0000009117a00000,0x0000009117b00000)]
  0x000002567591f8e0 JavaThread "pool-2-thread-1" [_thread_blocked, id=9648, stack(0x0000009117d00000,0x0000009117e00000)]
  0x000002567591e9b0 JavaThread "WorkspaceEventsHandler" [_thread_blocked, id=18924, stack(0x0000009117e00000,0x0000009117f00000)]
  0x000002567591eec0 JavaThread "pool-1-thread-1" [_thread_blocked, id=9804, stack(0x0000009117f00000,0x0000009118000000)]
=>0x0000025676b00740 JavaThread "C2 CompilerThread2" daemon [_thread_in_native, id=6292, stack(0x0000009118000000,0x0000009118100000)]
  0x000002567591f3d0 JavaThread "ForkJoinPool.commonPool-worker-1" daemon [_thread_in_Java, id=22000, stack(0x0000009118100000,0x0000009118200000)]
  0x0000025675920300 JavaThread "Worker-2" [_thread_blocked, id=1404, stack(0x0000009118200000,0x0000009118300000)]

Other Threads:
  0x0000025673ae14b0 VMThread "VM Thread" [stack: 0x0000009115d00000,0x0000009115e00000] [id=9260]
  0x0000025674c680c0 WatcherThread [stack: 0x0000009116a00000,0x0000009116b00000] [id=10376]
  0x000002565abe5720 GCTaskThread "GC Thread#0" [stack: 0x0000009115c00000,0x0000009115d00000] [id=3908]
  0x00000256754c69d0 GCTaskThread "GC Thread#1" [stack: 0x0000009116800000,0x0000009116900000] [id=1928]
  0x00000256754c6c90 GCTaskThread "GC Thread#2" [stack: 0x0000009116b00000,0x0000009116c00000] [id=15856]
  0x00000256754c6f50 GCTaskThread "GC Thread#3" [stack: 0x0000009116c00000,0x0000009116d00000] [id=21684]
  0x00000256754c7210 GCTaskThread "GC Thread#4" [stack: 0x0000009116d00000,0x0000009116e00000] [id=17800]
  0x000002567537b0b0 GCTaskThread "GC Thread#5" [stack: 0x0000009116e00000,0x0000009116f00000] [id=18728]
  0x000002567537b370 GCTaskThread "GC Thread#6" [stack: 0x0000009116f00000,0x0000009117000000] [id=19520]
  0x00000256755374d0 GCTaskThread "GC Thread#7" [stack: 0x0000009117500000,0x0000009117600000] [id=3480]

Threads with active compile tasks:
C2 CompilerThread2     5444 4054       4       java.io.WinNTFileSystem::normalize (143 bytes)

VM state: not at safepoint (normal execution)

VM Mutex/Monitor currently owned by a thread: None

Heap address: 0x00000000c0000000, size: 1024 MB, Compressed Oops mode: 32-bit

CDS archive(s) not mapped
Compressed class space mapped at: 0x0000000100000000-0x0000000140000000, reserved size: 1073741824
Narrow klass base: 0x0000000000000000, Narrow klass shift: 3, Narrow klass range: 0x140000000

GC Precious Log:
 CPUs: 8 total, 8 available
 Memory: 16224M
 Large Page Support: Disabled
 NUMA Support: Disabled
 Compressed Oops: Enabled (32-bit)
 Alignments: Space 512K, Generation 512K, Heap 2M
 Heap Min Capacity: 100M
 Heap Initial Capacity: 100M
 Heap Max Capacity: 1G
 Pre-touch: Disabled
 Parallel Workers: 8

Heap:
 PSYoungGen      total 24576K, used 17379K [0x00000000eab00000, 0x00000000ec580000, 0x0000000100000000)
  eden space 22016K, 68% used [0x00000000eab00000,0x00000000eb9c7470,0x00000000ec080000)
  from space 2560K, 87% used [0x00000000ec080000,0x00000000ec2b1880,0x00000000ec300000)
  to   space 2560K, 0% used [0x00000000ec300000,0x00000000ec300000,0x00000000ec580000)
 ParOldGen       total 68608K, used 23473K [0x00000000c0000000, 0x00000000c4300000, 0x00000000eab00000)
  object space 68608K, 34% used [0x00000000c0000000,0x00000000c16ec6b8,0x00000000c4300000)
 Metaspace       used 40001K, committed 40704K, reserved 1114112K
  class space    used 4095K, committed 4416K, reserved 1048576K

Card table byte_map: [0x000002565a560000,0x000002565a770000] _byte_map_base: 0x0000025659f60000

Marking Bits: (ParMarkBitMap*) 0x00007ffcfc79d0b0
 Begin Bits: [0x000002566c860000, 0x000002566d860000)
 End Bits:   [0x000002566d860000, 0x000002566e860000)

Polling page: 0x0000025658b20000

Metaspace:

Usage:
  Non-class:     35.06 MB used.
      Class:      4.00 MB used.
       Both:     39.06 MB used.

Virtual space:
  Non-class space:       64.00 MB reserved,      35.44 MB ( 55%) committed,  1 nodes.
      Class space:        1.00 GB reserved,       4.31 MB ( <1%) committed,  1 nodes.
             Both:        1.06 GB reserved,      39.75 MB (  4%) committed. 

Chunk freelists:
   Non-Class:  12.59 MB
       Class:  11.56 MB
        Both:  24.16 MB

MaxMetaspaceSize: unlimited
CompressedClassSpaceSize: 1.00 GB
Initial GC threshold: 21.00 MB
Current GC threshold: 58.38 MB
CDS: off
MetaspaceReclaimPolicy: balanced
 - commit_granule_bytes: 65536.
 - commit_granule_words: 8192.
 - virtual_space_node_default_size: 8388608.
 - enlarge_chunks_in_place: 1.
 - new_chunks_are_fully_committed: 0.
 - uncommit_free_chunks: 1.
 - use_allocation_guard: 0.
 - handle_deallocations: 1.


Internal statistics:

num_allocs_failed_limit: 6.
num_arena_births: 372.
num_arena_deaths: 14.
num_vsnodes_births: 2.
num_vsnodes_deaths: 0.
num_space_committed: 636.
num_space_uncommitted: 0.
num_chunks_returned_to_freelist: 20.
num_chunks_taken_from_freelist: 1642.
num_chunk_merges: 6.
num_chunk_splits: 1078.
num_chunks_enlarged: 724.
num_inconsistent_stats: 0.

CodeHeap 'non-profiled nmethods': size=120000Kb used=2147Kb max_used=2147Kb free=117853Kb
 bounds [0x0000025665330000, 0x00000256655a0000, 0x000002566c860000]
CodeHeap 'profiled nmethods': size=120000Kb used=8445Kb max_used=8445Kb free=111554Kb
 bounds [0x000002565d860000, 0x000002565e0a0000, 0x0000025664d90000]
CodeHeap 'non-nmethods': size=5760Kb used=1286Kb max_used=1330Kb free=4474Kb
 bounds [0x0000025664d90000, 0x0000025665000000, 0x0000025665330000]
 total_blobs=4676 nmethods=4065 adapters=525
 compilation: enabled
              stopped_count=0, restarted_count=0
 full_count=0

Compilation events (20 events):
Event: 5.391 Thread 0x0000025673b160d0 4051       1       java.net.JarURLConnection::getEntryName (5 bytes)
Event: 5.391 Thread 0x0000025673b160d0 nmethod 4051 0x0000025665547290 code [0x0000025665547420, 0x00000256655474f8]
Event: 5.391 Thread 0x0000025673b160d0 4052       3       sun.net.www.protocol.jar.JarFileFactory::urlFor (77 bytes)
Event: 5.391 Thread 0x0000025673b160d0 nmethod 4052 0x000002565e08a910 code [0x000002565e08aba0, 0x000002565e08b4e8]
Event: 5.391 Thread 0x0000025673b160d0 4053       3       sun.net.www.protocol.jar.JarFileFactory::urlKey (39 bytes)
Event: 5.391 Thread 0x0000025673b160d0 nmethod 4053 0x000002565e08b890 code [0x000002565e08bae0, 0x000002565e08c148]
Event: 5.391 Thread 0x0000025676b00740 4054       4       java.io.WinNTFileSystem::normalize (143 bytes)
Event: 5.392 Thread 0x0000025673b160d0 4055       3       java.net.URLConnection::setUseCaches (10 bytes)
Event: 5.392 Thread 0x0000025673b160d0 nmethod 4055 0x000002565e08c390 code [0x000002565e08c540, 0x000002565e08c7c8]
Event: 5.392 Thread 0x0000025673b160d0 4056       3       java.net.URLConnection::checkConnected (19 bytes)
Event: 5.392 Thread 0x0000025673b160d0 nmethod 4056 0x000002565e08c910 code [0x000002565e08cac0, 0x000002565e08cce8]
Event: 5.392 Thread 0x0000025673b160d0 4057       3       sun.net.www.protocol.jar.JarURLConnection::getUseCaches (8 bytes)
Event: 5.392 Thread 0x0000025673b160d0 nmethod 4057 0x000002565e08ce10 code [0x000002565e08cfc0, 0x000002565e08d188]
Event: 5.406 Thread 0x0000025673b160d0 4058       3       java.net.URLStreamHandler::parseURL (1201 bytes)
Event: 5.407 Thread 0x00000256759aab10 4059       4       java.net.URI$Parser::scan (41 bytes)
Event: 5.410 Thread 0x00000256759aab10 nmethod 4059 0x0000025665547590 code [0x0000025665547720, 0x0000025665547a28]
Event: 5.422 Thread 0x0000025673b160d0 nmethod 4058 0x000002565e08d290 code [0x000002565e08e3e0, 0x000002565e098c68]
Event: 5.422 Thread 0x0000025673b160d0 4060       3       java.net.URI::isAbsolute (13 bytes)
Event: 5.422 Thread 0x0000025673b160d0 nmethod 4060 0x000002565e09cd10 code [0x000002565e09cea0, 0x000002565e09d018]
Event: 5.425 Thread 0x00000256759aab10 4061 %     4       lombok.launch.PackageShader::apply @ 76 (252 bytes)

GC Heap History (20 events):
Event: 3.867 GC heap before
{Heap before GC invocations=8 (full 1):
 PSYoungGen      total 25600K, used 25577K [0x00000000eab00000, 0x00000000ec700000, 0x0000000100000000)
  eden space 24576K, 100% used [0x00000000eab00000,0x00000000ec300000,0x00000000ec300000)
  from space 1024K, 97% used [0x00000000ec600000,0x00000000ec6fa5b8,0x00000000ec700000)
  to   space 1536K, 0% used [0x00000000ec400000,0x00000000ec400000,0x00000000ec580000)
 ParOldGen       total 68608K, used 6769K [0x00000000c0000000, 0x00000000c4300000, 0x00000000eab00000)
  object space 68608K, 9% used [0x00000000c0000000,0x00000000c069c528,0x00000000c4300000)
 Metaspace       used 31558K, committed 32128K, reserved 1114112K
  class space    used 3092K, committed 3328K, reserved 1048576K
}
Event: 3.869 GC heap after
{Heap after GC invocations=8 (full 1):
 PSYoungGen      total 25600K, used 1504K [0x00000000eab00000, 0x00000000ec980000, 0x0000000100000000)
  eden space 24064K, 0% used [0x00000000eab00000,0x00000000eab00000,0x00000000ec280000)
  from space 1536K, 97% used [0x00000000ec400000,0x00000000ec5781b8,0x00000000ec580000)
  to   space 3584K, 0% used [0x00000000ec600000,0x00000000ec600000,0x00000000ec980000)
 ParOldGen       total 68608K, used 8377K [0x00000000c0000000, 0x00000000c4300000, 0x00000000eab00000)
  object space 68608K, 12% used [0x00000000c0000000,0x00000000c082e5c8,0x00000000c4300000)
 Metaspace       used 31558K, committed 32128K, reserved 1114112K
  class space    used 3092K, committed 3328K, reserved 1048576K
}
Event: 4.193 GC heap before
{Heap before GC invocations=9 (full 1):
 PSYoungGen      total 25600K, used 24142K [0x00000000eab00000, 0x00000000ec980000, 0x0000000100000000)
  eden space 24064K, 94% used [0x00000000eab00000,0x00000000ec11b9b8,0x00000000ec280000)
  from space 1536K, 97% used [0x00000000ec400000,0x00000000ec5781b8,0x00000000ec580000)
  to   space 3584K, 0% used [0x00000000ec600000,0x00000000ec600000,0x00000000ec980000)
 ParOldGen       total 68608K, used 8377K [0x00000000c0000000, 0x00000000c4300000, 0x00000000eab00000)
  object space 68608K, 12% used [0x00000000c0000000,0x00000000c082e5c8,0x00000000c4300000)
 Metaspace       used 35218K, committed 35840K, reserved 1114112K
  class space    used 3556K, committed 3840K, reserved 1048576K
}
Event: 4.197 GC heap after
{Heap after GC invocations=9 (full 1):
 PSYoungGen      total 27648K, used 3186K [0x00000000eab00000, 0x00000000ec980000, 0x0000000100000000)
  eden space 24064K, 0% used [0x00000000eab00000,0x00000000eab00000,0x00000000ec280000)
  from space 3584K, 88% used [0x00000000ec600000,0x00000000ec91c908,0x00000000ec980000)
  to   space 3584K, 0% used [0x00000000ec280000,0x00000000ec280000,0x00000000ec600000)
 ParOldGen       total 68608K, used 8385K [0x00000000c0000000, 0x00000000c4300000, 0x00000000eab00000)
  object space 68608K, 12% used [0x00000000c0000000,0x00000000c08305c8,0x00000000c4300000)
 Metaspace       used 35218K, committed 35840K, reserved 1114112K
  class space    used 3556K, committed 3840K, reserved 1048576K
}
Event: 4.197 GC heap before
{Heap before GC invocations=10 (full 2):
 PSYoungGen      total 27648K, used 3186K [0x00000000eab00000, 0x00000000ec980000, 0x0000000100000000)
  eden space 24064K, 0% used [0x00000000eab00000,0x00000000eab00000,0x00000000ec280000)
  from space 3584K, 88% used [0x00000000ec600000,0x00000000ec91c908,0x00000000ec980000)
  to   space 3584K, 0% used [0x00000000ec280000,0x00000000ec280000,0x00000000ec600000)
 ParOldGen       total 68608K, used 8385K [0x00000000c0000000, 0x00000000c4300000, 0x00000000eab00000)
  object space 68608K, 12% used [0x00000000c0000000,0x00000000c08305c8,0x00000000c4300000)
 Metaspace       used 35218K, committed 35840K, reserved 1114112K
  class space    used 3556K, committed 3840K, reserved 1048576K
}
Event: 4.221 GC heap after
{Heap after GC invocations=10 (full 2):
 PSYoungGen      total 27648K, used 0K [0x00000000eab00000, 0x00000000ec980000, 0x0000000100000000)
  eden space 24064K, 0% used [0x00000000eab00000,0x00000000eab00000,0x00000000ec280000)
  from space 3584K, 0% used [0x00000000ec600000,0x00000000ec600000,0x00000000ec980000)
  to   space 3584K, 0% used [0x00000000ec280000,0x00000000ec280000,0x00000000ec600000)
 ParOldGen       total 68608K, used 11291K [0x00000000c0000000, 0x00000000c4300000, 0x00000000eab00000)
  object space 68608K, 16% used [0x00000000c0000000,0x00000000c0b06e18,0x00000000c4300000)
 Metaspace       used 35218K, committed 35840K, reserved 1114112K
  class space    used 3556K, committed 3840K, reserved 1048576K
}
Event: 4.443 GC heap before
{Heap before GC invocations=11 (full 2):
 PSYoungGen      total 27648K, used 24064K [0x00000000eab00000, 0x00000000ec980000, 0x0000000100000000)
  eden space 24064K, 100% used [0x00000000eab00000,0x00000000ec280000,0x00000000ec280000)
  from space 3584K, 0% used [0x00000000ec600000,0x00000000ec600000,0x00000000ec980000)
  to   space 3584K, 0% used [0x00000000ec280000,0x00000000ec280000,0x00000000ec600000)
 ParOldGen       total 68608K, used 11291K [0x00000000c0000000, 0x00000000c4300000, 0x00000000eab00000)
  object space 68608K, 16% used [0x00000000c0000000,0x00000000c0b06e18,0x00000000c4300000)
 Metaspace       used 36623K, committed 37312K, reserved 1114112K
  class space    used 3716K, committed 4032K, reserved 1048576K
}
Event: 4.445 GC heap after
{Heap after GC invocations=11 (full 2):
 PSYoungGen      total 26112K, used 2144K [0x00000000eab00000, 0x00000000ec700000, 0x0000000100000000)
  eden space 23552K, 0% used [0x00000000eab00000,0x00000000eab00000,0x00000000ec200000)
  from space 2560K, 83% used [0x00000000ec280000,0x00000000ec498040,0x00000000ec500000)
  to   space 2048K, 0% used [0x00000000ec500000,0x00000000ec500000,0x00000000ec700000)
 ParOldGen       total 68608K, used 11299K [0x00000000c0000000, 0x00000000c4300000, 0x00000000eab00000)
  object space 68608K, 16% used [0x00000000c0000000,0x00000000c0b08e18,0x00000000c4300000)
 Metaspace       used 36623K, committed 37312K, reserved 1114112K
  class space    used 3716K, committed 4032K, reserved 1048576K
}
Event: 4.567 GC heap before
{Heap before GC invocations=12 (full 2):
 PSYoungGen      total 26112K, used 25696K [0x00000000eab00000, 0x00000000ec700000, 0x0000000100000000)
  eden space 23552K, 100% used [0x00000000eab00000,0x00000000ec200000,0x00000000ec200000)
  from space 2560K, 83% used [0x00000000ec280000,0x00000000ec498040,0x00000000ec500000)
  to   space 2048K, 0% used [0x00000000ec500000,0x00000000ec500000,0x00000000ec700000)
 ParOldGen       total 68608K, used 11299K [0x00000000c0000000, 0x00000000c4300000, 0x00000000eab00000)
  object space 68608K, 16% used [0x00000000c0000000,0x00000000c0b08e18,0x00000000c4300000)
 Metaspace       used 36807K, committed 37504K, reserved 1114112K
  class space    used 3737K, committed 4096K, reserved 1048576K
}
Event: 4.570 GC heap after
{Heap after GC invocations=12 (full 2):
 PSYoungGen      total 24064K, used 2016K [0x00000000eab00000, 0x00000000eca80000, 0x0000000100000000)
  eden space 22016K, 0% used [0x00000000eab00000,0x00000000eab00000,0x00000000ec080000)
  from space 2048K, 98% used [0x00000000ec500000,0x00000000ec6f8040,0x00000000ec700000)
  to   space 4608K, 0% used [0x00000000ec080000,0x00000000ec080000,0x00000000ec500000)
 ParOldGen       total 68608K, used 13187K [0x00000000c0000000, 0x00000000c4300000, 0x00000000eab00000)
  object space 68608K, 19% used [0x00000000c0000000,0x00000000c0ce0e28,0x00000000c4300000)
 Metaspace       used 36807K, committed 37504K, reserved 1114112K
  class space    used 3737K, committed 4096K, reserved 1048576K
}
Event: 4.662 GC heap before
{Heap before GC invocations=13 (full 2):
 PSYoungGen      total 24064K, used 24032K [0x00000000eab00000, 0x00000000eca80000, 0x0000000100000000)
  eden space 22016K, 100% used [0x00000000eab00000,0x00000000ec080000,0x00000000ec080000)
  from space 2048K, 98% used [0x00000000ec500000,0x00000000ec6f8040,0x00000000ec700000)
  to   space 4608K, 0% used [0x00000000ec080000,0x00000000ec080000,0x00000000ec500000)
 ParOldGen       total 68608K, used 13187K [0x00000000c0000000, 0x00000000c4300000, 0x00000000eab00000)
  object space 68608K, 19% used [0x00000000c0000000,0x00000000c0ce0e28,0x00000000c4300000)
 Metaspace       used 36912K, committed 37632K, reserved 1114112K
  class space    used 3750K, committed 4096K, reserved 1048576K
}
Event: 4.666 GC heap after
{Heap after GC invocations=13 (full 2):
 PSYoungGen      total 24576K, used 2432K [0x00000000eab00000, 0x00000000ec680000, 0x0000000100000000)
  eden space 22016K, 0% used [0x00000000eab00000,0x00000000eab00000,0x00000000ec080000)
  from space 2560K, 95% used [0x00000000ec080000,0x00000000ec2e0020,0x00000000ec300000)
  to   space 3072K, 0% used [0x00000000ec380000,0x00000000ec380000,0x00000000ec680000)
 ParOldGen       total 68608K, used 15187K [0x00000000c0000000, 0x00000000c4300000, 0x00000000eab00000)
  object space 68608K, 22% used [0x00000000c0000000,0x00000000c0ed4e58,0x00000000c4300000)
 Metaspace       used 36912K, committed 37632K, reserved 1114112K
  class space    used 3750K, committed 4096K, reserved 1048576K
}
Event: 4.720 GC heap before
{Heap before GC invocations=14 (full 2):
 PSYoungGen      total 24576K, used 24448K [0x00000000eab00000, 0x00000000ec680000, 0x0000000100000000)
  eden space 22016K, 100% used [0x00000000eab00000,0x00000000ec080000,0x00000000ec080000)
  from space 2560K, 95% used [0x00000000ec080000,0x00000000ec2e0020,0x00000000ec300000)
  to   space 3072K, 0% used [0x00000000ec380000,0x00000000ec380000,0x00000000ec680000)
 ParOldGen       total 68608K, used 15187K [0x00000000c0000000, 0x00000000c4300000, 0x00000000eab00000)
  object space 68608K, 22% used [0x00000000c0000000,0x00000000c0ed4e58,0x00000000c4300000)
 Metaspace       used 36912K, committed 37632K, reserved 1114112K
  class space    used 3750K, committed 4096K, reserved 1048576K
}
Event: 4.723 GC heap after
{Heap after GC invocations=14 (full 2):
 PSYoungGen      total 24064K, used 2048K [0x00000000eab00000, 0x00000000ec580000, 0x0000000100000000)
  eden space 22016K, 0% used [0x00000000eab00000,0x00000000eab00000,0x00000000ec080000)
  from space 2048K, 100% used [0x00000000ec380000,0x00000000ec580000,0x00000000ec580000)
  to   space 2560K, 0% used [0x00000000ec080000,0x00000000ec080000,0x00000000ec300000)
 ParOldGen       total 68608K, used 17507K [0x00000000c0000000, 0x00000000c4300000, 0x00000000eab00000)
  object space 68608K, 25% used [0x00000000c0000000,0x00000000c1118e28,0x00000000c4300000)
 Metaspace       used 36912K, committed 37632K, reserved 1114112K
  class space    used 3750K, committed 4096K, reserved 1048576K
}
Event: 4.774 GC heap before
{Heap before GC invocations=15 (full 2):
 PSYoungGen      total 24064K, used 24064K [0x00000000eab00000, 0x00000000ec580000, 0x0000000100000000)
  eden space 22016K, 100% used [0x00000000eab00000,0x00000000ec080000,0x00000000ec080000)
  from space 2048K, 100% used [0x00000000ec380000,0x00000000ec580000,0x00000000ec580000)
  to   space 2560K, 0% used [0x00000000ec080000,0x00000000ec080000,0x00000000ec300000)
 ParOldGen       total 68608K, used 17507K [0x00000000c0000000, 0x00000000c4300000, 0x00000000eab00000)
  object space 68608K, 25% used [0x00000000c0000000,0x00000000c1118e28,0x00000000c4300000)
 Metaspace       used 36913K, committed 37632K, reserved 1114112K
  class space    used 3750K, committed 4096K, reserved 1048576K
}
Event: 4.776 GC heap after
{Heap after GC invocations=15 (full 2):
 PSYoungGen      total 24576K, used 2336K [0x00000000eab00000, 0x00000000ec580000, 0x0000000100000000)
  eden space 22016K, 0% used [0x00000000eab00000,0x00000000eab00000,0x00000000ec080000)
  from space 2560K, 91% used [0x00000000ec080000,0x00000000ec2c8010,0x00000000ec300000)
  to   space 2560K, 0% used [0x00000000ec300000,0x00000000ec300000,0x00000000ec580000)
 ParOldGen       total 68608K, used 19451K [0x00000000c0000000, 0x00000000c4300000, 0x00000000eab00000)
  object space 68608K, 28% used [0x00000000c0000000,0x00000000c12fee28,0x00000000c4300000)
 Metaspace       used 36913K, committed 37632K, reserved 1114112K
  class space    used 3750K, committed 4096K, reserved 1048576K
}
Event: 4.847 GC heap before
{Heap before GC invocations=16 (full 2):
 PSYoungGen      total 24576K, used 24352K [0x00000000eab00000, 0x00000000ec580000, 0x0000000100000000)
  eden space 22016K, 100% used [0x00000000eab00000,0x00000000ec080000,0x00000000ec080000)
  from space 2560K, 91% used [0x00000000ec080000,0x00000000ec2c8010,0x00000000ec300000)
  to   space 2560K, 0% used [0x00000000ec300000,0x00000000ec300000,0x00000000ec580000)
 ParOldGen       total 68608K, used 19451K [0x00000000c0000000, 0x00000000c4300000, 0x00000000eab00000)
  object space 68608K, 28% used [0x00000000c0000000,0x00000000c12fee28,0x00000000c4300000)
 Metaspace       used 36913K, committed 37632K, reserved 1114112K
  class space    used 3750K, committed 4096K, reserved 1048576K
}
Event: 4.850 GC heap after
{Heap after GC invocations=16 (full 2):
 PSYoungGen      total 24576K, used 1920K [0x00000000eab00000, 0x00000000ec580000, 0x0000000100000000)
  eden space 22016K, 0% used [0x00000000eab00000,0x00000000eab00000,0x00000000ec080000)
  from space 2560K, 75% used [0x00000000ec300000,0x00000000ec4e0000,0x00000000ec580000)
  to   space 2560K, 0% used [0x00000000ec080000,0x00000000ec080000,0x00000000ec300000)
 ParOldGen       total 68608K, used 21659K [0x00000000c0000000, 0x00000000c4300000, 0x00000000eab00000)
  object space 68608K, 31% used [0x00000000c0000000,0x00000000c1526e38,0x00000000c4300000)
 Metaspace       used 36913K, committed 37632K, reserved 1114112K
  class space    used 3750K, committed 4096K, reserved 1048576K
}
Event: 5.106 GC heap before
{Heap before GC invocations=17 (full 2):
 PSYoungGen      total 24576K, used 23899K [0x00000000eab00000, 0x00000000ec580000, 0x0000000100000000)
  eden space 22016K, 99% used [0x00000000eab00000,0x00000000ec076f58,0x00000000ec080000)
  from space 2560K, 75% used [0x00000000ec300000,0x00000000ec4e0000,0x00000000ec580000)
  to   space 2560K, 0% used [0x00000000ec080000,0x00000000ec080000,0x00000000ec300000)
 ParOldGen       total 68608K, used 21659K [0x00000000c0000000, 0x00000000c4300000, 0x00000000eab00000)
  object space 68608K, 31% used [0x00000000c0000000,0x00000000c1526e38,0x00000000c4300000)
 Metaspace       used 38544K, committed 39296K, reserved 1114112K
  class space    used 3935K, committed 4288K, reserved 1048576K
}
Event: 5.108 GC heap after
{Heap after GC invocations=17 (full 2):
 PSYoungGen      total 24576K, used 2246K [0x00000000eab00000, 0x00000000ec580000, 0x0000000100000000)
  eden space 22016K, 0% used [0x00000000eab00000,0x00000000eab00000,0x00000000ec080000)
  from space 2560K, 87% used [0x00000000ec080000,0x00000000ec2b1880,0x00000000ec300000)
  to   space 2560K, 0% used [0x00000000ec300000,0x00000000ec300000,0x00000000ec580000)
 ParOldGen       total 68608K, used 23473K [0x00000000c0000000, 0x00000000c4300000, 0x00000000eab00000)
  object space 68608K, 34% used [0x00000000c0000000,0x00000000c16ec6b8,0x00000000c4300000)
 Metaspace       used 38544K, committed 39296K, reserved 1114112K
  class space    used 3935K, committed 4288K, reserved 1048576K
}

Dll operation events (10 events):
Event: 0.008 Loaded shared library c:\Users\messi\.vscode\extensions\redhat.java-1.26.0-win32-x64\jre\17.0.9-win32-x86_64\bin\java.dll
Event: 0.163 Loaded shared library c:\Users\messi\.vscode\extensions\redhat.java-1.26.0-win32-x64\jre\17.0.9-win32-x86_64\bin\zip.dll
Event: 0.167 Loaded shared library C:\Users\messi\.vscode\extensions\redhat.java-1.26.0-win32-x64\jre\17.0.9-win32-x86_64\bin\instrument.dll
Event: 0.186 Loaded shared library C:\Users\messi\.vscode\extensions\redhat.java-1.26.0-win32-x64\jre\17.0.9-win32-x86_64\bin\net.dll
Event: 0.188 Loaded shared library C:\Users\messi\.vscode\extensions\redhat.java-1.26.0-win32-x64\jre\17.0.9-win32-x86_64\bin\nio.dll
Event: 0.196 Loaded shared library C:\Users\messi\.vscode\extensions\redhat.java-1.26.0-win32-x64\jre\17.0.9-win32-x86_64\bin\zip.dll
Event: 0.213 Loaded shared library C:\Users\messi\.vscode\extensions\redhat.java-1.26.0-win32-x64\jre\17.0.9-win32-x86_64\bin\jimage.dll
Event: 0.282 Loaded shared library c:\Users\messi\.vscode\extensions\redhat.java-1.26.0-win32-x64\jre\17.0.9-win32-x86_64\bin\verify.dll
Event: 1.559 Loaded shared library C:\Users\messi\AppData\Roaming\Code\User\globalStorage\redhat.java\1.26.0\config_ss_win\org.eclipse.equinox.launcher\org.eclipse.equinox.launcher.win32.win32.x86_64_1.2.800.v20231003-1442\eclipse_11802.dll
Event: 3.841 Loaded shared library C:\Users\messi\AppData\Local\Temp\jna-103786865\jna8334964819517952440.dll

Deoptimization events (20 events):
Event: 5.003 Thread 0x000002567591eec0 DEOPT PACKING pc=0x000002565dff9456 sp=0x0000009117ffc850
Event: 5.003 Thread 0x000002567591eec0 DEOPT UNPACKING pc=0x0000025664de6e43 sp=0x0000009117ffbcf0 mode 0
Event: 5.004 Thread 0x000002567591eec0 Uncommon trap: trap_request=0xffffffde fr.pc=0x000002566546a670 relative=0x0000000000000ad0
Event: 5.006 Thread 0x000002567591eec0 Uncommon trap: reason=class_check action=maybe_recompile pc=0x000002566546a670 method=java.util.concurrent.ConcurrentHashMap.putVal(Ljava/lang/Object;Ljava/lang/Object;Z)Ljava/lang/Object; @ 159 c2
Event: 5.006 Thread 0x000002567591eec0 DEOPT PACKING pc=0x000002566546a670 sp=0x0000009117ffd220
Event: 5.006 Thread 0x000002567591eec0 DEOPT UNPACKING pc=0x0000025664de66a3 sp=0x0000009117ffd1a0 mode 2
Event: 5.183 Thread 0x000002567591f3d0 DEOPT PACKING pc=0x000002565dd7dc1e sp=0x00000091181fde70
Event: 5.183 Thread 0x000002567591f3d0 DEOPT UNPACKING pc=0x0000025664de6e43 sp=0x00000091181fd360 mode 0
Event: 5.241 Thread 0x000002567591d060 Uncommon trap: trap_request=0xffffffbe fr.pc=0x0000025665497a94 relative=0x0000000000000d14
Event: 5.241 Thread 0x000002567591d060 Uncommon trap: reason=profile_predicate action=maybe_recompile pc=0x0000025665497a94 method=java.util.TreeMap.put(Ljava/lang/Object;Ljava/lang/Object;Z)Ljava/lang/Object; @ 27 c2
Event: 5.241 Thread 0x000002567591d060 DEOPT PACKING pc=0x0000025665497a94 sp=0x00000091177fe5b0
Event: 5.241 Thread 0x000002567591d060 DEOPT UNPACKING pc=0x0000025664de66a3 sp=0x00000091177fe550 mode 2
Event: 5.242 Thread 0x000002567591d060 Uncommon trap: trap_request=0xffffffbe fr.pc=0x0000025665497a94 relative=0x0000000000000d14
Event: 5.242 Thread 0x000002567591d060 Uncommon trap: reason=profile_predicate action=maybe_recompile pc=0x0000025665497a94 method=java.util.TreeMap.put(Ljava/lang/Object;Ljava/lang/Object;Z)Ljava/lang/Object; @ 27 c2
Event: 5.242 Thread 0x000002567591d060 DEOPT PACKING pc=0x0000025665497a94 sp=0x00000091177fe620
Event: 5.242 Thread 0x000002567591d060 DEOPT UNPACKING pc=0x0000025664de66a3 sp=0x00000091177fe5c0 mode 2
Event: 5.398 Thread 0x000002567591f3d0 DEOPT PACKING pc=0x000002565d8ec8c3 sp=0x00000091181f93f0
Event: 5.398 Thread 0x000002567591f3d0 DEOPT UNPACKING pc=0x0000025664de6e43 sp=0x00000091181f8910 mode 0
Event: 5.407 Thread 0x000002567591f3d0 DEOPT PACKING pc=0x000002565d8d7f09 sp=0x00000091181f93f0
Event: 5.407 Thread 0x000002567591f3d0 DEOPT UNPACKING pc=0x0000025664de6e43 sp=0x00000091181f88e8 mode 0

Classes unloaded (7 events):
Event: 2.509 Thread 0x0000025673ae14b0 Unloading class 0x000000010021b400 'java/lang/invoke/LambdaForm$MH+0x000000010021b400'
Event: 2.509 Thread 0x0000025673ae14b0 Unloading class 0x000000010021b000 'java/lang/invoke/LambdaForm$MH+0x000000010021b000'
Event: 2.509 Thread 0x0000025673ae14b0 Unloading class 0x000000010021ac00 'java/lang/invoke/LambdaForm$MH+0x000000010021ac00'
Event: 2.509 Thread 0x0000025673ae14b0 Unloading class 0x000000010021a800 'java/lang/invoke/LambdaForm$MH+0x000000010021a800'
Event: 2.509 Thread 0x0000025673ae14b0 Unloading class 0x000000010021a400 'java/lang/invoke/LambdaForm$BMH+0x000000010021a400'
Event: 2.509 Thread 0x0000025673ae14b0 Unloading class 0x000000010021a000 'java/lang/invoke/LambdaForm$DMH+0x000000010021a000'
Event: 2.509 Thread 0x0000025673ae14b0 Unloading class 0x0000000100214400 'java/lang/invoke/LambdaForm$DMH+0x0000000100214400'

Classes redefined (0 events):
No events

Internal exceptions (20 events):
Event: 3.886 Thread 0x000002567554c060 Exception <a 'java/io/FileNotFoundException'{0x00000000eabea5e8}> (0x00000000eabea5e8) 
thrown [s\src\hotspot\share\prims\jni.cpp, line 516]
Event: 3.901 Thread 0x000002567554c060 Exception <a 'java/lang/UnsatisfiedLinkError'{0x00000000eac76b08}: The specified procedure could not be found.
> (0x00000000eac76b08) 
thrown [s\src\hotspot\share\prims\jni.cpp, line 535]
Event: 3.924 Thread 0x000002565abce6d0 Exception <a 'java/lang/NoSuchMethodError'{0x00000000eae56538}: 'java.lang.Object java.lang.invoke.DirectMethodHandle$Holder.invokeStatic(java.lang.Object, java.lang.Object, long, java.lang.Object)'> (0x00000000eae56538) 
thrown [s\src\hotspot\share\interpreter\linkResolver.cpp, line 759]
Event: 3.924 Thread 0x000002565abce6d0 Exception <a 'java/lang/NoSuchMethodError'{0x00000000eae59fd0}: 'java.lang.Object java.lang.invoke.DirectMethodHandle$Holder.invokeStaticInit(java.lang.Object, java.lang.Object, long, java.lang.Object)'> (0x00000000eae59fd0) 
thrown [s\src\hotspot\share\interpreter\linkResolver.cpp, line 759]
Event: 3.924 Thread 0x000002565abce6d0 Exception <a 'java/lang/NoSuchMethodError'{0x00000000eae60860}: 'java.lang.Object java.lang.invoke.DirectMethodHandle$Holder.newInvokeSpecial(java.lang.Object, java.lang.Object, long)'> (0x00000000eae60860) 
thrown [s\src\hotspot\share\interpreter\linkResolver.cpp, line 759]
Event: 3.967 Thread 0x000002565abce6d0 Exception <a 'java/lang/NoSuchMethodError'{0x00000000eb0208a8}: 'void java.lang.invoke.DirectMethodHandle$Holder.invokeStatic(java.lang.Object, java.lang.Object, java.lang.Object, java.lang.Object)'> (0x00000000eb0208a8) 
thrown [s\src\hotspot\share\interpreter\linkResolver.cpp, line 759]
Event: 4.063 Thread 0x000002565abce6d0 Exception <a 'java/lang/NoSuchMethodError'{0x00000000eb83f400}: 'void java.lang.invoke.DirectMethodHandle$Holder.invokeSpecial(java.lang.Object, java.lang.Object, java.lang.Object, java.lang.Object, java.lang.Object, java.lang.Object)'> (0x00000000eb83f400) 
thrown [s\src\hotspot\share\interpreter\linkResolver.cpp, line 759]
Event: 4.065 Thread 0x000002565abce6d0 Exception <a 'java/lang/IncompatibleClassChangeError'{0x00000000eb848e78}: Found class java.lang.Object, but interface was expected> (0x00000000eb848e78) 
thrown [s\src\hotspot\share\interpreter\linkResolver.cpp, line 826]
Event: 4.160 Thread 0x000002567591eec0 Exception <a 'java/io/FileNotFoundException'{0x00000000ebe2f768}> (0x00000000ebe2f768) 
thrown [s\src\hotspot\share\prims\jni.cpp, line 516]
Event: 4.180 Thread 0x000002567591eec0 Exception <a 'sun/nio/fs/WindowsException'{0x00000000ebfe0728}> (0x00000000ebfe0728) 
thrown [s\src\hotspot\share\prims\jni.cpp, line 516]
Event: 4.184 Thread 0x0000025675920810 Exception <a 'java/io/FileNotFoundException'{0x00000000ec00fc90}> (0x00000000ec00fc90) 
thrown [s\src\hotspot\share\prims\jni.cpp, line 516]
Event: 4.184 Thread 0x0000025675920810 Exception <a 'java/io/FileNotFoundException'{0x00000000ec010c88}> (0x00000000ec010c88) 
thrown [s\src\hotspot\share\prims\jni.cpp, line 516]
Event: 4.250 Thread 0x000002567591eec0 Exception <a 'java/lang/NoSuchMethodError'{0x00000000eae69988}: 'int java.lang.invoke.DirectMethodHandle$Holder.invokeVirtual(java.lang.Object, java.lang.Object)'> (0x00000000eae69988) 
thrown [s\src\hotspot\share\interpreter\linkResolver.cpp, line 759]
Event: 4.253 Thread 0x000002567591d060 Exception <a 'java/lang/NoSuchMethodError'{0x00000000eaea3a98}: 'java.lang.Object java.lang.invoke.Invokers$Holder.invoke_MT(java.lang.Object, java.lang.Object, java.lang.Object)'> (0x00000000eaea3a98) 
thrown [s\src\hotspot\share\interpreter\linkResolver.cpp, line 759]
Event: 4.461 Thread 0x000002567591d060 Exception <a 'java/io/FileNotFoundException'{0x00000000eafe3750}> (0x00000000eafe3750) 
thrown [s\src\hotspot\share\prims\jni.cpp, line 516]
Event: 4.462 Thread 0x000002567591d060 Exception <a 'java/io/FileNotFoundException'{0x00000000eafe4c88}> (0x00000000eafe4c88) 
thrown [s\src\hotspot\share\prims\jni.cpp, line 516]
Event: 4.464 Thread 0x000002567591d060 Exception <a 'java/lang/NoSuchMethodError'{0x00000000eaff5c38}: 'void java.lang.invoke.DirectMethodHandle$Holder.invokeStaticInit(java.lang.Object, java.lang.Object, java.lang.Object)'> (0x00000000eaff5c38) 
thrown [s\src\hotspot\share\interpreter\linkResolver.cpp, line 759]
Event: 4.942 Thread 0x000002567591f3d0 Exception <a 'java/lang/NoSuchMethodError'{0x00000000eb5e3dc8}: 'java.lang.Object java.lang.invoke.DirectMethodHandle$Holder.invokeInterface(java.lang.Object, java.lang.Object, java.lang.Object)'> (0x00000000eb5e3dc8) 
thrown [s\src\hotspot\share\interpreter\linkResolver.cpp, line 759]
Event: 5.299 Thread 0x000002567591d060 Exception <a 'java/io/FileNotFoundException'{0x00000000eb09a548}> (0x00000000eb09a548) 
thrown [s\src\hotspot\share\prims\jni.cpp, line 516]
Event: 5.321 Thread 0x000002567591eec0 Exception <a 'java/lang/LinkageError'{0x00000000eb21abb0}: loader lombok.launch.ShadowClassLoader @7a9c3c34 attempted duplicate class definition for lombok.launch.PatchFixesHider$Transform. (lombok.launch.PatchFixesHider$Transform is in unnamed module of loader lombok.launch.ShadowClassLoader @7a9c3c34, parent loader org.eclipse.osgi.internal.loader.EquinoxClassLoader @2d2aaadd)> (0x00000000eb21abb0) 
thrown [s\src\hotspot\share\classfile\systemDictionary.cpp, line 1724]

VM Operations (20 events):
Event: 4.357 Executing VM operation: HandshakeAllThreads
Event: 4.358 Executing VM operation: HandshakeAllThreads done
Event: 4.443 Executing VM operation: ParallelGCFailedAllocation
Event: 4.445 Executing VM operation: ParallelGCFailedAllocation done
Event: 4.567 Executing VM operation: ParallelGCFailedAllocation
Event: 4.570 Executing VM operation: ParallelGCFailedAllocation done
Event: 4.662 Executing VM operation: ParallelGCFailedAllocation
Event: 4.666 Executing VM operation: ParallelGCFailedAllocation done
Event: 4.720 Executing VM operation: ParallelGCFailedAllocation
Event: 4.723 Executing VM operation: ParallelGCFailedAllocation done
Event: 4.774 Executing VM operation: ParallelGCFailedAllocation
Event: 4.777 Executing VM operation: ParallelGCFailedAllocation done
Event: 4.847 Executing VM operation: ParallelGCFailedAllocation
Event: 4.850 Executing VM operation: ParallelGCFailedAllocation done
Event: 4.885 Executing VM operation: HandshakeAllThreads
Event: 4.885 Executing VM operation: HandshakeAllThreads done
Event: 5.106 Executing VM operation: ParallelGCFailedAllocation
Event: 5.108 Executing VM operation: ParallelGCFailedAllocation done
Event: 5.272 Executing VM operation: HandshakeAllThreads
Event: 5.272 Executing VM operation: HandshakeAllThreads done

Events (20 events):
Event: 4.933 Thread 0x000002567591f3d0 Thread added: 0x000002567591f3d0
Event: 4.933 loading class java/util/concurrent/CompletableFuture$UniAccept
Event: 4.933 loading class java/util/concurrent/CompletableFuture$UniAccept done
Event: 4.934 loading class java/util/concurrent/CompletableFuture$UniExceptionally
Event: 4.934 loading class java/util/concurrent/CompletableFuture$UniExceptionally done
Event: 4.935 loading class jdk/internal/reflect/UnsafeIntegerFieldAccessorImpl
Event: 4.935 loading class jdk/internal/reflect/UnsafeIntegerFieldAccessorImpl done
Event: 4.982 loading class sun/nio/cs/ThreadLocalCoders
Event: 4.982 loading class sun/nio/cs/ThreadLocalCoders done
Event: 4.982 loading class sun/nio/cs/ThreadLocalCoders$1
Event: 4.983 loading class sun/nio/cs/ThreadLocalCoders$Cache
Event: 4.983 loading class sun/nio/cs/ThreadLocalCoders$Cache done
Event: 4.983 loading class sun/nio/cs/ThreadLocalCoders$1 done
Event: 4.983 loading class sun/nio/cs/ThreadLocalCoders$2
Event: 4.983 loading class sun/nio/cs/ThreadLocalCoders$2 done
Event: 5.006 loading class java/lang/ExceptionInInitializerError
Event: 5.007 loading class java/lang/ExceptionInInitializerError done
Event: 5.303 Thread 0x0000025675920300 Thread added: 0x0000025675920300
Event: 5.303 loading class java/util/WeakHashMap$KeyIterator
Event: 5.303 loading class java/util/WeakHashMap$KeyIterator done


Dynamic libraries:
0x00007ff6c55c0000 - 0x00007ff6c55ce000 	c:\Users\messi\.vscode\extensions\redhat.java-1.26.0-win32-x64\jre\17.0.9-win32-x86_64\bin\java.exe
0x00007ffd5ef90000 - 0x00007ffd5f1a7000 	C:\Windows\SYSTEM32\ntdll.dll
0x00007ffd5d990000 - 0x00007ffd5da54000 	C:\Windows\System32\KERNEL32.DLL
0x00007ffd5c930000 - 0x00007ffd5ccd6000 	C:\Windows\System32\KERNELBASE.dll
0x00007ffd5c3c0000 - 0x00007ffd5c4d1000 	C:\Windows\System32\ucrtbase.dll
0x00007ffd409f0000 - 0x00007ffd40a07000 	c:\Users\messi\.vscode\extensions\redhat.java-1.26.0-win32-x64\jre\17.0.9-win32-x86_64\bin\jli.dll
0x00007ffd40a10000 - 0x00007ffd40a2b000 	c:\Users\messi\.vscode\extensions\redhat.java-1.26.0-win32-x64\jre\17.0.9-win32-x86_64\bin\VCRUNTIME140.dll
0x00007ffd5d070000 - 0x00007ffd5d21e000 	C:\Windows\System32\USER32.dll
0x00007ffd44060000 - 0x00007ffd442f3000 	C:\Windows\WinSxS\amd64_microsoft.windows.common-controls_6595b64144ccf1df_6.0.22621.2506_none_270c5ae97388e100\COMCTL32.dll
0x00007ffd5c640000 - 0x00007ffd5c666000 	C:\Windows\System32\win32u.dll
0x00007ffd5d850000 - 0x00007ffd5d8f7000 	C:\Windows\System32\msvcrt.dll
0x00007ffd5d960000 - 0x00007ffd5d989000 	C:\Windows\System32\GDI32.dll
0x00007ffd5c810000 - 0x00007ffd5c928000 	C:\Windows\System32\gdi32full.dll
0x00007ffd5c4e0000 - 0x00007ffd5c57a000 	C:\Windows\System32\msvcp_win.dll
0x00007ffd5d670000 - 0x00007ffd5d6a1000 	C:\Windows\System32\IMM32.DLL
0x00007ffd57c20000 - 0x00007ffd57c2c000 	c:\Users\messi\.vscode\extensions\redhat.java-1.26.0-win32-x64\jre\17.0.9-win32-x86_64\bin\vcruntime140_1.dll
0x00007ffd3f8d0000 - 0x00007ffd3f95d000 	c:\Users\messi\.vscode\extensions\redhat.java-1.26.0-win32-x64\jre\17.0.9-win32-x86_64\bin\msvcp140.dll
0x00007ffcfbc00000 - 0x00007ffcfc861000 	c:\Users\messi\.vscode\extensions\redhat.java-1.26.0-win32-x64\jre\17.0.9-win32-x86_64\bin\server\jvm.dll
0x00007ffd5d220000 - 0x00007ffd5d2d3000 	C:\Windows\System32\ADVAPI32.dll
0x00007ffd5e390000 - 0x00007ffd5e438000 	C:\Windows\System32\sechost.dll
0x00007ffd5c7e0000 - 0x00007ffd5c808000 	C:\Windows\System32\bcrypt.dll
0x00007ffd5d470000 - 0x00007ffd5d587000 	C:\Windows\System32\RPCRT4.dll
0x00007ffd5b110000 - 0x00007ffd5b15d000 	C:\Windows\SYSTEM32\POWRPROF.dll
0x00007ffd27690000 - 0x00007ffd27699000 	C:\Windows\SYSTEM32\WSOCK32.dll
0x00007ffd5edd0000 - 0x00007ffd5ee41000 	C:\Windows\System32\WS2_32.dll
0x00007ffd35ec0000 - 0x00007ffd35ef4000 	C:\Windows\SYSTEM32\WINMM.dll
0x00007ffd56500000 - 0x00007ffd5650a000 	C:\Windows\SYSTEM32\VERSION.dll
0x00007ffd5b0f0000 - 0x00007ffd5b103000 	C:\Windows\SYSTEM32\UMPDC.dll
0x00007ffd5b3b0000 - 0x00007ffd5b3c8000 	C:\Windows\SYSTEM32\kernel.appcore.dll
0x00007ffd47a20000 - 0x00007ffd47a2a000 	c:\Users\messi\.vscode\extensions\redhat.java-1.26.0-win32-x64\jre\17.0.9-win32-x86_64\bin\jimage.dll
0x00007ffd45770000 - 0x00007ffd459a3000 	C:\Windows\SYSTEM32\DBGHELP.DLL
0x00007ffd5cce0000 - 0x00007ffd5d069000 	C:\Windows\System32\combase.dll
0x00007ffd5d2e0000 - 0x00007ffd5d3b7000 	C:\Windows\System32\OLEAUT32.dll
0x00007ffd48650000 - 0x00007ffd48682000 	C:\Windows\SYSTEM32\dbgcore.DLL
0x00007ffd5c2d0000 - 0x00007ffd5c34a000 	C:\Windows\System32\bcryptPrimitives.dll
0x00007ffd47680000 - 0x00007ffd4768e000 	c:\Users\messi\.vscode\extensions\redhat.java-1.26.0-win32-x64\jre\17.0.9-win32-x86_64\bin\instrument.dll
0x00007ffd41400000 - 0x00007ffd41425000 	c:\Users\messi\.vscode\extensions\redhat.java-1.26.0-win32-x64\jre\17.0.9-win32-x86_64\bin\java.dll
0x00007ffd44370000 - 0x00007ffd44388000 	c:\Users\messi\.vscode\extensions\redhat.java-1.26.0-win32-x64\jre\17.0.9-win32-x86_64\bin\zip.dll
0x00007ffd5db30000 - 0x00007ffd5e38a000 	C:\Windows\System32\SHELL32.dll
0x00007ffd5a1e0000 - 0x00007ffd5aad6000 	C:\Windows\SYSTEM32\windows.storage.dll
0x00007ffd5a0a0000 - 0x00007ffd5a1de000 	C:\Windows\SYSTEM32\wintypes.dll
0x00007ffd5ee50000 - 0x00007ffd5ef43000 	C:\Windows\System32\SHCORE.dll
0x00007ffd5da60000 - 0x00007ffd5dabe000 	C:\Windows\System32\shlwapi.dll
0x00007ffd5c200000 - 0x00007ffd5c226000 	C:\Windows\SYSTEM32\profapi.dll
0x00007ffd3f6c0000 - 0x00007ffd3f6d9000 	C:\Users\messi\.vscode\extensions\redhat.java-1.26.0-win32-x64\jre\17.0.9-win32-x86_64\bin\net.dll
0x00007ffd566b0000 - 0x00007ffd567e7000 	C:\Windows\SYSTEM32\WINHTTP.dll
0x00007ffd5b820000 - 0x00007ffd5b889000 	C:\Windows\system32\mswsock.dll
0x00007ffd3f3a0000 - 0x00007ffd3f3b6000 	C:\Users\messi\.vscode\extensions\redhat.java-1.26.0-win32-x64\jre\17.0.9-win32-x86_64\bin\nio.dll
0x00007ffd475b0000 - 0x00007ffd475c0000 	c:\Users\messi\.vscode\extensions\redhat.java-1.26.0-win32-x64\jre\17.0.9-win32-x86_64\bin\verify.dll
0x00007ffd3ca00000 - 0x00007ffd3ca3e000 	C:\Users\messi\AppData\Roaming\Code\User\globalStorage\redhat.java\1.26.0\config_ss_win\org.eclipse.equinox.launcher\org.eclipse.equinox.launcher.win32.win32.x86_64_1.2.800.v20231003-1442\eclipse_11802.dll
0x00007ffd5d6b0000 - 0x00007ffd5d850000 	C:\Windows\System32\ole32.dll
0x00007ffd5bb70000 - 0x00007ffd5bb8b000 	C:\Windows\SYSTEM32\CRYPTSP.dll
0x00007ffd5b310000 - 0x00007ffd5b345000 	C:\Windows\system32\rsaenh.dll
0x00007ffd5b8c0000 - 0x00007ffd5b8ec000 	C:\Windows\SYSTEM32\USERENV.dll
0x00007ffd5bb50000 - 0x00007ffd5bb5c000 	C:\Windows\SYSTEM32\CRYPTBASE.dll
0x00007ffd5adb0000 - 0x00007ffd5addd000 	C:\Windows\SYSTEM32\IPHLPAPI.DLL
0x00007ffd5d950000 - 0x00007ffd5d959000 	C:\Windows\System32\NSI.dll
0x00007ffd56690000 - 0x00007ffd566a9000 	C:\Windows\SYSTEM32\dhcpcsvc6.DLL
0x00007ffd56670000 - 0x00007ffd5668f000 	C:\Windows\SYSTEM32\dhcpcsvc.DLL
0x00007ffd5ae20000 - 0x00007ffd5af19000 	C:\Windows\SYSTEM32\DNSAPI.dll
0x00007ffd3de10000 - 0x00007ffd3de55000 	C:\Users\messi\AppData\Local\Temp\jna-103786865\jna8334964819517952440.dll
0x00007ffd5edc0000 - 0x00007ffd5edc8000 	C:\Windows\System32\PSAPI.DLL

dbghelp: loaded successfully - version: 4.0.5 - missing functions: none
symbol engine: initialized successfully - sym options: 0x614 - pdb path: .;c:\Users\messi\.vscode\extensions\redhat.java-1.26.0-win32-x64\jre\17.0.9-win32-x86_64\bin;C:\Windows\SYSTEM32;C:\Windows\WinSxS\amd64_microsoft.windows.common-controls_6595b64144ccf1df_6.0.22621.2506_none_270c5ae97388e100;c:\Users\messi\.vscode\extensions\redhat.java-1.26.0-win32-x64\jre\17.0.9-win32-x86_64\bin\server;C:\Users\messi\AppData\Roaming\Code\User\globalStorage\redhat.java\1.26.0\config_ss_win\org.eclipse.equinox.launcher\org.eclipse.equinox.launcher.win32.win32.x86_64_1.2.800.v20231003-1442;C:\Users\messi\AppData\Local\Temp\jna-103786865

VM Arguments:
jvm_args: --add-modules=ALL-SYSTEM --add-opens=java.base/java.util=ALL-UNNAMED --add-opens=java.base/java.lang=ALL-UNNAMED --add-opens=java.base/sun.nio.fs=ALL-UNNAMED -Declipse.application=org.eclipse.jdt.ls.core.id1 -Dosgi.bundles.defaultStartLevel=4 -Declipse.product=org.eclipse.jdt.ls.core.product -Djava.import.generatesMetadataFilesAtProjectRoot=false -DDetectVMInstallationsJob.disabled=true -Dfile.encoding=utf8 -XX:+UseParallelGC -XX:GCTimeRatio=4 -XX:AdaptiveSizePolicyWeight=90 -Dsun.zip.disableMemoryMapping=true -Xmx1G -Xms100m -Xlog:disable -javaagent:c:\Users\messi\.vscode\extensions\redhat.java-1.26.0-win32-x64\lombok\lombok-1.18.31-3454.jar 
java_command: c:\Users\messi\.vscode\extensions\redhat.java-1.26.0-win32-x64\server\plugins\org.eclipse.equinox.launcher_1.6.700.v20231214-2017.jar -configuration c:\Users\messi\AppData\Roaming\Code\User\globalStorage\redhat.java\1.26.0\config_ss_win -data c:\Users\messi\AppData\Roaming\Code\User\workspaceStorage\aa2e15ffd266c7f89fca84743d3787ac\redhat.java\ss_ws --stdio
java_class_path (initial): c:\Users\messi\.vscode\extensions\redhat.java-1.26.0-win32-x64\server\plugins\org.eclipse.equinox.launcher_1.6.700.v20231214-2017.jar
Launcher Type: SUN_STANDARD

[Global flags]
    uintx AdaptiveSizePolicyWeight                 = 90                                        {product} {command line}
     intx CICompilerCount                          = 4                                         {product} {ergonomic}
    uintx GCTimeRatio                              = 4                                         {product} {command line}
   size_t InitialHeapSize                          = 104857600                                 {product} {command line}
   size_t MaxHeapSize                              = 1073741824                                {product} {command line}
   size_t MaxNewSize                               = 357564416                                 {product} {ergonomic}
   size_t MinHeapDeltaBytes                        = 524288                                    {product} {ergonomic}
   size_t MinHeapSize                              = 104857600                                 {product} {command line}
   size_t NewSize                                  = 34603008                                  {product} {ergonomic}
    uintx NonNMethodCodeHeapSize                   = 5839372                                {pd product} {ergonomic}
    uintx NonProfiledCodeHeapSize                  = 122909434                              {pd product} {ergonomic}
   size_t OldSize                                  = 70254592                                  {product} {ergonomic}
    uintx ProfiledCodeHeapSize                     = 122909434                              {pd product} {ergonomic}
    uintx ReservedCodeCacheSize                    = 251658240                              {pd product} {ergonomic}
     bool SegmentedCodeCache                       = true                                      {product} {ergonomic}
   size_t SoftMaxHeapSize                          = 1073741824                             {manageable} {ergonomic}
     bool UseCompressedClassPointers               = true                           {product lp64_product} {ergonomic}
     bool UseCompressedOops                        = true                           {product lp64_product} {ergonomic}
     bool UseLargePagesIndividualAllocation        = false                                  {pd product} {ergonomic}
     bool UseParallelGC                            = true                                      {product} {command line}

Logging:
Log output configuration:
 #0: stdout all=off uptime,level,tags
 #1: stderr all=off uptime,level,tags

Environment Variables:
PATH=C:\Program Files\Common Files\Oracle\Java\javapath;D:\Program Files (x86)\VMware\VMware Workstation\bin\;C:\Python311\Scripts\;C:\Python311\;C:\Windows\system32;C:\Windows;C:\Windows\System32\Wbem;C:\Windows\System32\WindowsPowerShell\v1.0\;C:\Windows\System32\OpenSSH\;C:\Program Files\nodejs\;C:\ProgramData\chocolatey\bin;C:\Program Files\Git\cmd;C:\MinGW\bin;C:\platform-tools;C:\Program Files\NVIDIA Corporation\NVIDIA NvDLISR;C:\Program Files (x86)\NVIDIA Corporation\PhysX\Common;C:\Program Files\dotnet\;D:\Program Files\MATLAB\R2023a\runtime\win64;D:\Program Files\MATLAB\R2023a\bin;C:\Program Files\Docker\Docker\resources\bin;C:\Program Files\MySQL\MySQL Server 8.0\bin;C:\Users\messi\AppData\Local\Microsoft\WindowsApps;C:\Users\messi\AppData\Roaming\npm;C:\Users\messi\AppData\Local\Programs\Microsoft VS Code\bin;C:\MinGW\bin;C:\platform-tools;;C:\Program Files\Azure Data Studio\bin;C:\Program Files\Azure Data Studio\bin;C:\Program Files\Azure Data Studio\bin;D:\Program Files\JetBrains\IntelliJ IDEA 2021.1\bin;;C:\Users\messi\.dotnet\tools
USERNAME=messi
OS=Windows_NT
PROCESSOR_IDENTIFIER=Intel64 Family 6 Model 158 Stepping 13, GenuineIntel
TMP=C:\Users\messi\AppData\Local\Temp
TEMP=C:\Users\messi\AppData\Local\Temp



Periodic native trim disabled


---------------  S Y S T E M  ---------------

OS:
 Windows 11 , 64 bit Build 22621 (10.0.22621.2506)
OS uptime: 0 days 3:19 hours
Hyper-V role detected

CPU: total 8 (initial active 8) (4 cores per cpu, 2 threads per core) family 6 model 158 stepping 13 microcode 0xde, cx8, cmov, fxsr, ht, mmx, 3dnowpref, sse, sse2, sse3, ssse3, sse4.1, sse4.2, popcnt, lzcnt, tsc, tscinvbit, avx, avx2, aes, erms, clmul, bmi1, bmi2, adx, fma, vzeroupper, clflush, clflushopt, hv
Processor Information for all 8 processors :
  Max Mhz: 2401, Current Mhz: 2400, Mhz Limit: 2376

Memory: 4k page, system-wide physical 16224M (4148M free)
TotalPageFile size 16224M (AvailPageFile size 291M)
current process WorkingSet (physical memory assigned to process): 172M, peak: 172M
current process commit charge ("private bytes"): 259M, peak: 261M

vm_info: OpenJDK 64-Bit Server VM (17.0.9+9) for windows-amd64 JRE (17.0.9+9), built on Oct 26 2023 14:01:42 by "admin" with MS VC++ 16.10 / 16.11 (VS2019)

END.
