#
# There is insufficient memory for the Java Runtime Environment to continue.
# Native memory allocation (malloc) failed to allocate 106112 bytes for Chunk::new
# Possible reasons:
#   The system is out of physical RAM or swap space
#   The process is running with CompressedOops enabled, and the Java Heap may be blocking the growth of the native heap
# Possible solutions:
#   Reduce memory load on the system
#   Increase physical memory or swap space
#   Check if swap backing store is full
#   Decrease Java heap size (-Xmx/-Xms)
#   Decrease number of Java threads
#   Decrease Java thread stack sizes (-Xss)
#   Set larger code cache with -XX:ReservedCodeCacheSize=
#   JVM is running with Unscaled Compressed Oops mode in which the Java heap is
#     placed in the first 4GB address space. The Java Heap base address is the
#     maximum limit for the native heap growth. Please use -XX:HeapBaseMinAddress
#     to set the Java Heap base and to place the Java Heap above 4GB virtual address.
# This output file may be truncated or incomplete.
#
#  Out of Memory Error (arena.cpp:191), pid=4648, tid=20028
#
# JRE version: OpenJDK Runtime Environment Temurin-17.0.9+9 (17.0.9+9) (build 17.0.9+9)
# Java VM: OpenJDK 64-Bit Server VM Temurin-17.0.9+9 (17.0.9+9, mixed mode, tiered, compressed oops, compressed class ptrs, parallel gc, windows-amd64)
# No core dump will be written. Minidumps are not enabled by default on client versions of Windows
#

---------------  S U M M A R Y ------------

Command Line: --add-modules=ALL-SYSTEM --add-opens=java.base/java.util=ALL-UNNAMED --add-opens=java.base/java.lang=ALL-UNNAMED --add-opens=java.base/sun.nio.fs=ALL-UNNAMED -Declipse.application=org.eclipse.jdt.ls.core.id1 -Dosgi.bundles.defaultStartLevel=4 -Declipse.product=org.eclipse.jdt.ls.core.product -Djava.import.generatesMetadataFilesAtProjectRoot=false -DDetectVMInstallationsJob.disabled=true -Dfile.encoding=utf8 -XX:+UseParallelGC -XX:GCTimeRatio=4 -XX:AdaptiveSizePolicyWeight=90 -Dsun.zip.disableMemoryMapping=true -Xmx1G -Xms100m -Xlog:disable -javaagent:c:\Users\messi\.vscode\extensions\redhat.java-1.26.0-win32-x64\lombok\lombok-1.18.31-3454.jar -XX:+HeapDumpOnOutOfMemoryError -XX:HeapDumpPath=c:\Users\messi\AppData\Roaming\Code\User\workspaceStorage\aa2e15ffd266c7f89fca84743d3787ac\redhat.java -Daether.dependencyCollector.impl=bf c:\Users\messi\.vscode\extensions\redhat.java-1.26.0-win32-x64\server\plugins\org.eclipse.equinox.launcher_1.6.700.v20231214-2017.jar -configuration c:\Users\messi\AppData\Roaming\Code\User\globalStorage\redhat.java\1.26.0\config_win -data c:\Users\messi\AppData\Roaming\Code\User\workspaceStorage\aa2e15ffd266c7f89fca84743d3787ac\redhat.java\jdt_ws --stdio

Host: Intel(R) Core(TM) i5-9300H CPU @ 2.40GHz, 8 cores, 15G,  Windows 11 , 64 bit Build 22621 (10.0.22621.2506)
Time: Wed Jan 24 16:21:55 2024 SE Asia Standard Time elapsed time: 4.941995 seconds (0d 0h 0m 4s)

---------------  T H R E A D  ---------------

Current thread (0x000002489a6c6c10):  JavaThread "C2 CompilerThread0" daemon [_thread_in_native, id=20028, stack(0x000000df45c00000,0x000000df45d00000)]


Current CompileTask:
C2:   4942 4132   !   4       org.eclipse.osgi.internal.loader.classpath.ClasspathManager::findClassImpl (308 bytes)

Stack: [0x000000df45c00000,0x000000df45d00000]
Native frames: (J=compiled Java code, j=interpreted, Vv=VM code, C=native code)
V  [jvm.dll+0x67cf49]
V  [jvm.dll+0x83478a]
V  [jvm.dll+0x83624e]
V  [jvm.dll+0x8368b3]
V  [jvm.dll+0x247f1f]
V  [jvm.dll+0xac43c]
V  [jvm.dll+0xaca8c]
V  [jvm.dll+0x6cbe7b]
V  [jvm.dll+0x1bd8e1]
V  [jvm.dll+0x21a709]
V  [jvm.dll+0x2199d1]
V  [jvm.dll+0x1a57cd]
V  [jvm.dll+0x2297ae]
V  [jvm.dll+0x22797c]
V  [jvm.dll+0x7e9877]
V  [jvm.dll+0x7e3c3a]
V  [jvm.dll+0x67be35]
C  [ucrtbase.dll+0x29363]
C  [KERNEL32.DLL+0x1257d]
C  [ntdll.dll+0x5aa58]


---------------  P R O C E S S  ---------------

Threads class SMR info:
_java_thread_list=0x000002489dfcce70, length=29, elements={
0x00000248ffb70040, 0x00000248955f0020, 0x00000248955f2560, 0x00000248955fc280,
0x00000248955fcf10, 0x00000248955fea50, 0x000002489a6c3760, 0x000002489a6c6c10,
0x000002489a6d8d00, 0x000002489a6e1600, 0x00000248ffbd1c60, 0x000002489aa5e9a0,
0x000002489c068b60, 0x000002489c143b00, 0x000002489c238be0, 0x000002489c8eeea0,
0x000002489c1b8280, 0x000002489c92d9d0, 0x000002489c1fe910, 0x000002489c1fae30,
0x000002489c1fb340, 0x000002489c1f85b0, 0x000002489d2ac340, 0x000002489c1fb850,
0x000002489c1f99f0, 0x000002489c1f80a0, 0x000002489c1f9f00, 0x000002489c1fa410,
0x000002489f2d2070
}

Java Threads: ( => current thread )
  0x00000248ffb70040 JavaThread "main" [_thread_blocked, id=1800, stack(0x000000df45300000,0x000000df45400000)]
  0x00000248955f0020 JavaThread "Reference Handler" daemon [_thread_blocked, id=19216, stack(0x000000df45600000,0x000000df45700000)]
  0x00000248955f2560 JavaThread "Finalizer" daemon [_thread_blocked, id=2112, stack(0x000000df45700000,0x000000df45800000)]
  0x00000248955fc280 JavaThread "Signal Dispatcher" daemon [_thread_blocked, id=11308, stack(0x000000df45800000,0x000000df45900000)]
  0x00000248955fcf10 JavaThread "Attach Listener" daemon [_thread_blocked, id=16692, stack(0x000000df45900000,0x000000df45a00000)]
  0x00000248955fea50 JavaThread "Service Thread" daemon [_thread_blocked, id=14036, stack(0x000000df45a00000,0x000000df45b00000)]
  0x000002489a6c3760 JavaThread "Monitor Deflation Thread" daemon [_thread_blocked, id=16760, stack(0x000000df45b00000,0x000000df45c00000)]
=>0x000002489a6c6c10 JavaThread "C2 CompilerThread0" daemon [_thread_in_native, id=20028, stack(0x000000df45c00000,0x000000df45d00000)]
  0x000002489a6d8d00 JavaThread "C1 CompilerThread0" daemon [_thread_in_native, id=19668, stack(0x000000df45d00000,0x000000df45e00000)]
  0x000002489a6e1600 JavaThread "Sweeper thread" daemon [_thread_blocked, id=15060, stack(0x000000df45e00000,0x000000df45f00000)]
  0x00000248ffbd1c60 JavaThread "Common-Cleaner" daemon [_thread_blocked, id=16136, stack(0x000000df45f00000,0x000000df46000000)]
  0x000002489aa5e9a0 JavaThread "Notification Thread" daemon [_thread_blocked, id=15560, stack(0x000000df46100000,0x000000df46200000)]
  0x000002489c068b60 JavaThread "Active Thread: Equinox Container: 4add8a3c-25e7-432c-a4ec-b37e0a118365" [_thread_blocked, id=13860, stack(0x000000df46900000,0x000000df46a00000)]
  0x000002489c143b00 JavaThread "Framework Event Dispatcher: Equinox Container: 4add8a3c-25e7-432c-a4ec-b37e0a118365" daemon [_thread_blocked, id=21336, stack(0x000000df46a00000,0x000000df46b00000)]
  0x000002489c238be0 JavaThread "Start Level: Equinox Container: 4add8a3c-25e7-432c-a4ec-b37e0a118365" daemon [_thread_blocked, id=20276, stack(0x000000df46b00000,0x000000df46c00000)]
  0x000002489c8eeea0 JavaThread "Bundle File Closer" daemon [_thread_blocked, id=12244, stack(0x000000df46d00000,0x000000df46e00000)]
  0x000002489c1b8280 JavaThread "SCR Component Actor" daemon [_thread_blocked, id=18956, stack(0x000000df46e00000,0x000000df46f00000)]
  0x000002489c92d9d0 JavaThread "SCR Component Registry" daemon [_thread_blocked, id=19992, stack(0x000000df46f00000,0x000000df47000000)]
  0x000002489c1fe910 JavaThread "C2 CompilerThread1" daemon [_thread_in_native, id=68, stack(0x000000df46800000,0x000000df46900000)]
  0x000002489c1fae30 JavaThread "Worker-JM" [_thread_blocked, id=16316, stack(0x000000df47000000,0x000000df47100000)]
  0x000002489c1fb340 JavaThread "Worker-0" [_thread_blocked, id=21012, stack(0x000000df47100000,0x000000df47200000)]
  0x000002489c1f85b0 JavaThread "Worker-1: Repository registry initialization" [_thread_in_native, id=9568, stack(0x000000df47200000,0x000000df47300000)]
  0x000002489d2ac340 JavaThread "C2 CompilerThread2" daemon [_thread_in_native, id=14508, stack(0x000000df47300000,0x000000df47400000)]
  0x000002489c1fb850 JavaThread "Java indexing" daemon [_thread_blocked, id=340, stack(0x000000df47400000,0x000000df47500000)]
  0x000002489c1f99f0 JavaThread "JNA Cleaner" daemon [_thread_blocked, id=15328, stack(0x000000df47500000,0x000000df47600000)]
  0x000002489c1f80a0 JavaThread "pool-2-thread-1" [_thread_blocked, id=18764, stack(0x000000df47800000,0x000000df47900000)]
  0x000002489c1f9f00 JavaThread "Worker-2" [_thread_blocked, id=5396, stack(0x000000df47900000,0x000000df47a00000)]
  0x000002489c1fa410 JavaThread "WorkspaceEventsHandler" [_thread_blocked, id=21520, stack(0x000000df47a00000,0x000000df47b00000)]
  0x000002489f2d2070 JavaThread "pool-1-thread-1" [_thread_in_Java, id=8928, stack(0x000000df47b00000,0x000000df47c00000)]

Other Threads:
  0x000002489a6a14b0 VMThread "VM Thread" [stack: 0x000000df45500000,0x000000df45600000] [id=15104]
  0x000002489aa516e0 WatcherThread [stack: 0x000000df46200000,0x000000df46300000] [id=21292]
  0x00000248ffb85d70 GCTaskThread "GC Thread#0" [stack: 0x000000df45400000,0x000000df45500000] [id=6100]
  0x000002489bbcd810 GCTaskThread "GC Thread#1" [stack: 0x000000df46000000,0x000000df46100000] [id=4580]
  0x000002489c026040 GCTaskThread "GC Thread#2" [stack: 0x000000df46300000,0x000000df46400000] [id=22028]
  0x000002489c026300 GCTaskThread "GC Thread#3" [stack: 0x000000df46400000,0x000000df46500000] [id=10504]
  0x000002489c0265c0 GCTaskThread "GC Thread#4" [stack: 0x000000df46500000,0x000000df46600000] [id=18116]
  0x000002489c028930 GCTaskThread "GC Thread#5" [stack: 0x000000df46600000,0x000000df46700000] [id=18828]
  0x000002489c028bf0 GCTaskThread "GC Thread#6" [stack: 0x000000df46700000,0x000000df46800000] [id=16680]
  0x00000248ff74acf0 GCTaskThread "GC Thread#7" [stack: 0x000000df46c00000,0x000000df46d00000] [id=16228]

Threads with active compile tasks:
C2 CompilerThread0     4961 4132   !   4       org.eclipse.osgi.internal.loader.classpath.ClasspathManager::findClassImpl (308 bytes)
C1 CompilerThread0     4961 4391       3       com.google.gson.stream.JsonReader::doPeek (744 bytes)
C2 CompilerThread1     4961 4233   !   4       org.eclipse.osgi.internal.loader.classpath.ClasspathManager::findLocalClass (210 bytes)
C2 CompilerThread2     4961 4288   !   4       org.eclipse.osgi.internal.loader.BundleLoader::findClass0 (470 bytes)

VM state: not at safepoint (normal execution)

VM Mutex/Monitor currently owned by a thread: None

Heap address: 0x00000000c0000000, size: 1024 MB, Compressed Oops mode: 32-bit

CDS archive(s) not mapped
Compressed class space mapped at: 0x0000000100000000-0x0000000140000000, reserved size: 1073741824
Narrow klass base: 0x0000000000000000, Narrow klass shift: 3, Narrow klass range: 0x140000000

GC Precious Log:
 CPUs: 8 total, 8 available
 Memory: 16224M
 Large Page Support: Disabled
 NUMA Support: Disabled
 Compressed Oops: Enabled (32-bit)
 Alignments: Space 512K, Generation 512K, Heap 2M
 Heap Min Capacity: 100M
 Heap Initial Capacity: 100M
 Heap Max Capacity: 1G
 Pre-touch: Disabled
 Parallel Workers: 8

Heap:
 PSYoungGen      total 23552K, used 2198K [0x00000000eab00000, 0x00000000ec600000, 0x0000000100000000)
  eden space 22528K, 5% used [0x00000000eab00000,0x00000000eac3d7f0,0x00000000ec100000)
  from space 1024K, 90% used [0x00000000ec500000,0x00000000ec5e8020,0x00000000ec600000)
  to   space 1536K, 0% used [0x00000000ec300000,0x00000000ec300000,0x00000000ec480000)
 ParOldGen       total 68608K, used 15686K [0x00000000c0000000, 0x00000000c4300000, 0x00000000eab00000)
  object space 68608K, 22% used [0x00000000c0000000,0x00000000c0f51800,0x00000000c4300000)
 Metaspace       used 41613K, committed 42560K, reserved 1114112K
  class space    used 4327K, committed 4736K, reserved 1048576K

Card table byte_map: [0x0000024892ff0000,0x0000024893200000] _byte_map_base: 0x00000248929f0000

Marking Bits: (ParMarkBitMap*) 0x00007ffcfc79d0b0
 Begin Bits: [0x0000024893200000, 0x0000024894200000)
 End Bits:   [0x0000024894200000, 0x0000024895200000)

Polling page: 0x00000248ffc20000

Metaspace:

Usage:
  Non-class:     36.41 MB used.
      Class:      4.23 MB used.
       Both:     40.64 MB used.

Virtual space:
  Non-class space:       64.00 MB reserved,      36.94 MB ( 58%) committed,  1 nodes.
      Class space:        1.00 GB reserved,       4.62 MB ( <1%) committed,  1 nodes.
             Both:        1.06 GB reserved,      41.56 MB (  4%) committed. 

Chunk freelists:
   Non-Class:  10.53 MB
       Class:  11.29 MB
        Both:  21.82 MB

MaxMetaspaceSize: unlimited
CompressedClassSpaceSize: 1.00 GB
Initial GC threshold: 21.00 MB
Current GC threshold: 58.38 MB
CDS: off
MetaspaceReclaimPolicy: balanced
 - commit_granule_bytes: 65536.
 - commit_granule_words: 8192.
 - virtual_space_node_default_size: 8388608.
 - enlarge_chunks_in_place: 1.
 - new_chunks_are_fully_committed: 0.
 - uncommit_free_chunks: 1.
 - use_allocation_guard: 0.
 - handle_deallocations: 1.


Internal statistics:

num_allocs_failed_limit: 6.
num_arena_births: 646.
num_arena_deaths: 14.
num_vsnodes_births: 2.
num_vsnodes_deaths: 0.
num_space_committed: 665.
num_space_uncommitted: 0.
num_chunks_returned_to_freelist: 20.
num_chunks_taken_from_freelist: 2100.
num_chunk_merges: 9.
num_chunk_splits: 1325.
num_chunks_enlarged: 792.
num_inconsistent_stats: 0.

CodeHeap 'non-profiled nmethods': size=120000Kb used=2087Kb max_used=2087Kb free=117912Kb
 bounds [0x000002488bac0000, 0x000002488bd30000, 0x0000024892ff0000]
CodeHeap 'profiled nmethods': size=120000Kb used=9276Kb max_used=9276Kb free=110724Kb
 bounds [0x0000024883ff0000, 0x0000024884900000, 0x000002488b520000]
CodeHeap 'non-nmethods': size=5760Kb used=1276Kb max_used=1341Kb free=4483Kb
 bounds [0x000002488b520000, 0x000002488b790000, 0x000002488bac0000]
 total_blobs=4967 nmethods=4369 adapters=512
 compilation: enabled
              stopped_count=0, restarted_count=0
 full_count=0

Compilation events (20 events):
Event: 4.934 Thread 0x000002489a6d8d00 nmethod 4337 0x00000248848d7390 code [0x00000248848d7520, 0x00000248848d76b8]
Event: 4.936 Thread 0x000002489a6d8d00 4338       3       java.lang.Class::getInterfaces (6 bytes)
Event: 4.936 Thread 0x000002489a6d8d00 nmethod 4338 0x00000248848d7790 code [0x00000248848d7920, 0x00000248848d7a68]
Event: 4.936 Thread 0x000002489a6d8d00 4339       3       java.lang.Class::getGenericInfo (52 bytes)
Event: 4.937 Thread 0x000002489a6d8d00 nmethod 4339 0x00000248848d7b10 code [0x00000248848d7d80, 0x00000248848d8988]
Event: 4.937 Thread 0x000002489a6d8d00 4340       3       java.lang.Short::<init> (10 bytes)
Event: 4.937 Thread 0x000002489a6d8d00 nmethod 4340 0x00000248848d8e90 code [0x00000248848d9040, 0x00000248848d9218]
Event: 4.937 Thread 0x000002489a6d8d00 4342   !   3       java.lang.reflect.Field::declaredAnnotations (82 bytes)
Event: 4.938 Thread 0x000002489a6d8d00 nmethod 4342 0x00000248848d9310 code [0x00000248848d9500, 0x00000248848d99e8]
Event: 4.938 Thread 0x000002489a6d8d00 4345       3       jdk.internal.org.objectweb.asm.Frame::getConcreteOutputType (111 bytes)
Event: 4.938 Thread 0x000002489a6d8d00 nmethod 4345 0x00000248848d9c90 code [0x00000248848d9e40, 0x00000248848da218]
Event: 4.938 Thread 0x000002489a6d8d00 4344       3       jdk.internal.org.objectweb.asm.MethodWriter::addSuccessorToCurrentBasicBlock (24 bytes)
Event: 4.938 Thread 0x000002489a6d8d00 nmethod 4344 0x00000248848da390 code [0x00000248848da540, 0x00000248848da7b8]
Event: 4.938 Thread 0x000002489a6d8d00 4343       3       com.google.gson.internal.Excluder::excludeClassInStrategy (64 bytes)
Event: 4.938 Thread 0x000002489a6d8d00 nmethod 4343 0x00000248848da910 code [0x00000248848dab00, 0x00000248848db118]
Event: 4.938 Thread 0x000002489a6d8d00 4341       3       java.lang.reflect.Field::getAnnotation (23 bytes)
Event: 4.939 Thread 0x000002489a6d8d00 nmethod 4341 0x00000248848db310 code [0x00000248848db520, 0x00000248848dbba8]
Event: 4.939 Thread 0x000002489a6d8d00 4346       3       com.google.gson.internal.Excluder::excludeClassChecks (61 bytes)
Event: 4.940 Thread 0x000002489a6d8d00 nmethod 4346 0x00000248848dbe10 code [0x00000248848dc160, 0x00000248848dd578]
Event: 4.940 Thread 0x000002489a6d8d00 4347   !   3       org.eclipse.osgi.internal.loader.BundleLoader::findRequiredSource (283 bytes)

GC Heap History (20 events):
Event: 2.796 GC heap before
{Heap before GC invocations=4 (full 0):
 PSYoungGen      total 29696K, used 29667K [0x00000000eab00000, 0x00000000ecc00000, 0x0000000100000000)
  eden space 25600K, 100% used [0x00000000eab00000,0x00000000ec400000,0x00000000ec400000)
  from space 4096K, 99% used [0x00000000ec400000,0x00000000ec7f8d20,0x00000000ec800000)
  to   space 4096K, 0% used [0x00000000ec800000,0x00000000ec800000,0x00000000ecc00000)
 ParOldGen       total 68608K, used 5255K [0x00000000c0000000, 0x00000000c4300000, 0x00000000eab00000)
  object space 68608K, 7% used [0x00000000c0000000,0x00000000c0521ce8,0x00000000c4300000)
 Metaspace       used 21002K, committed 21504K, reserved 1114112K
  class space    used 2125K, committed 2368K, reserved 1048576K
}
Event: 2.799 GC heap after
{Heap after GC invocations=4 (full 0):
 PSYoungGen      total 29696K, used 4089K [0x00000000eab00000, 0x00000000ecc00000, 0x0000000100000000)
  eden space 25600K, 0% used [0x00000000eab00000,0x00000000eab00000,0x00000000ec400000)
  from space 4096K, 99% used [0x00000000ec800000,0x00000000ecbfe480,0x00000000ecc00000)
  to   space 4096K, 0% used [0x00000000ec400000,0x00000000ec400000,0x00000000ec800000)
 ParOldGen       total 68608K, used 6500K [0x00000000c0000000, 0x00000000c4300000, 0x00000000eab00000)
  object space 68608K, 9% used [0x00000000c0000000,0x00000000c06590d8,0x00000000c4300000)
 Metaspace       used 21002K, committed 21504K, reserved 1114112K
  class space    used 2125K, committed 2368K, reserved 1048576K
}
Event: 2.805 GC heap before
{Heap before GC invocations=5 (full 0):
 PSYoungGen      total 29696K, used 4585K [0x00000000eab00000, 0x00000000ecc00000, 0x0000000100000000)
  eden space 25600K, 1% used [0x00000000eab00000,0x00000000eab7c128,0x00000000ec400000)
  from space 4096K, 99% used [0x00000000ec800000,0x00000000ecbfe480,0x00000000ecc00000)
  to   space 4096K, 0% used [0x00000000ec400000,0x00000000ec400000,0x00000000ec800000)
 ParOldGen       total 68608K, used 6500K [0x00000000c0000000, 0x00000000c4300000, 0x00000000eab00000)
  object space 68608K, 9% used [0x00000000c0000000,0x00000000c06590d8,0x00000000c4300000)
 Metaspace       used 21060K, committed 21504K, reserved 1114112K
  class space    used 2130K, committed 2368K, reserved 1048576K
}
Event: 2.807 GC heap after
{Heap after GC invocations=5 (full 0):
 PSYoungGen      total 29696K, used 4079K [0x00000000eab00000, 0x00000000ece00000, 0x0000000100000000)
  eden space 25600K, 0% used [0x00000000eab00000,0x00000000eab00000,0x00000000ec400000)
  from space 4096K, 99% used [0x00000000ec400000,0x00000000ec7fbe78,0x00000000ec800000)
  to   space 5120K, 0% used [0x00000000ec900000,0x00000000ec900000,0x00000000ece00000)
 ParOldGen       total 68608K, used 6660K [0x00000000c0000000, 0x00000000c4300000, 0x00000000eab00000)
  object space 68608K, 9% used [0x00000000c0000000,0x00000000c06810d8,0x00000000c4300000)
 Metaspace       used 21060K, committed 21504K, reserved 1114112K
  class space    used 2130K, committed 2368K, reserved 1048576K
}
Event: 2.807 GC heap before
{Heap before GC invocations=6 (full 1):
 PSYoungGen      total 29696K, used 4079K [0x00000000eab00000, 0x00000000ece00000, 0x0000000100000000)
  eden space 25600K, 0% used [0x00000000eab00000,0x00000000eab00000,0x00000000ec400000)
  from space 4096K, 99% used [0x00000000ec400000,0x00000000ec7fbe78,0x00000000ec800000)
  to   space 5120K, 0% used [0x00000000ec900000,0x00000000ec900000,0x00000000ece00000)
 ParOldGen       total 68608K, used 6660K [0x00000000c0000000, 0x00000000c4300000, 0x00000000eab00000)
  object space 68608K, 9% used [0x00000000c0000000,0x00000000c06810d8,0x00000000c4300000)
 Metaspace       used 21060K, committed 21504K, reserved 1114112K
  class space    used 2130K, committed 2368K, reserved 1048576K
}
Event: 2.829 GC heap after
{Heap after GC invocations=6 (full 1):
 PSYoungGen      total 29696K, used 0K [0x00000000eab00000, 0x00000000ece00000, 0x0000000100000000)
  eden space 25600K, 0% used [0x00000000eab00000,0x00000000eab00000,0x00000000ec400000)
  from space 4096K, 0% used [0x00000000ec400000,0x00000000ec400000,0x00000000ec800000)
  to   space 5120K, 0% used [0x00000000ec900000,0x00000000ec900000,0x00000000ece00000)
 ParOldGen       total 68608K, used 10421K [0x00000000c0000000, 0x00000000c4300000, 0x00000000eab00000)
  object space 68608K, 15% used [0x00000000c0000000,0x00000000c0a2d460,0x00000000c4300000)
 Metaspace       used 21047K, committed 21504K, reserved 1114112K
  class space    used 2127K, committed 2368K, reserved 1048576K
}
Event: 3.140 GC heap before
{Heap before GC invocations=7 (full 1):
 PSYoungGen      total 29696K, used 25600K [0x00000000eab00000, 0x00000000ece00000, 0x0000000100000000)
  eden space 25600K, 100% used [0x00000000eab00000,0x00000000ec400000,0x00000000ec400000)
  from space 4096K, 0% used [0x00000000ec400000,0x00000000ec400000,0x00000000ec800000)
  to   space 5120K, 0% used [0x00000000ec900000,0x00000000ec900000,0x00000000ece00000)
 ParOldGen       total 68608K, used 10421K [0x00000000c0000000, 0x00000000c4300000, 0x00000000eab00000)
  object space 68608K, 15% used [0x00000000c0000000,0x00000000c0a2d460,0x00000000c4300000)
 Metaspace       used 24317K, committed 24896K, reserved 1114112K
  class space    used 2469K, committed 2752K, reserved 1048576K
}
Event: 3.142 GC heap after
{Heap after GC invocations=7 (full 1):
 PSYoungGen      total 26624K, used 1354K [0x00000000eab00000, 0x00000000eca80000, 0x0000000100000000)
  eden space 25088K, 0% used [0x00000000eab00000,0x00000000eab00000,0x00000000ec380000)
  from space 1536K, 88% used [0x00000000ec900000,0x00000000eca528f8,0x00000000eca80000)
  to   space 2560K, 0% used [0x00000000ec580000,0x00000000ec580000,0x00000000ec800000)
 ParOldGen       total 68608K, used 10429K [0x00000000c0000000, 0x00000000c4300000, 0x00000000eab00000)
  object space 68608K, 15% used [0x00000000c0000000,0x00000000c0a2f460,0x00000000c4300000)
 Metaspace       used 24317K, committed 24896K, reserved 1114112K
  class space    used 2469K, committed 2752K, reserved 1048576K
}
Event: 3.454 GC heap before
{Heap before GC invocations=8 (full 1):
 PSYoungGen      total 26624K, used 26442K [0x00000000eab00000, 0x00000000eca80000, 0x0000000100000000)
  eden space 25088K, 100% used [0x00000000eab00000,0x00000000ec380000,0x00000000ec380000)
  from space 1536K, 88% used [0x00000000ec900000,0x00000000eca528f8,0x00000000eca80000)
  to   space 2560K, 0% used [0x00000000ec580000,0x00000000ec580000,0x00000000ec800000)
 ParOldGen       total 68608K, used 10429K [0x00000000c0000000, 0x00000000c4300000, 0x00000000eab00000)
  object space 68608K, 15% used [0x00000000c0000000,0x00000000c0a2f460,0x00000000c4300000)
 Metaspace       used 27417K, committed 28224K, reserved 1114112K
  class space    used 2828K, committed 3200K, reserved 1048576K
}
Event: 3.456 GC heap after
{Heap after GC invocations=8 (full 1):
 PSYoungGen      total 27136K, used 2530K [0x00000000eab00000, 0x00000000ecb00000, 0x0000000100000000)
  eden space 24576K, 0% used [0x00000000eab00000,0x00000000eab00000,0x00000000ec300000)
  from space 2560K, 98% used [0x00000000ec580000,0x00000000ec7f8ad8,0x00000000ec800000)
  to   space 3072K, 0% used [0x00000000ec800000,0x00000000ec800000,0x00000000ecb00000)
 ParOldGen       total 68608K, used 11482K [0x00000000c0000000, 0x00000000c4300000, 0x00000000eab00000)
  object space 68608K, 16% used [0x00000000c0000000,0x00000000c0b36938,0x00000000c4300000)
 Metaspace       used 27417K, committed 28224K, reserved 1114112K
  class space    used 2828K, committed 3200K, reserved 1048576K
}
Event: 3.610 GC heap before
{Heap before GC invocations=9 (full 1):
 PSYoungGen      total 27136K, used 27106K [0x00000000eab00000, 0x00000000ecb00000, 0x0000000100000000)
  eden space 24576K, 100% used [0x00000000eab00000,0x00000000ec300000,0x00000000ec300000)
  from space 2560K, 98% used [0x00000000ec580000,0x00000000ec7f8ad8,0x00000000ec800000)
  to   space 3072K, 0% used [0x00000000ec800000,0x00000000ec800000,0x00000000ecb00000)
 ParOldGen       total 68608K, used 11482K [0x00000000c0000000, 0x00000000c4300000, 0x00000000eab00000)
  object space 68608K, 16% used [0x00000000c0000000,0x00000000c0b36938,0x00000000c4300000)
 Metaspace       used 30022K, committed 30720K, reserved 1114112K
  class space    used 2995K, committed 3328K, reserved 1048576K
}
Event: 3.611 GC heap after
{Heap after GC invocations=9 (full 1):
 PSYoungGen      total 27136K, used 2866K [0x00000000eab00000, 0x00000000ecb00000, 0x0000000100000000)
  eden space 24064K, 0% used [0x00000000eab00000,0x00000000eab00000,0x00000000ec280000)
  from space 3072K, 93% used [0x00000000ec800000,0x00000000ecaccb58,0x00000000ecb00000)
  to   space 3584K, 0% used [0x00000000ec400000,0x00000000ec400000,0x00000000ec780000)
 ParOldGen       total 68608K, used 11490K [0x00000000c0000000, 0x00000000c4300000, 0x00000000eab00000)
  object space 68608K, 16% used [0x00000000c0000000,0x00000000c0b38938,0x00000000c4300000)
 Metaspace       used 30022K, committed 30720K, reserved 1114112K
  class space    used 2995K, committed 3328K, reserved 1048576K
}
Event: 3.740 GC heap before
{Heap before GC invocations=10 (full 1):
 PSYoungGen      total 27136K, used 26930K [0x00000000eab00000, 0x00000000ecb00000, 0x0000000100000000)
  eden space 24064K, 100% used [0x00000000eab00000,0x00000000ec280000,0x00000000ec280000)
  from space 3072K, 93% used [0x00000000ec800000,0x00000000ecaccb58,0x00000000ecb00000)
  to   space 3584K, 0% used [0x00000000ec400000,0x00000000ec400000,0x00000000ec780000)
 ParOldGen       total 68608K, used 11490K [0x00000000c0000000, 0x00000000c4300000, 0x00000000eab00000)
  object space 68608K, 16% used [0x00000000c0000000,0x00000000c0b38938,0x00000000c4300000)
 Metaspace       used 32430K, committed 33152K, reserved 1114112K
  class space    used 3184K, committed 3520K, reserved 1048576K
}
Event: 3.742 GC heap after
{Heap after GC invocations=10 (full 1):
 PSYoungGen      total 26112K, used 2180K [0x00000000eab00000, 0x00000000ec880000, 0x0000000100000000)
  eden space 23552K, 0% used [0x00000000eab00000,0x00000000eab00000,0x00000000ec200000)
  from space 2560K, 85% used [0x00000000ec400000,0x00000000ec621198,0x00000000ec680000)
  to   space 2048K, 0% used [0x00000000ec680000,0x00000000ec680000,0x00000000ec880000)
 ParOldGen       total 68608K, used 12541K [0x00000000c0000000, 0x00000000c4300000, 0x00000000eab00000)
  object space 68608K, 18% used [0x00000000c0000000,0x00000000c0c3f498,0x00000000c4300000)
 Metaspace       used 32430K, committed 33152K, reserved 1114112K
  class space    used 3184K, committed 3520K, reserved 1048576K
}
Event: 4.123 GC heap before
{Heap before GC invocations=11 (full 1):
 PSYoungGen      total 26112K, used 19434K [0x00000000eab00000, 0x00000000ec880000, 0x0000000100000000)
  eden space 23552K, 73% used [0x00000000eab00000,0x00000000ebbd9a40,0x00000000ec200000)
  from space 2560K, 85% used [0x00000000ec400000,0x00000000ec621198,0x00000000ec680000)
  to   space 2048K, 0% used [0x00000000ec680000,0x00000000ec680000,0x00000000ec880000)
 ParOldGen       total 68608K, used 12541K [0x00000000c0000000, 0x00000000c4300000, 0x00000000eab00000)
  object space 68608K, 18% used [0x00000000c0000000,0x00000000c0c3f498,0x00000000c4300000)
 Metaspace       used 35094K, committed 35840K, reserved 1114112K
  class space    used 3472K, committed 3840K, reserved 1048576K
}
Event: 4.125 GC heap after
{Heap after GC invocations=11 (full 1):
 PSYoungGen      total 25600K, used 1964K [0x00000000eab00000, 0x00000000ec880000, 0x0000000100000000)
  eden space 23552K, 0% used [0x00000000eab00000,0x00000000eab00000,0x00000000ec200000)
  from space 2048K, 95% used [0x00000000ec680000,0x00000000ec86b280,0x00000000ec880000)
  to   space 2560K, 0% used [0x00000000ec380000,0x00000000ec380000,0x00000000ec600000)
 ParOldGen       total 68608K, used 14259K [0x00000000c0000000, 0x00000000c4300000, 0x00000000eab00000)
  object space 68608K, 20% used [0x00000000c0000000,0x00000000c0dece88,0x00000000c4300000)
 Metaspace       used 35094K, committed 35840K, reserved 1114112K
  class space    used 3472K, committed 3840K, reserved 1048576K
}
Event: 4.125 GC heap before
{Heap before GC invocations=12 (full 2):
 PSYoungGen      total 25600K, used 1964K [0x00000000eab00000, 0x00000000ec880000, 0x0000000100000000)
  eden space 23552K, 0% used [0x00000000eab00000,0x00000000eab00000,0x00000000ec200000)
  from space 2048K, 95% used [0x00000000ec680000,0x00000000ec86b280,0x00000000ec880000)
  to   space 2560K, 0% used [0x00000000ec380000,0x00000000ec380000,0x00000000ec600000)
 ParOldGen       total 68608K, used 14259K [0x00000000c0000000, 0x00000000c4300000, 0x00000000eab00000)
  object space 68608K, 20% used [0x00000000c0000000,0x00000000c0dece88,0x00000000c4300000)
 Metaspace       used 35094K, committed 35840K, reserved 1114112K
  class space    used 3472K, committed 3840K, reserved 1048576K
}
Event: 4.161 GC heap after
{Heap after GC invocations=12 (full 2):
 PSYoungGen      total 25600K, used 0K [0x00000000eab00000, 0x00000000ec880000, 0x0000000100000000)
  eden space 23552K, 0% used [0x00000000eab00000,0x00000000eab00000,0x00000000ec200000)
  from space 2048K, 0% used [0x00000000ec680000,0x00000000ec680000,0x00000000ec880000)
  to   space 2560K, 0% used [0x00000000ec380000,0x00000000ec380000,0x00000000ec600000)
 ParOldGen       total 68608K, used 14414K [0x00000000c0000000, 0x00000000c4300000, 0x00000000eab00000)
  object space 68608K, 21% used [0x00000000c0000000,0x00000000c0e13ba0,0x00000000c4300000)
 Metaspace       used 35094K, committed 35840K, reserved 1114112K
  class space    used 3472K, committed 3840K, reserved 1048576K
}
Event: 4.620 GC heap before
{Heap before GC invocations=13 (full 2):
 PSYoungGen      total 25600K, used 23552K [0x00000000eab00000, 0x00000000ec880000, 0x0000000100000000)
  eden space 23552K, 100% used [0x00000000eab00000,0x00000000ec200000,0x00000000ec200000)
  from space 2048K, 0% used [0x00000000ec680000,0x00000000ec680000,0x00000000ec880000)
  to   space 2560K, 0% used [0x00000000ec380000,0x00000000ec380000,0x00000000ec600000)
 ParOldGen       total 68608K, used 14414K [0x00000000c0000000, 0x00000000c4300000, 0x00000000eab00000)
  object space 68608K, 21% used [0x00000000c0000000,0x00000000c0e13ba0,0x00000000c4300000)
 Metaspace       used 38380K, committed 39296K, reserved 1114112K
  class space    used 3887K, committed 4288K, reserved 1048576K
}
Event: 4.621 GC heap after
{Heap after GC invocations=13 (full 2):
 PSYoungGen      total 24576K, used 1375K [0x00000000eab00000, 0x00000000ec700000, 0x0000000100000000)
  eden space 23040K, 0% used [0x00000000eab00000,0x00000000eab00000,0x00000000ec180000)
  from space 1536K, 89% used [0x00000000ec380000,0x00000000ec4d7c30,0x00000000ec500000)
  to   space 2048K, 0% used [0x00000000ec500000,0x00000000ec500000,0x00000000ec700000)
 ParOldGen       total 68608K, used 14422K [0x00000000c0000000, 0x00000000c4300000, 0x00000000eab00000)
  object space 68608K, 21% used [0x00000000c0000000,0x00000000c0e15ba0,0x00000000c4300000)
 Metaspace       used 38380K, committed 39296K, reserved 1114112K
  class space    used 3887K, committed 4288K, reserved 1048576K
}

Dll operation events (10 events):
Event: 0.017 Loaded shared library c:\Users\messi\.vscode\extensions\redhat.java-1.26.0-win32-x64\jre\17.0.9-win32-x86_64\bin\java.dll
Event: 0.215 Loaded shared library c:\Users\messi\.vscode\extensions\redhat.java-1.26.0-win32-x64\jre\17.0.9-win32-x86_64\bin\zip.dll
Event: 0.218 Loaded shared library C:\Users\messi\.vscode\extensions\redhat.java-1.26.0-win32-x64\jre\17.0.9-win32-x86_64\bin\instrument.dll
Event: 0.237 Loaded shared library C:\Users\messi\.vscode\extensions\redhat.java-1.26.0-win32-x64\jre\17.0.9-win32-x86_64\bin\net.dll
Event: 0.239 Loaded shared library C:\Users\messi\.vscode\extensions\redhat.java-1.26.0-win32-x64\jre\17.0.9-win32-x86_64\bin\nio.dll
Event: 0.249 Loaded shared library C:\Users\messi\.vscode\extensions\redhat.java-1.26.0-win32-x64\jre\17.0.9-win32-x86_64\bin\zip.dll
Event: 0.269 Loaded shared library C:\Users\messi\.vscode\extensions\redhat.java-1.26.0-win32-x64\jre\17.0.9-win32-x86_64\bin\jimage.dll
Event: 0.344 Loaded shared library c:\Users\messi\.vscode\extensions\redhat.java-1.26.0-win32-x64\jre\17.0.9-win32-x86_64\bin\verify.dll
Event: 1.624 Loaded shared library C:\Users\messi\AppData\Roaming\Code\User\globalStorage\redhat.java\1.26.0\config_win\org.eclipse.equinox.launcher\org.eclipse.equinox.launcher.win32.win32.x86_64_1.2.800.v20231003-1442\eclipse_11802.dll
Event: 4.225 Loaded shared library C:\Users\messi\AppData\Local\Temp\jna-103786865\jna4091327841858632228.dll

Deoptimization events (20 events):
Event: 4.512 Thread 0x000002489c1f85b0 Uncommon trap: trap_request=0xffffff45 fr.pc=0x000002488bcb43b4 relative=0x00000000000000b4
Event: 4.513 Thread 0x000002489c1f85b0 Uncommon trap: reason=unstable_if action=reinterpret pc=0x000002488bcb43b4 method=org.codehaus.plexus.util.xml.pull.MXParser.more()C @ 8 c2
Event: 4.514 Thread 0x000002489c1f85b0 DEOPT PACKING pc=0x000002488bcb43b4 sp=0x000000df472fed20
Event: 4.515 Thread 0x000002489c1f85b0 DEOPT UNPACKING pc=0x000002488b5766a3 sp=0x000000df472fecb0 mode 2
Event: 4.515 Thread 0x000002489c1f85b0 Uncommon trap: trap_request=0xffffffde fr.pc=0x000002488bbde898 relative=0x00000000000001d8
Event: 4.515 Thread 0x000002489c1f85b0 Uncommon trap: reason=class_check action=maybe_recompile pc=0x000002488bbde898 method=java.io.BufferedInputStream.read1([BII)I @ 39 c2
Event: 4.515 Thread 0x000002489c1f85b0 DEOPT PACKING pc=0x000002488bbde898 sp=0x000000df472fe860
Event: 4.515 Thread 0x000002489c1f85b0 DEOPT UNPACKING pc=0x000002488b5766a3 sp=0x000000df472fe808 mode 2
Event: 4.838 Thread 0x00000248ffb70040 Uncommon trap: trap_request=0xffffff45 fr.pc=0x000002488bcb175c relative=0x0000000000001a9c
Event: 4.838 Thread 0x00000248ffb70040 Uncommon trap: reason=unstable_if action=reinterpret pc=0x000002488bcb175c method=jdk.internal.org.objectweb.asm.ByteVector.enlarge(I)V @ 17 c2
Event: 4.838 Thread 0x00000248ffb70040 DEOPT PACKING pc=0x000002488bcb175c sp=0x000000df453fd8a0
Event: 4.838 Thread 0x00000248ffb70040 DEOPT UNPACKING pc=0x000002488b5766a3 sp=0x000000df453fd708 mode 2
Event: 4.838 Thread 0x00000248ffb70040 Uncommon trap: trap_request=0xffffff45 fr.pc=0x000002488bc336fc relative=0x000000000000557c
Event: 4.838 Thread 0x00000248ffb70040 Uncommon trap: reason=unstable_if action=reinterpret pc=0x000002488bc336fc method=jdk.internal.org.objectweb.asm.Frame.execute(IILjdk/internal/org/objectweb/asm/Symbol;Ljdk/internal/org/objectweb/asm/SymbolTable;)V @ 1 c2
Event: 4.838 Thread 0x00000248ffb70040 DEOPT PACKING pc=0x000002488bc336fc sp=0x000000df453fd880
Event: 4.838 Thread 0x00000248ffb70040 DEOPT UNPACKING pc=0x000002488b5766a3 sp=0x000000df453fd828 mode 2
Event: 4.839 Thread 0x00000248ffb70040 Uncommon trap: trap_request=0xffffff45 fr.pc=0x000002488bbb20b4 relative=0x0000000000000114
Event: 4.839 Thread 0x00000248ffb70040 Uncommon trap: reason=unstable_if action=reinterpret pc=0x000002488bbb20b4 method=jdk.internal.org.objectweb.asm.SymbolTable.put(Ljdk/internal/org/objectweb/asm/SymbolTable$Entry;)Ljdk/internal/org/objectweb/asm/SymbolTable$Entry; @ 13 c2
Event: 4.839 Thread 0x00000248ffb70040 DEOPT PACKING pc=0x000002488bbb20b4 sp=0x000000df453fd840
Event: 4.839 Thread 0x00000248ffb70040 DEOPT UNPACKING pc=0x000002488b5766a3 sp=0x000000df453fd7a0 mode 2

Classes unloaded (7 events):
Event: 2.810 Thread 0x000002489a6a14b0 Unloading class 0x000000010024a400 'java/lang/invoke/LambdaForm$MH+0x000000010024a400'
Event: 2.810 Thread 0x000002489a6a14b0 Unloading class 0x000000010024a000 'java/lang/invoke/LambdaForm$MH+0x000000010024a000'
Event: 2.810 Thread 0x000002489a6a14b0 Unloading class 0x0000000100249c00 'java/lang/invoke/LambdaForm$MH+0x0000000100249c00'
Event: 2.810 Thread 0x000002489a6a14b0 Unloading class 0x0000000100249800 'java/lang/invoke/LambdaForm$MH+0x0000000100249800'
Event: 2.810 Thread 0x000002489a6a14b0 Unloading class 0x0000000100249400 'java/lang/invoke/LambdaForm$BMH+0x0000000100249400'
Event: 2.810 Thread 0x000002489a6a14b0 Unloading class 0x0000000100249000 'java/lang/invoke/LambdaForm$DMH+0x0000000100249000'
Event: 2.810 Thread 0x000002489a6a14b0 Unloading class 0x0000000100244400 'java/lang/invoke/LambdaForm$DMH+0x0000000100244400'

Classes redefined (0 events):
No events

Internal exceptions (20 events):
Event: 3.798 Thread 0x000002489c238be0 Exception <a 'java/lang/ClassNotFoundException'{0x00000000eae528b0}: com/sun/org/apache/xerces/internal/impl/msg/spi/DOMMessagesProvider> (0x00000000eae528b0) 
thrown [s\src\hotspot\share\classfile\systemDictionary.cpp, line 256]
Event: 3.799 Thread 0x000002489c238be0 Exception <a 'java/lang/ClassNotFoundException'{0x00000000eae63fe8}: com/sun/org/apache/xerces/internal/impl/msg/spi/XMLSerializerMessagesProvider> (0x00000000eae63fe8) 
thrown [s\src\hotspot\share\classfile\systemDictionary.cpp, line 256]
Event: 3.800 Thread 0x000002489c238be0 Exception <a 'java/lang/ClassNotFoundException'{0x00000000eae712c0}: com/sun/org/apache/xerces/internal/impl/msg/spi/XMLMessagesProvider> (0x00000000eae712c0) 
thrown [s\src\hotspot\share\classfile\systemDictionary.cpp, line 256]
Event: 3.887 Thread 0x000002489c238be0 Exception <a 'java/lang/NoSuchMethodError'{0x00000000eb3b8998}: 'java.lang.Object java.lang.invoke.DirectMethodHandle$Holder.invokeStaticInit(java.lang.Object, int, int, int, int)'> (0x00000000eb3b8998) 
thrown [s\src\hotspot\share\interpreter\linkResolver.cpp, line 759]
Event: 3.957 Thread 0x000002489c238be0 Exception <a 'java/lang/NoSuchMethodError'{0x00000000eb4db750}: 'java.lang.Object java.lang.invoke.DirectMethodHandle$Holder.invokeStaticInit(java.lang.Object, java.lang.Object, int, int, int, int)'> (0x00000000eb4db750) 
thrown [s\src\hotspot\share\interpreter\linkResolver.cpp, line 759]
Event: 4.028 Thread 0x000002489c238be0 Exception <a 'java/lang/ClassNotFoundException'{0x00000000eb87a4c8}: com/sun/org/apache/xml/internal/serializer/spi/XMLEntitiesProvider> (0x00000000eb87a4c8) 
thrown [s\src\hotspot\share\classfile\systemDictionary.cpp, line 256]
Event: 4.174 Thread 0x000002489c238be0 Exception <a 'java/io/FileNotFoundException'{0x00000000eab3da08}> (0x00000000eab3da08) 
thrown [s\src\hotspot\share\prims\jni.cpp, line 516]
Event: 4.269 Thread 0x000002489c238be0 Exception <a 'java/lang/UnsatisfiedLinkError'{0x00000000eae4a240}: The specified procedure could not be found.
> (0x00000000eae4a240) 
thrown [s\src\hotspot\share\prims\jni.cpp, line 535]
Event: 4.275 Thread 0x000002489c238be0 Exception <a 'java/io/FileNotFoundException'{0x00000000eae70100}> (0x00000000eae70100) 
thrown [s\src\hotspot\share\prims\jni.cpp, line 516]
Event: 4.287 Thread 0x000002489c238be0 Exception <a 'java/io/FileNotFoundException'{0x00000000eaef4178}> (0x00000000eaef4178) 
thrown [s\src\hotspot\share\prims\jni.cpp, line 516]
Event: 4.304 Thread 0x000002489c238be0 Exception <a 'java/lang/UnsatisfiedLinkError'{0x00000000eaf82240}: The specified procedure could not be found.
> (0x00000000eaf82240) 
thrown [s\src\hotspot\share\prims\jni.cpp, line 535]
Event: 4.345 Thread 0x00000248ffb70040 Exception <a 'sun/nio/fs/WindowsException'{0x00000000eb06db70}> (0x00000000eb06db70) 
thrown [s\src\hotspot\share\prims\jni.cpp, line 516]
Event: 4.439 Thread 0x00000248ffb70040 Exception <a 'java/lang/NoSuchMethodError'{0x00000000eb5f4320}: 'java.lang.Object java.lang.invoke.DirectMethodHandle$Holder.invokeStatic(java.lang.Object, java.lang.Object, long, java.lang.Object)'> (0x00000000eb5f4320) 
thrown [s\src\hotspot\share\interpreter\linkResolver.cpp, line 759]
Event: 4.439 Thread 0x00000248ffb70040 Exception <a 'java/lang/NoSuchMethodError'{0x00000000eb5f8068}: 'java.lang.Object java.lang.invoke.DirectMethodHandle$Holder.invokeStaticInit(java.lang.Object, java.lang.Object, long, java.lang.Object)'> (0x00000000eb5f8068) 
thrown [s\src\hotspot\share\interpreter\linkResolver.cpp, line 759]
Event: 4.441 Thread 0x00000248ffb70040 Exception <a 'java/lang/NoSuchMethodError'{0x00000000eb5fe8c8}: 'java.lang.Object java.lang.invoke.DirectMethodHandle$Holder.newInvokeSpecial(java.lang.Object, java.lang.Object, long)'> (0x00000000eb5fe8c8) 
thrown [s\src\hotspot\share\interpreter\linkResolver.cpp, line 759]
Event: 4.533 Thread 0x00000248ffb70040 Exception <a 'java/lang/NoSuchMethodError'{0x00000000eb90e488}: 'void java.lang.invoke.DirectMethodHandle$Holder.invokeStatic(java.lang.Object, java.lang.Object, java.lang.Object, java.lang.Object)'> (0x00000000eb90e488) 
thrown [s\src\hotspot\share\interpreter\linkResolver.cpp, line 759]
Event: 4.541 Thread 0x000002489c1f85b0 Exception <a 'java/lang/NoSuchMethodError'{0x00000000eb9ce718}: 'java.lang.Object java.lang.invoke.DirectMethodHandle$Holder.invokeSpecialIFC(java.lang.Object, java.lang.Object, java.lang.Object, java.lang.Object)'> (0x00000000eb9ce718) 
thrown [s\src\hotspot\share\interpreter\linkResolver.cpp, line 759]
Event: 4.759 Thread 0x000002489c1f85b0 Exception <a 'java/lang/NoSuchMethodError'{0x00000000eb5e8a38}: 'int java.lang.invoke.DirectMethodHandle$Holder.invokeSpecialIFC(java.lang.Object, java.lang.Object, java.lang.Object, java.lang.Object, java.lang.Object)'> (0x00000000eb5e8a38) 
thrown [s\src\hotspot\share\interpreter\linkResolver.cpp, line 759]
Event: 4.814 Thread 0x00000248ffb70040 Exception <a 'java/lang/NoSuchMethodError'{0x00000000eb8139b8}: 'void java.lang.invoke.DirectMethodHandle$Holder.invokeSpecial(java.lang.Object, java.lang.Object, java.lang.Object, java.lang.Object, java.lang.Object, java.lang.Object)'> (0x00000000eb8139b8) 
thrown [s\src\hotspot\share\interpreter\linkResolver.cpp, line 759]
Event: 4.832 Thread 0x00000248ffb70040 Exception <a 'java/lang/IncompatibleClassChangeError'{0x00000000eb81d1e8}: Found class java.lang.Object, but interface was expected> (0x00000000eb81d1e8) 
thrown [s\src\hotspot\share\interpreter\linkResolver.cpp, line 826]

VM Operations (20 events):
Event: 3.740 Executing VM operation: ParallelGCFailedAllocation
Event: 3.742 Executing VM operation: ParallelGCFailedAllocation done
Event: 3.876 Executing VM operation: HandshakeAllThreads
Event: 3.876 Executing VM operation: HandshakeAllThreads done
Event: 3.948 Executing VM operation: HandshakeAllThreads
Event: 3.949 Executing VM operation: HandshakeAllThreads done
Event: 4.072 Executing VM operation: HandshakeAllThreads
Event: 4.072 Executing VM operation: HandshakeAllThreads done
Event: 4.123 Executing VM operation: CollectForMetadataAllocation
Event: 4.164 Executing VM operation: CollectForMetadataAllocation done
Event: 4.250 Executing VM operation: HandshakeAllThreads
Event: 4.250 Executing VM operation: HandshakeAllThreads done
Event: 4.493 Executing VM operation: HandshakeAllThreads
Event: 4.494 Executing VM operation: HandshakeAllThreads done
Event: 4.556 Executing VM operation: HandshakeAllThreads
Event: 4.556 Executing VM operation: HandshakeAllThreads done
Event: 4.620 Executing VM operation: ParallelGCFailedAllocation
Event: 4.621 Executing VM operation: ParallelGCFailedAllocation done
Event: 4.934 Executing VM operation: HandshakeAllThreads
Event: 4.934 Executing VM operation: HandshakeAllThreads done

Events (20 events):
Event: 4.744 loading class java/util/concurrent/atomic/AtomicIntegerArray
Event: 4.744 loading class java/util/concurrent/atomic/AtomicIntegerArray done
Event: 4.746 loading class java/util/Currency
Event: 4.747 loading class java/util/Currency done
Event: 4.750 loading class java/util/concurrent/atomic/AtomicLongArray
Event: 4.750 loading class java/util/concurrent/atomic/AtomicLongArray done
Event: 4.769 loading class java/util/stream/SortedOps$SizedRefSortingSink
Event: 4.769 loading class java/util/stream/SortedOps$SizedRefSortingSink done
Event: 4.838 loading class java/lang/annotation/ElementType
Event: 4.838 loading class java/lang/annotation/ElementType done
Event: 4.845 loading class sun/util/locale/provider/DateFormatProviderImpl
Event: 4.845 loading class sun/util/locale/provider/DateFormatProviderImpl done
Event: 4.874 Thread 0x000002489c1fa410 Thread added: 0x000002489c1fa410
Event: 4.874 Thread 0x000002489f2d2070 Thread added: 0x000002489f2d2070
Event: 4.913 loading class sun/reflect/generics/repository/FieldRepository
Event: 4.913 loading class sun/reflect/generics/repository/FieldRepository done
Event: 4.918 loading class jdk/internal/reflect/UnsafeQualifiedIntegerFieldAccessorImpl
Event: 4.918 loading class jdk/internal/reflect/UnsafeQualifiedIntegerFieldAccessorImpl done
Event: 4.936 loading class java/lang/Short$ShortCache
Event: 4.936 loading class java/lang/Short$ShortCache done


Dynamic libraries:
0x00007ff6c55c0000 - 0x00007ff6c55ce000 	c:\Users\messi\.vscode\extensions\redhat.java-1.26.0-win32-x64\jre\17.0.9-win32-x86_64\bin\java.exe
0x00007ffd5ef90000 - 0x00007ffd5f1a7000 	C:\Windows\SYSTEM32\ntdll.dll
0x00007ffd5d990000 - 0x00007ffd5da54000 	C:\Windows\System32\KERNEL32.DLL
0x00007ffd5c930000 - 0x00007ffd5ccd6000 	C:\Windows\System32\KERNELBASE.dll
0x00007ffd5c3c0000 - 0x00007ffd5c4d1000 	C:\Windows\System32\ucrtbase.dll
0x00007ffd409f0000 - 0x00007ffd40a07000 	c:\Users\messi\.vscode\extensions\redhat.java-1.26.0-win32-x64\jre\17.0.9-win32-x86_64\bin\jli.dll
0x00007ffd40a10000 - 0x00007ffd40a2b000 	c:\Users\messi\.vscode\extensions\redhat.java-1.26.0-win32-x64\jre\17.0.9-win32-x86_64\bin\VCRUNTIME140.dll
0x00007ffd5d070000 - 0x00007ffd5d21e000 	C:\Windows\System32\USER32.dll
0x00007ffd44060000 - 0x00007ffd442f3000 	C:\Windows\WinSxS\amd64_microsoft.windows.common-controls_6595b64144ccf1df_6.0.22621.2506_none_270c5ae97388e100\COMCTL32.dll
0x00007ffd5c640000 - 0x00007ffd5c666000 	C:\Windows\System32\win32u.dll
0x00007ffd5d850000 - 0x00007ffd5d8f7000 	C:\Windows\System32\msvcrt.dll
0x00007ffd5d960000 - 0x00007ffd5d989000 	C:\Windows\System32\GDI32.dll
0x00007ffd5c810000 - 0x00007ffd5c928000 	C:\Windows\System32\gdi32full.dll
0x00007ffd5c4e0000 - 0x00007ffd5c57a000 	C:\Windows\System32\msvcp_win.dll
0x00007ffd5d670000 - 0x00007ffd5d6a1000 	C:\Windows\System32\IMM32.DLL
0x00007ffd57c20000 - 0x00007ffd57c2c000 	c:\Users\messi\.vscode\extensions\redhat.java-1.26.0-win32-x64\jre\17.0.9-win32-x86_64\bin\vcruntime140_1.dll
0x00007ffd3f8d0000 - 0x00007ffd3f95d000 	c:\Users\messi\.vscode\extensions\redhat.java-1.26.0-win32-x64\jre\17.0.9-win32-x86_64\bin\msvcp140.dll
0x00007ffcfbc00000 - 0x00007ffcfc861000 	c:\Users\messi\.vscode\extensions\redhat.java-1.26.0-win32-x64\jre\17.0.9-win32-x86_64\bin\server\jvm.dll
0x00007ffd5d220000 - 0x00007ffd5d2d3000 	C:\Windows\System32\ADVAPI32.dll
0x00007ffd5e390000 - 0x00007ffd5e438000 	C:\Windows\System32\sechost.dll
0x00007ffd5c7e0000 - 0x00007ffd5c808000 	C:\Windows\System32\bcrypt.dll
0x00007ffd5d470000 - 0x00007ffd5d587000 	C:\Windows\System32\RPCRT4.dll
0x00007ffd5b110000 - 0x00007ffd5b15d000 	C:\Windows\SYSTEM32\POWRPROF.dll
0x00007ffd27690000 - 0x00007ffd27699000 	C:\Windows\SYSTEM32\WSOCK32.dll
0x00007ffd5edd0000 - 0x00007ffd5ee41000 	C:\Windows\System32\WS2_32.dll
0x00007ffd35ec0000 - 0x00007ffd35ef4000 	C:\Windows\SYSTEM32\WINMM.dll
0x00007ffd56500000 - 0x00007ffd5650a000 	C:\Windows\SYSTEM32\VERSION.dll
0x00007ffd5b0f0000 - 0x00007ffd5b103000 	C:\Windows\SYSTEM32\UMPDC.dll
0x00007ffd5b3b0000 - 0x00007ffd5b3c8000 	C:\Windows\SYSTEM32\kernel.appcore.dll
0x00007ffd47a20000 - 0x00007ffd47a2a000 	c:\Users\messi\.vscode\extensions\redhat.java-1.26.0-win32-x64\jre\17.0.9-win32-x86_64\bin\jimage.dll
0x00007ffd45770000 - 0x00007ffd459a3000 	C:\Windows\SYSTEM32\DBGHELP.DLL
0x00007ffd5cce0000 - 0x00007ffd5d069000 	C:\Windows\System32\combase.dll
0x00007ffd5d2e0000 - 0x00007ffd5d3b7000 	C:\Windows\System32\OLEAUT32.dll
0x00007ffd48650000 - 0x00007ffd48682000 	C:\Windows\SYSTEM32\dbgcore.DLL
0x00007ffd5c2d0000 - 0x00007ffd5c34a000 	C:\Windows\System32\bcryptPrimitives.dll
0x00007ffd47680000 - 0x00007ffd4768e000 	c:\Users\messi\.vscode\extensions\redhat.java-1.26.0-win32-x64\jre\17.0.9-win32-x86_64\bin\instrument.dll
0x00007ffd41400000 - 0x00007ffd41425000 	c:\Users\messi\.vscode\extensions\redhat.java-1.26.0-win32-x64\jre\17.0.9-win32-x86_64\bin\java.dll
0x00007ffd44370000 - 0x00007ffd44388000 	c:\Users\messi\.vscode\extensions\redhat.java-1.26.0-win32-x64\jre\17.0.9-win32-x86_64\bin\zip.dll
0x00007ffd5db30000 - 0x00007ffd5e38a000 	C:\Windows\System32\SHELL32.dll
0x00007ffd5a1e0000 - 0x00007ffd5aad6000 	C:\Windows\SYSTEM32\windows.storage.dll
0x00007ffd5a0a0000 - 0x00007ffd5a1de000 	C:\Windows\SYSTEM32\wintypes.dll
0x00007ffd5ee50000 - 0x00007ffd5ef43000 	C:\Windows\System32\SHCORE.dll
0x00007ffd5da60000 - 0x00007ffd5dabe000 	C:\Windows\System32\shlwapi.dll
0x00007ffd5c200000 - 0x00007ffd5c226000 	C:\Windows\SYSTEM32\profapi.dll
0x00007ffd3f6c0000 - 0x00007ffd3f6d9000 	C:\Users\messi\.vscode\extensions\redhat.java-1.26.0-win32-x64\jre\17.0.9-win32-x86_64\bin\net.dll
0x00007ffd566b0000 - 0x00007ffd567e7000 	C:\Windows\SYSTEM32\WINHTTP.dll
0x00007ffd5b820000 - 0x00007ffd5b889000 	C:\Windows\system32\mswsock.dll
0x00007ffd3f3a0000 - 0x00007ffd3f3b6000 	C:\Users\messi\.vscode\extensions\redhat.java-1.26.0-win32-x64\jre\17.0.9-win32-x86_64\bin\nio.dll
0x00007ffd475b0000 - 0x00007ffd475c0000 	c:\Users\messi\.vscode\extensions\redhat.java-1.26.0-win32-x64\jre\17.0.9-win32-x86_64\bin\verify.dll
0x00007ffd3fe60000 - 0x00007ffd3fe9e000 	C:\Users\messi\AppData\Roaming\Code\User\globalStorage\redhat.java\1.26.0\config_win\org.eclipse.equinox.launcher\org.eclipse.equinox.launcher.win32.win32.x86_64_1.2.800.v20231003-1442\eclipse_11802.dll
0x00007ffd5d6b0000 - 0x00007ffd5d850000 	C:\Windows\System32\ole32.dll
0x00007ffd5bb70000 - 0x00007ffd5bb8b000 	C:\Windows\SYSTEM32\CRYPTSP.dll
0x00007ffd5b310000 - 0x00007ffd5b345000 	C:\Windows\system32\rsaenh.dll
0x00007ffd5b8c0000 - 0x00007ffd5b8ec000 	C:\Windows\SYSTEM32\USERENV.dll
0x00007ffd5bb50000 - 0x00007ffd5bb5c000 	C:\Windows\SYSTEM32\CRYPTBASE.dll
0x00007ffd5adb0000 - 0x00007ffd5addd000 	C:\Windows\SYSTEM32\IPHLPAPI.DLL
0x00007ffd5d950000 - 0x00007ffd5d959000 	C:\Windows\System32\NSI.dll
0x00007ffd56690000 - 0x00007ffd566a9000 	C:\Windows\SYSTEM32\dhcpcsvc6.DLL
0x00007ffd56670000 - 0x00007ffd5668f000 	C:\Windows\SYSTEM32\dhcpcsvc.DLL
0x00007ffd5ae20000 - 0x00007ffd5af19000 	C:\Windows\SYSTEM32\DNSAPI.dll
0x00007ffd3dd40000 - 0x00007ffd3dd85000 	C:\Users\messi\AppData\Local\Temp\jna-103786865\jna4091327841858632228.dll
0x00007ffd5edc0000 - 0x00007ffd5edc8000 	C:\Windows\System32\PSAPI.DLL

dbghelp: loaded successfully - version: 4.0.5 - missing functions: none
symbol engine: initialized successfully - sym options: 0x614 - pdb path: .;c:\Users\messi\.vscode\extensions\redhat.java-1.26.0-win32-x64\jre\17.0.9-win32-x86_64\bin;C:\Windows\SYSTEM32;C:\Windows\WinSxS\amd64_microsoft.windows.common-controls_6595b64144ccf1df_6.0.22621.2506_none_270c5ae97388e100;c:\Users\messi\.vscode\extensions\redhat.java-1.26.0-win32-x64\jre\17.0.9-win32-x86_64\bin\server;C:\Users\messi\AppData\Roaming\Code\User\globalStorage\redhat.java\1.26.0\config_win\org.eclipse.equinox.launcher\org.eclipse.equinox.launcher.win32.win32.x86_64_1.2.800.v20231003-1442;C:\Users\messi\AppData\Local\Temp\jna-103786865

VM Arguments:
jvm_args: --add-modules=ALL-SYSTEM --add-opens=java.base/java.util=ALL-UNNAMED --add-opens=java.base/java.lang=ALL-UNNAMED --add-opens=java.base/sun.nio.fs=ALL-UNNAMED -Declipse.application=org.eclipse.jdt.ls.core.id1 -Dosgi.bundles.defaultStartLevel=4 -Declipse.product=org.eclipse.jdt.ls.core.product -Djava.import.generatesMetadataFilesAtProjectRoot=false -DDetectVMInstallationsJob.disabled=true -Dfile.encoding=utf8 -XX:+UseParallelGC -XX:GCTimeRatio=4 -XX:AdaptiveSizePolicyWeight=90 -Dsun.zip.disableMemoryMapping=true -Xmx1G -Xms100m -Xlog:disable -javaagent:c:\Users\messi\.vscode\extensions\redhat.java-1.26.0-win32-x64\lombok\lombok-1.18.31-3454.jar -XX:+HeapDumpOnOutOfMemoryError -XX:HeapDumpPath=c:\Users\messi\AppData\Roaming\Code\User\workspaceStorage\aa2e15ffd266c7f89fca84743d3787ac\redhat.java -Daether.dependencyCollector.impl=bf 
java_command: c:\Users\messi\.vscode\extensions\redhat.java-1.26.0-win32-x64\server\plugins\org.eclipse.equinox.launcher_1.6.700.v20231214-2017.jar -configuration c:\Users\messi\AppData\Roaming\Code\User\globalStorage\redhat.java\1.26.0\config_win -data c:\Users\messi\AppData\Roaming\Code\User\workspaceStorage\aa2e15ffd266c7f89fca84743d3787ac\redhat.java\jdt_ws --stdio
java_class_path (initial): c:\Users\messi\.vscode\extensions\redhat.java-1.26.0-win32-x64\server\plugins\org.eclipse.equinox.launcher_1.6.700.v20231214-2017.jar
Launcher Type: SUN_STANDARD

[Global flags]
    uintx AdaptiveSizePolicyWeight                 = 90                                        {product} {command line}
     intx CICompilerCount                          = 4                                         {product} {ergonomic}
    uintx GCTimeRatio                              = 4                                         {product} {command line}
     bool HeapDumpOnOutOfMemoryError               = true                                   {manageable} {command line}
    ccstr HeapDumpPath                             = c:\Users\messi\AppData\Roaming\Code\User\workspaceStorage\aa2e15ffd266c7f89fca84743d3787ac\redhat.java         {manageable} {command line}
   size_t InitialHeapSize                          = 104857600                                 {product} {command line}
   size_t MaxHeapSize                              = 1073741824                                {product} {command line}
   size_t MaxNewSize                               = 357564416                                 {product} {ergonomic}
   size_t MinHeapDeltaBytes                        = 524288                                    {product} {ergonomic}
   size_t MinHeapSize                              = 104857600                                 {product} {command line}
   size_t NewSize                                  = 34603008                                  {product} {ergonomic}
    uintx NonNMethodCodeHeapSize                   = 5839372                                {pd product} {ergonomic}
    uintx NonProfiledCodeHeapSize                  = 122909434                              {pd product} {ergonomic}
   size_t OldSize                                  = 70254592                                  {product} {ergonomic}
    uintx ProfiledCodeHeapSize                     = 122909434                              {pd product} {ergonomic}
    uintx ReservedCodeCacheSize                    = 251658240                              {pd product} {ergonomic}
     bool SegmentedCodeCache                       = true                                      {product} {ergonomic}
   size_t SoftMaxHeapSize                          = 1073741824                             {manageable} {ergonomic}
     bool UseCompressedClassPointers               = true                           {product lp64_product} {ergonomic}
     bool UseCompressedOops                        = true                           {product lp64_product} {ergonomic}
     bool UseLargePagesIndividualAllocation        = false                                  {pd product} {ergonomic}
     bool UseParallelGC                            = true                                      {product} {command line}

Logging:
Log output configuration:
 #0: stdout all=off uptime,level,tags
 #1: stderr all=off uptime,level,tags

Environment Variables:
PATH=C:\Program Files\Common Files\Oracle\Java\javapath;D:\Program Files (x86)\VMware\VMware Workstation\bin\;C:\Python311\Scripts\;C:\Python311\;C:\Windows\system32;C:\Windows;C:\Windows\System32\Wbem;C:\Windows\System32\WindowsPowerShell\v1.0\;C:\Windows\System32\OpenSSH\;C:\Program Files\nodejs\;C:\ProgramData\chocolatey\bin;C:\Program Files\Git\cmd;C:\MinGW\bin;C:\platform-tools;C:\Program Files\NVIDIA Corporation\NVIDIA NvDLISR;C:\Program Files (x86)\NVIDIA Corporation\PhysX\Common;C:\Program Files\dotnet\;D:\Program Files\MATLAB\R2023a\runtime\win64;D:\Program Files\MATLAB\R2023a\bin;C:\Program Files\Docker\Docker\resources\bin;C:\Program Files\MySQL\MySQL Server 8.0\bin;C:\Users\messi\AppData\Local\Microsoft\WindowsApps;C:\Users\messi\AppData\Roaming\npm;C:\Users\messi\AppData\Local\Programs\Microsoft VS Code\bin;C:\MinGW\bin;C:\platform-tools;;C:\Program Files\Azure Data Studio\bin;C:\Program Files\Azure Data Studio\bin;C:\Program Files\Azure Data Studio\bin;D:\Program Files\JetBrains\IntelliJ IDEA 2021.1\bin;;C:\Users\messi\.dotnet\tools
USERNAME=messi
OS=Windows_NT
PROCESSOR_IDENTIFIER=Intel64 Family 6 Model 158 Stepping 13, GenuineIntel
TMP=C:\Users\messi\AppData\Local\Temp
TEMP=C:\Users\messi\AppData\Local\Temp



Periodic native trim disabled


---------------  S Y S T E M  ---------------

OS:
 Windows 11 , 64 bit Build 22621 (10.0.22621.2506)
OS uptime: 0 days 3:19 hours
Hyper-V role detected

CPU: total 8 (initial active 8) (4 cores per cpu, 2 threads per core) family 6 model 158 stepping 13 microcode 0xde, cx8, cmov, fxsr, ht, mmx, 3dnowpref, sse, sse2, sse3, ssse3, sse4.1, sse4.2, popcnt, lzcnt, tsc, tscinvbit, avx, avx2, aes, erms, clmul, bmi1, bmi2, adx, fma, vzeroupper, clflush, clflushopt, hv
Processor Information for all 8 processors :
  Max Mhz: 2401, Current Mhz: 2400, Mhz Limit: 2376

Memory: 4k page, system-wide physical 16224M (3984M free)
TotalPageFile size 16224M (AvailPageFile size 5M)
current process WorkingSet (physical memory assigned to process): 193M, peak: 194M
current process commit charge ("private bytes"): 289M, peak: 289M

vm_info: OpenJDK 64-Bit Server VM (17.0.9+9) for windows-amd64 JRE (17.0.9+9), built on Oct 26 2023 14:01:42 by "admin" with MS VC++ 16.10 / 16.11 (VS2019)

END.
