#
# There is insufficient memory for the Java Runtime Environment to continue.
# Native memory allocation (malloc) failed to allocate 185456 bytes for Chunk::new
# Possible reasons:
#   The system is out of physical RAM or swap space
#   The process is running with CompressedOops enabled, and the Java Heap may be blocking the growth of the native heap
# Possible solutions:
#   Reduce memory load on the system
#   Increase physical memory or swap space
#   Check if swap backing store is full
#   Decrease Java heap size (-Xmx/-Xms)
#   Decrease number of Java threads
#   Decrease Java thread stack sizes (-Xss)
#   Set larger code cache with -XX:ReservedCodeCacheSize=
#   JVM is running with Unscaled Compressed Oops mode in which the Java heap is
#     placed in the first 4GB address space. The Java Heap base address is the
#     maximum limit for the native heap growth. Please use -XX:HeapBaseMinAddress
#     to set the Java Heap base and to place the Java Heap above 4GB virtual address.
# This output file may be truncated or incomplete.
#
#  Out of Memory Error (arena.cpp:191), pid=17292, tid=2920
#
# JRE version: OpenJDK Runtime Environment Temurin-17.0.9+9 (17.0.9+9) (build 17.0.9+9)
# Java VM: OpenJDK 64-Bit Server VM Temurin-17.0.9+9 (17.0.9+9, mixed mode, tiered, compressed oops, compressed class ptrs, parallel gc, windows-amd64)
# No core dump will be written. Minidumps are not enabled by default on client versions of Windows
#

---------------  S U M M A R Y ------------

Command Line: --add-modules=ALL-SYSTEM --add-opens=java.base/java.util=ALL-UNNAMED --add-opens=java.base/java.lang=ALL-UNNAMED --add-opens=java.base/sun.nio.fs=ALL-UNNAMED -Declipse.application=org.eclipse.jdt.ls.core.id1 -Dosgi.bundles.defaultStartLevel=4 -Declipse.product=org.eclipse.jdt.ls.core.product -Djava.import.generatesMetadataFilesAtProjectRoot=false -DDetectVMInstallationsJob.disabled=true -Dfile.encoding=utf8 -XX:+UseParallelGC -XX:GCTimeRatio=4 -XX:AdaptiveSizePolicyWeight=90 -Dsun.zip.disableMemoryMapping=true -Xmx1G -Xms100m -Xlog:disable -javaagent:c:\Users\messi\.vscode\extensions\redhat.java-1.26.0-win32-x64\lombok\lombok-1.18.31-3454.jar -XX:+HeapDumpOnOutOfMemoryError -XX:HeapDumpPath=c:\Users\messi\AppData\Roaming\Code\User\workspaceStorage\d88549114971c4f169f360f53d10f945\redhat.java -Daether.dependencyCollector.impl=bf c:\Users\messi\.vscode\extensions\redhat.java-1.26.0-win32-x64\server\plugins\org.eclipse.equinox.launcher_1.6.700.v20231214-2017.jar -configuration c:\Users\messi\AppData\Roaming\Code\User\globalStorage\redhat.java\1.26.0\config_win -data c:\Users\messi\AppData\Roaming\Code\User\workspaceStorage\d88549114971c4f169f360f53d10f945\redhat.java\jdt_ws --stdio

Host: Intel(R) Core(TM) i5-9300H CPU @ 2.40GHz, 8 cores, 15G,  Windows 11 , 64 bit Build 22621 (10.0.22621.2506)
Time: Wed Jan 24 16:20:49 2024 SE Asia Standard Time elapsed time: 1.435474 seconds (0d 0h 0m 1s)

---------------  T H R E A D  ---------------

Current thread (0x0000020534ed9700):  JavaThread "C2 CompilerThread1" daemon [_thread_in_native, id=2920, stack(0x0000003efc000000,0x0000003efc100000)]


Current CompileTask:
C2:   1435 2188       4       java.io.DataInputStream::readInt (68 bytes)

Stack: [0x0000003efc000000,0x0000003efc100000]
Native frames: (J=compiled Java code, j=interpreted, Vv=VM code, C=native code)
V  [jvm.dll+0x67cf49]
V  [jvm.dll+0x83478a]
V  [jvm.dll+0x83624e]
V  [jvm.dll+0x8368b3]
V  [jvm.dll+0x247f1f]
V  [jvm.dll+0xac43c]
V  [jvm.dll+0xaca8c]
V  [jvm.dll+0x367012]
V  [jvm.dll+0x3313ba]
V  [jvm.dll+0x33085a]
V  [jvm.dll+0x21a5b1]
V  [jvm.dll+0x2199d1]
V  [jvm.dll+0x1a57cd]
V  [jvm.dll+0x2297ae]
V  [jvm.dll+0x22797c]
V  [jvm.dll+0x7e9877]
V  [jvm.dll+0x7e3c3a]
V  [jvm.dll+0x67be35]
C  [ucrtbase.dll+0x29363]
C  [KERNEL32.DLL+0x1257d]
C  [ntdll.dll+0x5aa58]


---------------  P R O C E S S  ---------------

Threads class SMR info:
_java_thread_list=0x0000020536e21b60, length=19, elements={
0x000002051bd9ec90, 0x000002052fc23030, 0x000002052fc27070, 0x0000020534d28310,
0x0000020534d28fa0, 0x0000020534d2a4d0, 0x0000020534d2c8b0, 0x0000020534d339b0,
0x0000020534d34370, 0x0000020534d35420, 0x0000020534e19040, 0x0000020534ed9700,
0x00000205350aca70, 0x0000020536660b90, 0x0000020536d46ab0, 0x000002053690eff0,
0x0000020536dc9020, 0x0000020536e9acf0, 0x0000020536a7d060
}

Java Threads: ( => current thread )
  0x000002051bd9ec90 JavaThread "main" [_thread_blocked, id=16904, stack(0x0000003efb300000,0x0000003efb400000)]
  0x000002052fc23030 JavaThread "Reference Handler" daemon [_thread_blocked, id=14760, stack(0x0000003efb600000,0x0000003efb700000)]
  0x000002052fc27070 JavaThread "Finalizer" daemon [_thread_blocked, id=19828, stack(0x0000003efb700000,0x0000003efb800000)]
  0x0000020534d28310 JavaThread "Signal Dispatcher" daemon [_thread_blocked, id=16704, stack(0x0000003efb800000,0x0000003efb900000)]
  0x0000020534d28fa0 JavaThread "Attach Listener" daemon [_thread_blocked, id=21136, stack(0x0000003efb900000,0x0000003efba00000)]
  0x0000020534d2a4d0 JavaThread "Service Thread" daemon [_thread_blocked, id=8708, stack(0x0000003efba00000,0x0000003efbb00000)]
  0x0000020534d2c8b0 JavaThread "Monitor Deflation Thread" daemon [_thread_blocked, id=19516, stack(0x0000003efbb00000,0x0000003efbc00000)]
  0x0000020534d339b0 JavaThread "C2 CompilerThread0" daemon [_thread_blocked, id=15624, stack(0x0000003efbc00000,0x0000003efbd00000)]
  0x0000020534d34370 JavaThread "C1 CompilerThread0" daemon [_thread_blocked, id=19548, stack(0x0000003efbd00000,0x0000003efbe00000)]
  0x0000020534d35420 JavaThread "Sweeper thread" daemon [_thread_blocked, id=19988, stack(0x0000003efbe00000,0x0000003efbf00000)]
  0x0000020534e19040 JavaThread "Common-Cleaner" daemon [_thread_blocked, id=3228, stack(0x0000003efbf00000,0x0000003efc000000)]
=>0x0000020534ed9700 JavaThread "C2 CompilerThread1" daemon [_thread_in_native, id=2920, stack(0x0000003efc000000,0x0000003efc100000)]
  0x00000205350aca70 JavaThread "Notification Thread" daemon [_thread_blocked, id=6628, stack(0x0000003efc100000,0x0000003efc200000)]
  0x0000020536660b90 JavaThread "Active Thread: Equinox Container: 14dff3f6-aae2-42f9-b3e8-a4fbc939dd98" [_thread_blocked, id=16684, stack(0x0000003efca00000,0x0000003efcb00000)]
  0x0000020536d46ab0 JavaThread "Framework Event Dispatcher: Equinox Container: 14dff3f6-aae2-42f9-b3e8-a4fbc939dd98" daemon [_thread_blocked, id=15316, stack(0x0000003efcb00000,0x0000003efcc00000)]
  0x000002053690eff0 JavaThread "Start Level: Equinox Container: 14dff3f6-aae2-42f9-b3e8-a4fbc939dd98" daemon [_thread_in_vm, id=18456, stack(0x0000003efcc00000,0x0000003efcd00000)]
  0x0000020536dc9020 JavaThread "Bundle File Closer" daemon [_thread_blocked, id=20904, stack(0x0000003efce00000,0x0000003efcf00000)]
  0x0000020536e9acf0 JavaThread "SCR Component Actor" daemon [_thread_blocked, id=17320, stack(0x0000003efcf00000,0x0000003efd000000)]
  0x0000020536a7d060 JavaThread "SCR Component Registry" daemon [_thread_blocked, id=19372, stack(0x0000003efd000000,0x0000003efd100000)]

Other Threads:
  0x000002051be29230 VMThread "VM Thread" [stack: 0x0000003efb500000,0x0000003efb600000] [id=11488]
  0x00000205350acf50 WatcherThread [stack: 0x0000003efc200000,0x0000003efc300000] [id=16184]
  0x000002051bdb71f0 GCTaskThread "GC Thread#0" [stack: 0x0000003efb400000,0x0000003efb500000] [id=19848]
  0x0000020536607380 GCTaskThread "GC Thread#1" [stack: 0x0000003efc400000,0x0000003efc500000] [id=20208]
  0x00000205366138a0 GCTaskThread "GC Thread#2" [stack: 0x0000003efc500000,0x0000003efc600000] [id=17768]
  0x0000020536613b60 GCTaskThread "GC Thread#3" [stack: 0x0000003efc600000,0x0000003efc700000] [id=6816]
  0x0000020536613e20 GCTaskThread "GC Thread#4" [stack: 0x0000003efc700000,0x0000003efc800000] [id=1624]
  0x00000205365f84b0 GCTaskThread "GC Thread#5" [stack: 0x0000003efc800000,0x0000003efc900000] [id=17044]
  0x00000205365f8770 GCTaskThread "GC Thread#6" [stack: 0x0000003efc900000,0x0000003efca00000] [id=19732]
  0x0000020536543ea0 GCTaskThread "GC Thread#7" [stack: 0x0000003efcd00000,0x0000003efce00000] [id=15532]

Threads with active compile tasks:
C2 CompilerThread1     1503 2188       4       java.io.DataInputStream::readInt (68 bytes)

VM state: not at safepoint (normal execution)

VM Mutex/Monitor currently owned by a thread:  ([mutex/lock_event])
[0x0000020519b98000] Metaspace_lock - owner thread: 0x000002053690eff0

Heap address: 0x00000000c0000000, size: 1024 MB, Compressed Oops mode: 32-bit

CDS archive(s) not mapped
Compressed class space mapped at: 0x0000000100000000-0x0000000140000000, reserved size: 1073741824
Narrow klass base: 0x0000000000000000, Narrow klass shift: 3, Narrow klass range: 0x140000000

GC Precious Log:
 CPUs: 8 total, 8 available
 Memory: 16224M
 Large Page Support: Disabled
 NUMA Support: Disabled
 Compressed Oops: Enabled (32-bit)
 Alignments: Space 512K, Generation 512K, Heap 2M
 Heap Min Capacity: 100M
 Heap Initial Capacity: 100M
 Heap Max Capacity: 1G
 Pre-touch: Disabled
 Parallel Workers: 8

Heap:
 PSYoungGen      total 29696K, used 13504K [0x00000000eab00000, 0x00000000ecc00000, 0x0000000100000000)
  eden space 25600K, 36% used [0x00000000eab00000,0x00000000eb432578,0x00000000ec400000)
  from space 4096K, 99% used [0x00000000ec400000,0x00000000ec7fdbf0,0x00000000ec800000)
  to   space 4096K, 0% used [0x00000000ec800000,0x00000000ec800000,0x00000000ecc00000)
 ParOldGen       total 68608K, used 5205K [0x00000000c0000000, 0x00000000c4300000, 0x00000000eab00000)
  object space 68608K, 7% used [0x00000000c0000000,0x00000000c0515570,0x00000000c4300000)
 Metaspace       used 18253K, committed 18560K, reserved 1114112K
  class space    used 1856K, committed 2048K, reserved 1048576K

Card table byte_map: [0x000002051b730000,0x000002051b940000] _byte_map_base: 0x000002051b130000

Marking Bits: (ParMarkBitMap*) 0x00007ffcfc79d0b0
 Begin Bits: [0x000002052da30000, 0x000002052ea30000)
 End Bits:   [0x000002052ea30000, 0x000002052fa30000)

Polling page: 0x0000020519cf0000

Metaspace:

Usage:
  Non-class:     16.01 MB used.
      Class:      1.81 MB used.
       Both:     17.83 MB used.

Virtual space:
  Non-class space:       64.00 MB reserved,      16.12 MB ( 25%) committed,  1 nodes.
      Class space:        1.00 GB reserved,       2.00 MB ( <1%) committed,  1 nodes.
             Both:        1.06 GB reserved,      18.12 MB (  2%) committed. 

Chunk freelists:
   Non-Class:  15.62 MB
       Class:  13.93 MB
        Both:  29.55 MB

MaxMetaspaceSize: unlimited
CompressedClassSpaceSize: 1.00 GB
Initial GC threshold: 21.00 MB
Current GC threshold: 21.00 MB
CDS: off
MetaspaceReclaimPolicy: balanced
 - commit_granule_bytes: 65536.
 - commit_granule_words: 8192.
 - virtual_space_node_default_size: 8388608.
 - enlarge_chunks_in_place: 1.
 - new_chunks_are_fully_committed: 0.
 - uncommit_free_chunks: 1.
 - use_allocation_guard: 0.
 - handle_deallocations: 1.


Internal statistics:

num_allocs_failed_limit: 0.
num_arena_births: 136.
num_arena_deaths: 0.
num_vsnodes_births: 2.
num_vsnodes_deaths: 0.
num_space_committed: 290.
num_space_uncommitted: 0.
num_chunks_returned_to_freelist: 0.
num_chunks_taken_from_freelist: 443.
num_chunk_merges: 0.
num_chunk_splits: 285.
num_chunks_enlarged: 212.
num_inconsistent_stats: 0.

CodeHeap 'non-profiled nmethods': size=120000Kb used=994Kb max_used=994Kb free=119005Kb
 bounds [0x0000020526500000, 0x0000020526770000, 0x000002052da30000]
CodeHeap 'profiled nmethods': size=120000Kb used=4230Kb max_used=4230Kb free=115769Kb
 bounds [0x000002051ea30000, 0x000002051ee60000, 0x0000020525f60000]
CodeHeap 'non-nmethods': size=5760Kb used=1171Kb max_used=1227Kb free=4588Kb
 bounds [0x0000020525f60000, 0x00000205261d0000, 0x0000020526500000]
 total_blobs=2671 nmethods=2201 adapters=384
 compilation: enabled
              stopped_count=0, restarted_count=0
 full_count=0

Compilation events (20 events):
Event: 1.425 Thread 0x0000020534d34370 nmethod 2182 0x000002051ee3c310 code [0x000002051ee3c6a0, 0x000002051ee3e188]
Event: 1.425 Thread 0x0000020534d34370 2183       3       org.eclipse.osgi.internal.loader.classpath.ClasspathManager::findLocalClassImpl (55 bytes)
Event: 1.425 Thread 0x0000020534d34370 nmethod 2183 0x000002051ee3ea10 code [0x000002051ee3ebc0, 0x000002051ee3eec8]
Event: 1.425 Thread 0x0000020534d34370 2181       3       org.eclipse.osgi.internal.loader.ModuleClassLoader::findLocalClass (9 bytes)
Event: 1.425 Thread 0x0000020534d34370 nmethod 2181 0x000002051ee3f010 code [0x000002051ee3f1c0, 0x000002051ee3f328]
Event: 1.428 Thread 0x0000020534d34370 2184       3       java.io.WinNTFileSystem::normalize (143 bytes)
Event: 1.429 Thread 0x0000020534d34370 nmethod 2184 0x000002051ee3f410 code [0x000002051ee3f6a0, 0x000002051ee40278]
Event: 1.429 Thread 0x0000020534d34370 2185       3       org.eclipse.osgi.internal.framework.BundleContextImpl::checkValid (44 bytes)
Event: 1.429 Thread 0x0000020534d34370 nmethod 2185 0x000002051ee40710 code [0x000002051ee40980, 0x000002051ee413a8]
Event: 1.430 Thread 0x0000020534d34370 2186       3       java.util.LinkedList::node (65 bytes)
Event: 1.430 Thread 0x0000020534d34370 nmethod 2186 0x000002051ee41790 code [0x000002051ee41940, 0x000002051ee41c18]
Event: 1.430 Thread 0x0000020534d34370 2187       3       org.eclipse.osgi.internal.framework.EquinoxBundle::getVersion (11 bytes)
Event: 1.430 Thread 0x0000020534d34370 nmethod 2187 0x000002051ee41d90 code [0x000002051ee41f40, 0x000002051ee42108]
Event: 1.430 Thread 0x0000020534ed9700 2188       4       java.io.DataInputStream::readInt (68 bytes)
Event: 1.431 Thread 0x0000020534d34370 2189       3       java.util.ArrayList::remove (26 bytes)
Event: 1.432 Thread 0x0000020534d34370 nmethod 2189 0x000002051ee42210 code [0x000002051ee423e0, 0x000002051ee426f8]
Event: 1.432 Thread 0x0000020534d34370 2190   !   3       org.eclipse.osgi.internal.loader.BundleLoader::findImportedSource (29 bytes)
Event: 1.433 Thread 0x0000020534d34370 nmethod 2190 0x000002051ee42890 code [0x000002051ee42a60, 0x000002051ee42e18]
Event: 1.433 Thread 0x0000020534d34370 2191       3       org.eclipse.osgi.internal.loader.ModuleClassLoader::getBundle (11 bytes)
Event: 1.433 Thread 0x0000020534d34370 nmethod 2191 0x000002051ee42f90 code [0x000002051ee43160, 0x000002051ee43548]

GC Heap History (6 events):
Event: 0.477 GC heap before
{Heap before GC invocations=1 (full 0):
 PSYoungGen      total 29696K, used 25600K [0x00000000eab00000, 0x00000000ecc00000, 0x0000000100000000)
  eden space 25600K, 100% used [0x00000000eab00000,0x00000000ec400000,0x00000000ec400000)
  from space 4096K, 0% used [0x00000000ec800000,0x00000000ec800000,0x00000000ecc00000)
  to   space 4096K, 0% used [0x00000000ec400000,0x00000000ec400000,0x00000000ec800000)
 ParOldGen       total 68608K, used 0K [0x00000000c0000000, 0x00000000c4300000, 0x00000000eab00000)
  object space 68608K, 0% used [0x00000000c0000000,0x00000000c0000000,0x00000000c4300000)
 Metaspace       used 10977K, committed 11200K, reserved 1114112K
  class space    used 1097K, committed 1216K, reserved 1048576K
}
Event: 0.480 GC heap after
{Heap after GC invocations=1 (full 0):
 PSYoungGen      total 29696K, used 3188K [0x00000000eab00000, 0x00000000ecc00000, 0x0000000100000000)
  eden space 25600K, 0% used [0x00000000eab00000,0x00000000eab00000,0x00000000ec400000)
  from space 4096K, 77% used [0x00000000ec400000,0x00000000ec71d060,0x00000000ec800000)
  to   space 4096K, 0% used [0x00000000ec800000,0x00000000ec800000,0x00000000ecc00000)
 ParOldGen       total 68608K, used 16K [0x00000000c0000000, 0x00000000c4300000, 0x00000000eab00000)
  object space 68608K, 0% used [0x00000000c0000000,0x00000000c0004000,0x00000000c4300000)
 Metaspace       used 10977K, committed 11200K, reserved 1114112K
  class space    used 1097K, committed 1216K, reserved 1048576K
}
Event: 0.936 GC heap before
{Heap before GC invocations=2 (full 0):
 PSYoungGen      total 29696K, used 28788K [0x00000000eab00000, 0x00000000ecc00000, 0x0000000100000000)
  eden space 25600K, 100% used [0x00000000eab00000,0x00000000ec400000,0x00000000ec400000)
  from space 4096K, 77% used [0x00000000ec400000,0x00000000ec71d060,0x00000000ec800000)
  to   space 4096K, 0% used [0x00000000ec800000,0x00000000ec800000,0x00000000ecc00000)
 ParOldGen       total 68608K, used 16K [0x00000000c0000000, 0x00000000c4300000, 0x00000000eab00000)
  object space 68608K, 0% used [0x00000000c0000000,0x00000000c0004000,0x00000000c4300000)
 Metaspace       used 14725K, committed 14976K, reserved 1114112K
  class space    used 1476K, committed 1600K, reserved 1048576K
}
Event: 0.941 GC heap after
{Heap after GC invocations=2 (full 0):
 PSYoungGen      total 29696K, used 4073K [0x00000000eab00000, 0x00000000ecc00000, 0x0000000100000000)
  eden space 25600K, 0% used [0x00000000eab00000,0x00000000eab00000,0x00000000ec400000)
  from space 4096K, 99% used [0x00000000ec800000,0x00000000ecbfa480,0x00000000ecc00000)
  to   space 4096K, 0% used [0x00000000ec400000,0x00000000ec400000,0x00000000ec800000)
 ParOldGen       total 68608K, used 1492K [0x00000000c0000000, 0x00000000c4300000, 0x00000000eab00000)
  object space 68608K, 2% used [0x00000000c0000000,0x00000000c0175370,0x00000000c4300000)
 Metaspace       used 14725K, committed 14976K, reserved 1114112K
  class space    used 1476K, committed 1600K, reserved 1048576K
}
Event: 1.327 GC heap before
{Heap before GC invocations=3 (full 0):
 PSYoungGen      total 29696K, used 29673K [0x00000000eab00000, 0x00000000ecc00000, 0x0000000100000000)
  eden space 25600K, 100% used [0x00000000eab00000,0x00000000ec400000,0x00000000ec400000)
  from space 4096K, 99% used [0x00000000ec800000,0x00000000ecbfa480,0x00000000ecc00000)
  to   space 4096K, 0% used [0x00000000ec400000,0x00000000ec400000,0x00000000ec800000)
 ParOldGen       total 68608K, used 1492K [0x00000000c0000000, 0x00000000c4300000, 0x00000000eab00000)
  object space 68608K, 2% used [0x00000000c0000000,0x00000000c0175370,0x00000000c4300000)
 Metaspace       used 16574K, committed 16896K, reserved 1114112K
  class space    used 1668K, committed 1856K, reserved 1048576K
}
Event: 1.333 GC heap after
{Heap after GC invocations=3 (full 0):
 PSYoungGen      total 29696K, used 4086K [0x00000000eab00000, 0x00000000ecc00000, 0x0000000100000000)
  eden space 25600K, 0% used [0x00000000eab00000,0x00000000eab00000,0x00000000ec400000)
  from space 4096K, 99% used [0x00000000ec400000,0x00000000ec7fdbf0,0x00000000ec800000)
  to   space 4096K, 0% used [0x00000000ec800000,0x00000000ec800000,0x00000000ecc00000)
 ParOldGen       total 68608K, used 5205K [0x00000000c0000000, 0x00000000c4300000, 0x00000000eab00000)
  object space 68608K, 7% used [0x00000000c0000000,0x00000000c0515570,0x00000000c4300000)
 Metaspace       used 16574K, committed 16896K, reserved 1114112K
  class space    used 1668K, committed 1856K, reserved 1048576K
}

Dll operation events (9 events):
Event: 0.006 Loaded shared library c:\Users\messi\.vscode\extensions\redhat.java-1.26.0-win32-x64\jre\17.0.9-win32-x86_64\bin\java.dll
Event: 0.093 Loaded shared library c:\Users\messi\.vscode\extensions\redhat.java-1.26.0-win32-x64\jre\17.0.9-win32-x86_64\bin\zip.dll
Event: 0.095 Loaded shared library C:\Users\messi\.vscode\extensions\redhat.java-1.26.0-win32-x64\jre\17.0.9-win32-x86_64\bin\instrument.dll
Event: 0.104 Loaded shared library C:\Users\messi\.vscode\extensions\redhat.java-1.26.0-win32-x64\jre\17.0.9-win32-x86_64\bin\net.dll
Event: 0.105 Loaded shared library C:\Users\messi\.vscode\extensions\redhat.java-1.26.0-win32-x64\jre\17.0.9-win32-x86_64\bin\nio.dll
Event: 0.109 Loaded shared library C:\Users\messi\.vscode\extensions\redhat.java-1.26.0-win32-x64\jre\17.0.9-win32-x86_64\bin\zip.dll
Event: 0.119 Loaded shared library C:\Users\messi\.vscode\extensions\redhat.java-1.26.0-win32-x64\jre\17.0.9-win32-x86_64\bin\jimage.dll
Event: 0.155 Loaded shared library c:\Users\messi\.vscode\extensions\redhat.java-1.26.0-win32-x64\jre\17.0.9-win32-x86_64\bin\verify.dll
Event: 0.856 Loaded shared library C:\Users\messi\AppData\Roaming\Code\User\globalStorage\redhat.java\1.26.0\config_win\org.eclipse.equinox.launcher\org.eclipse.equinox.launcher.win32.win32.x86_64_1.2.800.v20231003-1442\eclipse_11802.dll

Deoptimization events (20 events):
Event: 1.174 Thread 0x000002053690eff0 DEOPT PACKING pc=0x000002052656059c sp=0x0000003efccfe1c0
Event: 1.174 Thread 0x000002053690eff0 DEOPT UNPACKING pc=0x0000020525fb66a3 sp=0x0000003efccfe0c8 mode 2
Event: 1.181 Thread 0x000002053690eff0 DEOPT PACKING pc=0x000002051eb0ea1c sp=0x0000003efccfdd60
Event: 1.182 Thread 0x000002053690eff0 DEOPT UNPACKING pc=0x0000020525fb6e43 sp=0x0000003efccfd248 mode 0
Event: 1.276 Thread 0x000002053690eff0 Uncommon trap: trap_request=0xffffff45 fr.pc=0x00000205265e82e4 relative=0x0000000000000c64
Event: 1.276 Thread 0x000002053690eff0 Uncommon trap: reason=unstable_if action=reinterpret pc=0x00000205265e82e4 method=org.eclipse.osgi.framework.util.CaseInsensitiveDictionaryMap.findCommonKeyIndex(Ljava/lang/String;)Lorg/eclipse/osgi/framework/util/CaseInsensitiveDictionaryMap$CaseInsensit
Event: 1.276 Thread 0x000002053690eff0 DEOPT PACKING pc=0x00000205265e82e4 sp=0x0000003efccfe210
Event: 1.277 Thread 0x000002053690eff0 DEOPT UNPACKING pc=0x0000020525fb66a3 sp=0x0000003efccfe1b0 mode 2
Event: 1.394 Thread 0x000002053690eff0 Uncommon trap: trap_request=0xffffff45 fr.pc=0x0000020526535838 relative=0x00000000000001f8
Event: 1.394 Thread 0x000002053690eff0 Uncommon trap: reason=unstable_if action=reinterpret pc=0x0000020526535838 method=java.lang.invoke.VarHandle.checkExactAccessMode(Ljava/lang/invoke/VarHandle$AccessDescriptor;)V @ 4 c2
Event: 1.394 Thread 0x000002053690eff0 DEOPT PACKING pc=0x0000020526535838 sp=0x0000003efccfd6e0
Event: 1.394 Thread 0x000002053690eff0 DEOPT UNPACKING pc=0x0000020525fb66a3 sp=0x0000003efccfd630 mode 2
Event: 1.408 Thread 0x000002053690eff0 Uncommon trap: trap_request=0xffffff45 fr.pc=0x00000205265aaf6c relative=0x00000000000020cc
Event: 1.408 Thread 0x000002053690eff0 Uncommon trap: reason=unstable_if action=reinterpret pc=0x00000205265aaf6c method=java.io.WinNTFileSystem.normalize(Ljava/lang/String;II)Ljava/lang/String; @ 100 c2
Event: 1.409 Thread 0x000002053690eff0 DEOPT PACKING pc=0x00000205265aaf6c sp=0x0000003efccf9090
Event: 1.409 Thread 0x000002053690eff0 DEOPT UNPACKING pc=0x0000020525fb66a3 sp=0x0000003efccf8fd0 mode 2
Event: 1.409 Thread 0x000002053690eff0 Uncommon trap: trap_request=0xffffff45 fr.pc=0x00000205265a455c relative=0x000000000000103c
Event: 1.409 Thread 0x000002053690eff0 Uncommon trap: reason=unstable_if action=reinterpret pc=0x00000205265a455c method=java.io.WinNTFileSystem.normalize(Ljava/lang/String;II)Ljava/lang/String; @ 100 c2
Event: 1.409 Thread 0x000002053690eff0 DEOPT PACKING pc=0x00000205265a455c sp=0x0000003efccf8fb0
Event: 1.409 Thread 0x000002053690eff0 DEOPT UNPACKING pc=0x0000020525fb66a3 sp=0x0000003efccf8fb8 mode 2

Classes unloaded (0 events):
No events

Classes redefined (0 events):
No events

Internal exceptions (20 events):
Event: 0.414 Thread 0x000002051bd9ec90 Exception <a 'java/lang/ClassNotFoundException'{0x00000000ec0b8c30}: sun/net/www/protocol/d/Handler> (0x00000000ec0b8c30) 
thrown [s\src\hotspot\share\classfile\systemDictionary.cpp, line 256]
Event: 0.415 Thread 0x000002051bd9ec90 Exception <a 'java/lang/ClassNotFoundException'{0x00000000ec0b9da8}: sun/net/www/protocol/c/Handler> (0x00000000ec0b9da8) 
thrown [s\src\hotspot\share\classfile\systemDictionary.cpp, line 256]
Event: 0.420 Thread 0x000002051bd9ec90 Exception <a 'java/io/FileNotFoundException'{0x00000000ec0e0b68}> (0x00000000ec0e0b68) 
thrown [s\src\hotspot\share\prims\jni.cpp, line 516]
Event: 0.443 Thread 0x000002051bd9ec90 Implicit null exception at 0x0000020526550f00 to 0x0000020526551900
Event: 0.443 Thread 0x000002051bd9ec90 Implicit null exception at 0x00000205265498ec to 0x0000020526549ae4
Event: 0.443 Thread 0x000002051bd9ec90 Implicit null exception at 0x000002052654acec to 0x000002052654aed4
Event: 0.443 Thread 0x000002051bd9ec90 Implicit null exception at 0x000002052654088f to 0x0000020526540909
Event: 0.470 Thread 0x000002051bd9ec90 Exception <a 'java/lang/NoSuchMethodError'{0x00000000ec3ab318}: 'int java.lang.invoke.DirectMethodHandle$Holder.invokeStaticInit(java.lang.Object, java.lang.Object, java.lang.Object, java.lang.Object)'> (0x00000000ec3ab318) 
thrown [s\src\hotspot\share\interpreter\linkResolver.cpp, line 759]
Event: 0.471 Thread 0x000002051bd9ec90 Exception <a 'java/lang/NoSuchMethodError'{0x00000000ec3b5988}: 'java.lang.Object java.lang.invoke.DirectMethodHandle$Holder.invokeInterface(java.lang.Object, java.lang.Object)'> (0x00000000ec3b5988) 
thrown [s\src\hotspot\share\interpreter\linkResolver.cpp, line 759]
Event: 0.471 Thread 0x000002051bd9ec90 Exception <a 'java/lang/IncompatibleClassChangeError'{0x00000000ec3b9180}: Found class java.lang.Object, but interface was expected> (0x00000000ec3b9180) 
thrown [s\src\hotspot\share\interpreter\linkResolver.cpp, line 826]
Event: 0.471 Thread 0x000002051bd9ec90 Exception <a 'java/lang/NoSuchMethodError'{0x00000000ec3bd670}: 'void java.lang.invoke.DirectMethodHandle$Holder.invokeStatic(java.lang.Object, java.lang.Object)'> (0x00000000ec3bd670) 
thrown [s\src\hotspot\share\interpreter\linkResolver.cpp, line 759]
Event: 0.472 Thread 0x000002051bd9ec90 Exception <a 'java/lang/NoSuchMethodError'{0x00000000ec3c0e70}: 'void java.lang.invoke.DirectMethodHandle$Holder.invokeStaticInit(java.lang.Object, java.lang.Object)'> (0x00000000ec3c0e70) 
thrown [s\src\hotspot\share\interpreter\linkResolver.cpp, line 759]
Event: 0.472 Thread 0x000002051bd9ec90 Exception <a 'java/lang/NoSuchMethodError'{0x00000000ec3c8400}: 'int java.lang.invoke.DirectMethodHandle$Holder.invokeStaticInit(java.lang.Object, java.lang.Object)'> (0x00000000ec3c8400) 
thrown [s\src\hotspot\share\interpreter\linkResolver.cpp, line 759]
Event: 0.495 Thread 0x000002051bd9ec90 Exception <a 'java/lang/NoSuchMethodError'{0x00000000eac54b70}: 'void java.lang.invoke.DirectMethodHandle$Holder.invokeSpecial(java.lang.Object, java.lang.Object, java.lang.Object)'> (0x00000000eac54b70) 
thrown [s\src\hotspot\share\interpreter\linkResolver.cpp, line 759]
Event: 0.725 Thread 0x000002051bd9ec90 Exception <a 'java/lang/NoSuchMethodError'{0x00000000eb9fc940}: 'java.lang.Object java.lang.invoke.DirectMethodHandle$Holder.newInvokeSpecial(java.lang.Object, int, java.lang.Object)'> (0x00000000eb9fc940) 
thrown [s\src\hotspot\share\interpreter\linkResolver.cpp, line 759]
Event: 0.848 Thread 0x000002051bd9ec90 Exception <a 'java/lang/UnsatisfiedLinkError'{0x00000000ebf92a00}: 'void org.eclipse.equinox.launcher.JNIBridge._update_splash()'> (0x00000000ebf92a00) 
thrown [s\src\hotspot\share\prims\nativeLookup.cpp, line 543]
Event: 0.907 Thread 0x000002053690eff0 Exception <a 'java/lang/NoSuchMethodError'{0x00000000ec2e77f0}: 'java.lang.Object java.lang.invoke.DirectMethodHandle$Holder.invokeStaticInit(java.lang.Object)'> (0x00000000ec2e77f0) 
thrown [s\src\hotspot\share\interpreter\linkResolver.cpp, line 759]
Event: 0.926 Thread 0x000002053690eff0 Exception <a 'java/lang/NoSuchMethodError'{0x00000000ec3ae108}: 'java.lang.Object java.lang.invoke.DirectMethodHandle$Holder.newInvokeSpecial(java.lang.Object, java.lang.Object, int, java.lang.Object)'> (0x00000000ec3ae108) 
thrown [s\src\hotspot\share\interpreter\linkResolver.cpp, line 759]
Event: 0.927 Thread 0x000002053690eff0 Exception <a 'java/lang/NoSuchMethodError'{0x00000000ec3b23f0}: 'java.lang.Object java.lang.invoke.DirectMethodHandle$Holder.invokeSpecial(java.lang.Object, java.lang.Object, java.lang.Object, int, java.lang.Object)'> (0x00000000ec3b23f0) 
thrown [s\src\hotspot\share\interpreter\linkResolver.cpp, line 759]
Event: 0.972 Thread 0x000002053690eff0 Exception <a 'java/lang/ClassNotFoundException'{0x00000000ead135f8}: sun/util/logging/resources/spi/loggingProvider> (0x00000000ead135f8) 
thrown [s\src\hotspot\share\classfile\systemDictionary.cpp, line 256]

VM Operations (20 events):
Event: 0.706 Executing VM operation: HandshakeAllThreads
Event: 0.706 Executing VM operation: HandshakeAllThreads done
Event: 0.710 Executing VM operation: HandshakeAllThreads
Event: 0.710 Executing VM operation: HandshakeAllThreads done
Event: 0.721 Executing VM operation: HandshakeAllThreads
Event: 0.721 Executing VM operation: HandshakeAllThreads done
Event: 0.896 Executing VM operation: HandshakeAllThreads
Event: 0.896 Executing VM operation: HandshakeAllThreads done
Event: 0.936 Executing VM operation: ParallelGCFailedAllocation
Event: 0.941 Executing VM operation: ParallelGCFailedAllocation done
Event: 0.956 Executing VM operation: HandshakeAllThreads
Event: 0.956 Executing VM operation: HandshakeAllThreads done
Event: 0.981 Executing VM operation: HandshakeAllThreads
Event: 0.981 Executing VM operation: HandshakeAllThreads done
Event: 0.994 Executing VM operation: HandshakeAllThreads
Event: 0.994 Executing VM operation: HandshakeAllThreads done
Event: 1.302 Executing VM operation: HandshakeAllThreads
Event: 1.302 Executing VM operation: HandshakeAllThreads done
Event: 1.327 Executing VM operation: ParallelGCFailedAllocation
Event: 1.333 Executing VM operation: ParallelGCFailedAllocation done

Events (20 events):
Event: 1.368 loading class java/util/concurrent/RejectedExecutionException
Event: 1.368 loading class java/util/concurrent/RejectedExecutionException done
Event: 1.368 loading class java/util/concurrent/CompletionStage
Event: 1.369 loading class java/util/concurrent/CompletionStage done
Event: 1.370 loading class java/util/Timer
Event: 1.371 loading class java/util/Timer done
Event: 1.371 loading class java/util/TaskQueue
Event: 1.371 loading class java/util/TaskQueue done
Event: 1.371 loading class java/util/TimerThread
Event: 1.371 loading class java/util/TimerThread done
Event: 1.371 loading class java/util/Timer$ThreadReaper
Event: 1.371 loading class java/util/Timer$ThreadReaper done
Event: 1.371 Thread 0x0000020536a7d060 Thread added: 0x0000020536a7d060
Event: 1.383 loading class java/util/concurrent/locks/ReentrantLock$FairSync
Event: 1.383 loading class java/util/concurrent/locks/ReentrantLock$FairSync done
Event: 1.384 loading class java/util/Collections$ReverseComparator
Event: 1.384 loading class java/util/Collections$ReverseComparator done
Event: 1.417 Thread 0x0000020535f70a30 Thread exited: 0x0000020535f70a30
Event: 1.425 loading class java/lang/CloneNotSupportedException
Event: 1.425 loading class java/lang/CloneNotSupportedException done


Dynamic libraries:
0x00007ff6c55c0000 - 0x00007ff6c55ce000 	c:\Users\messi\.vscode\extensions\redhat.java-1.26.0-win32-x64\jre\17.0.9-win32-x86_64\bin\java.exe
0x00007ffd5ef90000 - 0x00007ffd5f1a7000 	C:\Windows\SYSTEM32\ntdll.dll
0x00007ffd5d990000 - 0x00007ffd5da54000 	C:\Windows\System32\KERNEL32.DLL
0x00007ffd5c930000 - 0x00007ffd5ccd6000 	C:\Windows\System32\KERNELBASE.dll
0x00007ffd5c3c0000 - 0x00007ffd5c4d1000 	C:\Windows\System32\ucrtbase.dll
0x00007ffd409f0000 - 0x00007ffd40a07000 	c:\Users\messi\.vscode\extensions\redhat.java-1.26.0-win32-x64\jre\17.0.9-win32-x86_64\bin\jli.dll
0x00007ffd40a10000 - 0x00007ffd40a2b000 	c:\Users\messi\.vscode\extensions\redhat.java-1.26.0-win32-x64\jre\17.0.9-win32-x86_64\bin\VCRUNTIME140.dll
0x00007ffd5d070000 - 0x00007ffd5d21e000 	C:\Windows\System32\USER32.dll
0x00007ffd44060000 - 0x00007ffd442f3000 	C:\Windows\WinSxS\amd64_microsoft.windows.common-controls_6595b64144ccf1df_6.0.22621.2506_none_270c5ae97388e100\COMCTL32.dll
0x00007ffd5c640000 - 0x00007ffd5c666000 	C:\Windows\System32\win32u.dll
0x00007ffd5d960000 - 0x00007ffd5d989000 	C:\Windows\System32\GDI32.dll
0x00007ffd5d850000 - 0x00007ffd5d8f7000 	C:\Windows\System32\msvcrt.dll
0x00007ffd5c810000 - 0x00007ffd5c928000 	C:\Windows\System32\gdi32full.dll
0x00007ffd5c4e0000 - 0x00007ffd5c57a000 	C:\Windows\System32\msvcp_win.dll
0x00007ffd5d670000 - 0x00007ffd5d6a1000 	C:\Windows\System32\IMM32.DLL
0x00007ffd57c20000 - 0x00007ffd57c2c000 	c:\Users\messi\.vscode\extensions\redhat.java-1.26.0-win32-x64\jre\17.0.9-win32-x86_64\bin\vcruntime140_1.dll
0x00007ffd3f8d0000 - 0x00007ffd3f95d000 	c:\Users\messi\.vscode\extensions\redhat.java-1.26.0-win32-x64\jre\17.0.9-win32-x86_64\bin\msvcp140.dll
0x00007ffcfbc00000 - 0x00007ffcfc861000 	c:\Users\messi\.vscode\extensions\redhat.java-1.26.0-win32-x64\jre\17.0.9-win32-x86_64\bin\server\jvm.dll
0x00007ffd5d220000 - 0x00007ffd5d2d3000 	C:\Windows\System32\ADVAPI32.dll
0x00007ffd5e390000 - 0x00007ffd5e438000 	C:\Windows\System32\sechost.dll
0x00007ffd5c7e0000 - 0x00007ffd5c808000 	C:\Windows\System32\bcrypt.dll
0x00007ffd5d470000 - 0x00007ffd5d587000 	C:\Windows\System32\RPCRT4.dll
0x00007ffd5b110000 - 0x00007ffd5b15d000 	C:\Windows\SYSTEM32\POWRPROF.dll
0x00007ffd27690000 - 0x00007ffd27699000 	C:\Windows\SYSTEM32\WSOCK32.dll
0x00007ffd35ec0000 - 0x00007ffd35ef4000 	C:\Windows\SYSTEM32\WINMM.dll
0x00007ffd5edd0000 - 0x00007ffd5ee41000 	C:\Windows\System32\WS2_32.dll
0x00007ffd56500000 - 0x00007ffd5650a000 	C:\Windows\SYSTEM32\VERSION.dll
0x00007ffd5b0f0000 - 0x00007ffd5b103000 	C:\Windows\SYSTEM32\UMPDC.dll
0x00007ffd5b3b0000 - 0x00007ffd5b3c8000 	C:\Windows\SYSTEM32\kernel.appcore.dll
0x00007ffd47a20000 - 0x00007ffd47a2a000 	c:\Users\messi\.vscode\extensions\redhat.java-1.26.0-win32-x64\jre\17.0.9-win32-x86_64\bin\jimage.dll
0x00007ffd45770000 - 0x00007ffd459a3000 	C:\Windows\SYSTEM32\DBGHELP.DLL
0x00007ffd5cce0000 - 0x00007ffd5d069000 	C:\Windows\System32\combase.dll
0x00007ffd5d2e0000 - 0x00007ffd5d3b7000 	C:\Windows\System32\OLEAUT32.dll
0x00007ffd48650000 - 0x00007ffd48682000 	C:\Windows\SYSTEM32\dbgcore.DLL
0x00007ffd5c2d0000 - 0x00007ffd5c34a000 	C:\Windows\System32\bcryptPrimitives.dll
0x00007ffd47680000 - 0x00007ffd4768e000 	c:\Users\messi\.vscode\extensions\redhat.java-1.26.0-win32-x64\jre\17.0.9-win32-x86_64\bin\instrument.dll
0x00007ffd41400000 - 0x00007ffd41425000 	c:\Users\messi\.vscode\extensions\redhat.java-1.26.0-win32-x64\jre\17.0.9-win32-x86_64\bin\java.dll
0x00007ffd44370000 - 0x00007ffd44388000 	c:\Users\messi\.vscode\extensions\redhat.java-1.26.0-win32-x64\jre\17.0.9-win32-x86_64\bin\zip.dll
0x00007ffd5db30000 - 0x00007ffd5e38a000 	C:\Windows\System32\SHELL32.dll
0x00007ffd5a1e0000 - 0x00007ffd5aad6000 	C:\Windows\SYSTEM32\windows.storage.dll
0x00007ffd5a0a0000 - 0x00007ffd5a1de000 	C:\Windows\SYSTEM32\wintypes.dll
0x00007ffd5ee50000 - 0x00007ffd5ef43000 	C:\Windows\System32\SHCORE.dll
0x00007ffd5da60000 - 0x00007ffd5dabe000 	C:\Windows\System32\shlwapi.dll
0x00007ffd5c200000 - 0x00007ffd5c226000 	C:\Windows\SYSTEM32\profapi.dll
0x00007ffd3f6c0000 - 0x00007ffd3f6d9000 	C:\Users\messi\.vscode\extensions\redhat.java-1.26.0-win32-x64\jre\17.0.9-win32-x86_64\bin\net.dll
0x00007ffd566b0000 - 0x00007ffd567e7000 	C:\Windows\SYSTEM32\WINHTTP.dll
0x00007ffd5b820000 - 0x00007ffd5b889000 	C:\Windows\system32\mswsock.dll
0x00007ffd3f3a0000 - 0x00007ffd3f3b6000 	C:\Users\messi\.vscode\extensions\redhat.java-1.26.0-win32-x64\jre\17.0.9-win32-x86_64\bin\nio.dll
0x00007ffd475b0000 - 0x00007ffd475c0000 	c:\Users\messi\.vscode\extensions\redhat.java-1.26.0-win32-x64\jre\17.0.9-win32-x86_64\bin\verify.dll
0x00007ffd3fe60000 - 0x00007ffd3fe9e000 	C:\Users\messi\AppData\Roaming\Code\User\globalStorage\redhat.java\1.26.0\config_win\org.eclipse.equinox.launcher\org.eclipse.equinox.launcher.win32.win32.x86_64_1.2.800.v20231003-1442\eclipse_11802.dll
0x00007ffd5d6b0000 - 0x00007ffd5d850000 	C:\Windows\System32\ole32.dll

dbghelp: loaded successfully - version: 4.0.5 - missing functions: none
symbol engine: initialized successfully - sym options: 0x614 - pdb path: .;c:\Users\messi\.vscode\extensions\redhat.java-1.26.0-win32-x64\jre\17.0.9-win32-x86_64\bin;C:\Windows\SYSTEM32;C:\Windows\WinSxS\amd64_microsoft.windows.common-controls_6595b64144ccf1df_6.0.22621.2506_none_270c5ae97388e100;c:\Users\messi\.vscode\extensions\redhat.java-1.26.0-win32-x64\jre\17.0.9-win32-x86_64\bin\server;C:\Users\messi\AppData\Roaming\Code\User\globalStorage\redhat.java\1.26.0\config_win\org.eclipse.equinox.launcher\org.eclipse.equinox.launcher.win32.win32.x86_64_1.2.800.v20231003-1442

VM Arguments:
jvm_args: --add-modules=ALL-SYSTEM --add-opens=java.base/java.util=ALL-UNNAMED --add-opens=java.base/java.lang=ALL-UNNAMED --add-opens=java.base/sun.nio.fs=ALL-UNNAMED -Declipse.application=org.eclipse.jdt.ls.core.id1 -Dosgi.bundles.defaultStartLevel=4 -Declipse.product=org.eclipse.jdt.ls.core.product -Djava.import.generatesMetadataFilesAtProjectRoot=false -DDetectVMInstallationsJob.disabled=true -Dfile.encoding=utf8 -XX:+UseParallelGC -XX:GCTimeRatio=4 -XX:AdaptiveSizePolicyWeight=90 -Dsun.zip.disableMemoryMapping=true -Xmx1G -Xms100m -Xlog:disable -javaagent:c:\Users\messi\.vscode\extensions\redhat.java-1.26.0-win32-x64\lombok\lombok-1.18.31-3454.jar -XX:+HeapDumpOnOutOfMemoryError -XX:HeapDumpPath=c:\Users\messi\AppData\Roaming\Code\User\workspaceStorage\d88549114971c4f169f360f53d10f945\redhat.java -Daether.dependencyCollector.impl=bf 
java_command: c:\Users\messi\.vscode\extensions\redhat.java-1.26.0-win32-x64\server\plugins\org.eclipse.equinox.launcher_1.6.700.v20231214-2017.jar -configuration c:\Users\messi\AppData\Roaming\Code\User\globalStorage\redhat.java\1.26.0\config_win -data c:\Users\messi\AppData\Roaming\Code\User\workspaceStorage\d88549114971c4f169f360f53d10f945\redhat.java\jdt_ws --stdio
java_class_path (initial): c:\Users\messi\.vscode\extensions\redhat.java-1.26.0-win32-x64\server\plugins\org.eclipse.equinox.launcher_1.6.700.v20231214-2017.jar
Launcher Type: SUN_STANDARD

[Global flags]
    uintx AdaptiveSizePolicyWeight                 = 90                                        {product} {command line}
     intx CICompilerCount                          = 4                                         {product} {ergonomic}
    uintx GCTimeRatio                              = 4                                         {product} {command line}
     bool HeapDumpOnOutOfMemoryError               = true                                   {manageable} {command line}
    ccstr HeapDumpPath                             = c:\Users\messi\AppData\Roaming\Code\User\workspaceStorage\d88549114971c4f169f360f53d10f945\redhat.java         {manageable} {command line}
   size_t InitialHeapSize                          = 104857600                                 {product} {command line}
   size_t MaxHeapSize                              = 1073741824                                {product} {command line}
   size_t MaxNewSize                               = 357564416                                 {product} {ergonomic}
   size_t MinHeapDeltaBytes                        = 524288                                    {product} {ergonomic}
   size_t MinHeapSize                              = 104857600                                 {product} {command line}
   size_t NewSize                                  = 34603008                                  {product} {ergonomic}
    uintx NonNMethodCodeHeapSize                   = 5839372                                {pd product} {ergonomic}
    uintx NonProfiledCodeHeapSize                  = 122909434                              {pd product} {ergonomic}
   size_t OldSize                                  = 70254592                                  {product} {ergonomic}
    uintx ProfiledCodeHeapSize                     = 122909434                              {pd product} {ergonomic}
    uintx ReservedCodeCacheSize                    = 251658240                              {pd product} {ergonomic}
     bool SegmentedCodeCache                       = true                                      {product} {ergonomic}
   size_t SoftMaxHeapSize                          = 1073741824                             {manageable} {ergonomic}
     bool UseCompressedClassPointers               = true                           {product lp64_product} {ergonomic}
     bool UseCompressedOops                        = true                           {product lp64_product} {ergonomic}
     bool UseLargePagesIndividualAllocation        = false                                  {pd product} {ergonomic}
     bool UseParallelGC                            = true                                      {product} {command line}

Logging:
Log output configuration:
 #0: stdout all=off uptime,level,tags
 #1: stderr all=off uptime,level,tags

Environment Variables:
PATH=C:\Program Files\Common Files\Oracle\Java\javapath;D:\Program Files (x86)\VMware\VMware Workstation\bin\;C:\Python311\Scripts\;C:\Python311\;C:\Windows\system32;C:\Windows;C:\Windows\System32\Wbem;C:\Windows\System32\WindowsPowerShell\v1.0\;C:\Windows\System32\OpenSSH\;C:\Program Files\nodejs\;C:\ProgramData\chocolatey\bin;C:\Program Files\Git\cmd;C:\MinGW\bin;C:\platform-tools;C:\Program Files\NVIDIA Corporation\NVIDIA NvDLISR;C:\Program Files (x86)\NVIDIA Corporation\PhysX\Common;C:\Program Files\dotnet\;D:\Program Files\MATLAB\R2023a\runtime\win64;D:\Program Files\MATLAB\R2023a\bin;C:\Program Files\Docker\Docker\resources\bin;C:\Program Files\MySQL\MySQL Server 8.0\bin;C:\Users\messi\AppData\Local\Microsoft\WindowsApps;C:\Users\messi\AppData\Roaming\npm;C:\Users\messi\AppData\Local\Programs\Microsoft VS Code\bin;C:\MinGW\bin;C:\platform-tools;;C:\Program Files\Azure Data Studio\bin;C:\Program Files\Azure Data Studio\bin;C:\Program Files\Azure Data Studio\bin;D:\Program Files\JetBrains\IntelliJ IDEA 2021.1\bin;;C:\Users\messi\.dotnet\tools
USERNAME=messi
OS=Windows_NT
PROCESSOR_IDENTIFIER=Intel64 Family 6 Model 158 Stepping 13, GenuineIntel
TMP=C:\Users\messi\AppData\Local\Temp
TEMP=C:\Users\messi\AppData\Local\Temp



Periodic native trim disabled


---------------  S Y S T E M  ---------------

OS:
 Windows 11 , 64 bit Build 22621 (10.0.22621.2506)
OS uptime: 0 days 3:18 hours
Hyper-V role detected

CPU: total 8 (initial active 8) (4 cores per cpu, 2 threads per core) family 6 model 158 stepping 13 microcode 0xde, cx8, cmov, fxsr, ht, mmx, 3dnowpref, sse, sse2, sse3, ssse3, sse4.1, sse4.2, popcnt, lzcnt, tsc, tscinvbit, avx, avx2, aes, erms, clmul, bmi1, bmi2, adx, fma, vzeroupper, clflush, clflushopt, hv
Processor Information for all 8 processors :
  Max Mhz: 2401, Current Mhz: 2400, Mhz Limit: 2376

Memory: 4k page, system-wide physical 16224M (3936M free)
TotalPageFile size 16224M (AvailPageFile size 2M)
current process WorkingSet (physical memory assigned to process): 109M, peak: 109M
current process commit charge ("private bytes"): 218M, peak: 219M

vm_info: OpenJDK 64-Bit Server VM (17.0.9+9) for windows-amd64 JRE (17.0.9+9), built on Oct 26 2023 14:01:42 by "admin" with MS VC++ 16.10 / 16.11 (VS2019)

END.
