#
# There is insufficient memory for the Java Runtime Environment to continue.
# Native memory allocation (malloc) failed to allocate 1143376 bytes for Chunk::new
# Possible reasons:
#   The system is out of physical RAM or swap space
#   The process is running with CompressedOops enabled, and the Java Heap may be blocking the growth of the native heap
# Possible solutions:
#   Reduce memory load on the system
#   Increase physical memory or swap space
#   Check if swap backing store is full
#   Decrease Java heap size (-Xmx/-Xms)
#   Decrease number of Java threads
#   Decrease Java thread stack sizes (-Xss)
#   Set larger code cache with -XX:ReservedCodeCacheSize=
#   JVM is running with Unscaled Compressed Oops mode in which the Java heap is
#     placed in the first 4GB address space. The Java Heap base address is the
#     maximum limit for the native heap growth. Please use -XX:HeapBaseMinAddress
#     to set the Java Heap base and to place the Java Heap above 4GB virtual address.
# This output file may be truncated or incomplete.
#
#  Out of Memory Error (arena.cpp:191), pid=11648, tid=18892
#
# JRE version: OpenJDK Runtime Environment Temurin-17.0.9+9 (17.0.9+9) (build 17.0.9+9)
# Java VM: OpenJDK 64-Bit Server VM Temurin-17.0.9+9 (17.0.9+9, mixed mode, tiered, compressed oops, compressed class ptrs, parallel gc, windows-amd64)
# No core dump will be written. Minidumps are not enabled by default on client versions of Windows
#

---------------  S U M M A R Y ------------

Command Line: --add-modules=ALL-SYSTEM --add-opens=java.base/java.util=ALL-UNNAMED --add-opens=java.base/java.lang=ALL-UNNAMED --add-opens=java.base/sun.nio.fs=ALL-UNNAMED -Declipse.application=org.eclipse.jdt.ls.core.id1 -Dosgi.bundles.defaultStartLevel=4 -Declipse.product=org.eclipse.jdt.ls.core.product -Djava.import.generatesMetadataFilesAtProjectRoot=false -DDetectVMInstallationsJob.disabled=true -Dfile.encoding=utf8 -XX:+UseParallelGC -XX:GCTimeRatio=4 -XX:AdaptiveSizePolicyWeight=90 -Dsun.zip.disableMemoryMapping=true -Xmx1G -Xms100m -Xlog:disable -javaagent:c:\Users\messi\.vscode\extensions\redhat.java-1.26.0-win32-x64\lombok\lombok-1.18.31-3454.jar -XX:+HeapDumpOnOutOfMemoryError -XX:HeapDumpPath=c:\Users\messi\AppData\Roaming\Code\User\workspaceStorage\d88549114971c4f169f360f53d10f945\redhat.java -Daether.dependencyCollector.impl=bf c:\Users\messi\.vscode\extensions\redhat.java-1.26.0-win32-x64\server\plugins\org.eclipse.equinox.launcher_1.6.700.v20231214-2017.jar -configuration c:\Users\messi\AppData\Roaming\Code\User\globalStorage\redhat.java\1.26.0\config_win -data c:\Users\messi\AppData\Roaming\Code\User\workspaceStorage\d88549114971c4f169f360f53d10f945\redhat.java\jdt_ws --stdio

Host: Intel(R) Core(TM) i5-9300H CPU @ 2.40GHz, 8 cores, 15G,  Windows 11 , 64 bit Build 22621 (10.0.22621.2506)
Time: Wed Jan 24 16:20:44 2024 SE Asia Standard Time elapsed time: 3.483958 seconds (0d 0h 0m 3s)

---------------  T H R E A D  ---------------

Current thread (0x0000022c2bcb7750):  JavaThread "C2 CompilerThread2" daemon [_thread_in_native, id=18892, stack(0x00000094ae700000,0x00000094ae800000)]


Current CompileTask:
C2:   3484 4114   !   4       org.eclipse.osgi.internal.loader.classpath.ClasspathManager::findLocalClass (210 bytes)

Stack: [0x00000094ae700000,0x00000094ae800000]
Native frames: (J=compiled Java code, j=interpreted, Vv=VM code, C=native code)
V  [jvm.dll+0x67cf49]
V  [jvm.dll+0x83478a]
V  [jvm.dll+0x83624e]
V  [jvm.dll+0x8368b3]
V  [jvm.dll+0x247f1f]
V  [jvm.dll+0xac43c]
V  [jvm.dll+0xaca8c]
V  [jvm.dll+0x2af45f]
V  [jvm.dll+0x5853f7]
V  [jvm.dll+0x222f62]
V  [jvm.dll+0x22334f]
V  [jvm.dll+0x21c476]
V  [jvm.dll+0x2198c1]
V  [jvm.dll+0x1a57cd]
V  [jvm.dll+0x2297ae]
V  [jvm.dll+0x22797c]
V  [jvm.dll+0x7e9877]
V  [jvm.dll+0x7e3c3a]
V  [jvm.dll+0x67be35]
C  [ucrtbase.dll+0x29363]
C  [KERNEL32.DLL+0x1257d]
C  [ntdll.dll+0x5aa58]


---------------  P R O C E S S  ---------------

Threads class SMR info:
_java_thread_list=0x0000022c2c7a3ad0, length=29, elements={
0x0000022c0e77fcd0, 0x0000022c24551030, 0x0000022c24553970, 0x0000022c2455ea30,
0x0000022c295a6bc0, 0x0000022c295a7a40, 0x0000022c295a8760, 0x0000022c295c8920,
0x0000022c296271e0, 0x0000022c29630290, 0x0000022c296ea780, 0x0000022c29880e40,
0x0000022c298aa5d0, 0x0000022c2a8ab420, 0x0000022c2a8aa4f0, 0x0000022c2a8acd70,
0x0000022c2a8ad280, 0x0000022c2a8a9fe0, 0x0000022c2a8ab930, 0x0000022c2a8ac350,
0x0000022c2a8aaa00, 0x0000022c2a8ac860, 0x0000022c2bcb7750, 0x0000022c2a8aaf10,
0x0000022c2c71bd70, 0x0000022c2c71a930, 0x0000022c2c720960, 0x0000022c2c71b860,
0x0000022c2c720e70
}

Java Threads: ( => current thread )
  0x0000022c0e77fcd0 JavaThread "main" [_thread_blocked, id=18176, stack(0x00000094ac700000,0x00000094ac800000)]
  0x0000022c24551030 JavaThread "Reference Handler" daemon [_thread_blocked, id=22184, stack(0x00000094aca00000,0x00000094acb00000)]
  0x0000022c24553970 JavaThread "Finalizer" daemon [_thread_blocked, id=19748, stack(0x00000094acb00000,0x00000094acc00000)]
  0x0000022c2455ea30 JavaThread "Signal Dispatcher" daemon [_thread_blocked, id=19728, stack(0x00000094acc00000,0x00000094acd00000)]
  0x0000022c295a6bc0 JavaThread "Attach Listener" daemon [_thread_blocked, id=17440, stack(0x00000094acd00000,0x00000094ace00000)]
  0x0000022c295a7a40 JavaThread "Service Thread" daemon [_thread_blocked, id=13700, stack(0x00000094ace00000,0x00000094acf00000)]
  0x0000022c295a8760 JavaThread "Monitor Deflation Thread" daemon [_thread_blocked, id=16248, stack(0x00000094acf00000,0x00000094ad000000)]
  0x0000022c295c8920 JavaThread "C2 CompilerThread0" daemon [_thread_in_native, id=6656, stack(0x00000094ad000000,0x00000094ad100000)]
  0x0000022c296271e0 JavaThread "C1 CompilerThread0" daemon [_thread_blocked, id=12696, stack(0x00000094ad100000,0x00000094ad200000)]
  0x0000022c29630290 JavaThread "Sweeper thread" daemon [_thread_blocked, id=16316, stack(0x00000094ad200000,0x00000094ad300000)]
  0x0000022c296ea780 JavaThread "Common-Cleaner" daemon [_thread_blocked, id=4516, stack(0x00000094ad300000,0x00000094ad400000)]
  0x0000022c29880e40 JavaThread "Notification Thread" daemon [_thread_blocked, id=16696, stack(0x00000094ad400000,0x00000094ad500000)]
  0x0000022c298aa5d0 JavaThread "C2 CompilerThread1" daemon [_thread_in_native, id=12192, stack(0x00000094ad600000,0x00000094ad700000)]
  0x0000022c2a8ab420 JavaThread "Active Thread: Equinox Container: 53f6d373-669e-4d30-a5f3-a0abadf3dbe4" [_thread_blocked, id=15044, stack(0x00000094ade00000,0x00000094adf00000)]
  0x0000022c2a8aa4f0 JavaThread "Framework Event Dispatcher: Equinox Container: 53f6d373-669e-4d30-a5f3-a0abadf3dbe4" daemon [_thread_blocked, id=2396, stack(0x00000094adf00000,0x00000094ae000000)]
  0x0000022c2a8acd70 JavaThread "Start Level: Equinox Container: 53f6d373-669e-4d30-a5f3-a0abadf3dbe4" daemon [_thread_blocked, id=16972, stack(0x00000094ae000000,0x00000094ae100000)]
  0x0000022c2a8ad280 JavaThread "Bundle File Closer" daemon [_thread_blocked, id=22336, stack(0x00000094ae200000,0x00000094ae300000)]
  0x0000022c2a8a9fe0 JavaThread "SCR Component Actor" daemon [_thread_blocked, id=21072, stack(0x00000094ae300000,0x00000094ae400000)]
  0x0000022c2a8ab930 JavaThread "SCR Component Registry" daemon [_thread_blocked, id=14508, stack(0x00000094ae400000,0x00000094ae500000)]
  0x0000022c2a8ac350 JavaThread "Worker-JM" [_thread_blocked, id=5028, stack(0x00000094ad700000,0x00000094ad800000)]
  0x0000022c2a8aaa00 JavaThread "Worker-0" [_thread_blocked, id=2256, stack(0x00000094ae500000,0x00000094ae600000)]
  0x0000022c2a8ac860 JavaThread "Worker-1" [_thread_blocked, id=9568, stack(0x00000094ae600000,0x00000094ae700000)]
=>0x0000022c2bcb7750 JavaThread "C2 CompilerThread2" daemon [_thread_in_native, id=18892, stack(0x00000094ae700000,0x00000094ae800000)]
  0x0000022c2a8aaf10 JavaThread "Java indexing" daemon [_thread_blocked, id=12012, stack(0x00000094ae800000,0x00000094ae900000)]
  0x0000022c2c71bd70 JavaThread "JNA Cleaner" daemon [_thread_blocked, id=11272, stack(0x00000094ae900000,0x00000094aea00000)]
  0x0000022c2c71a930 JavaThread "pool-2-thread-1" [_thread_blocked, id=21724, stack(0x00000094aec00000,0x00000094aed00000)]
  0x0000022c2c720960 JavaThread "WorkspaceEventsHandler" [_thread_blocked, id=2520, stack(0x00000094aed00000,0x00000094aee00000)]
  0x0000022c2c71b860 JavaThread "pool-1-thread-1" [_thread_in_native, id=10160, stack(0x00000094aee00000,0x00000094aef00000)]
  0x0000022c2c720e70 JavaThread "Worker-2" [_thread_blocked, id=8760, stack(0x00000094aef00000,0x00000094af000000)]

Other Threads:
  0x0000022c0e80a230 VMThread "VM Thread" [stack: 0x00000094ac900000,0x00000094aca00000] [id=15844]
  0x0000022c298a8020 WatcherThread [stack: 0x00000094ad500000,0x00000094ad600000] [id=7600]
  0x0000022c0e794380 GCTaskThread "GC Thread#0" [stack: 0x00000094ac800000,0x00000094ac900000] [id=15568]
  0x0000022c2ade1020 GCTaskThread "GC Thread#1" [stack: 0x00000094ad800000,0x00000094ad900000] [id=15548]
  0x0000022c2aa98b20 GCTaskThread "GC Thread#2" [stack: 0x00000094ad900000,0x00000094ada00000] [id=21040]
  0x0000022c2aa98de0 GCTaskThread "GC Thread#3" [stack: 0x00000094ada00000,0x00000094adb00000] [id=776]
  0x0000022c2aeb9520 GCTaskThread "GC Thread#4" [stack: 0x00000094adb00000,0x00000094adc00000] [id=21016]
  0x0000022c2aeb97e0 GCTaskThread "GC Thread#5" [stack: 0x00000094adc00000,0x00000094add00000] [id=20464]
  0x0000022c2aeb9aa0 GCTaskThread "GC Thread#6" [stack: 0x00000094add00000,0x00000094ade00000] [id=2956]
  0x0000022c2b126680 GCTaskThread "GC Thread#7" [stack: 0x00000094ae100000,0x00000094ae200000] [id=20384]

Threads with active compile tasks:
C2 CompilerThread0     3503 4033   !   4       org.eclipse.osgi.internal.loader.classpath.ClasspathManager::findClassImpl (308 bytes)
C2 CompilerThread1     3503 4118       4       org.eclipse.osgi.internal.loader.BundleLoader::addExportedProvidersFor (167 bytes)
C2 CompilerThread2     3503 4114   !   4       org.eclipse.osgi.internal.loader.classpath.ClasspathManager::findLocalClass (210 bytes)

VM state: not at safepoint (normal execution)

VM Mutex/Monitor currently owned by a thread: None

Heap address: 0x00000000c0000000, size: 1024 MB, Compressed Oops mode: 32-bit

CDS archive(s) not mapped
Compressed class space mapped at: 0x0000000100000000-0x0000000140000000, reserved size: 1073741824
Narrow klass base: 0x0000000000000000, Narrow klass shift: 3, Narrow klass range: 0x140000000

GC Precious Log:
 CPUs: 8 total, 8 available
 Memory: 16224M
 Large Page Support: Disabled
 NUMA Support: Disabled
 Compressed Oops: Enabled (32-bit)
 Alignments: Space 512K, Generation 512K, Heap 2M
 Heap Min Capacity: 100M
 Heap Initial Capacity: 100M
 Heap Max Capacity: 1G
 Pre-touch: Disabled
 Parallel Workers: 8

Heap:
 PSYoungGen      total 24576K, used 23538K [0x00000000eab00000, 0x00000000ec700000, 0x0000000100000000)
  eden space 23040K, 97% used [0x00000000eab00000,0x00000000ec0e6568,0x00000000ec180000)
  from space 1536K, 72% used [0x00000000ec480000,0x00000000ec5965f8,0x00000000ec600000)
  to   space 1024K, 0% used [0x00000000ec600000,0x00000000ec600000,0x00000000ec700000)
 ParOldGen       total 68608K, used 14010K [0x00000000c0000000, 0x00000000c4300000, 0x00000000eab00000)
  object space 68608K, 20% used [0x00000000c0000000,0x00000000c0daeac0,0x00000000c4300000)
 Metaspace       used 41178K, committed 42176K, reserved 1114112K
  class space    used 4274K, committed 4736K, reserved 1048576K

Card table byte_map: [0x0000022c21dd0000,0x0000022c21fe0000] _byte_map_base: 0x0000022c217d0000

Marking Bits: (ParMarkBitMap*) 0x00007ffcfc79d0b0
 Begin Bits: [0x0000022c22140000, 0x0000022c23140000)
 End Bits:   [0x0000022c23140000, 0x0000022c24140000)

Polling page: 0x0000022c0e830000

Metaspace:

Usage:
  Non-class:     36.04 MB used.
      Class:      4.17 MB used.
       Both:     40.22 MB used.

Virtual space:
  Non-class space:       64.00 MB reserved,      36.56 MB ( 57%) committed,  1 nodes.
      Class space:        1.00 GB reserved,       4.62 MB ( <1%) committed,  1 nodes.
             Both:        1.06 GB reserved,      41.19 MB (  4%) committed. 

Chunk freelists:
   Non-Class:  11.08 MB
       Class:  11.34 MB
        Both:  22.42 MB

MaxMetaspaceSize: unlimited
CompressedClassSpaceSize: 1.00 GB
Initial GC threshold: 21.00 MB
Current GC threshold: 58.38 MB
CDS: off
MetaspaceReclaimPolicy: balanced
 - commit_granule_bytes: 65536.
 - commit_granule_words: 8192.
 - virtual_space_node_default_size: 8388608.
 - enlarge_chunks_in_place: 1.
 - new_chunks_are_fully_committed: 0.
 - uncommit_free_chunks: 1.
 - use_allocation_guard: 0.
 - handle_deallocations: 1.


Internal statistics:

num_allocs_failed_limit: 6.
num_arena_births: 638.
num_arena_deaths: 14.
num_vsnodes_births: 2.
num_vsnodes_deaths: 0.
num_space_committed: 659.
num_space_uncommitted: 0.
num_chunks_returned_to_freelist: 20.
num_chunks_taken_from_freelist: 2077.
num_chunk_merges: 12.
num_chunk_splits: 1313.
num_chunks_enlarged: 792.
num_inconsistent_stats: 0.

CodeHeap 'non-profiled nmethods': size=120000Kb used=1986Kb max_used=1986Kb free=118014Kb
 bounds [0x0000022c1a6b0000, 0x0000022c1a920000, 0x0000022c21be0000]
CodeHeap 'profiled nmethods': size=120000Kb used=8936Kb max_used=8936Kb free=111063Kb
 bounds [0x0000022c12be0000, 0x0000022c134a0000, 0x0000022c1a110000]
CodeHeap 'non-nmethods': size=5760Kb used=1270Kb max_used=1324Kb free=4490Kb
 bounds [0x0000022c1a110000, 0x0000022c1a380000, 0x0000022c1a6b0000]
 total_blobs=4814 nmethods=4215 adapters=512
 compilation: enabled
              stopped_count=0, restarted_count=0
 full_count=0

Compilation events (20 events):
Event: 3.440 Thread 0x0000022c296271e0 4220       3       org.codehaus.plexus.util.xml.pull.MXParser::isValidCodePoint (64 bytes)
Event: 3.441 Thread 0x0000022c296271e0 nmethod 4220 0x0000022c13492690 code [0x0000022c13492840, 0x0000022c13492b58]
Event: 3.441 Thread 0x0000022c296271e0 4221       3       org.codehaus.plexus.util.xml.pull.MXParser::isNameChar (56 bytes)
Event: 3.441 Thread 0x0000022c296271e0 nmethod 4221 0x0000022c13492c10 code [0x0000022c13492dc0, 0x0000022c13493078]
Event: 3.441 Thread 0x0000022c296271e0 4222       3       org.codehaus.plexus.util.xml.pull.MXParser::nextImpl (1203 bytes)
Event: 3.445 Thread 0x0000022c296271e0 nmethod 4222 0x0000022c13493190 code [0x0000022c13493800, 0x0000022c134969a8]
Event: 3.445 Thread 0x0000022c296271e0 4226       3       java.util.HashSet::iterator (13 bytes)
Event: 3.445 Thread 0x0000022c296271e0 nmethod 4226 0x0000022c13497810 code [0x0000022c134979c0, 0x0000022c13497c58]
Event: 3.445 Thread 0x0000022c296271e0 4223       3       org.codehaus.plexus.util.xml.pull.MXParser::next (10 bytes)
Event: 3.446 Thread 0x0000022c296271e0 nmethod 4223 0x0000022c13497d90 code [0x0000022c13497f20, 0x0000022c13498068]
Event: 3.446 Thread 0x0000022c296271e0 4225       3       java.nio.ByteBuffer::flip (7 bytes)
Event: 3.446 Thread 0x0000022c296271e0 nmethod 4225 0x0000022c13498110 code [0x0000022c134982a0, 0x0000022c13498418]
Event: 3.446 Thread 0x0000022c296271e0 4227       3       java.util.HashSet::<init> (40 bytes)
Event: 3.446 Thread 0x0000022c296271e0 nmethod 4227 0x0000022c13498510 code [0x0000022c13498720, 0x0000022c13498cc8]
Event: 3.447 Thread 0x0000022c296271e0 4228       3       jdk.internal.org.objectweb.asm.MethodVisitor::visitInsn (16 bytes)
Event: 3.447 Thread 0x0000022c296271e0 nmethod 4228 0x0000022c13498f10 code [0x0000022c134990c0, 0x0000022c134992c8]
Event: 3.447 Thread 0x0000022c296271e0 4229       3       jdk.internal.org.objectweb.asm.ClassReader::readShort (27 bytes)
Event: 3.447 Thread 0x0000022c296271e0 nmethod 4229 0x0000022c13499390 code [0x0000022c13499520, 0x0000022c13499698]
Event: 3.448 Thread 0x0000022c296271e0 4230       3       org.eclipse.osgi.internal.loader.classpath.ClasspathEntry::findEntry (56 bytes)
Event: 3.449 Thread 0x0000022c296271e0 nmethod 4230 0x0000022c13499790 code [0x0000022c134999a0, 0x0000022c1349a0a8]

GC Heap History (20 events):
Event: 1.988 GC heap before
{Heap before GC invocations=4 (full 0):
 PSYoungGen      total 29696K, used 29689K [0x00000000eab00000, 0x00000000ecc00000, 0x0000000100000000)
  eden space 25600K, 100% used [0x00000000eab00000,0x00000000ec400000,0x00000000ec400000)
  from space 4096K, 99% used [0x00000000ec400000,0x00000000ec7fe5a0,0x00000000ec800000)
  to   space 4096K, 0% used [0x00000000ec800000,0x00000000ec800000,0x00000000ecc00000)
 ParOldGen       total 68608K, used 5200K [0x00000000c0000000, 0x00000000c4300000, 0x00000000eab00000)
  object space 68608K, 7% used [0x00000000c0000000,0x00000000c0514340,0x00000000c4300000)
 Metaspace       used 20871K, committed 21312K, reserved 1114112K
  class space    used 2117K, committed 2304K, reserved 1048576K
}
Event: 1.991 GC heap after
{Heap after GC invocations=4 (full 0):
 PSYoungGen      total 29696K, used 4077K [0x00000000eab00000, 0x00000000ecc00000, 0x0000000100000000)
  eden space 25600K, 0% used [0x00000000eab00000,0x00000000eab00000,0x00000000ec400000)
  from space 4096K, 99% used [0x00000000ec800000,0x00000000ecbfb528,0x00000000ecc00000)
  to   space 4096K, 0% used [0x00000000ec400000,0x00000000ec400000,0x00000000ec800000)
 ParOldGen       total 68608K, used 6538K [0x00000000c0000000, 0x00000000c4300000, 0x00000000eab00000)
  object space 68608K, 9% used [0x00000000c0000000,0x00000000c0662bf0,0x00000000c4300000)
 Metaspace       used 20871K, committed 21312K, reserved 1114112K
  class space    used 2117K, committed 2304K, reserved 1048576K
}
Event: 2.003 GC heap before
{Heap before GC invocations=5 (full 0):
 PSYoungGen      total 29696K, used 5438K [0x00000000eab00000, 0x00000000ecc00000, 0x0000000100000000)
  eden space 25600K, 5% used [0x00000000eab00000,0x00000000eac543d8,0x00000000ec400000)
  from space 4096K, 99% used [0x00000000ec800000,0x00000000ecbfb528,0x00000000ecc00000)
  to   space 4096K, 0% used [0x00000000ec400000,0x00000000ec400000,0x00000000ec800000)
 ParOldGen       total 68608K, used 6538K [0x00000000c0000000, 0x00000000c4300000, 0x00000000eab00000)
  object space 68608K, 9% used [0x00000000c0000000,0x00000000c0662bf0,0x00000000c4300000)
 Metaspace       used 21077K, committed 21504K, reserved 1114112K
  class space    used 2134K, committed 2304K, reserved 1048576K
}
Event: 2.005 GC heap after
{Heap after GC invocations=5 (full 0):
 PSYoungGen      total 29696K, used 4090K [0x00000000eab00000, 0x00000000ece00000, 0x0000000100000000)
  eden space 25600K, 0% used [0x00000000eab00000,0x00000000eab00000,0x00000000ec400000)
  from space 4096K, 99% used [0x00000000ec400000,0x00000000ec7fea40,0x00000000ec800000)
  to   space 5120K, 0% used [0x00000000ec900000,0x00000000ec900000,0x00000000ece00000)
 ParOldGen       total 68608K, used 6737K [0x00000000c0000000, 0x00000000c4300000, 0x00000000eab00000)
  object space 68608K, 9% used [0x00000000c0000000,0x00000000c0694560,0x00000000c4300000)
 Metaspace       used 21077K, committed 21504K, reserved 1114112K
  class space    used 2134K, committed 2304K, reserved 1048576K
}
Event: 2.006 GC heap before
{Heap before GC invocations=6 (full 1):
 PSYoungGen      total 29696K, used 4090K [0x00000000eab00000, 0x00000000ece00000, 0x0000000100000000)
  eden space 25600K, 0% used [0x00000000eab00000,0x00000000eab00000,0x00000000ec400000)
  from space 4096K, 99% used [0x00000000ec400000,0x00000000ec7fea40,0x00000000ec800000)
  to   space 5120K, 0% used [0x00000000ec900000,0x00000000ec900000,0x00000000ece00000)
 ParOldGen       total 68608K, used 6737K [0x00000000c0000000, 0x00000000c4300000, 0x00000000eab00000)
  object space 68608K, 9% used [0x00000000c0000000,0x00000000c0694560,0x00000000c4300000)
 Metaspace       used 21077K, committed 21504K, reserved 1114112K
  class space    used 2134K, committed 2304K, reserved 1048576K
}
Event: 2.029 GC heap after
{Heap after GC invocations=6 (full 1):
 PSYoungGen      total 29696K, used 0K [0x00000000eab00000, 0x00000000ece00000, 0x0000000100000000)
  eden space 25600K, 0% used [0x00000000eab00000,0x00000000eab00000,0x00000000ec400000)
  from space 4096K, 0% used [0x00000000ec400000,0x00000000ec400000,0x00000000ec800000)
  to   space 5120K, 0% used [0x00000000ec900000,0x00000000ec900000,0x00000000ece00000)
 ParOldGen       total 68608K, used 10429K [0x00000000c0000000, 0x00000000c4300000, 0x00000000eab00000)
  object space 68608K, 15% used [0x00000000c0000000,0x00000000c0a2f678,0x00000000c4300000)
 Metaspace       used 21064K, committed 21504K, reserved 1114112K
  class space    used 2131K, committed 2304K, reserved 1048576K
}
Event: 2.324 GC heap before
{Heap before GC invocations=7 (full 1):
 PSYoungGen      total 29696K, used 25600K [0x00000000eab00000, 0x00000000ece00000, 0x0000000100000000)
  eden space 25600K, 100% used [0x00000000eab00000,0x00000000ec400000,0x00000000ec400000)
  from space 4096K, 0% used [0x00000000ec400000,0x00000000ec400000,0x00000000ec800000)
  to   space 5120K, 0% used [0x00000000ec900000,0x00000000ec900000,0x00000000ece00000)
 ParOldGen       total 68608K, used 10429K [0x00000000c0000000, 0x00000000c4300000, 0x00000000eab00000)
  object space 68608K, 15% used [0x00000000c0000000,0x00000000c0a2f678,0x00000000c4300000)
 Metaspace       used 24321K, committed 24896K, reserved 1114112K
  class space    used 2480K, committed 2752K, reserved 1048576K
}
Event: 2.325 GC heap after
{Heap after GC invocations=7 (full 1):
 PSYoungGen      total 26624K, used 1322K [0x00000000eab00000, 0x00000000eca80000, 0x0000000100000000)
  eden space 25088K, 0% used [0x00000000eab00000,0x00000000eab00000,0x00000000ec380000)
  from space 1536K, 86% used [0x00000000ec900000,0x00000000eca4a8f8,0x00000000eca80000)
  to   space 2560K, 0% used [0x00000000ec580000,0x00000000ec580000,0x00000000ec800000)
 ParOldGen       total 68608K, used 10437K [0x00000000c0000000, 0x00000000c4300000, 0x00000000eab00000)
  object space 68608K, 15% used [0x00000000c0000000,0x00000000c0a31678,0x00000000c4300000)
 Metaspace       used 24321K, committed 24896K, reserved 1114112K
  class space    used 2480K, committed 2752K, reserved 1048576K
}
Event: 2.568 GC heap before
{Heap before GC invocations=8 (full 1):
 PSYoungGen      total 26624K, used 26410K [0x00000000eab00000, 0x00000000eca80000, 0x0000000100000000)
  eden space 25088K, 100% used [0x00000000eab00000,0x00000000ec380000,0x00000000ec380000)
  from space 1536K, 86% used [0x00000000ec900000,0x00000000eca4a8f8,0x00000000eca80000)
  to   space 2560K, 0% used [0x00000000ec580000,0x00000000ec580000,0x00000000ec800000)
 ParOldGen       total 68608K, used 10437K [0x00000000c0000000, 0x00000000c4300000, 0x00000000eab00000)
  object space 68608K, 15% used [0x00000000c0000000,0x00000000c0a31678,0x00000000c4300000)
 Metaspace       used 27628K, committed 28416K, reserved 1114112K
  class space    used 2855K, committed 3200K, reserved 1048576K
}
Event: 2.570 GC heap after
{Heap after GC invocations=8 (full 1):
 PSYoungGen      total 27136K, used 2533K [0x00000000eab00000, 0x00000000ecb00000, 0x0000000100000000)
  eden space 24576K, 0% used [0x00000000eab00000,0x00000000eab00000,0x00000000ec300000)
  from space 2560K, 98% used [0x00000000ec580000,0x00000000ec7f95f0,0x00000000ec800000)
  to   space 3072K, 0% used [0x00000000ec800000,0x00000000ec800000,0x00000000ecb00000)
 ParOldGen       total 68608K, used 11487K [0x00000000c0000000, 0x00000000c4300000, 0x00000000eab00000)
  object space 68608K, 16% used [0x00000000c0000000,0x00000000c0b37d20,0x00000000c4300000)
 Metaspace       used 27628K, committed 28416K, reserved 1114112K
  class space    used 2855K, committed 3200K, reserved 1048576K
}
Event: 2.669 GC heap before
{Heap before GC invocations=9 (full 1):
 PSYoungGen      total 27136K, used 27109K [0x00000000eab00000, 0x00000000ecb00000, 0x0000000100000000)
  eden space 24576K, 100% used [0x00000000eab00000,0x00000000ec300000,0x00000000ec300000)
  from space 2560K, 98% used [0x00000000ec580000,0x00000000ec7f95f0,0x00000000ec800000)
  to   space 3072K, 0% used [0x00000000ec800000,0x00000000ec800000,0x00000000ecb00000)
 ParOldGen       total 68608K, used 11487K [0x00000000c0000000, 0x00000000c4300000, 0x00000000eab00000)
  object space 68608K, 16% used [0x00000000c0000000,0x00000000c0b37d20,0x00000000c4300000)
 Metaspace       used 30197K, committed 30976K, reserved 1114112K
  class space    used 3013K, committed 3328K, reserved 1048576K
}
Event: 2.670 GC heap after
{Heap after GC invocations=9 (full 1):
 PSYoungGen      total 27136K, used 2889K [0x00000000eab00000, 0x00000000ecb00000, 0x0000000100000000)
  eden space 24064K, 0% used [0x00000000eab00000,0x00000000eab00000,0x00000000ec280000)
  from space 3072K, 94% used [0x00000000ec800000,0x00000000ecad2608,0x00000000ecb00000)
  to   space 3584K, 0% used [0x00000000ec400000,0x00000000ec400000,0x00000000ec780000)
 ParOldGen       total 68608K, used 11495K [0x00000000c0000000, 0x00000000c4300000, 0x00000000eab00000)
  object space 68608K, 16% used [0x00000000c0000000,0x00000000c0b39d20,0x00000000c4300000)
 Metaspace       used 30197K, committed 30976K, reserved 1114112K
  class space    used 3013K, committed 3328K, reserved 1048576K
}
Event: 2.758 GC heap before
{Heap before GC invocations=10 (full 1):
 PSYoungGen      total 27136K, used 26953K [0x00000000eab00000, 0x00000000ecb00000, 0x0000000100000000)
  eden space 24064K, 100% used [0x00000000eab00000,0x00000000ec280000,0x00000000ec280000)
  from space 3072K, 94% used [0x00000000ec800000,0x00000000ecad2608,0x00000000ecb00000)
  to   space 3584K, 0% used [0x00000000ec400000,0x00000000ec400000,0x00000000ec780000)
 ParOldGen       total 68608K, used 11495K [0x00000000c0000000, 0x00000000c4300000, 0x00000000eab00000)
  object space 68608K, 16% used [0x00000000c0000000,0x00000000c0b39d20,0x00000000c4300000)
 Metaspace       used 32419K, committed 33216K, reserved 1114112K
  class space    used 3192K, committed 3520K, reserved 1048576K
}
Event: 2.760 GC heap after
{Heap after GC invocations=10 (full 1):
 PSYoungGen      total 26112K, used 2147K [0x00000000eab00000, 0x00000000ec880000, 0x0000000100000000)
  eden space 23552K, 0% used [0x00000000eab00000,0x00000000eab00000,0x00000000ec200000)
  from space 2560K, 83% used [0x00000000ec400000,0x00000000ec618ca8,0x00000000ec680000)
  to   space 2048K, 0% used [0x00000000ec680000,0x00000000ec680000,0x00000000ec880000)
 ParOldGen       total 68608K, used 12504K [0x00000000c0000000, 0x00000000c4300000, 0x00000000eab00000)
  object space 68608K, 18% used [0x00000000c0000000,0x00000000c0c361d8,0x00000000c4300000)
 Metaspace       used 32419K, committed 33216K, reserved 1114112K
  class space    used 3192K, committed 3520K, reserved 1048576K
}
Event: 3.043 GC heap before
{Heap before GC invocations=11 (full 1):
 PSYoungGen      total 26112K, used 17315K [0x00000000eab00000, 0x00000000ec880000, 0x0000000100000000)
  eden space 23552K, 64% used [0x00000000eab00000,0x00000000eb9d0330,0x00000000ec200000)
  from space 2560K, 83% used [0x00000000ec400000,0x00000000ec618ca8,0x00000000ec680000)
  to   space 2048K, 0% used [0x00000000ec680000,0x00000000ec680000,0x00000000ec880000)
 ParOldGen       total 68608K, used 12504K [0x00000000c0000000, 0x00000000c4300000, 0x00000000eab00000)
  object space 68608K, 18% used [0x00000000c0000000,0x00000000c0c361d8,0x00000000c4300000)
 Metaspace       used 34985K, committed 35840K, reserved 1114112K
  class space    used 3475K, committed 3840K, reserved 1048576K
}
Event: 3.046 GC heap after
{Heap after GC invocations=11 (full 1):
 PSYoungGen      total 25600K, used 1595K [0x00000000eab00000, 0x00000000ec880000, 0x0000000100000000)
  eden space 23552K, 0% used [0x00000000eab00000,0x00000000eab00000,0x00000000ec200000)
  from space 2048K, 77% used [0x00000000ec680000,0x00000000ec80ef58,0x00000000ec880000)
  to   space 2048K, 0% used [0x00000000ec480000,0x00000000ec480000,0x00000000ec680000)
 ParOldGen       total 68608K, used 14276K [0x00000000c0000000, 0x00000000c4300000, 0x00000000eab00000)
  object space 68608K, 20% used [0x00000000c0000000,0x00000000c0df1150,0x00000000c4300000)
 Metaspace       used 34985K, committed 35840K, reserved 1114112K
  class space    used 3475K, committed 3840K, reserved 1048576K
}
Event: 3.046 GC heap before
{Heap before GC invocations=12 (full 2):
 PSYoungGen      total 25600K, used 1595K [0x00000000eab00000, 0x00000000ec880000, 0x0000000100000000)
  eden space 23552K, 0% used [0x00000000eab00000,0x00000000eab00000,0x00000000ec200000)
  from space 2048K, 77% used [0x00000000ec680000,0x00000000ec80ef58,0x00000000ec880000)
  to   space 2048K, 0% used [0x00000000ec480000,0x00000000ec480000,0x00000000ec680000)
 ParOldGen       total 68608K, used 14276K [0x00000000c0000000, 0x00000000c4300000, 0x00000000eab00000)
  object space 68608K, 20% used [0x00000000c0000000,0x00000000c0df1150,0x00000000c4300000)
 Metaspace       used 34985K, committed 35840K, reserved 1114112K
  class space    used 3475K, committed 3840K, reserved 1048576K
}
Event: 3.067 GC heap after
{Heap after GC invocations=12 (full 2):
 PSYoungGen      total 25600K, used 0K [0x00000000eab00000, 0x00000000ec880000, 0x0000000100000000)
  eden space 23552K, 0% used [0x00000000eab00000,0x00000000eab00000,0x00000000ec200000)
  from space 2048K, 0% used [0x00000000ec680000,0x00000000ec680000,0x00000000ec880000)
  to   space 2048K, 0% used [0x00000000ec480000,0x00000000ec480000,0x00000000ec680000)
 ParOldGen       total 68608K, used 14002K [0x00000000c0000000, 0x00000000c4300000, 0x00000000eab00000)
  object space 68608K, 20% used [0x00000000c0000000,0x00000000c0dacac0,0x00000000c4300000)
 Metaspace       used 34985K, committed 35840K, reserved 1114112K
  class space    used 3475K, committed 3840K, reserved 1048576K
}
Event: 3.303 GC heap before
{Heap before GC invocations=13 (full 2):
 PSYoungGen      total 25600K, used 23552K [0x00000000eab00000, 0x00000000ec880000, 0x0000000100000000)
  eden space 23552K, 100% used [0x00000000eab00000,0x00000000ec200000,0x00000000ec200000)
  from space 2048K, 0% used [0x00000000ec680000,0x00000000ec680000,0x00000000ec880000)
  to   space 2048K, 0% used [0x00000000ec480000,0x00000000ec480000,0x00000000ec680000)
 ParOldGen       total 68608K, used 14002K [0x00000000c0000000, 0x00000000c4300000, 0x00000000eab00000)
  object space 68608K, 20% used [0x00000000c0000000,0x00000000c0dacac0,0x00000000c4300000)
 Metaspace       used 38181K, committed 39104K, reserved 1114112K
  class space    used 3883K, committed 4288K, reserved 1048576K
}
Event: 3.304 GC heap after
{Heap after GC invocations=13 (full 2):
 PSYoungGen      total 24576K, used 1113K [0x00000000eab00000, 0x00000000ec700000, 0x0000000100000000)
  eden space 23040K, 0% used [0x00000000eab00000,0x00000000eab00000,0x00000000ec180000)
  from space 1536K, 72% used [0x00000000ec480000,0x00000000ec5965f8,0x00000000ec600000)
  to   space 1024K, 0% used [0x00000000ec600000,0x00000000ec600000,0x00000000ec700000)
 ParOldGen       total 68608K, used 14010K [0x00000000c0000000, 0x00000000c4300000, 0x00000000eab00000)
  object space 68608K, 20% used [0x00000000c0000000,0x00000000c0daeac0,0x00000000c4300000)
 Metaspace       used 38181K, committed 39104K, reserved 1114112K
  class space    used 3883K, committed 4288K, reserved 1048576K
}

Dll operation events (10 events):
Event: 0.017 Loaded shared library c:\Users\messi\.vscode\extensions\redhat.java-1.26.0-win32-x64\jre\17.0.9-win32-x86_64\bin\java.dll
Event: 0.244 Loaded shared library c:\Users\messi\.vscode\extensions\redhat.java-1.26.0-win32-x64\jre\17.0.9-win32-x86_64\bin\zip.dll
Event: 0.248 Loaded shared library C:\Users\messi\.vscode\extensions\redhat.java-1.26.0-win32-x64\jre\17.0.9-win32-x86_64\bin\instrument.dll
Event: 0.265 Loaded shared library C:\Users\messi\.vscode\extensions\redhat.java-1.26.0-win32-x64\jre\17.0.9-win32-x86_64\bin\net.dll
Event: 0.267 Loaded shared library C:\Users\messi\.vscode\extensions\redhat.java-1.26.0-win32-x64\jre\17.0.9-win32-x86_64\bin\nio.dll
Event: 0.274 Loaded shared library C:\Users\messi\.vscode\extensions\redhat.java-1.26.0-win32-x64\jre\17.0.9-win32-x86_64\bin\zip.dll
Event: 0.292 Loaded shared library C:\Users\messi\.vscode\extensions\redhat.java-1.26.0-win32-x64\jre\17.0.9-win32-x86_64\bin\jimage.dll
Event: 0.355 Loaded shared library c:\Users\messi\.vscode\extensions\redhat.java-1.26.0-win32-x64\jre\17.0.9-win32-x86_64\bin\verify.dll
Event: 1.187 Loaded shared library C:\Users\messi\AppData\Roaming\Code\User\globalStorage\redhat.java\1.26.0\config_win\org.eclipse.equinox.launcher\org.eclipse.equinox.launcher.win32.win32.x86_64_1.2.800.v20231003-1442\eclipse_11802.dll
Event: 3.084 Loaded shared library C:\Users\messi\AppData\Local\Temp\jna-103786865\jna17367497673398214713.dll

Deoptimization events (20 events):
Event: 3.436 Thread 0x0000022c2c71b860 Uncommon trap: trap_request=0xffffffde fr.pc=0x0000022c1a820950 relative=0x00000000000000b0
Event: 3.436 Thread 0x0000022c2c71b860 Uncommon trap: reason=class_check action=maybe_recompile pc=0x0000022c1a820950 method=java.lang.Character.codePointAt(Ljava/lang/CharSequence;I)I @ 2 c2
Event: 3.436 Thread 0x0000022c2c71b860 DEOPT PACKING pc=0x0000022c1a820950 sp=0x00000094aeefda20
Event: 3.436 Thread 0x0000022c2c71b860 DEOPT UNPACKING pc=0x0000022c1a1666a3 sp=0x00000094aeefd9a8 mode 2
Event: 3.436 Thread 0x0000022c2c71b860 Uncommon trap: trap_request=0xffffffde fr.pc=0x0000022c1a820950 relative=0x00000000000000b0
Event: 3.436 Thread 0x0000022c2c71b860 Uncommon trap: reason=class_check action=maybe_recompile pc=0x0000022c1a820950 method=java.lang.Character.codePointAt(Ljava/lang/CharSequence;I)I @ 2 c2
Event: 3.436 Thread 0x0000022c2c71b860 DEOPT PACKING pc=0x0000022c1a820950 sp=0x00000094aeefda20
Event: 3.436 Thread 0x0000022c2c71b860 DEOPT UNPACKING pc=0x0000022c1a1666a3 sp=0x00000094aeefd9a8 mode 2
Event: 3.436 Thread 0x0000022c2c71b860 Uncommon trap: trap_request=0xffffffde fr.pc=0x0000022c1a820950 relative=0x00000000000000b0
Event: 3.436 Thread 0x0000022c2c71b860 Uncommon trap: reason=class_check action=maybe_recompile pc=0x0000022c1a820950 method=java.lang.Character.codePointAt(Ljava/lang/CharSequence;I)I @ 2 c2
Event: 3.436 Thread 0x0000022c2c71b860 DEOPT PACKING pc=0x0000022c1a820950 sp=0x00000094aeefda20
Event: 3.436 Thread 0x0000022c2c71b860 DEOPT UNPACKING pc=0x0000022c1a1666a3 sp=0x00000094aeefd9a8 mode 2
Event: 3.441 Thread 0x0000022c2c71b860 Uncommon trap: trap_request=0xffffffde fr.pc=0x0000022c1a7d0f18 relative=0x00000000000001d8
Event: 3.441 Thread 0x0000022c2c71b860 Uncommon trap: reason=class_check action=maybe_recompile pc=0x0000022c1a7d0f18 method=java.io.BufferedInputStream.read1([BII)I @ 39 c2
Event: 3.441 Thread 0x0000022c2c71b860 DEOPT PACKING pc=0x0000022c1a7d0f18 sp=0x00000094aeefd770
Event: 3.441 Thread 0x0000022c2c71b860 DEOPT UNPACKING pc=0x0000022c1a1666a3 sp=0x00000094aeefd718 mode 2
Event: 3.444 Thread 0x0000022c2c71b860 Uncommon trap: trap_request=0xffffff45 fr.pc=0x0000022c1a898298 relative=0x0000000000000ad8
Event: 3.444 Thread 0x0000022c2c71b860 Uncommon trap: reason=unstable_if action=reinterpret pc=0x0000022c1a898298 method=org.eclipse.osgi.internal.loader.classpath.ClasspathEntry.findEntry(Ljava/lang/String;)Lorg/eclipse/osgi/storage/bundlefile/BundleEntry; @ 32 c2
Event: 3.444 Thread 0x0000022c2c71b860 DEOPT PACKING pc=0x0000022c1a898298 sp=0x00000094aeefada0
Event: 3.444 Thread 0x0000022c2c71b860 DEOPT UNPACKING pc=0x0000022c1a1666a3 sp=0x00000094aeefad48 mode 2

Classes unloaded (7 events):
Event: 2.009 Thread 0x0000022c0e80a230 Unloading class 0x000000010024b400 'java/lang/invoke/LambdaForm$MH+0x000000010024b400'
Event: 2.009 Thread 0x0000022c0e80a230 Unloading class 0x000000010024b000 'java/lang/invoke/LambdaForm$MH+0x000000010024b000'
Event: 2.009 Thread 0x0000022c0e80a230 Unloading class 0x000000010024ac00 'java/lang/invoke/LambdaForm$MH+0x000000010024ac00'
Event: 2.009 Thread 0x0000022c0e80a230 Unloading class 0x000000010024a800 'java/lang/invoke/LambdaForm$MH+0x000000010024a800'
Event: 2.009 Thread 0x0000022c0e80a230 Unloading class 0x000000010024a400 'java/lang/invoke/LambdaForm$BMH+0x000000010024a400'
Event: 2.009 Thread 0x0000022c0e80a230 Unloading class 0x000000010024a000 'java/lang/invoke/LambdaForm$DMH+0x000000010024a000'
Event: 2.009 Thread 0x0000022c0e80a230 Unloading class 0x0000000100244400 'java/lang/invoke/LambdaForm$DMH+0x0000000100244400'

Classes redefined (0 events):
No events

Internal exceptions (20 events):
Event: 2.787 Thread 0x0000022c2a8acd70 Exception <a 'java/lang/ClassNotFoundException'{0x00000000ead5d188}: com/sun/org/apache/xerces/internal/impl/msg/spi/DOMMessagesProvider> (0x00000000ead5d188) 
thrown [s\src\hotspot\share\classfile\systemDictionary.cpp, line 256]
Event: 2.788 Thread 0x0000022c2a8acd70 Exception <a 'java/lang/ClassNotFoundException'{0x00000000ead6e8c0}: com/sun/org/apache/xerces/internal/impl/msg/spi/XMLSerializerMessagesProvider> (0x00000000ead6e8c0) 
thrown [s\src\hotspot\share\classfile\systemDictionary.cpp, line 256]
Event: 2.788 Thread 0x0000022c2a8acd70 Exception <a 'java/lang/ClassNotFoundException'{0x00000000ead7bb98}: com/sun/org/apache/xerces/internal/impl/msg/spi/XMLMessagesProvider> (0x00000000ead7bb98) 
thrown [s\src\hotspot\share\classfile\systemDictionary.cpp, line 256]
Event: 2.844 Thread 0x0000022c2a8acd70 Exception <a 'java/lang/NoSuchMethodError'{0x00000000eb0c70e8}: 'java.lang.Object java.lang.invoke.DirectMethodHandle$Holder.invokeStaticInit(java.lang.Object, int, int, int, int)'> (0x00000000eb0c70e8) 
thrown [s\src\hotspot\share\interpreter\linkResolver.cpp, line 759]
Event: 2.907 Thread 0x0000022c2a8acd70 Exception <a 'java/lang/NoSuchMethodError'{0x00000000eb1eafc8}: 'java.lang.Object java.lang.invoke.DirectMethodHandle$Holder.invokeStaticInit(java.lang.Object, java.lang.Object, int, int, int, int)'> (0x00000000eb1eafc8) 
thrown [s\src\hotspot\share\interpreter\linkResolver.cpp, line 759]
Event: 2.972 Thread 0x0000022c2a8acd70 Exception <a 'java/lang/ClassNotFoundException'{0x00000000eb588308}: com/sun/org/apache/xml/internal/serializer/spi/XMLEntitiesProvider> (0x00000000eb588308) 
thrown [s\src\hotspot\share\classfile\systemDictionary.cpp, line 256]
Event: 3.038 Thread 0x0000022c2a8acd70 Exception <a 'java/io/FileNotFoundException'{0x00000000eb920380}> (0x00000000eb920380) 
thrown [s\src\hotspot\share\prims\jni.cpp, line 516]
Event: 3.101 Thread 0x0000022c2a8acd70 Exception <a 'java/lang/UnsatisfiedLinkError'{0x00000000eadc0090}: The specified procedure could not be found.
> (0x00000000eadc0090) 
thrown [s\src\hotspot\share\prims\jni.cpp, line 535]
Event: 3.104 Thread 0x0000022c2a8acd70 Exception <a 'java/io/FileNotFoundException'{0x00000000eade5d28}> (0x00000000eade5d28) 
thrown [s\src\hotspot\share\prims\jni.cpp, line 516]
Event: 3.108 Thread 0x0000022c2a8acd70 Exception <a 'java/io/FileNotFoundException'{0x00000000eae6b080}> (0x00000000eae6b080) 
thrown [s\src\hotspot\share\prims\jni.cpp, line 516]
Event: 3.114 Thread 0x0000022c2a8acd70 Exception <a 'java/lang/UnsatisfiedLinkError'{0x00000000eaef9158}: The specified procedure could not be found.
> (0x00000000eaef9158) 
thrown [s\src\hotspot\share\prims\jni.cpp, line 535]
Event: 3.171 Thread 0x0000022c0e77fcd0 Exception <a 'java/lang/NoSuchMethodError'{0x00000000eb433138}: 'java.lang.Object java.lang.invoke.DirectMethodHandle$Holder.invokeStatic(java.lang.Object, java.lang.Object, long, java.lang.Object)'> (0x00000000eb433138) 
thrown [s\src\hotspot\share\interpreter\linkResolver.cpp, line 759]
Event: 3.171 Thread 0x0000022c0e77fcd0 Exception <a 'java/lang/NoSuchMethodError'{0x00000000eb436e20}: 'java.lang.Object java.lang.invoke.DirectMethodHandle$Holder.invokeStaticInit(java.lang.Object, java.lang.Object, long, java.lang.Object)'> (0x00000000eb436e20) 
thrown [s\src\hotspot\share\interpreter\linkResolver.cpp, line 759]
Event: 3.171 Thread 0x0000022c0e77fcd0 Exception <a 'java/lang/NoSuchMethodError'{0x00000000eb43d670}: 'java.lang.Object java.lang.invoke.DirectMethodHandle$Holder.newInvokeSpecial(java.lang.Object, java.lang.Object, long)'> (0x00000000eb43d670) 
thrown [s\src\hotspot\share\interpreter\linkResolver.cpp, line 759]
Event: 3.203 Thread 0x0000022c0e77fcd0 Exception <a 'java/lang/NoSuchMethodError'{0x00000000eb609180}: 'void java.lang.invoke.DirectMethodHandle$Holder.invokeStatic(java.lang.Object, java.lang.Object, java.lang.Object, java.lang.Object)'> (0x00000000eb609180) 
thrown [s\src\hotspot\share\interpreter\linkResolver.cpp, line 759]
Event: 3.288 Thread 0x0000022c0e77fcd0 Exception <a 'java/lang/NoSuchMethodError'{0x00000000ec08f7d0}: 'void java.lang.invoke.DirectMethodHandle$Holder.invokeSpecial(java.lang.Object, java.lang.Object, java.lang.Object, java.lang.Object, java.lang.Object, java.lang.Object)'> (0x00000000ec08f7d0) 
thrown [s\src\hotspot\share\interpreter\linkResolver.cpp, line 759]
Event: 3.288 Thread 0x0000022c0e77fcd0 Exception <a 'java/lang/IncompatibleClassChangeError'{0x00000000ec0995c8}: Found class java.lang.Object, but interface was expected> (0x00000000ec0995c8) 
thrown [s\src\hotspot\share\interpreter\linkResolver.cpp, line 826]
Event: 3.391 Thread 0x0000022c2c71b860 Exception <a 'java/io/FileNotFoundException'{0x00000000eb631e68}> (0x00000000eb631e68) 
thrown [s\src\hotspot\share\prims\jni.cpp, line 516]
Event: 3.410 Thread 0x0000022c2c71b860 Exception <a 'sun/nio/fs/WindowsException'{0x00000000eb818188}> (0x00000000eb818188) 
thrown [s\src\hotspot\share\prims\jni.cpp, line 516]
Event: 3.448 Thread 0x0000022c2c71b860 Exception <a 'java/lang/NoSuchMethodError'{0x00000000eba812f0}: 'java.lang.Object java.lang.invoke.DirectMethodHandle$Holder.invokeSpecialIFC(java.lang.Object, java.lang.Object, java.lang.Object, java.lang.Object)'> (0x00000000eba812f0) 
thrown [s\src\hotspot\share\interpreter\linkResolver.cpp, line 759]

VM Operations (20 events):
Event: 2.834 Executing VM operation: HandshakeAllThreads
Event: 2.834 Executing VM operation: HandshakeAllThreads done
Event: 2.898 Executing VM operation: HandshakeAllThreads
Event: 2.898 Executing VM operation: HandshakeAllThreads done
Event: 2.948 Executing VM operation: HandshakeAllThreads
Event: 2.948 Executing VM operation: HandshakeAllThreads done
Event: 3.000 Executing VM operation: HandshakeAllThreads
Event: 3.000 Executing VM operation: HandshakeAllThreads done
Event: 3.043 Executing VM operation: CollectForMetadataAllocation
Event: 3.067 Executing VM operation: CollectForMetadataAllocation done
Event: 3.092 Executing VM operation: HandshakeAllThreads
Event: 3.092 Executing VM operation: HandshakeAllThreads done
Event: 3.303 Executing VM operation: ParallelGCFailedAllocation
Event: 3.304 Executing VM operation: ParallelGCFailedAllocation done
Event: 3.385 Executing VM operation: HandshakeAllThreads
Event: 3.385 Executing VM operation: HandshakeAllThreads done
Event: 3.432 Executing VM operation: HandshakeAllThreads
Event: 3.432 Executing VM operation: HandshakeAllThreads done
Event: 3.454 Executing VM operation: HandshakeAllThreads
Event: 3.454 Executing VM operation: HandshakeAllThreads done

Events (20 events):
Event: 3.422 loading class java/nio/channels/Channels
Event: 3.422 loading class java/nio/channels/Channels done
Event: 3.422 loading class java/nio/channels/Channels$1
Event: 3.422 loading class java/nio/channels/Channels$1 done
Event: 3.422 loading class java/nio/channels/SelectableChannel
Event: 3.422 loading class java/nio/channels/SelectableChannel done
Event: 3.422 loading class sun/nio/ch/Util
Event: 3.423 loading class sun/nio/ch/Util done
Event: 3.423 loading class sun/nio/ch/Util$1
Event: 3.423 loading class sun/nio/ch/Util$1 done
Event: 3.423 loading class sun/nio/ch/Util$BufferCache
Event: 3.423 loading class sun/nio/ch/Util$BufferCache done
Event: 3.423 loading class java/nio/DirectByteBuffer$Deallocator
Event: 3.423 loading class java/nio/DirectByteBuffer$Deallocator done
Event: 3.424 loading class java/nio/file/StandardCopyOption
Event: 3.424 loading class java/nio/file/StandardCopyOption done
Event: 3.424 loading class sun/nio/fs/WindowsFileCopy
Event: 3.424 loading class sun/nio/fs/WindowsFileCopy done
Event: 3.475 loading class java/io/FilterReader
Event: 3.475 loading class java/io/FilterReader done


Dynamic libraries:
0x00007ff6c55c0000 - 0x00007ff6c55ce000 	c:\Users\messi\.vscode\extensions\redhat.java-1.26.0-win32-x64\jre\17.0.9-win32-x86_64\bin\java.exe
0x00007ffd5ef90000 - 0x00007ffd5f1a7000 	C:\Windows\SYSTEM32\ntdll.dll
0x00007ffd5d990000 - 0x00007ffd5da54000 	C:\Windows\System32\KERNEL32.DLL
0x00007ffd5c930000 - 0x00007ffd5ccd6000 	C:\Windows\System32\KERNELBASE.dll
0x00007ffd5c3c0000 - 0x00007ffd5c4d1000 	C:\Windows\System32\ucrtbase.dll
0x00007ffd40a10000 - 0x00007ffd40a2b000 	c:\Users\messi\.vscode\extensions\redhat.java-1.26.0-win32-x64\jre\17.0.9-win32-x86_64\bin\VCRUNTIME140.dll
0x00007ffd409f0000 - 0x00007ffd40a07000 	c:\Users\messi\.vscode\extensions\redhat.java-1.26.0-win32-x64\jre\17.0.9-win32-x86_64\bin\jli.dll
0x00007ffd5d070000 - 0x00007ffd5d21e000 	C:\Windows\System32\USER32.dll
0x00007ffd5c640000 - 0x00007ffd5c666000 	C:\Windows\System32\win32u.dll
0x00007ffd5d960000 - 0x00007ffd5d989000 	C:\Windows\System32\GDI32.dll
0x00007ffd44060000 - 0x00007ffd442f3000 	C:\Windows\WinSxS\amd64_microsoft.windows.common-controls_6595b64144ccf1df_6.0.22621.2506_none_270c5ae97388e100\COMCTL32.dll
0x00007ffd5c810000 - 0x00007ffd5c928000 	C:\Windows\System32\gdi32full.dll
0x00007ffd5d850000 - 0x00007ffd5d8f7000 	C:\Windows\System32\msvcrt.dll
0x00007ffd5c4e0000 - 0x00007ffd5c57a000 	C:\Windows\System32\msvcp_win.dll
0x00007ffd5d670000 - 0x00007ffd5d6a1000 	C:\Windows\System32\IMM32.DLL
0x00007ffd57c20000 - 0x00007ffd57c2c000 	c:\Users\messi\.vscode\extensions\redhat.java-1.26.0-win32-x64\jre\17.0.9-win32-x86_64\bin\vcruntime140_1.dll
0x00007ffd3f8d0000 - 0x00007ffd3f95d000 	c:\Users\messi\.vscode\extensions\redhat.java-1.26.0-win32-x64\jre\17.0.9-win32-x86_64\bin\msvcp140.dll
0x00007ffcfbc00000 - 0x00007ffcfc861000 	c:\Users\messi\.vscode\extensions\redhat.java-1.26.0-win32-x64\jre\17.0.9-win32-x86_64\bin\server\jvm.dll
0x00007ffd5d220000 - 0x00007ffd5d2d3000 	C:\Windows\System32\ADVAPI32.dll
0x00007ffd5e390000 - 0x00007ffd5e438000 	C:\Windows\System32\sechost.dll
0x00007ffd5c7e0000 - 0x00007ffd5c808000 	C:\Windows\System32\bcrypt.dll
0x00007ffd5d470000 - 0x00007ffd5d587000 	C:\Windows\System32\RPCRT4.dll
0x00007ffd5b110000 - 0x00007ffd5b15d000 	C:\Windows\SYSTEM32\POWRPROF.dll
0x00007ffd27690000 - 0x00007ffd27699000 	C:\Windows\SYSTEM32\WSOCK32.dll
0x00007ffd5edd0000 - 0x00007ffd5ee41000 	C:\Windows\System32\WS2_32.dll
0x00007ffd35ec0000 - 0x00007ffd35ef4000 	C:\Windows\SYSTEM32\WINMM.dll
0x00007ffd56500000 - 0x00007ffd5650a000 	C:\Windows\SYSTEM32\VERSION.dll
0x00007ffd5b0f0000 - 0x00007ffd5b103000 	C:\Windows\SYSTEM32\UMPDC.dll
0x00007ffd5b3b0000 - 0x00007ffd5b3c8000 	C:\Windows\SYSTEM32\kernel.appcore.dll
0x00007ffd47a20000 - 0x00007ffd47a2a000 	c:\Users\messi\.vscode\extensions\redhat.java-1.26.0-win32-x64\jre\17.0.9-win32-x86_64\bin\jimage.dll
0x00007ffd45770000 - 0x00007ffd459a3000 	C:\Windows\SYSTEM32\DBGHELP.DLL
0x00007ffd5cce0000 - 0x00007ffd5d069000 	C:\Windows\System32\combase.dll
0x00007ffd5d2e0000 - 0x00007ffd5d3b7000 	C:\Windows\System32\OLEAUT32.dll
0x00007ffd48650000 - 0x00007ffd48682000 	C:\Windows\SYSTEM32\dbgcore.DLL
0x00007ffd5c2d0000 - 0x00007ffd5c34a000 	C:\Windows\System32\bcryptPrimitives.dll
0x00007ffd47680000 - 0x00007ffd4768e000 	c:\Users\messi\.vscode\extensions\redhat.java-1.26.0-win32-x64\jre\17.0.9-win32-x86_64\bin\instrument.dll
0x00007ffd41400000 - 0x00007ffd41425000 	c:\Users\messi\.vscode\extensions\redhat.java-1.26.0-win32-x64\jre\17.0.9-win32-x86_64\bin\java.dll
0x00007ffd44370000 - 0x00007ffd44388000 	c:\Users\messi\.vscode\extensions\redhat.java-1.26.0-win32-x64\jre\17.0.9-win32-x86_64\bin\zip.dll
0x00007ffd5db30000 - 0x00007ffd5e38a000 	C:\Windows\System32\SHELL32.dll
0x00007ffd5a1e0000 - 0x00007ffd5aad6000 	C:\Windows\SYSTEM32\windows.storage.dll
0x00007ffd5a0a0000 - 0x00007ffd5a1de000 	C:\Windows\SYSTEM32\wintypes.dll
0x00007ffd5ee50000 - 0x00007ffd5ef43000 	C:\Windows\System32\SHCORE.dll
0x00007ffd5da60000 - 0x00007ffd5dabe000 	C:\Windows\System32\shlwapi.dll
0x00007ffd5c200000 - 0x00007ffd5c226000 	C:\Windows\SYSTEM32\profapi.dll
0x00007ffd3f6c0000 - 0x00007ffd3f6d9000 	C:\Users\messi\.vscode\extensions\redhat.java-1.26.0-win32-x64\jre\17.0.9-win32-x86_64\bin\net.dll
0x00007ffd566b0000 - 0x00007ffd567e7000 	C:\Windows\SYSTEM32\WINHTTP.dll
0x00007ffd5b820000 - 0x00007ffd5b889000 	C:\Windows\system32\mswsock.dll
0x00007ffd3f3a0000 - 0x00007ffd3f3b6000 	C:\Users\messi\.vscode\extensions\redhat.java-1.26.0-win32-x64\jre\17.0.9-win32-x86_64\bin\nio.dll
0x00007ffd475b0000 - 0x00007ffd475c0000 	c:\Users\messi\.vscode\extensions\redhat.java-1.26.0-win32-x64\jre\17.0.9-win32-x86_64\bin\verify.dll
0x00007ffd3fe60000 - 0x00007ffd3fe9e000 	C:\Users\messi\AppData\Roaming\Code\User\globalStorage\redhat.java\1.26.0\config_win\org.eclipse.equinox.launcher\org.eclipse.equinox.launcher.win32.win32.x86_64_1.2.800.v20231003-1442\eclipse_11802.dll
0x00007ffd5d6b0000 - 0x00007ffd5d850000 	C:\Windows\System32\ole32.dll
0x00007ffd5bb70000 - 0x00007ffd5bb8b000 	C:\Windows\SYSTEM32\CRYPTSP.dll
0x00007ffd5b310000 - 0x00007ffd5b345000 	C:\Windows\system32\rsaenh.dll
0x00007ffd5b8c0000 - 0x00007ffd5b8ec000 	C:\Windows\SYSTEM32\USERENV.dll
0x00007ffd5bb50000 - 0x00007ffd5bb5c000 	C:\Windows\SYSTEM32\CRYPTBASE.dll
0x00007ffd5adb0000 - 0x00007ffd5addd000 	C:\Windows\SYSTEM32\IPHLPAPI.DLL
0x00007ffd5d950000 - 0x00007ffd5d959000 	C:\Windows\System32\NSI.dll
0x00007ffd56690000 - 0x00007ffd566a9000 	C:\Windows\SYSTEM32\dhcpcsvc6.DLL
0x00007ffd56670000 - 0x00007ffd5668f000 	C:\Windows\SYSTEM32\dhcpcsvc.DLL
0x00007ffd5ae20000 - 0x00007ffd5af19000 	C:\Windows\SYSTEM32\DNSAPI.dll
0x00007ffd3de30000 - 0x00007ffd3de75000 	C:\Users\messi\AppData\Local\Temp\jna-103786865\jna17367497673398214713.dll
0x00007ffd5edc0000 - 0x00007ffd5edc8000 	C:\Windows\System32\PSAPI.DLL

dbghelp: loaded successfully - version: 4.0.5 - missing functions: none
symbol engine: initialized successfully - sym options: 0x614 - pdb path: .;c:\Users\messi\.vscode\extensions\redhat.java-1.26.0-win32-x64\jre\17.0.9-win32-x86_64\bin;C:\Windows\SYSTEM32;C:\Windows\WinSxS\amd64_microsoft.windows.common-controls_6595b64144ccf1df_6.0.22621.2506_none_270c5ae97388e100;c:\Users\messi\.vscode\extensions\redhat.java-1.26.0-win32-x64\jre\17.0.9-win32-x86_64\bin\server;C:\Users\messi\AppData\Roaming\Code\User\globalStorage\redhat.java\1.26.0\config_win\org.eclipse.equinox.launcher\org.eclipse.equinox.launcher.win32.win32.x86_64_1.2.800.v20231003-1442;C:\Users\messi\AppData\Local\Temp\jna-103786865

VM Arguments:
jvm_args: --add-modules=ALL-SYSTEM --add-opens=java.base/java.util=ALL-UNNAMED --add-opens=java.base/java.lang=ALL-UNNAMED --add-opens=java.base/sun.nio.fs=ALL-UNNAMED -Declipse.application=org.eclipse.jdt.ls.core.id1 -Dosgi.bundles.defaultStartLevel=4 -Declipse.product=org.eclipse.jdt.ls.core.product -Djava.import.generatesMetadataFilesAtProjectRoot=false -DDetectVMInstallationsJob.disabled=true -Dfile.encoding=utf8 -XX:+UseParallelGC -XX:GCTimeRatio=4 -XX:AdaptiveSizePolicyWeight=90 -Dsun.zip.disableMemoryMapping=true -Xmx1G -Xms100m -Xlog:disable -javaagent:c:\Users\messi\.vscode\extensions\redhat.java-1.26.0-win32-x64\lombok\lombok-1.18.31-3454.jar -XX:+HeapDumpOnOutOfMemoryError -XX:HeapDumpPath=c:\Users\messi\AppData\Roaming\Code\User\workspaceStorage\d88549114971c4f169f360f53d10f945\redhat.java -Daether.dependencyCollector.impl=bf 
java_command: c:\Users\messi\.vscode\extensions\redhat.java-1.26.0-win32-x64\server\plugins\org.eclipse.equinox.launcher_1.6.700.v20231214-2017.jar -configuration c:\Users\messi\AppData\Roaming\Code\User\globalStorage\redhat.java\1.26.0\config_win -data c:\Users\messi\AppData\Roaming\Code\User\workspaceStorage\d88549114971c4f169f360f53d10f945\redhat.java\jdt_ws --stdio
java_class_path (initial): c:\Users\messi\.vscode\extensions\redhat.java-1.26.0-win32-x64\server\plugins\org.eclipse.equinox.launcher_1.6.700.v20231214-2017.jar
Launcher Type: SUN_STANDARD

[Global flags]
    uintx AdaptiveSizePolicyWeight                 = 90                                        {product} {command line}
     intx CICompilerCount                          = 4                                         {product} {ergonomic}
    uintx GCTimeRatio                              = 4                                         {product} {command line}
     bool HeapDumpOnOutOfMemoryError               = true                                   {manageable} {command line}
    ccstr HeapDumpPath                             = c:\Users\messi\AppData\Roaming\Code\User\workspaceStorage\d88549114971c4f169f360f53d10f945\redhat.java         {manageable} {command line}
   size_t InitialHeapSize                          = 104857600                                 {product} {command line}
   size_t MaxHeapSize                              = 1073741824                                {product} {command line}
   size_t MaxNewSize                               = 357564416                                 {product} {ergonomic}
   size_t MinHeapDeltaBytes                        = 524288                                    {product} {ergonomic}
   size_t MinHeapSize                              = 104857600                                 {product} {command line}
   size_t NewSize                                  = 34603008                                  {product} {ergonomic}
    uintx NonNMethodCodeHeapSize                   = 5839372                                {pd product} {ergonomic}
    uintx NonProfiledCodeHeapSize                  = 122909434                              {pd product} {ergonomic}
   size_t OldSize                                  = 70254592                                  {product} {ergonomic}
    uintx ProfiledCodeHeapSize                     = 122909434                              {pd product} {ergonomic}
    uintx ReservedCodeCacheSize                    = 251658240                              {pd product} {ergonomic}
     bool SegmentedCodeCache                       = true                                      {product} {ergonomic}
   size_t SoftMaxHeapSize                          = 1073741824                             {manageable} {ergonomic}
     bool UseCompressedClassPointers               = true                           {product lp64_product} {ergonomic}
     bool UseCompressedOops                        = true                           {product lp64_product} {ergonomic}
     bool UseLargePagesIndividualAllocation        = false                                  {pd product} {ergonomic}
     bool UseParallelGC                            = true                                      {product} {command line}

Logging:
Log output configuration:
 #0: stdout all=off uptime,level,tags
 #1: stderr all=off uptime,level,tags

Environment Variables:
PATH=C:\Program Files\Common Files\Oracle\Java\javapath;D:\Program Files (x86)\VMware\VMware Workstation\bin\;C:\Python311\Scripts\;C:\Python311\;C:\Windows\system32;C:\Windows;C:\Windows\System32\Wbem;C:\Windows\System32\WindowsPowerShell\v1.0\;C:\Windows\System32\OpenSSH\;C:\Program Files\nodejs\;C:\ProgramData\chocolatey\bin;C:\Program Files\Git\cmd;C:\MinGW\bin;C:\platform-tools;C:\Program Files\NVIDIA Corporation\NVIDIA NvDLISR;C:\Program Files (x86)\NVIDIA Corporation\PhysX\Common;C:\Program Files\dotnet\;D:\Program Files\MATLAB\R2023a\runtime\win64;D:\Program Files\MATLAB\R2023a\bin;C:\Program Files\Docker\Docker\resources\bin;C:\Program Files\MySQL\MySQL Server 8.0\bin;C:\Users\messi\AppData\Local\Microsoft\WindowsApps;C:\Users\messi\AppData\Roaming\npm;C:\Users\messi\AppData\Local\Programs\Microsoft VS Code\bin;C:\MinGW\bin;C:\platform-tools;;C:\Program Files\Azure Data Studio\bin;C:\Program Files\Azure Data Studio\bin;C:\Program Files\Azure Data Studio\bin;D:\Program Files\JetBrains\IntelliJ IDEA 2021.1\bin;;C:\Users\messi\.dotnet\tools
USERNAME=messi
OS=Windows_NT
PROCESSOR_IDENTIFIER=Intel64 Family 6 Model 158 Stepping 13, GenuineIntel
TMP=C:\Users\messi\AppData\Local\Temp
TEMP=C:\Users\messi\AppData\Local\Temp



Periodic native trim disabled


---------------  S Y S T E M  ---------------

OS:
 Windows 11 , 64 bit Build 22621 (10.0.22621.2506)
OS uptime: 0 days 3:18 hours
Hyper-V role detected

CPU: total 8 (initial active 8) (4 cores per cpu, 2 threads per core) family 6 model 158 stepping 13 microcode 0xde, cx8, cmov, fxsr, ht, mmx, 3dnowpref, sse, sse2, sse3, ssse3, sse4.1, sse4.2, popcnt, lzcnt, tsc, tscinvbit, avx, avx2, aes, erms, clmul, bmi1, bmi2, adx, fma, vzeroupper, clflush, clflushopt, hv
Processor Information for all 8 processors :
  Max Mhz: 2401, Current Mhz: 2400, Mhz Limit: 2376

Memory: 4k page, system-wide physical 16224M (3913M free)
TotalPageFile size 16224M (AvailPageFile size 5M)
current process WorkingSet (physical memory assigned to process): 197M, peak: 197M
current process commit charge ("private bytes"): 293M, peak: 294M

vm_info: OpenJDK 64-Bit Server VM (17.0.9+9) for windows-amd64 JRE (17.0.9+9), built on Oct 26 2023 14:01:42 by "admin" with MS VC++ 16.10 / 16.11 (VS2019)

END.
