#
# There is insufficient memory for the Java Runtime Environment to continue.
# Native memory allocation (malloc) failed to allocate 1153296 bytes for Chunk::new
# Possible reasons:
#   The system is out of physical RAM or swap space
#   The process is running with CompressedOops enabled, and the Java Heap may be blocking the growth of the native heap
# Possible solutions:
#   Reduce memory load on the system
#   Increase physical memory or swap space
#   Check if swap backing store is full
#   Decrease Java heap size (-Xmx/-Xms)
#   Decrease number of Java threads
#   Decrease Java thread stack sizes (-Xss)
#   Set larger code cache with -XX:ReservedCodeCacheSize=
#   JVM is running with Unscaled Compressed Oops mode in which the Java heap is
#     placed in the first 4GB address space. The Java Heap base address is the
#     maximum limit for the native heap growth. Please use -XX:HeapBaseMinAddress
#     to set the Java Heap base and to place the Java Heap above 4GB virtual address.
# This output file may be truncated or incomplete.
#
#  Out of Memory Error (arena.cpp:191), pid=20080, tid=20364
#
# JRE version: OpenJDK Runtime Environment Temurin-17.0.10+7 (17.0.10+7) (build 17.0.10+7)
# Java VM: OpenJDK 64-Bit Server VM Temurin-17.0.10+7 (17.0.10+7, mixed mode, tiered, compressed oops, compressed class ptrs, parallel gc, windows-amd64)
# No core dump will be written. Minidumps are not enabled by default on client versions of Windows
#

---------------  S U M M A R Y ------------

Command Line: --add-modules=ALL-SYSTEM --add-opens=java.base/java.util=ALL-UNNAMED --add-opens=java.base/java.lang=ALL-UNNAMED --add-opens=java.base/sun.nio.fs=ALL-UNNAMED -Declipse.application=org.eclipse.jdt.ls.core.id1 -Dosgi.bundles.defaultStartLevel=4 -Declipse.product=org.eclipse.jdt.ls.core.product -Djava.import.generatesMetadataFilesAtProjectRoot=false -DDetectVMInstallationsJob.disabled=true -Dfile.encoding=utf8 -XX:+UseParallelGC -XX:GCTimeRatio=4 -XX:AdaptiveSizePolicyWeight=90 -Dsun.zip.disableMemoryMapping=true -Xmx1G -Xms100m -Xlog:disable -javaagent:c:\Users\messi\.vscode\extensions\redhat.java-1.27.0-win32-x64\lombok\lombok-1.18.31.jar -XX:+HeapDumpOnOutOfMemoryError -XX:HeapDumpPath=c:\Users\messi\AppData\Roaming\Code\User\workspaceStorage\0b5a859c5a8d63f9846944ed71e9103e\redhat.java -Daether.dependencyCollector.impl=bf c:\Users\messi\.vscode\extensions\redhat.java-1.27.0-win32-x64\server\plugins\org.eclipse.equinox.launcher_1.6.700.v20231214-2017.jar -configuration c:\Users\messi\AppData\Roaming\Code\User\globalStorage\redhat.java\1.27.0\config_win -data c:\Users\messi\AppData\Roaming\Code\User\workspaceStorage\0b5a859c5a8d63f9846944ed71e9103e\redhat.java\jdt_ws --stdio

Host: Intel(R) Core(TM) i5-9300H CPU @ 2.40GHz, 8 cores, 15G,  Windows 11 , 64 bit Build 22621 (10.0.22621.3085)
Time: Wed Feb  7 17:14:57 2024 SE Asia Standard Time elapsed time: 8037.489749 seconds (0d 2h 13m 57s)

---------------  T H R E A D  ---------------

Current thread (0x0000021318f5c140):  JavaThread "C2 CompilerThread0" daemon [_thread_in_native, id=20364, stack(0x0000004d35c00000,0x0000004d35d00000)]


Current CompileTask:
C2:8037489 28308   !   4       org.eclipse.jdt.internal.core.search.indexing.IndexNamesRegistry::save (255 bytes)

Stack: [0x0000004d35c00000,0x0000004d35d00000]
Native frames: (J=compiled Java code, j=interpreted, Vv=VM code, C=native code)
V  [jvm.dll+0x67d2c9]
V  [jvm.dll+0x834afa]
V  [jvm.dll+0x8365be]
V  [jvm.dll+0x836c23]
V  [jvm.dll+0x2477ff]
V  [jvm.dll+0xac514]
V  [jvm.dll+0xacb5c]
V  [jvm.dll+0x366782]
V  [jvm.dll+0x1bcd86]
V  [jvm.dll+0x21a049]
V  [jvm.dll+0x219311]
V  [jvm.dll+0x1a502d]
V  [jvm.dll+0x2290de]
V  [jvm.dll+0x2272ac]
V  [jvm.dll+0x7e9bb7]
V  [jvm.dll+0x7e3fba]
V  [jvm.dll+0x67c1b5]
C  [ucrtbase.dll+0x29363]
C  [KERNEL32.DLL+0x1257d]
C  [ntdll.dll+0x5aa58]


---------------  P R O C E S S  ---------------

Threads class SMR info:
_java_thread_list=0x000002131ff8f970, length=29, elements={
0x000002137f8d2630, 0x000002137fb7dfe0, 0x0000021318f27540, 0x0000021318f52430,
0x0000021318f532b0, 0x0000021318f548d0, 0x0000021318f56da0, 0x0000021318f5c140,
0x0000021318f5f2f0, 0x0000021318f624a0, 0x0000021318f96540, 0x0000021319f5cc90,
0x000002131a147320, 0x000002131a656560, 0x000002131a580300, 0x000002131aad3f30,
0x000002131ab2d0e0, 0x000002131aaf69d0, 0x000002131aaf7900, 0x000002131aaf5080,
0x000002131aaf6ee0, 0x000002131aaf5590, 0x000002131aaf5aa0, 0x000002131d7ee340,
0x000002131d7f4d90, 0x000002131d7f01a0, 0x000002131d7efc90, 0x000002131d7ee850,
0x000002131d7f3440
}

Java Threads: ( => current thread )
  0x000002137f8d2630 JavaThread "main" [_thread_blocked, id=20136, stack(0x0000004d35300000,0x0000004d35400000)]
  0x000002137fb7dfe0 JavaThread "Reference Handler" daemon [_thread_blocked, id=20128, stack(0x0000004d35600000,0x0000004d35700000)]
  0x0000021318f27540 JavaThread "Finalizer" daemon [_thread_blocked, id=20340, stack(0x0000004d35700000,0x0000004d35800000)]
  0x0000021318f52430 JavaThread "Signal Dispatcher" daemon [_thread_blocked, id=13508, stack(0x0000004d35800000,0x0000004d35900000)]
  0x0000021318f532b0 JavaThread "Attach Listener" daemon [_thread_blocked, id=18760, stack(0x0000004d35900000,0x0000004d35a00000)]
  0x0000021318f548d0 JavaThread "Service Thread" daemon [_thread_blocked, id=20312, stack(0x0000004d35a00000,0x0000004d35b00000)]
  0x0000021318f56da0 JavaThread "Monitor Deflation Thread" daemon [_thread_blocked, id=20352, stack(0x0000004d35b00000,0x0000004d35c00000)]
=>0x0000021318f5c140 JavaThread "C2 CompilerThread0" daemon [_thread_in_native, id=20364, stack(0x0000004d35c00000,0x0000004d35d00000)]
  0x0000021318f5f2f0 JavaThread "C1 CompilerThread0" daemon [_thread_blocked, id=20284, stack(0x0000004d35d00000,0x0000004d35e00000)]
  0x0000021318f624a0 JavaThread "Sweeper thread" daemon [_thread_blocked, id=8784, stack(0x0000004d35e00000,0x0000004d35f00000)]
  0x0000021318f96540 JavaThread "Common-Cleaner" daemon [_thread_blocked, id=3120, stack(0x0000004d35f00000,0x0000004d36000000)]
  0x0000021319f5cc90 JavaThread "Notification Thread" daemon [_thread_blocked, id=2760, stack(0x0000004d36100000,0x0000004d36200000)]
  0x000002131a147320 JavaThread "Active Thread: Equinox Container: 8b545dc1-f953-437b-a6a4-3c9ae6684b0a" [_thread_blocked, id=4408, stack(0x0000004d36a00000,0x0000004d36b00000)]
  0x000002131a656560 JavaThread "Framework Event Dispatcher: Equinox Container: 8b545dc1-f953-437b-a6a4-3c9ae6684b0a" daemon [_thread_blocked, id=17580, stack(0x0000004d36300000,0x0000004d36400000)]
  0x000002131a580300 JavaThread "Start Level: Equinox Container: 8b545dc1-f953-437b-a6a4-3c9ae6684b0a" daemon [_thread_blocked, id=7548, stack(0x0000004d36b00000,0x0000004d36c00000)]
  0x000002131aad3f30 JavaThread "Bundle File Closer" daemon [_thread_blocked, id=19848, stack(0x0000004d36d00000,0x0000004d36e00000)]
  0x000002131ab2d0e0 JavaThread "SCR Component Actor" daemon [_thread_blocked, id=16536, stack(0x0000004d36000000,0x0000004d36100000)]
  0x000002131aaf69d0 JavaThread "Worker-JM" [_thread_blocked, id=20336, stack(0x0000004d36f00000,0x0000004d37000000)]
  0x000002131aaf7900 JavaThread "Java indexing" daemon [_thread_in_Java, id=17524, stack(0x0000004d37400000,0x0000004d37500000)]
  0x000002131aaf5080 JavaThread "JNA Cleaner" daemon [_thread_blocked, id=19556, stack(0x0000004d37500000,0x0000004d37600000)]
  0x000002131aaf6ee0 JavaThread "pool-2-thread-1" [_thread_blocked, id=12624, stack(0x0000004d37800000,0x0000004d37900000)]
  0x000002131aaf5590 JavaThread "WorkspaceEventsHandler" [_thread_blocked, id=20252, stack(0x0000004d37900000,0x0000004d37a00000)]
  0x000002131aaf5aa0 JavaThread "pool-1-thread-1" [_thread_in_native, id=18980, stack(0x0000004d37a00000,0x0000004d37b00000)]
  0x000002131d7ee340 JavaThread "Worker-34" [_thread_blocked, id=18748, stack(0x0000004d35100000,0x0000004d35200000)]
  0x000002131d7f4d90 JavaThread "Worker-35: Building" [_thread_in_native, id=8092, stack(0x0000004d35000000,0x0000004d35100000)]
  0x000002131d7f01a0 JavaThread "Worker-37" [_thread_blocked, id=16784, stack(0x0000004d36e00000,0x0000004d36f00000)]
  0x000002131d7efc90 JavaThread "Worker-38" [_thread_blocked, id=1516, stack(0x0000004d37000000,0x0000004d37100000)]
  0x000002131d7ee850 JavaThread "ForkJoinPool.commonPool-worker-33" daemon [_thread_blocked, id=19716, stack(0x0000004d35200000,0x0000004d35300000)]
  0x000002131d7f3440 JavaThread "ForkJoinPool.commonPool-worker-34" daemon [_thread_blocked, id=17716, stack(0x0000004d37100000,0x0000004d37200000)]

Other Threads:
  0x0000021318f10c20 VMThread "VM Thread" [stack: 0x0000004d35500000,0x0000004d35600000] [id=20068]
  0x0000021319f5d170 WatcherThread [stack: 0x0000004d36200000,0x0000004d36300000] [id=13596]
  0x000002137f8e88f0 GCTaskThread "GC Thread#0" [stack: 0x0000004d35400000,0x0000004d35500000] [id=18336]
  0x000002131a8c8b20 GCTaskThread "GC Thread#1" [stack: 0x0000004d36400000,0x0000004d36500000] [id=20032]
  0x000002131a45b040 GCTaskThread "GC Thread#2" [stack: 0x0000004d36500000,0x0000004d36600000] [id=18480]
  0x000002131a45f310 GCTaskThread "GC Thread#3" [stack: 0x0000004d36600000,0x0000004d36700000] [id=19476]
  0x000002131a45f5d0 GCTaskThread "GC Thread#4" [stack: 0x0000004d36700000,0x0000004d36800000] [id=19472]
  0x000002131a45fca0 GCTaskThread "GC Thread#5" [stack: 0x0000004d36800000,0x0000004d36900000] [id=12968]
  0x000002131a45ff60 GCTaskThread "GC Thread#6" [stack: 0x0000004d36900000,0x0000004d36a00000] [id=19484]
  0x000002137d7a8d20 GCTaskThread "GC Thread#7" [stack: 0x0000004d36c00000,0x0000004d36d00000] [id=20300]

Threads with active compile tasks:
C2 CompilerThread0  8037508 28308   !   4       org.eclipse.jdt.internal.core.search.indexing.IndexNamesRegistry::save (255 bytes)

VM state: not at safepoint (normal execution)

VM Mutex/Monitor currently owned by a thread: None

Heap address: 0x00000000c0000000, size: 1024 MB, Compressed Oops mode: 32-bit

CDS archive(s) not mapped
Compressed class space mapped at: 0x0000000100000000-0x0000000140000000, reserved size: 1073741824
Narrow klass base: 0x0000000000000000, Narrow klass shift: 3, Narrow klass range: 0x140000000

GC Precious Log:
 CPUs: 8 total, 8 available
 Memory: 16224M
 Large Page Support: Disabled
 NUMA Support: Disabled
 Compressed Oops: Enabled (32-bit)
 Alignments: Space 512K, Generation 512K, Heap 2M
 Heap Min Capacity: 100M
 Heap Initial Capacity: 100M
 Heap Max Capacity: 1G
 Pre-touch: Disabled
 Parallel Workers: 8

Heap:
 PSYoungGen      total 9728K, used 6370K [0x00000000eab00000, 0x00000000ebb00000, 0x0000000100000000)
  eden space 5120K, 39% used [0x00000000eab00000,0x00000000eacfdf10,0x00000000eb000000)
  from space 4608K, 95% used [0x00000000eb680000,0x00000000ebacc000,0x00000000ebb00000)
  to   space 5120K, 0% used [0x00000000eb100000,0x00000000eb100000,0x00000000eb600000)
 ParOldGen       total 326144K, used 251998K [0x00000000c0000000, 0x00000000d3e80000, 0x00000000eab00000)
  object space 326144K, 77% used [0x00000000c0000000,0x00000000cf6178d0,0x00000000d3e80000)
 Metaspace       used 98357K, committed 99712K, reserved 1179648K
  class space    used 9798K, committed 10368K, reserved 1048576K

Card table byte_map: [0x000002137f260000,0x000002137f470000] _byte_map_base: 0x000002137ec60000

Marking Bits: (ParMarkBitMap*) 0x00007ffb6474d7d0
 Begin Bits: [0x0000021311be0000, 0x0000021312be0000)
 End Bits:   [0x0000021312be0000, 0x0000021313be0000)

Polling page: 0x000002137d8a0000

Metaspace:

Usage:
  Non-class:     86.48 MB used.
      Class:      9.57 MB used.
       Both:     96.05 MB used.

Virtual space:
  Non-class space:      128.00 MB reserved,      87.25 MB ( 68%) committed,  2 nodes.
      Class space:        1.00 GB reserved,      10.12 MB ( <1%) committed,  1 nodes.
             Both:        1.12 GB reserved,      97.38 MB (  8%) committed. 

Chunk freelists:
   Non-Class:  8.11 MB
       Class:  5.93 MB
        Both:  14.04 MB

MaxMetaspaceSize: unlimited
CompressedClassSpaceSize: 1.00 GB
Initial GC threshold: 21.00 MB
Current GC threshold: 162.31 MB
CDS: off
MetaspaceReclaimPolicy: balanced
 - commit_granule_bytes: 65536.
 - commit_granule_words: 8192.
 - virtual_space_node_default_size: 8388608.
 - enlarge_chunks_in_place: 1.
 - new_chunks_are_fully_committed: 0.
 - uncommit_free_chunks: 1.
 - use_allocation_guard: 0.
 - handle_deallocations: 1.


Internal statistics:

num_allocs_failed_limit: 9.
num_arena_births: 1528.
num_arena_deaths: 634.
num_vsnodes_births: 3.
num_vsnodes_deaths: 0.
num_space_committed: 1560.
num_space_uncommitted: 2.
num_chunks_returned_to_freelist: 821.
num_chunks_taken_from_freelist: 6184.
num_chunk_merges: 250.
num_chunk_splits: 3505.
num_chunks_enlarged: 1928.
num_inconsistent_stats: 0.

CodeHeap 'non-profiled nmethods': size=120000Kb used=26409Kb max_used=26409Kb free=93590Kb
 bounds [0x000002130a6b0000, 0x000002130c080000, 0x0000021311be0000]
CodeHeap 'profiled nmethods': size=120000Kb used=42626Kb max_used=43694Kb free=77373Kb
 bounds [0x0000021302be0000, 0x00000213056a0000, 0x000002130a110000]
CodeHeap 'non-nmethods': size=5760Kb used=1448Kb max_used=1596Kb free=4311Kb
 bounds [0x000002130a110000, 0x000002130a380000, 0x000002130a6b0000]
 total_blobs=21121 nmethods=20323 adapters=707
 compilation: enabled
              stopped_count=0, restarted_count=0
 full_count=0

Compilation events (20 events):
Event: 8030.701 Thread 0x0000021318f5c140 nmethod 28301 0x000002130c078890 code [0x000002130c078a20, 0x000002130c078b48]
Event: 8030.701 Thread 0x0000021318f5f2f0 28302       3       org.eclipse.jdt.core.dom.ASTSyntaxErrorPropagator::visit (6 bytes)
Event: 8030.701 Thread 0x0000021318f5f2f0 nmethod 28302 0x0000021304905110 code [0x00000213049052a0, 0x00000213049053e8]
Event: 8030.701 Thread 0x0000021318f5f2f0 28303       3       org.eclipse.jdt.internal.compiler.util.HashtableOfObjectToIntArray::<init> (7 bytes)
Event: 8030.701 Thread 0x0000021318f5f2f0 nmethod 28303 0x00000213049a7910 code [0x00000213049a7aa0, 0x00000213049a7be8]
Event: 8030.738 Thread 0x0000021318f5c140 28304       4       org.eclipse.jdt.internal.corext.refactoring.util.RefactoringASTParser::getCompilerOptions (139 bytes)
Event: 8030.746 Thread 0x0000021318f5f2f0 28305       3       org.eclipse.jdt.internal.compiler.ast.Statement::analyseArguments (419 bytes)
Event: 8030.748 Thread 0x0000021318f5f2f0 nmethod 28305 0x0000021304ac0790 code [0x0000021304ac0ae0, 0x0000021304ac26e8]
Event: 8030.748 Thread 0x0000021318f5f2f0 28306       3       java.util.DualPivotQuicksort::sort (77 bytes)
Event: 8030.748 Thread 0x0000021318f5f2f0 nmethod 28306 0x0000021304917f90 code [0x0000021304918180, 0x0000021304918668]
Event: 8030.751 Thread 0x0000021318f5c140 nmethod 28304 0x000002130c078d10 code [0x000002130c078f40, 0x000002130c079b30]
Event: 8030.751 Thread 0x0000021318f5c140 28307       4       org.eclipse.jdt.internal.corext.dom.GenericVisitor::endVisit (6 bytes)
Event: 8030.751 Thread 0x0000021318f5c140 nmethod 28307 0x000002130c07a210 code [0x000002130c07a380, 0x000002130c07a3f8]
Event: 8037.177 Thread 0x0000021318f5c140 28308   !   4       org.eclipse.jdt.internal.core.search.indexing.IndexNamesRegistry::save (255 bytes)
Event: 8037.425 Thread 0x0000021318f5f2f0 28311       3       org.eclipse.jdt.internal.compiler.lookup.ParameterizedGenericMethodBinding::substitute (52 bytes)
Event: 8037.425 Thread 0x0000021318f5f2f0 nmethod 28311 0x0000021303cb3690 code [0x0000021303cb3860, 0x0000021303cb3b78]
Event: 8037.432 Thread 0x0000021318f5f2f0 28312       3       org.eclipse.jdt.internal.compiler.lookup.PackageBinding::checkIfAnalysisAnnotationType (193 bytes)
Event: 8037.432 Thread 0x0000021318f5f2f0 nmethod 28312 0x0000021304ab7e90 code [0x0000021304ab80e0, 0x0000021304ab8ad8]
Event: 8037.435 Thread 0x0000021318f5f2f0 28314       3       org.eclipse.jdt.internal.compiler.flow.UnconditionalFlowInfo::nullInfoLessUnconditionalCopy (236 bytes)
Event: 8037.436 Thread 0x0000021318f5f2f0 nmethod 28314 0x000002130494fb90 code [0x000002130494fe20, 0x0000021304950c58]

GC Heap History (20 events):
Event: 8030.741 GC heap before
{Heap before GC invocations=7231 (full 238):
 PSYoungGen      total 7168K, used 7066K [0x00000000eab00000, 0x00000000eb600000, 0x0000000100000000)
  eden space 6144K, 100% used [0x00000000eab00000,0x00000000eb100000,0x00000000eb100000)
  from space 1024K, 90% used [0x00000000eb100000,0x00000000eb1e6a98,0x00000000eb200000)
  to   space 2560K, 0% used [0x00000000eb380000,0x00000000eb380000,0x00000000eb600000)
 ParOldGen       total 321024K, used 310401K [0x00000000c0000000, 0x00000000d3980000, 0x00000000eab00000)
  object space 321024K, 96% used [0x00000000c0000000,0x00000000d2f205b8,0x00000000d3980000)
 Metaspace       used 98368K, committed 99712K, reserved 1179648K
  class space    used 9801K, committed 10368K, reserved 1048576K
}
Event: 8030.743 GC heap after
{Heap after GC invocations=7231 (full 238):
 PSYoungGen      total 8704K, used 548K [0x00000000eab00000, 0x00000000eb480000, 0x0000000100000000)
  eden space 7680K, 0% used [0x00000000eab00000,0x00000000eab00000,0x00000000eb280000)
  from space 1024K, 53% used [0x00000000eb380000,0x00000000eb409210,0x00000000eb480000)
  to   space 1024K, 0% used [0x00000000eb280000,0x00000000eb280000,0x00000000eb380000)
 ParOldGen       total 321024K, used 310525K [0x00000000c0000000, 0x00000000d3980000, 0x00000000eab00000)
  object space 321024K, 96% used [0x00000000c0000000,0x00000000d2f3f7b8,0x00000000d3980000)
 Metaspace       used 98368K, committed 99712K, reserved 1179648K
  class space    used 9801K, committed 10368K, reserved 1048576K
}
Event: 8037.184 GC heap before
{Heap before GC invocations=7232 (full 238):
 PSYoungGen      total 8704K, used 8228K [0x00000000eab00000, 0x00000000eb480000, 0x0000000100000000)
  eden space 7680K, 100% used [0x00000000eab00000,0x00000000eb280000,0x00000000eb280000)
  from space 1024K, 53% used [0x00000000eb380000,0x00000000eb409210,0x00000000eb480000)
  to   space 1024K, 0% used [0x00000000eb280000,0x00000000eb280000,0x00000000eb380000)
 ParOldGen       total 321024K, used 310525K [0x00000000c0000000, 0x00000000d3980000, 0x00000000eab00000)
  object space 321024K, 96% used [0x00000000c0000000,0x00000000d2f3f7b8,0x00000000d3980000)
 Metaspace       used 98368K, committed 99712K, reserved 1179648K
  class space    used 9801K, committed 10368K, reserved 1048576K
}
Event: 8037.188 GC heap after
{Heap after GC invocations=7232 (full 238):
 PSYoungGen      total 8704K, used 1013K [0x00000000eab00000, 0x00000000ebc80000, 0x0000000100000000)
  eden space 7680K, 0% used [0x00000000eab00000,0x00000000eab00000,0x00000000eb280000)
  from space 1024K, 99% used [0x00000000eb280000,0x00000000eb37d758,0x00000000eb380000)
  to   space 5120K, 0% used [0x00000000eb780000,0x00000000eb780000,0x00000000ebc80000)
 ParOldGen       total 321024K, used 313912K [0x00000000c0000000, 0x00000000d3980000, 0x00000000eab00000)
  object space 321024K, 97% used [0x00000000c0000000,0x00000000d328e130,0x00000000d3980000)
 Metaspace       used 98368K, committed 99712K, reserved 1179648K
  class space    used 9801K, committed 10368K, reserved 1048576K
}
Event: 8037.202 GC heap before
{Heap before GC invocations=7233 (full 238):
 PSYoungGen      total 8704K, used 8693K [0x00000000eab00000, 0x00000000ebc80000, 0x0000000100000000)
  eden space 7680K, 100% used [0x00000000eab00000,0x00000000eb280000,0x00000000eb280000)
  from space 1024K, 99% used [0x00000000eb280000,0x00000000eb37d758,0x00000000eb380000)
  to   space 5120K, 0% used [0x00000000eb780000,0x00000000eb780000,0x00000000ebc80000)
 ParOldGen       total 321024K, used 313912K [0x00000000c0000000, 0x00000000d3980000, 0x00000000eab00000)
  object space 321024K, 97% used [0x00000000c0000000,0x00000000d328e130,0x00000000d3980000)
 Metaspace       used 98368K, committed 99712K, reserved 1179648K
  class space    used 9801K, committed 10368K, reserved 1048576K
}
Event: 8037.208 GC heap after
{Heap after GC invocations=7233 (full 238):
 PSYoungGen      total 8192K, used 5120K [0x00000000eab00000, 0x00000000ec700000, 0x0000000100000000)
  eden space 3072K, 0% used [0x00000000eab00000,0x00000000eab00000,0x00000000eae00000)
  from space 5120K, 100% used [0x00000000eb780000,0x00000000ebc80000,0x00000000ebc80000)
  to   space 9728K, 0% used [0x00000000eae00000,0x00000000eae00000,0x00000000eb780000)
 ParOldGen       total 321024K, used 317470K [0x00000000c0000000, 0x00000000d3980000, 0x00000000eab00000)
  object space 321024K, 98% used [0x00000000c0000000,0x00000000d3607888,0x00000000d3980000)
 Metaspace       used 98368K, committed 99712K, reserved 1179648K
  class space    used 9801K, committed 10368K, reserved 1048576K
}
Event: 8037.208 GC heap before
{Heap before GC invocations=7234 (full 239):
 PSYoungGen      total 8192K, used 5120K [0x00000000eab00000, 0x00000000ec700000, 0x0000000100000000)
  eden space 3072K, 0% used [0x00000000eab00000,0x00000000eab00000,0x00000000eae00000)
  from space 5120K, 100% used [0x00000000eb780000,0x00000000ebc80000,0x00000000ebc80000)
  to   space 9728K, 0% used [0x00000000eae00000,0x00000000eae00000,0x00000000eb780000)
 ParOldGen       total 321024K, used 317470K [0x00000000c0000000, 0x00000000d3980000, 0x00000000eab00000)
  object space 321024K, 98% used [0x00000000c0000000,0x00000000d3607888,0x00000000d3980000)
 Metaspace       used 98368K, committed 99712K, reserved 1179648K
  class space    used 9801K, committed 10368K, reserved 1048576K
}
Event: 8037.360 GC heap after
{Heap after GC invocations=7234 (full 239):
 PSYoungGen      total 12800K, used 0K [0x00000000eab00000, 0x00000000ec200000, 0x0000000100000000)
  eden space 3072K, 0% used [0x00000000eab00000,0x00000000eab00000,0x00000000eae00000)
  from space 9728K, 0% used [0x00000000eae00000,0x00000000eae00000,0x00000000eb780000)
  to   space 9728K, 0% used [0x00000000eb880000,0x00000000eb880000,0x00000000ec200000)
 ParOldGen       total 326144K, used 204972K [0x00000000c0000000, 0x00000000d3e80000, 0x00000000eab00000)
  object space 326144K, 62% used [0x00000000c0000000,0x00000000cc82b098,0x00000000d3e80000)
 Metaspace       used 98356K, committed 99712K, reserved 1179648K
  class space    used 9798K, committed 10368K, reserved 1048576K
}
Event: 8037.382 GC heap before
{Heap before GC invocations=7235 (full 239):
 PSYoungGen      total 12800K, used 3072K [0x00000000eab00000, 0x00000000ec200000, 0x0000000100000000)
  eden space 3072K, 100% used [0x00000000eab00000,0x00000000eae00000,0x00000000eae00000)
  from space 9728K, 0% used [0x00000000eae00000,0x00000000eae00000,0x00000000eb780000)
  to   space 9728K, 0% used [0x00000000eb880000,0x00000000eb880000,0x00000000ec200000)
 ParOldGen       total 326144K, used 204972K [0x00000000c0000000, 0x00000000d3e80000, 0x00000000eab00000)
  object space 326144K, 62% used [0x00000000c0000000,0x00000000cc82b098,0x00000000d3e80000)
 Metaspace       used 98356K, committed 99712K, reserved 1179648K
  class space    used 9798K, committed 10368K, reserved 1048576K
}
Event: 8037.383 GC heap after
{Heap after GC invocations=7235 (full 239):
 PSYoungGen      total 6144K, used 2656K [0x00000000eab00000, 0x00000000ebb80000, 0x0000000100000000)
  eden space 3072K, 0% used [0x00000000eab00000,0x00000000eab00000,0x00000000eae00000)
  from space 3072K, 86% used [0x00000000eb880000,0x00000000ebb18000,0x00000000ebb80000)
  to   space 5120K, 0% used [0x00000000eb180000,0x00000000eb180000,0x00000000eb680000)
 ParOldGen       total 326144K, used 204972K [0x00000000c0000000, 0x00000000d3e80000, 0x00000000eab00000)
  object space 326144K, 62% used [0x00000000c0000000,0x00000000cc82b098,0x00000000d3e80000)
 Metaspace       used 98356K, committed 99712K, reserved 1179648K
  class space    used 9798K, committed 10368K, reserved 1048576K
}
Event: 8037.391 GC heap before
{Heap before GC invocations=7236 (full 239):
 PSYoungGen      total 6144K, used 5439K [0x00000000eab00000, 0x00000000ebb80000, 0x0000000100000000)
  eden space 3072K, 90% used [0x00000000eab00000,0x00000000eadb7eb8,0x00000000eae00000)
  from space 3072K, 86% used [0x00000000eb880000,0x00000000ebb18000,0x00000000ebb80000)
  to   space 5120K, 0% used [0x00000000eb180000,0x00000000eb180000,0x00000000eb680000)
 ParOldGen       total 326144K, used 204972K [0x00000000c0000000, 0x00000000d3e80000, 0x00000000eab00000)
  object space 326144K, 62% used [0x00000000c0000000,0x00000000cc82b098,0x00000000d3e80000)
 Metaspace       used 98356K, committed 99712K, reserved 1179648K
  class space    used 9798K, committed 10368K, reserved 1048576K
}
Event: 8037.394 GC heap after
{Heap after GC invocations=7236 (full 239):
 PSYoungGen      total 6656K, used 2397K [0x00000000eab00000, 0x00000000eb900000, 0x0000000100000000)
  eden space 4096K, 0% used [0x00000000eab00000,0x00000000eab00000,0x00000000eaf00000)
  from space 2560K, 93% used [0x00000000eb180000,0x00000000eb3d7598,0x00000000eb400000)
  to   space 3072K, 0% used [0x00000000eb600000,0x00000000eb600000,0x00000000eb900000)
 ParOldGen       total 326144K, used 207532K [0x00000000c0000000, 0x00000000d3e80000, 0x00000000eab00000)
  object space 326144K, 63% used [0x00000000c0000000,0x00000000ccaab098,0x00000000d3e80000)
 Metaspace       used 98356K, committed 99712K, reserved 1179648K
  class space    used 9798K, committed 10368K, reserved 1048576K
}
Event: 8037.401 GC heap before
{Heap before GC invocations=7237 (full 239):
 PSYoungGen      total 6656K, used 6077K [0x00000000eab00000, 0x00000000eb900000, 0x0000000100000000)
  eden space 4096K, 89% used [0x00000000eab00000,0x00000000eae981e8,0x00000000eaf00000)
  from space 2560K, 93% used [0x00000000eb180000,0x00000000eb3d7598,0x00000000eb400000)
  to   space 3072K, 0% used [0x00000000eb600000,0x00000000eb600000,0x00000000eb900000)
 ParOldGen       total 326144K, used 207532K [0x00000000c0000000, 0x00000000d3e80000, 0x00000000eab00000)
  object space 326144K, 63% used [0x00000000c0000000,0x00000000ccaab098,0x00000000d3e80000)
 Metaspace       used 98356K, committed 99712K, reserved 1179648K
  class space    used 9798K, committed 10368K, reserved 1048576K
}
Event: 8037.403 GC heap after
{Heap after GC invocations=7237 (full 239):
 PSYoungGen      total 8192K, used 3044K [0x00000000eab00000, 0x00000000ebc00000, 0x0000000100000000)
  eden space 5120K, 0% used [0x00000000eab00000,0x00000000eab00000,0x00000000eb000000)
  from space 3072K, 99% used [0x00000000eb600000,0x00000000eb8f93c8,0x00000000eb900000)
  to   space 6144K, 0% used [0x00000000eb000000,0x00000000eb000000,0x00000000eb600000)
 ParOldGen       total 326144K, used 210055K [0x00000000c0000000, 0x00000000d3e80000, 0x00000000eab00000)
  object space 326144K, 64% used [0x00000000c0000000,0x00000000ccd21d90,0x00000000d3e80000)
 Metaspace       used 98356K, committed 99712K, reserved 1179648K
  class space    used 9798K, committed 10368K, reserved 1048576K
}
Event: 8037.421 GC heap before
{Heap before GC invocations=7238 (full 239):
 PSYoungGen      total 8192K, used 8164K [0x00000000eab00000, 0x00000000ebc00000, 0x0000000100000000)
  eden space 5120K, 100% used [0x00000000eab00000,0x00000000eb000000,0x00000000eb000000)
  from space 3072K, 99% used [0x00000000eb600000,0x00000000eb8f93c8,0x00000000eb900000)
  to   space 6144K, 0% used [0x00000000eb000000,0x00000000eb000000,0x00000000eb600000)
 ParOldGen       total 326144K, used 210055K [0x00000000c0000000, 0x00000000d3e80000, 0x00000000eab00000)
  object space 326144K, 64% used [0x00000000c0000000,0x00000000ccd21d90,0x00000000d3e80000)
 Metaspace       used 98356K, committed 99712K, reserved 1179648K
  class space    used 9798K, committed 10368K, reserved 1048576K
}
Event: 8037.423 GC heap after
{Heap after GC invocations=7238 (full 239):
 PSYoungGen      total 8192K, used 3000K [0x00000000eab00000, 0x00000000eb800000, 0x0000000100000000)
  eden space 5120K, 0% used [0x00000000eab00000,0x00000000eab00000,0x00000000eb000000)
  from space 3072K, 97% used [0x00000000eb000000,0x00000000eb2ee000,0x00000000eb300000)
  to   space 4096K, 0% used [0x00000000eb400000,0x00000000eb400000,0x00000000eb800000)
 ParOldGen       total 326144K, used 212813K [0x00000000c0000000, 0x00000000d3e80000, 0x00000000eab00000)
  object space 326144K, 65% used [0x00000000c0000000,0x00000000ccfd37d8,0x00000000d3e80000)
 Metaspace       used 98356K, committed 99712K, reserved 1179648K
  class space    used 9798K, committed 10368K, reserved 1048576K
}
Event: 8037.460 GC heap before
{Heap before GC invocations=7239 (full 239):
 PSYoungGen      total 8192K, used 8117K [0x00000000eab00000, 0x00000000eb800000, 0x0000000100000000)
  eden space 5120K, 99% used [0x00000000eab00000,0x00000000eafff578,0x00000000eb000000)
  from space 3072K, 97% used [0x00000000eb000000,0x00000000eb2ee000,0x00000000eb300000)
  to   space 4096K, 0% used [0x00000000eb400000,0x00000000eb400000,0x00000000eb800000)
 ParOldGen       total 326144K, used 243534K [0x00000000c0000000, 0x00000000d3e80000, 0x00000000eab00000)
  object space 326144K, 74% used [0x00000000c0000000,0x00000000cedd3808,0x00000000d3e80000)
 Metaspace       used 98357K, committed 99712K, reserved 1179648K
  class space    used 9798K, committed 10368K, reserved 1048576K
}
Event: 8037.463 GC heap after
{Heap after GC invocations=7239 (full 239):
 PSYoungGen      total 6144K, used 736K [0x00000000eab00000, 0x00000000eb500000, 0x0000000100000000)
  eden space 5120K, 0% used [0x00000000eab00000,0x00000000eab00000,0x00000000eb000000)
  from space 1024K, 71% used [0x00000000eb400000,0x00000000eb4b8000,0x00000000eb500000)
  to   space 2048K, 0% used [0x00000000eb100000,0x00000000eb100000,0x00000000eb300000)
 ParOldGen       total 326144K, used 246334K [0x00000000c0000000, 0x00000000d3e80000, 0x00000000eab00000)
  object space 326144K, 75% used [0x00000000c0000000,0x00000000cf08f808,0x00000000d3e80000)
 Metaspace       used 98357K, committed 99712K, reserved 1179648K
  class space    used 9798K, committed 10368K, reserved 1048576K
}
Event: 8037.471 GC heap before
{Heap before GC invocations=7240 (full 239):
 PSYoungGen      total 6144K, used 5855K [0x00000000eab00000, 0x00000000eb500000, 0x0000000100000000)
  eden space 5120K, 99% used [0x00000000eab00000,0x00000000eaffffd0,0x00000000eb000000)
  from space 1024K, 71% used [0x00000000eb400000,0x00000000eb4b8000,0x00000000eb500000)
  to   space 2048K, 0% used [0x00000000eb100000,0x00000000eb100000,0x00000000eb300000)
 ParOldGen       total 326144K, used 246334K [0x00000000c0000000, 0x00000000d3e80000, 0x00000000eab00000)
  object space 326144K, 75% used [0x00000000c0000000,0x00000000cf08f808,0x00000000d3e80000)
 Metaspace       used 98357K, committed 99712K, reserved 1179648K
  class space    used 9798K, committed 10368K, reserved 1048576K
}
Event: 8037.473 GC heap after
{Heap after GC invocations=7240 (full 239):
 PSYoungGen      total 7168K, used 2037K [0x00000000eab00000, 0x00000000ebd00000, 0x0000000100000000)
  eden space 5120K, 0% used [0x00000000eab00000,0x00000000eab00000,0x00000000eb000000)
  from space 2048K, 99% used [0x00000000eb100000,0x00000000eb2fd5b0,0x00000000eb300000)
  to   space 6656K, 0% used [0x00000000eb680000,0x00000000eb680000,0x00000000ebd00000)
 ParOldGen       total 326144K, used 249920K [0x00000000c0000000, 0x00000000d3e80000, 0x00000000eab00000)
  object space 326144K, 76% used [0x00000000c0000000,0x00000000cf410320,0x00000000d3e80000)
 Metaspace       used 98357K, committed 99712K, reserved 1179648K
  class space    used 9798K, committed 10368K, reserved 1048576K
}

Dll operation events (12 events):
Event: 0.007 Loaded shared library c:\Users\messi\.vscode\extensions\redhat.java-1.27.0-win32-x64\jre\17.0.10-win32-x86_64\bin\java.dll
Event: 0.179 Loaded shared library c:\Users\messi\.vscode\extensions\redhat.java-1.27.0-win32-x64\jre\17.0.10-win32-x86_64\bin\zip.dll
Event: 0.182 Loaded shared library C:\Users\messi\.vscode\extensions\redhat.java-1.27.0-win32-x64\jre\17.0.10-win32-x86_64\bin\instrument.dll
Event: 0.199 Loaded shared library C:\Users\messi\.vscode\extensions\redhat.java-1.27.0-win32-x64\jre\17.0.10-win32-x86_64\bin\net.dll
Event: 0.201 Loaded shared library C:\Users\messi\.vscode\extensions\redhat.java-1.27.0-win32-x64\jre\17.0.10-win32-x86_64\bin\nio.dll
Event: 0.207 Loaded shared library C:\Users\messi\.vscode\extensions\redhat.java-1.27.0-win32-x64\jre\17.0.10-win32-x86_64\bin\zip.dll
Event: 0.224 Loaded shared library C:\Users\messi\.vscode\extensions\redhat.java-1.27.0-win32-x64\jre\17.0.10-win32-x86_64\bin\jimage.dll
Event: 0.291 Loaded shared library c:\Users\messi\.vscode\extensions\redhat.java-1.27.0-win32-x64\jre\17.0.10-win32-x86_64\bin\verify.dll
Event: 2.868 Loaded shared library C:\Users\messi\AppData\Roaming\Code\User\globalStorage\redhat.java\1.27.0\config_win\org.eclipse.equinox.launcher\org.eclipse.equinox.launcher.win32.win32.x86_64_1.2.900.v20240129-1338\eclipse_11900.dll
Event: 6.182 Loaded shared library C:\Users\messi\AppData\Local\Temp\jna-103786865\jna9195822531901009206.dll
Event: 149.616 Loaded shared library C:\Users\messi\.vscode\extensions\redhat.java-1.27.0-win32-x64\jre\17.0.10-win32-x86_64\bin\sunmscapi.dll
Event: 149.875 Loaded shared library C:\Users\messi\.vscode\extensions\redhat.java-1.27.0-win32-x64\jre\17.0.10-win32-x86_64\bin\extnet.dll

Deoptimization events (20 events):
Event: 8029.631 Thread 0x000002131d7ef270 DEOPT PACKING pc=0x000002130bd80250 sp=0x0000004d352fed40
Event: 8029.631 Thread 0x000002131d7ef270 DEOPT UNPACKING pc=0x000002130a1666a3 sp=0x0000004d352fec88 mode 2
Event: 8029.633 Thread 0x000002131d7ef270 Uncommon trap: trap_request=0xffffffbe fr.pc=0x000002130bde0e9c relative=0x0000000000001b7c
Event: 8029.633 Thread 0x000002131d7ef270 Uncommon trap: reason=profile_predicate action=maybe_recompile pc=0x000002130bde0e9c method=org.eclipse.jdt.internal.compiler.lookup.MethodVerifier15.checkMethods()V @ 771 c2
Event: 8029.633 Thread 0x000002131d7ef270 DEOPT PACKING pc=0x000002130bde0e9c sp=0x0000004d352ff0a0
Event: 8029.633 Thread 0x000002131d7ef270 DEOPT UNPACKING pc=0x000002130a1666a3 sp=0x0000004d352ff050 mode 2
Event: 8030.003 Thread 0x000002131d7f01a0 DEOPT PACKING pc=0x00000213046c2acc sp=0x0000004d36efe930
Event: 8030.003 Thread 0x000002131d7f01a0 DEOPT UNPACKING pc=0x000002130a166e43 sp=0x0000004d36efde38 mode 0
Event: 8030.738 Thread 0x000002131d7ee850 DEOPT PACKING pc=0x0000021304d3a457 sp=0x0000004d352fec90
Event: 8030.738 Thread 0x000002131d7ee850 DEOPT UNPACKING pc=0x000002130a166e43 sp=0x0000004d352fe120 mode 0
Event: 8037.177 Thread 0x000002131d7efc90 DEOPT PACKING pc=0x00000213040a90d7 sp=0x0000004d370ff470
Event: 8037.177 Thread 0x000002131d7efc90 DEOPT UNPACKING pc=0x000002130a166e43 sp=0x0000004d370fe990 mode 0
Event: 8037.418 Thread 0x000002131d7f4d90 Uncommon trap: trap_request=0xffffff45 fr.pc=0x000002130b5ad388 relative=0x0000000000000648
Event: 8037.418 Thread 0x000002131d7f4d90 Uncommon trap: reason=unstable_if action=reinterpret pc=0x000002130b5ad388 method=org.eclipse.jdt.internal.compiler.lookup.PackageBinding.checkIfAnalysisAnnotationType(Lorg/eclipse/jdt/internal/compiler/lookup/ReferenceBinding;)V @ 43 c2
Event: 8037.418 Thread 0x000002131d7f4d90 DEOPT PACKING pc=0x000002130b5ad388 sp=0x0000004d350fc770
Event: 8037.418 Thread 0x000002131d7f4d90 DEOPT UNPACKING pc=0x000002130a1666a3 sp=0x0000004d350fc710 mode 2
Event: 8037.424 Thread 0x000002131d7f52a0 Uncommon trap: trap_request=0xffffffbe fr.pc=0x000002130bde0e9c relative=0x0000000000001b7c
Event: 8037.424 Thread 0x000002131d7f52a0 Uncommon trap: reason=profile_predicate action=maybe_recompile pc=0x000002130bde0e9c method=org.eclipse.jdt.internal.compiler.lookup.MethodVerifier15.checkMethods()V @ 771 c2
Event: 8037.424 Thread 0x000002131d7f52a0 DEOPT PACKING pc=0x000002130bde0e9c sp=0x0000004d372fee50
Event: 8037.424 Thread 0x000002131d7f52a0 DEOPT UNPACKING pc=0x000002130a1666a3 sp=0x0000004d372fee00 mode 2

Classes unloaded (20 events):
Event: 6161.204 Thread 0x0000021318f10c20 Unloading class 0x00000001009e9400 'java/lang/invoke/LambdaForm$MH+0x00000001009e9400'
Event: 6161.204 Thread 0x0000021318f10c20 Unloading class 0x00000001009e9000 'java/lang/invoke/LambdaForm$MH+0x00000001009e9000'
Event: 6161.204 Thread 0x0000021318f10c20 Unloading class 0x00000001009e8c00 'java/lang/invoke/LambdaForm$MH+0x00000001009e8c00'
Event: 6161.204 Thread 0x0000021318f10c20 Unloading class 0x0000000100891800 'java/lang/invoke/LambdaForm$MH+0x0000000100891800'
Event: 6161.204 Thread 0x0000021318f10c20 Unloading class 0x0000000100303400 'java/lang/invoke/LambdaForm$MH+0x0000000100303400'
Event: 6161.204 Thread 0x0000021318f10c20 Unloading class 0x00000001005b4400 'java/lang/invoke/LambdaForm$MH+0x00000001005b4400'
Event: 6345.455 Thread 0x0000021318f10c20 Unloading class 0x00000001002d4c00 'java/lang/invoke/LambdaForm$MH+0x00000001002d4c00'
Event: 6345.455 Thread 0x0000021318f10c20 Unloading class 0x00000001002d4800 'java/lang/invoke/LambdaForm$MH+0x00000001002d4800'
Event: 6345.455 Thread 0x0000021318f10c20 Unloading class 0x0000000100302c00 'java/lang/invoke/LambdaForm$MH+0x0000000100302c00'
Event: 6345.455 Thread 0x0000021318f10c20 Unloading class 0x0000000100302800 'java/lang/invoke/LambdaForm$MH+0x0000000100302800'
Event: 6345.455 Thread 0x0000021318f10c20 Unloading class 0x0000000100892400 'java/lang/invoke/LambdaForm$MH+0x0000000100892400'
Event: 6345.455 Thread 0x0000021318f10c20 Unloading class 0x0000000100892000 'java/lang/invoke/LambdaForm$MH+0x0000000100892000'
Event: 6345.455 Thread 0x0000021318f10c20 Unloading class 0x0000000100311000 'java/lang/invoke/LambdaForm$MH+0x0000000100311000'
Event: 6416.888 Thread 0x0000021318f10c20 Unloading class 0x0000000100a13c00 'jdk/internal/reflect/GeneratedConstructorAccessor54'
Event: 8037.260 Thread 0x0000021318f10c20 Unloading class 0x00000001002d4c00 'java/lang/invoke/LambdaForm$MH+0x00000001002d4c00'
Event: 8037.260 Thread 0x0000021318f10c20 Unloading class 0x00000001002d4800 'java/lang/invoke/LambdaForm$MH+0x00000001002d4800'
Event: 8037.260 Thread 0x0000021318f10c20 Unloading class 0x00000001005b4400 'java/lang/invoke/LambdaForm$MH+0x00000001005b4400'
Event: 8037.260 Thread 0x0000021318f10c20 Unloading class 0x0000000100303400 'java/lang/invoke/LambdaForm$MH+0x0000000100303400'
Event: 8037.260 Thread 0x0000021318f10c20 Unloading class 0x0000000100891800 'java/lang/invoke/LambdaForm$MH+0x0000000100891800'
Event: 8037.260 Thread 0x0000021318f10c20 Unloading class 0x00000001009e8c00 'java/lang/invoke/LambdaForm$MH+0x00000001009e8c00'

Classes redefined (0 events):
No events

Internal exceptions (20 events):
Event: 6446.214 Thread 0x000002131aaf7900 Exception <a 'sun/nio/fs/WindowsException'{0x00000000eac531f0}> (0x00000000eac531f0) 
thrown [s\src\hotspot\share\prims\jni.cpp, line 516]
Event: 6448.332 Thread 0x000002131aaf7900 Exception <a 'sun/nio/fs/WindowsException'{0x00000000eae62618}> (0x00000000eae62618) 
thrown [s\src\hotspot\share\prims\jni.cpp, line 516]
Event: 6448.529 Thread 0x000002131aaf7900 Exception <a 'sun/nio/fs/WindowsException'{0x00000000ead58df8}> (0x00000000ead58df8) 
thrown [s\src\hotspot\share\prims\jni.cpp, line 516]
Event: 6450.656 Thread 0x000002131aaf7900 Exception <a 'sun/nio/fs/WindowsException'{0x00000000eafe81c0}> (0x00000000eafe81c0) 
thrown [s\src\hotspot\share\prims\jni.cpp, line 516]
Event: 6450.939 Thread 0x000002131aaf7900 Exception <a 'sun/nio/fs/WindowsException'{0x00000000eb3c2878}> (0x00000000eb3c2878) 
thrown [s\src\hotspot\share\prims\jni.cpp, line 516]
Event: 6452.007 Thread 0x000002131aaf7900 Exception <a 'sun/nio/fs/WindowsException'{0x00000000eb6e42e8}> (0x00000000eb6e42e8) 
thrown [s\src\hotspot\share\prims\jni.cpp, line 516]
Event: 6452.165 Thread 0x000002131aaf7900 Exception <a 'sun/nio/fs/WindowsException'{0x00000000eac7fa70}> (0x00000000eac7fa70) 
thrown [s\src\hotspot\share\prims\jni.cpp, line 516]
Event: 6453.474 Thread 0x000002131aaf7900 Exception <a 'sun/nio/fs/WindowsException'{0x00000000eb3dd4c8}> (0x00000000eb3dd4c8) 
thrown [s\src\hotspot\share\prims\jni.cpp, line 516]
Event: 6453.619 Thread 0x000002131aaf7900 Exception <a 'sun/nio/fs/WindowsException'{0x00000000eaffb128}> (0x00000000eaffb128) 
thrown [s\src\hotspot\share\prims\jni.cpp, line 516]
Event: 6457.547 Thread 0x000002131aaf7900 Exception <a 'sun/nio/fs/WindowsException'{0x00000000eac22e68}> (0x00000000eac22e68) 
thrown [s\src\hotspot\share\prims\jni.cpp, line 516]
Event: 6457.760 Thread 0x000002131aaf7900 Exception <a 'sun/nio/fs/WindowsException'{0x00000000eac74870}> (0x00000000eac74870) 
thrown [s\src\hotspot\share\prims\jni.cpp, line 516]
Event: 6458.461 Thread 0x000002131d7ee850 Implicit null exception at 0x000002130b1f8249 to 0x000002130b1fa1b4
Event: 6458.766 Thread 0x000002131d7ee850 Exception <a 'java/lang/ArrayIndexOutOfBoundsException'{0x00000000eab0db50}> (0x00000000eab0db50) 
thrown [s\src\hotspot\share\runtime\sharedRuntime.cpp, line 631]
Event: 6460.557 Thread 0x000002131aaf7900 Exception <a 'sun/nio/fs/WindowsException'{0x00000000eae0eef0}> (0x00000000eae0eef0) 
thrown [s\src\hotspot\share\prims\jni.cpp, line 516]
Event: 6460.867 Thread 0x000002131aaf7900 Exception <a 'sun/nio/fs/WindowsException'{0x00000000eab75a58}> (0x00000000eab75a58) 
thrown [s\src\hotspot\share\prims\jni.cpp, line 516]
Event: 6461.885 Thread 0x000002131aaf7900 Exception <a 'sun/nio/fs/WindowsException'{0x00000000eae3d8a0}> (0x00000000eae3d8a0) 
thrown [s\src\hotspot\share\prims\jni.cpp, line 516]
Event: 6462.047 Thread 0x000002131aaf7900 Exception <a 'sun/nio/fs/WindowsException'{0x00000000eac7b2d0}> (0x00000000eac7b2d0) 
thrown [s\src\hotspot\share\prims\jni.cpp, line 516]
Event: 8029.463 Thread 0x000002131aaf7900 Exception <a 'sun/nio/fs/WindowsException'{0x00000000eadf2a90}> (0x00000000eadf2a90) 
thrown [s\src\hotspot\share\prims\jni.cpp, line 516]
Event: 8029.640 Thread 0x000002131aaf7900 Exception <a 'sun/nio/fs/WindowsException'{0x00000000eab68530}> (0x00000000eab68530) 
thrown [s\src\hotspot\share\prims\jni.cpp, line 516]
Event: 8037.176 Thread 0x000002131aaf7900 Exception <a 'sun/nio/fs/WindowsException'{0x00000000eaed31f0}> (0x00000000eaed31f0) 
thrown [s\src\hotspot\share\prims\jni.cpp, line 516]

VM Operations (20 events):
Event: 8030.729 Executing VM operation: ParallelGCFailedAllocation
Event: 8030.733 Executing VM operation: ParallelGCFailedAllocation done
Event: 8030.741 Executing VM operation: ParallelGCFailedAllocation
Event: 8030.743 Executing VM operation: ParallelGCFailedAllocation done
Event: 8037.184 Executing VM operation: ParallelGCFailedAllocation
Event: 8037.188 Executing VM operation: ParallelGCFailedAllocation done
Event: 8037.202 Executing VM operation: ParallelGCFailedAllocation
Event: 8037.360 Executing VM operation: ParallelGCFailedAllocation done
Event: 8037.365 Executing VM operation: ParallelGCFailedAllocation
Event: 8037.384 Executing VM operation: ParallelGCFailedAllocation done
Event: 8037.391 Executing VM operation: ParallelGCFailedAllocation
Event: 8037.394 Executing VM operation: ParallelGCFailedAllocation done
Event: 8037.401 Executing VM operation: ParallelGCFailedAllocation
Event: 8037.403 Executing VM operation: ParallelGCFailedAllocation done
Event: 8037.420 Executing VM operation: ParallelGCFailedAllocation
Event: 8037.423 Executing VM operation: ParallelGCFailedAllocation done
Event: 8037.460 Executing VM operation: ParallelGCFailedAllocation
Event: 8037.463 Executing VM operation: ParallelGCFailedAllocation done
Event: 8037.471 Executing VM operation: ParallelGCFailedAllocation
Event: 8037.473 Executing VM operation: ParallelGCFailedAllocation done

Events (20 events):
Event: 6972.524 Thread 0x000002131d7f15e0 Thread added: 0x000002131d7f15e0
Event: 7032.529 Thread 0x000002131d7f15e0 Thread exited: 0x000002131d7f15e0
Event: 7603.191 Thread 0x000002131d7f2f30 Thread added: 0x000002131d7f2f30
Event: 7603.191 Thread 0x000002131d7efc90 Thread added: 0x000002131d7efc90
Event: 7603.191 Thread 0x000002131d7f3440 Thread added: 0x000002131d7f3440
Event: 7603.192 Thread 0x000002131d7f3440 Thread exited: 0x000002131d7f3440
Event: 7603.192 Thread 0x000002131d7efc90 Thread exited: 0x000002131d7efc90
Event: 7603.192 Thread 0x000002131d7f2f30 Thread exited: 0x000002131d7f2f30
Event: 8029.603 Thread 0x000002131d7f3950 Thread added: 0x000002131d7f3950
Event: 8029.611 Thread 0x000002131d7f3950 Thread exited: 0x000002131d7f3950
Event: 8029.625 Thread 0x000002131d7ef270 Thread added: 0x000002131d7ef270
Event: 8029.641 Thread 0x000002131d7f01a0 Thread added: 0x000002131d7f01a0
Event: 8029.643 Thread 0x000002131d7ef270 Thread exited: 0x000002131d7ef270
Event: 8029.975 Thread 0x000002131d7efc90 Thread added: 0x000002131d7efc90
Event: 8030.688 Thread 0x000002131d7ee850 Thread added: 0x000002131d7ee850
Event: 8030.689 Thread 0x000002131d7f3440 Thread added: 0x000002131d7f3440
Event: 8037.404 Thread 0x000002131d7f06b0 Thread added: 0x000002131d7f06b0
Event: 8037.406 Thread 0x000002131d7f06b0 Thread exited: 0x000002131d7f06b0
Event: 8037.419 Thread 0x000002131d7f52a0 Thread added: 0x000002131d7f52a0
Event: 8037.436 Thread 0x000002131d7f52a0 Thread exited: 0x000002131d7f52a0


Dynamic libraries:
0x00007ff6011d0000 - 0x00007ff6011de000 	c:\Users\messi\.vscode\extensions\redhat.java-1.27.0-win32-x64\jre\17.0.10-win32-x86_64\bin\java.exe
0x00007ffc12f50000 - 0x00007ffc13167000 	C:\Windows\SYSTEM32\ntdll.dll
0x00007ffc122f0000 - 0x00007ffc123b4000 	C:\Windows\System32\KERNEL32.DLL
0x00007ffc10660000 - 0x00007ffc10a06000 	C:\Windows\System32\KERNELBASE.dll
0x00007ffc10a10000 - 0x00007ffc10b21000 	C:\Windows\System32\ucrtbase.dll
0x00007ffbe5ac0000 - 0x00007ffbe5adb000 	c:\Users\messi\.vscode\extensions\redhat.java-1.27.0-win32-x64\jre\17.0.10-win32-x86_64\bin\VCRUNTIME140.dll
0x00007ffbe7070000 - 0x00007ffbe7087000 	c:\Users\messi\.vscode\extensions\redhat.java-1.27.0-win32-x64\jre\17.0.10-win32-x86_64\bin\jli.dll
0x00007ffc11e30000 - 0x00007ffc11fde000 	C:\Windows\System32\USER32.dll
0x00007ffc10290000 - 0x00007ffc102b6000 	C:\Windows\System32\win32u.dll
0x00007ffbe86e0000 - 0x00007ffbe8973000 	C:\Windows\WinSxS\amd64_microsoft.windows.common-controls_6595b64144ccf1df_6.0.22621.2506_none_270c5ae97388e100\COMCTL32.dll
0x00007ffc12520000 - 0x00007ffc12549000 	C:\Windows\System32\GDI32.dll
0x00007ffc104d0000 - 0x00007ffc105e8000 	C:\Windows\System32\gdi32full.dll
0x00007ffc12d40000 - 0x00007ffc12de7000 	C:\Windows\System32\msvcrt.dll
0x00007ffc10430000 - 0x00007ffc104ca000 	C:\Windows\System32\msvcp_win.dll
0x00007ffc12790000 - 0x00007ffc127c1000 	C:\Windows\System32\IMM32.DLL
0x00007ffbf1e90000 - 0x00007ffbf1e9c000 	c:\Users\messi\.vscode\extensions\redhat.java-1.27.0-win32-x64\jre\17.0.10-win32-x86_64\bin\vcruntime140_1.dll
0x00007ffbc6ae0000 - 0x00007ffbc6b6d000 	c:\Users\messi\.vscode\extensions\redhat.java-1.27.0-win32-x64\jre\17.0.10-win32-x86_64\bin\msvcp140.dll
0x00007ffb63bb0000 - 0x00007ffb64812000 	c:\Users\messi\.vscode\extensions\redhat.java-1.27.0-win32-x64\jre\17.0.10-win32-x86_64\bin\server\jvm.dll
0x00007ffc12550000 - 0x00007ffc12603000 	C:\Windows\System32\ADVAPI32.dll
0x00007ffc12240000 - 0x00007ffc122e8000 	C:\Windows\System32\sechost.dll
0x00007ffc10380000 - 0x00007ffc103a8000 	C:\Windows\System32\bcrypt.dll
0x00007ffc11cb0000 - 0x00007ffc11dc7000 	C:\Windows\System32\RPCRT4.dll
0x00007ffc02940000 - 0x00007ffc02949000 	C:\Windows\SYSTEM32\WSOCK32.dll
0x00007ffc0f0e0000 - 0x00007ffc0f12d000 	C:\Windows\SYSTEM32\POWRPROF.dll
0x00007ffbf6c00000 - 0x00007ffbf6c34000 	C:\Windows\SYSTEM32\WINMM.dll
0x00007ffc12660000 - 0x00007ffc126d1000 	C:\Windows\System32\WS2_32.dll
0x00007ffc0a1c0000 - 0x00007ffc0a1ca000 	C:\Windows\SYSTEM32\VERSION.dll
0x00007ffc0f0c0000 - 0x00007ffc0f0d3000 	C:\Windows\SYSTEM32\UMPDC.dll
0x00007ffc0f380000 - 0x00007ffc0f398000 	C:\Windows\SYSTEM32\kernel.appcore.dll
0x00007ffbeab00000 - 0x00007ffbeab0a000 	c:\Users\messi\.vscode\extensions\redhat.java-1.27.0-win32-x64\jre\17.0.10-win32-x86_64\bin\jimage.dll
0x00007ffbf95b0000 - 0x00007ffbf97e3000 	C:\Windows\SYSTEM32\DBGHELP.DLL
0x00007ffc127e0000 - 0x00007ffc12b69000 	C:\Windows\System32\combase.dll
0x00007ffc10e40000 - 0x00007ffc10f17000 	C:\Windows\System32\OLEAUT32.dll
0x00007ffbf9560000 - 0x00007ffbf9592000 	C:\Windows\SYSTEM32\dbgcore.DLL
0x00007ffc103b0000 - 0x00007ffc1042a000 	C:\Windows\System32\bcryptPrimitives.dll
0x00007ffbe71d0000 - 0x00007ffbe71de000 	c:\Users\messi\.vscode\extensions\redhat.java-1.27.0-win32-x64\jre\17.0.10-win32-x86_64\bin\instrument.dll
0x00007ffbd1610000 - 0x00007ffbd1635000 	c:\Users\messi\.vscode\extensions\redhat.java-1.27.0-win32-x64\jre\17.0.10-win32-x86_64\bin\java.dll
0x00007ffbe1870000 - 0x00007ffbe1888000 	c:\Users\messi\.vscode\extensions\redhat.java-1.27.0-win32-x64\jre\17.0.10-win32-x86_64\bin\zip.dll
0x00007ffc11450000 - 0x00007ffc11cab000 	C:\Windows\System32\SHELL32.dll
0x00007ffc0e1b0000 - 0x00007ffc0eaa6000 	C:\Windows\SYSTEM32\windows.storage.dll
0x00007ffc0e070000 - 0x00007ffc0e1ae000 	C:\Windows\SYSTEM32\wintypes.dll
0x00007ffc12e10000 - 0x00007ffc12f03000 	C:\Windows\System32\SHCORE.dll
0x00007ffc11dd0000 - 0x00007ffc11e2e000 	C:\Windows\System32\shlwapi.dll
0x00007ffc101c0000 - 0x00007ffc101e6000 	C:\Windows\SYSTEM32\profapi.dll
0x00007ffbcfbe0000 - 0x00007ffbcfbf9000 	C:\Users\messi\.vscode\extensions\redhat.java-1.27.0-win32-x64\jre\17.0.10-win32-x86_64\bin\net.dll
0x00007ffc0a950000 - 0x00007ffc0aa87000 	C:\Windows\SYSTEM32\WINHTTP.dll
0x00007ffc0f7f0000 - 0x00007ffc0f859000 	C:\Windows\system32\mswsock.dll
0x00007ffbce600000 - 0x00007ffbce616000 	C:\Users\messi\.vscode\extensions\redhat.java-1.27.0-win32-x64\jre\17.0.10-win32-x86_64\bin\nio.dll
0x00007ffbe5ab0000 - 0x00007ffbe5ac0000 	c:\Users\messi\.vscode\extensions\redhat.java-1.27.0-win32-x64\jre\17.0.10-win32-x86_64\bin\verify.dll
0x00007ffbcae90000 - 0x00007ffbcaece000 	C:\Users\messi\AppData\Roaming\Code\User\globalStorage\redhat.java\1.27.0\config_win\org.eclipse.equinox.launcher\org.eclipse.equinox.launcher.win32.win32.x86_64_1.2.900.v20240129-1338\eclipse_11900.dll
0x00007ffc10ca0000 - 0x00007ffc10e40000 	C:\Windows\System32\ole32.dll
0x00007ffc0fb40000 - 0x00007ffc0fb5b000 	C:\Windows\SYSTEM32\CRYPTSP.dll
0x00007ffc0f2e0000 - 0x00007ffc0f315000 	C:\Windows\system32\rsaenh.dll
0x00007ffc0f890000 - 0x00007ffc0f8bc000 	C:\Windows\SYSTEM32\USERENV.dll
0x00007ffc0fb20000 - 0x00007ffc0fb2c000 	C:\Windows\SYSTEM32\CRYPTBASE.dll
0x00007ffc0ed80000 - 0x00007ffc0edad000 	C:\Windows\SYSTEM32\IPHLPAPI.DLL
0x00007ffc10f20000 - 0x00007ffc10f29000 	C:\Windows\System32\NSI.dll
0x00007ffc0a7a0000 - 0x00007ffc0a7b9000 	C:\Windows\SYSTEM32\dhcpcsvc6.DLL
0x00007ffc0a780000 - 0x00007ffc0a79f000 	C:\Windows\SYSTEM32\dhcpcsvc.DLL
0x00007ffc0edf0000 - 0x00007ffc0eee9000 	C:\Windows\SYSTEM32\DNSAPI.dll
0x00007ffbbb740000 - 0x00007ffbbb785000 	C:\Users\messi\AppData\Local\Temp\jna-103786865\jna9195822531901009206.dll
0x00007ffc12130000 - 0x00007ffc12138000 	C:\Windows\System32\PSAPI.DLL
0x00007ffc0f3a0000 - 0x00007ffc0f3d4000 	C:\Windows\SYSTEM32\ntmarta.dll
0x00007ffc0cbe0000 - 0x00007ffc0cbee000 	C:\Users\messi\.vscode\extensions\redhat.java-1.27.0-win32-x64\jre\17.0.10-win32-x86_64\bin\sunmscapi.dll
0x00007ffc10b30000 - 0x00007ffc10c96000 	C:\Windows\System32\CRYPT32.dll
0x00007ffc0fc30000 - 0x00007ffc0fc5e000 	C:\Windows\SYSTEM32\ncrypt.dll
0x00007ffc0fbf0000 - 0x00007ffc0fc27000 	C:\Windows\SYSTEM32\NTASN1.dll
0x00007ffc059d0000 - 0x00007ffc059da000 	C:\Windows\System32\rasadhlp.dll
0x00007ffc09a80000 - 0x00007ffc09b03000 	C:\Windows\System32\fwpuclnt.dll
0x00007ffc0c300000 - 0x00007ffc0c309000 	C:\Users\messi\.vscode\extensions\redhat.java-1.27.0-win32-x64\jre\17.0.10-win32-x86_64\bin\extnet.dll

dbghelp: loaded successfully - version: 4.0.5 - missing functions: none
symbol engine: initialized successfully - sym options: 0x614 - pdb path: .;c:\Users\messi\.vscode\extensions\redhat.java-1.27.0-win32-x64\jre\17.0.10-win32-x86_64\bin;C:\Windows\SYSTEM32;C:\Windows\WinSxS\amd64_microsoft.windows.common-controls_6595b64144ccf1df_6.0.22621.2506_none_270c5ae97388e100;c:\Users\messi\.vscode\extensions\redhat.java-1.27.0-win32-x64\jre\17.0.10-win32-x86_64\bin\server;C:\Users\messi\AppData\Roaming\Code\User\globalStorage\redhat.java\1.27.0\config_win\org.eclipse.equinox.launcher\org.eclipse.equinox.launcher.win32.win32.x86_64_1.2.900.v20240129-1338;C:\Users\messi\AppData\Local\Temp\jna-103786865

VM Arguments:
jvm_args: --add-modules=ALL-SYSTEM --add-opens=java.base/java.util=ALL-UNNAMED --add-opens=java.base/java.lang=ALL-UNNAMED --add-opens=java.base/sun.nio.fs=ALL-UNNAMED -Declipse.application=org.eclipse.jdt.ls.core.id1 -Dosgi.bundles.defaultStartLevel=4 -Declipse.product=org.eclipse.jdt.ls.core.product -Djava.import.generatesMetadataFilesAtProjectRoot=false -DDetectVMInstallationsJob.disabled=true -Dfile.encoding=utf8 -XX:+UseParallelGC -XX:GCTimeRatio=4 -XX:AdaptiveSizePolicyWeight=90 -Dsun.zip.disableMemoryMapping=true -Xmx1G -Xms100m -Xlog:disable -javaagent:c:\Users\messi\.vscode\extensions\redhat.java-1.27.0-win32-x64\lombok\lombok-1.18.31.jar -XX:+HeapDumpOnOutOfMemoryError -XX:HeapDumpPath=c:\Users\messi\AppData\Roaming\Code\User\workspaceStorage\0b5a859c5a8d63f9846944ed71e9103e\redhat.java -Daether.dependencyCollector.impl=bf 
java_command: c:\Users\messi\.vscode\extensions\redhat.java-1.27.0-win32-x64\server\plugins\org.eclipse.equinox.launcher_1.6.700.v20231214-2017.jar -configuration c:\Users\messi\AppData\Roaming\Code\User\globalStorage\redhat.java\1.27.0\config_win -data c:\Users\messi\AppData\Roaming\Code\User\workspaceStorage\0b5a859c5a8d63f9846944ed71e9103e\redhat.java\jdt_ws --stdio
java_class_path (initial): c:\Users\messi\.vscode\extensions\redhat.java-1.27.0-win32-x64\server\plugins\org.eclipse.equinox.launcher_1.6.700.v20231214-2017.jar
Launcher Type: SUN_STANDARD

[Global flags]
    uintx AdaptiveSizePolicyWeight                 = 90                                        {product} {command line}
     intx CICompilerCount                          = 4                                         {product} {ergonomic}
    uintx GCTimeRatio                              = 4                                         {product} {command line}
     bool HeapDumpOnOutOfMemoryError               = true                                   {manageable} {command line}
    ccstr HeapDumpPath                             = c:\Users\messi\AppData\Roaming\Code\User\workspaceStorage\0b5a859c5a8d63f9846944ed71e9103e\redhat.java         {manageable} {command line}
   size_t InitialHeapSize                          = 104857600                                 {product} {command line}
   size_t MaxHeapSize                              = 1073741824                                {product} {command line}
   size_t MaxNewSize                               = 357564416                                 {product} {ergonomic}
   size_t MinHeapDeltaBytes                        = 524288                                    {product} {ergonomic}
   size_t MinHeapSize                              = 104857600                                 {product} {command line}
   size_t NewSize                                  = 34603008                                  {product} {ergonomic}
    uintx NonNMethodCodeHeapSize                   = 5839372                                {pd product} {ergonomic}
    uintx NonProfiledCodeHeapSize                  = 122909434                              {pd product} {ergonomic}
   size_t OldSize                                  = 70254592                                  {product} {ergonomic}
    uintx ProfiledCodeHeapSize                     = 122909434                              {pd product} {ergonomic}
    uintx ReservedCodeCacheSize                    = 251658240                              {pd product} {ergonomic}
     bool SegmentedCodeCache                       = true                                      {product} {ergonomic}
   size_t SoftMaxHeapSize                          = 1073741824                             {manageable} {ergonomic}
     bool UseCompressedClassPointers               = true                           {product lp64_product} {ergonomic}
     bool UseCompressedOops                        = true                           {product lp64_product} {ergonomic}
     bool UseLargePagesIndividualAllocation        = false                                  {pd product} {ergonomic}
     bool UseParallelGC                            = true                                      {product} {command line}

Logging:
Log output configuration:
 #0: stdout all=off uptime,level,tags
 #1: stderr all=off uptime,level,tags

Environment Variables:
JAVA_HOME=C:\Program Files\Java\jdk-21
PATH=D:\Program Files (x86)\VMware\VMware Workstation\bin\;C:\Python311\Scripts\;C:\Python311\;C:\Windows\system32;C:\Windows;C:\Windows\System32\Wbem;C:\Windows\System32\WindowsPowerShell\v1.0\;C:\Windows\System32\OpenSSH\;C:\Program Files\nodejs\;C:\ProgramData\chocolatey\bin;C:\Program Files\Git\cmd;C:\MinGW\bin;C:\platform-tools;C:\Program Files\NVIDIA Corporation\NVIDIA NvDLISR;C:\Program Files (x86)\NVIDIA Corporation\PhysX\Common;C:\Program Files\dotnet\;D:\Program Files\MATLAB\R2023a\runtime\win64;D:\Program Files\MATLAB\R2023a\bin;C:\Program Files\Docker\Docker\resources\bin;C:\Program Files\MySQL\MySQL Server 8.0\bin;C:\Users\messi\AppData\Local\Microsoft\WindowsApps;C:\Users\messi\AppData\Roaming\npm;C:\Users\messi\AppData\Local\Programs\Microsoft VS Code\bin;C:\MinGW\bin;C:\platform-tools;C:\Program Files\Azure Data Studio\bin;C:\Program Files\Azure Data Studio\bin;C:\Program Files\Azure Data Studio\bin;D:\Program Files\JetBrains\IntelliJ IDEA 2021.1\bin;;C:\Users\messi\.dotnet\tools;D:\Program Files\JetBrains\IntelliJ IDEA 2021.1\plugins\maven\lib\maven3\bin;C:\Program Files\Java\jdk-21\bin;
USERNAME=messi
OS=Windows_NT
PROCESSOR_IDENTIFIER=Intel64 Family 6 Model 158 Stepping 13, GenuineIntel
TMP=C:\Users\messi\AppData\Local\Temp
TEMP=C:\Users\messi\AppData\Local\Temp



Periodic native trim disabled


---------------  S Y S T E M  ---------------

OS:
 Windows 11 , 64 bit Build 22621 (10.0.22621.3085)
OS uptime: 0 days 2:38 hours
Hyper-V role detected

CPU: total 8 (initial active 8) (4 cores per cpu, 2 threads per core) family 6 model 158 stepping 13 microcode 0xde, cx8, cmov, fxsr, ht, mmx, 3dnowpref, sse, sse2, sse3, ssse3, sse4.1, sse4.2, popcnt, lzcnt, tsc, tscinvbit, avx, avx2, aes, erms, clmul, bmi1, bmi2, adx, fma, vzeroupper, clflush, clflushopt, hv
Processor Information for all 8 processors :
  Max Mhz: 2401, Current Mhz: 2400, Mhz Limit: 2376

Memory: 4k page, system-wide physical 16224M (3804M free)
TotalPageFile size 16224M (AvailPageFile size 9M)
current process WorkingSet (physical memory assigned to process): 766M, peak: 934M
current process commit charge ("private bytes"): 684M, peak: 901M

vm_info: OpenJDK 64-Bit Server VM (17.0.10+7) for windows-amd64 JRE (17.0.10+7), built on Jan 16 2024 23:25:11 by "admin" with MS VC++ 16.10 / 16.11 (VS2019)

END.
