#
# There is insufficient memory for the Java Runtime Environment to continue.
# Native memory allocation (malloc) failed to allocate 1947280 bytes for Chunk::new
# Possible reasons:
#   The system is out of physical RAM or swap space
#   The process is running with CompressedOops enabled, and the Java Heap may be blocking the growth of the native heap
# Possible solutions:
#   Reduce memory load on the system
#   Increase physical memory or swap space
#   Check if swap backing store is full
#   Decrease Java heap size (-Xmx/-Xms)
#   Decrease number of Java threads
#   Decrease Java thread stack sizes (-Xss)
#   Set larger code cache with -XX:ReservedCodeCacheSize=
#   JVM is running with Unscaled Compressed Oops mode in which the Java heap is
#     placed in the first 4GB address space. The Java Heap base address is the
#     maximum limit for the native heap growth. Please use -XX:HeapBaseMinAddress
#     to set the Java Heap base and to place the Java Heap above 4GB virtual address.
# This output file may be truncated or incomplete.
#
#  Out of Memory Error (arena.cpp:191), pid=16340, tid=18516
#
# JRE version: OpenJDK Runtime Environment Temurin-17.0.9+9 (17.0.9+9) (build 17.0.9+9)
# Java VM: OpenJDK 64-Bit Server VM Temurin-17.0.9+9 (17.0.9+9, mixed mode, tiered, compressed oops, compressed class ptrs, parallel gc, windows-amd64)
# No core dump will be written. Minidumps are not enabled by default on client versions of Windows
#

---------------  S U M M A R Y ------------

Command Line: --add-modules=ALL-SYSTEM --add-opens=java.base/java.util=ALL-UNNAMED --add-opens=java.base/java.lang=ALL-UNNAMED --add-opens=java.base/sun.nio.fs=ALL-UNNAMED -Declipse.application=org.eclipse.jdt.ls.core.id1 -Dosgi.bundles.defaultStartLevel=4 -Declipse.product=org.eclipse.jdt.ls.core.product -Djava.import.generatesMetadataFilesAtProjectRoot=false -DDetectVMInstallationsJob.disabled=true -Dfile.encoding=utf8 -XX:+UseParallelGC -XX:GCTimeRatio=4 -XX:AdaptiveSizePolicyWeight=90 -Dsun.zip.disableMemoryMapping=true -Xmx1G -Xms100m -Xlog:disable -javaagent:c:\Users\messi\.vscode\extensions\redhat.java-1.26.0-win32-x64\lombok\lombok-1.18.31-3454.jar -XX:+HeapDumpOnOutOfMemoryError -XX:HeapDumpPath=c:\Users\messi\AppData\Roaming\Code\User\workspaceStorage\d88549114971c4f169f360f53d10f945\redhat.java -Daether.dependencyCollector.impl=bf c:\Users\messi\.vscode\extensions\redhat.java-1.26.0-win32-x64\server\plugins\org.eclipse.equinox.launcher_1.6.700.v20231214-2017.jar -configuration c:\Users\messi\AppData\Roaming\Code\User\globalStorage\redhat.java\1.26.0\config_win -data c:\Users\messi\AppData\Roaming\Code\User\workspaceStorage\d88549114971c4f169f360f53d10f945\redhat.java\jdt_ws --stdio

Host: Intel(R) Core(TM) i5-9300H CPU @ 2.40GHz, 8 cores, 15G,  Windows 11 , 64 bit Build 22621 (10.0.22621.2506)
Time: Wed Jan 24 16:20:47 2024 SE Asia Standard Time elapsed time: 3.664728 seconds (0d 0h 0m 3s)

---------------  T H R E A D  ---------------

Current thread (0x00000175f7480330):  JavaThread "C2 CompilerThread1" daemon [_thread_in_native, id=18516, stack(0x0000006c05100000,0x0000006c05200000)]


Current CompileTask:
C2:   3664 4888   !   4       org.eclipse.osgi.internal.loader.BundleLoader::findClass0 (470 bytes)

Stack: [0x0000006c05100000,0x0000006c05200000]
Native frames: (J=compiled Java code, j=interpreted, Vv=VM code, C=native code)
V  [jvm.dll+0x67cf49]
V  [jvm.dll+0x83478a]
V  [jvm.dll+0x83624e]
V  [jvm.dll+0x8368b3]
V  [jvm.dll+0x247f1f]
V  [jvm.dll+0xac43c]
V  [jvm.dll+0xaca8c]
V  [jvm.dll+0x367067]
V  [jvm.dll+0x3313ba]
V  [jvm.dll+0x33085a]
V  [jvm.dll+0x21a5b1]
V  [jvm.dll+0x2199d1]
V  [jvm.dll+0x1a57cd]
V  [jvm.dll+0x2297ae]
V  [jvm.dll+0x22797c]
V  [jvm.dll+0x7e9877]
V  [jvm.dll+0x7e3c3a]
V  [jvm.dll+0x67be35]
C  [ucrtbase.dll+0x29363]
C  [KERNEL32.DLL+0x1257d]
C  [ntdll.dll+0x5aa58]


---------------  P R O C E S S  ---------------

Threads class SMR info:
_java_thread_list=0x00000175f949d0f0, length=29, elements={
0x00000175de22e980, 0x00000175f20b1030, 0x00000175f20b22a0, 0x00000175f20bcb90,
0x00000175f20bd660, 0x00000175f20be8d0, 0x00000175f71a3ea0, 0x00000175f71aaff0,
0x00000175f71ad0b0, 0x00000175f71ae1a0, 0x00000175f72a6a10, 0x00000175f7480330,
0x00000175f7480850, 0x00000175f82d6880, 0x00000175f8d1e8c0, 0x00000175f8850ae0,
0x00000175f8c90770, 0x00000175f91e5990, 0x00000175f94c9000, 0x00000175f92d3540,
0x00000175f88c6ec0, 0x00000175f88c8300, 0x00000175f88c69b0, 0x00000175f88c73d0,
0x00000175f88c7df0, 0x00000175f92fbbd0, 0x00000175f92faca0, 0x00000175f92f9860,
0x00000175f92f7f10
}

Java Threads: ( => current thread )
  0x00000175de22e980 JavaThread "main" [_thread_blocked, id=4984, stack(0x0000006c04400000,0x0000006c04500000)]
  0x00000175f20b1030 JavaThread "Reference Handler" daemon [_thread_blocked, id=21124, stack(0x0000006c04700000,0x0000006c04800000)]
  0x00000175f20b22a0 JavaThread "Finalizer" daemon [_thread_blocked, id=19324, stack(0x0000006c04800000,0x0000006c04900000)]
  0x00000175f20bcb90 JavaThread "Signal Dispatcher" daemon [_thread_blocked, id=19208, stack(0x0000006c04900000,0x0000006c04a00000)]
  0x00000175f20bd660 JavaThread "Attach Listener" daemon [_thread_blocked, id=4908, stack(0x0000006c04a00000,0x0000006c04b00000)]
  0x00000175f20be8d0 JavaThread "Service Thread" daemon [_thread_blocked, id=21836, stack(0x0000006c04b00000,0x0000006c04c00000)]
  0x00000175f71a3ea0 JavaThread "Monitor Deflation Thread" daemon [_thread_blocked, id=6464, stack(0x0000006c04c00000,0x0000006c04d00000)]
  0x00000175f71aaff0 JavaThread "C2 CompilerThread0" daemon [_thread_in_native, id=15960, stack(0x0000006c04d00000,0x0000006c04e00000)]
  0x00000175f71ad0b0 JavaThread "C1 CompilerThread0" daemon [_thread_in_native, id=21264, stack(0x0000006c04e00000,0x0000006c04f00000)]
  0x00000175f71ae1a0 JavaThread "Sweeper thread" daemon [_thread_in_vm, id=9336, stack(0x0000006c04f00000,0x0000006c05000000)]
  0x00000175f72a6a10 JavaThread "Common-Cleaner" daemon [_thread_blocked, id=8160, stack(0x0000006c05000000,0x0000006c05100000)]
=>0x00000175f7480330 JavaThread "C2 CompilerThread1" daemon [_thread_in_native, id=18516, stack(0x0000006c05100000,0x0000006c05200000)]
  0x00000175f7480850 JavaThread "C2 CompilerThread2" daemon [_thread_blocked, id=3148, stack(0x0000006c05200000,0x0000006c05300000)]
  0x00000175f82d6880 JavaThread "Notification Thread" daemon [_thread_blocked, id=2240, stack(0x0000006c05300000,0x0000006c05400000)]
  0x00000175f8d1e8c0 JavaThread "Active Thread: Equinox Container: 8ee97db8-360c-403f-80f2-9cfb6ba27254" [_thread_blocked, id=17720, stack(0x0000006c05b00000,0x0000006c05c00000)]
  0x00000175f8850ae0 JavaThread "Framework Event Dispatcher: Equinox Container: 8ee97db8-360c-403f-80f2-9cfb6ba27254" daemon [_thread_blocked, id=11896, stack(0x0000006c05c00000,0x0000006c05d00000)]
  0x00000175f8c90770 JavaThread "Start Level: Equinox Container: 8ee97db8-360c-403f-80f2-9cfb6ba27254" daemon [_thread_blocked, id=17420, stack(0x0000006c05d00000,0x0000006c05e00000)]
  0x00000175f91e5990 JavaThread "Bundle File Closer" daemon [_thread_blocked, id=7020, stack(0x0000006c05f00000,0x0000006c06000000)]
  0x00000175f94c9000 JavaThread "SCR Component Actor" daemon [_thread_blocked, id=15560, stack(0x0000006c06000000,0x0000006c06100000)]
  0x00000175f92d3540 JavaThread "SCR Component Registry" daemon [_thread_blocked, id=14660, stack(0x0000006c06100000,0x0000006c06200000)]
  0x00000175f88c6ec0 JavaThread "Worker-JM" [_thread_blocked, id=20312, stack(0x0000006c06200000,0x0000006c06300000)]
  0x00000175f88c8300 JavaThread "Worker-0: Update project demo" [_thread_in_vm, id=11304, stack(0x0000006c06300000,0x0000006c06400000)]
  0x00000175f88c69b0 JavaThread "Worker-1: Repository registry initialization" [_thread_in_native, id=18548, stack(0x0000006c06400000,0x0000006c06500000)]
  0x00000175f88c73d0 JavaThread "Java indexing" daemon [_thread_blocked, id=4356, stack(0x0000006c06500000,0x0000006c06600000)]
  0x00000175f88c7df0 JavaThread "JNA Cleaner" daemon [_thread_blocked, id=11404, stack(0x0000006c06600000,0x0000006c06700000)]
  0x00000175f92fbbd0 JavaThread "pool-2-thread-1" [_thread_blocked, id=7964, stack(0x0000006c06900000,0x0000006c06a00000)]
  0x00000175f92faca0 JavaThread "WorkspaceEventsHandler" [_thread_blocked, id=19264, stack(0x0000006c06a00000,0x0000006c06b00000)]
  0x00000175f92f9860 JavaThread "pool-1-thread-1" [_thread_in_native, id=3144, stack(0x0000006c06b00000,0x0000006c06c00000)]
  0x00000175f92f7f10 JavaThread "Worker-2" [_thread_blocked, id=2704, stack(0x0000006c06c00000,0x0000006c06d00000)]

Other Threads:
  0x00000175f7151580 VMThread "VM Thread" [stack: 0x0000006c04600000,0x0000006c04700000] [id=3188]
  0x00000175f82d6d60 WatcherThread [stack: 0x0000006c05400000,0x0000006c05500000] [id=4556]
  0x00000175de246480 GCTaskThread "GC Thread#0" [stack: 0x0000006c04500000,0x0000006c04600000] [id=13596]
  0x00000175f86d1520 GCTaskThread "GC Thread#1" [stack: 0x0000006c05500000,0x0000006c05600000] [id=16712]
  0x00000175f89a7530 GCTaskThread "GC Thread#2" [stack: 0x0000006c05600000,0x0000006c05700000] [id=15288]
  0x00000175f89a77f0 GCTaskThread "GC Thread#3" [stack: 0x0000006c05700000,0x0000006c05800000] [id=18596]
  0x00000175f8d540a0 GCTaskThread "GC Thread#4" [stack: 0x0000006c05800000,0x0000006c05900000] [id=9484]
  0x00000175f8d54360 GCTaskThread "GC Thread#5" [stack: 0x0000006c05900000,0x0000006c05a00000] [id=7256]
  0x00000175f8d54620 GCTaskThread "GC Thread#6" [stack: 0x0000006c05a00000,0x0000006c05b00000] [id=20956]
  0x00000175f8bfc7d0 GCTaskThread "GC Thread#7" [stack: 0x0000006c05e00000,0x0000006c05f00000] [id=20656]

Threads with active compile tasks:
C2 CompilerThread0     3685 4547   !   4       org.eclipse.osgi.internal.loader.classpath.ClasspathManager::defineClass (636 bytes)
C2 CompilerThread1     3685 4888   !   4       org.eclipse.osgi.internal.loader.BundleLoader::findClass0 (470 bytes)

VM state: not at safepoint (normal execution)

VM Mutex/Monitor currently owned by a thread: None

Heap address: 0x00000000c0000000, size: 1024 MB, Compressed Oops mode: 32-bit

CDS archive(s) not mapped
Compressed class space mapped at: 0x0000000100000000-0x0000000140000000, reserved size: 1073741824
Narrow klass base: 0x0000000000000000, Narrow klass shift: 3, Narrow klass range: 0x140000000

GC Precious Log:
 CPUs: 8 total, 8 available
 Memory: 16224M
 Large Page Support: Disabled
 NUMA Support: Disabled
 Compressed Oops: Enabled (32-bit)
 Alignments: Space 512K, Generation 512K, Heap 2M
 Heap Min Capacity: 100M
 Heap Initial Capacity: 100M
 Heap Max Capacity: 1G
 Pre-touch: Disabled
 Parallel Workers: 8

Heap:
 PSYoungGen      total 23040K, used 6316K [0x00000000eab00000, 0x00000000ec580000, 0x0000000100000000)
  eden space 22016K, 24% used [0x00000000eab00000,0x00000000eb02b260,0x00000000ec080000)
  from space 1024K, 100% used [0x00000000ec400000,0x00000000ec500000,0x00000000ec500000)
  to   space 512K, 0% used [0x00000000ec500000,0x00000000ec500000,0x00000000ec580000)
 ParOldGen       total 68608K, used 18332K [0x00000000c0000000, 0x00000000c4300000, 0x00000000eab00000)
  object space 68608K, 26% used [0x00000000c0000000,0x00000000c11e70b0,0x00000000c4300000)
 Metaspace       used 48638K, committed 49728K, reserved 1114112K
  class space    used 5302K, committed 5824K, reserved 1048576K

Card table byte_map: [0x00000175ddbc0000,0x00000175dddd0000] _byte_map_base: 0x00000175dd5c0000

Marking Bits: (ParMarkBitMap*) 0x00007ffcfc79d0b0
 Begin Bits: [0x00000175efec0000, 0x00000175f0ec0000)
 End Bits:   [0x00000175f0ec0000, 0x00000175f1ec0000)

Polling page: 0x00000175dc140000

Metaspace:

Usage:
  Non-class:     42.32 MB used.
      Class:      5.18 MB used.
       Both:     47.50 MB used.

Virtual space:
  Non-class space:       64.00 MB reserved,      42.88 MB ( 67%) committed,  1 nodes.
      Class space:        1.00 GB reserved,       5.69 MB ( <1%) committed,  1 nodes.
             Both:        1.06 GB reserved,      48.56 MB (  4%) committed. 

Chunk freelists:
   Non-Class:  4.94 MB
       Class:  10.30 MB
        Both:  15.23 MB

MaxMetaspaceSize: unlimited
CompressedClassSpaceSize: 1.00 GB
Initial GC threshold: 21.00 MB
Current GC threshold: 58.38 MB
CDS: off
MetaspaceReclaimPolicy: balanced
 - commit_granule_bytes: 65536.
 - commit_granule_words: 8192.
 - virtual_space_node_default_size: 8388608.
 - enlarge_chunks_in_place: 1.
 - new_chunks_are_fully_committed: 0.
 - uncommit_free_chunks: 1.
 - use_allocation_guard: 0.
 - handle_deallocations: 1.


Internal statistics:

num_allocs_failed_limit: 6.
num_arena_births: 670.
num_arena_deaths: 14.
num_vsnodes_births: 2.
num_vsnodes_deaths: 0.
num_space_committed: 777.
num_space_uncommitted: 0.
num_chunks_returned_to_freelist: 20.
num_chunks_taken_from_freelist: 2454.
num_chunk_merges: 12.
num_chunk_splits: 1571.
num_chunks_enlarged: 974.
num_inconsistent_stats: 0.

CodeHeap 'non-profiled nmethods': size=120000Kb used=2677Kb max_used=2677Kb free=117322Kb
 bounds [0x00000175e8990000, 0x00000175e8c30000, 0x00000175efec0000]
CodeHeap 'profiled nmethods': size=120000Kb used=10925Kb max_used=10925Kb free=109075Kb
 bounds [0x00000175e0ec0000, 0x00000175e1970000, 0x00000175e83f0000]
CodeHeap 'non-nmethods': size=5760Kb used=1360Kb max_used=1400Kb free=4400Kb
 bounds [0x00000175e83f0000, 0x00000175e8660000, 0x00000175e8990000]
 total_blobs=5814 nmethods=5209 adapters=516
 compilation: enabled
              stopped_count=0, restarted_count=0
 full_count=0

Compilation events (20 events):
Event: 3.655 Thread 0x00000175f7480850 5171       4       jdk.internal.org.objectweb.asm.MethodWriter::visitEnd (1 bytes)
Event: 3.655 Thread 0x00000175f7480850 nmethod 5171 0x00000175e8c29590 code [0x00000175e8c29700, 0x00000175e8c29778]
Event: 3.657 Thread 0x00000175f7480850 5175       4       java.lang.StringLatin1::indexOf (25 bytes)
Event: 3.658 Thread 0x00000175f7480850 nmethod 5175 0x00000175e8c29890 code [0x00000175e8c29a00, 0x00000175e8c29bf8]
Event: 3.661 Thread 0x00000175f71ad0b0 nmethod 5168 0x00000175e1946a10 code [0x00000175e19473c0, 0x00000175e194fa38]
Event: 3.661 Thread 0x00000175f71ad0b0 5169       3       java.lang.invoke.MethodHandleNatives::staticArgumentsPulled (5 bytes)
Event: 3.661 Thread 0x00000175f71ad0b0 nmethod 5169 0x00000175e1953710 code [0x00000175e19538a0, 0x00000175e1953a78]
Event: 3.661 Thread 0x00000175f71ad0b0 5172       3       java.lang.invoke.ConstantCallSite::<init> (17 bytes)
Event: 3.661 Thread 0x00000175f71ad0b0 nmethod 5172 0x00000175e1953b10 code [0x00000175e1953ce0, 0x00000175e19541c8]
Event: 3.661 Thread 0x00000175f71ad0b0 5173       3       java.lang.invoke.CallSite::<init> (23 bytes)
Event: 3.662 Thread 0x00000175f71ad0b0 nmethod 5173 0x00000175e1954410 code [0x00000175e19545e0, 0x00000175e1954a48]
Event: 3.662 Thread 0x00000175f71ad0b0 5174       3       java.lang.invoke.MethodHandleNatives$CallSiteContext::make (19 bytes)
Event: 3.662 Thread 0x00000175f71ad0b0 nmethod 5174 0x00000175e1954c90 code [0x00000175e1954e40, 0x00000175e19550e8]
Event: 3.662 Thread 0x00000175f71ad0b0 5176       1       com.google.inject.spi.ElementSource::getDeclaringSource (5 bytes)
Event: 3.662 Thread 0x00000175f71ad0b0 nmethod 5176 0x00000175e8c29d10 code [0x00000175e8c29ea0, 0x00000175e8c29f78]
Event: 3.662 Thread 0x00000175f71ad0b0 5170       1       ch.qos.logback.classic.Logger::getName (5 bytes)
Event: 3.662 Thread 0x00000175f71ad0b0 nmethod 5170 0x00000175e8c2a010 code [0x00000175e8c2a1a0, 0x00000175e8c2a278]
Event: 3.662 Thread 0x00000175f71ad0b0 5177       1       java.util.Collections$EmptyMap::isEmpty (2 bytes)
Event: 3.662 Thread 0x00000175f71ad0b0 nmethod 5177 0x00000175e8c2a310 code [0x00000175e8c2a4a0, 0x00000175e8c2a578]
Event: 3.663 Thread 0x00000175f7480850 5178       4       java.util.ArrayList$SubList::iterator (5 bytes)

GC Heap History (20 events):
Event: 1.954 GC heap before
{Heap before GC invocations=8 (full 1):
 PSYoungGen      total 26624K, used 26417K [0x00000000eab00000, 0x00000000eca80000, 0x0000000100000000)
  eden space 25088K, 100% used [0x00000000eab00000,0x00000000ec380000,0x00000000ec380000)
  from space 1536K, 86% used [0x00000000ec900000,0x00000000eca4c450,0x00000000eca80000)
  to   space 2560K, 0% used [0x00000000ec580000,0x00000000ec580000,0x00000000ec800000)
 ParOldGen       total 68608K, used 10363K [0x00000000c0000000, 0x00000000c4300000, 0x00000000eab00000)
  object space 68608K, 15% used [0x00000000c0000000,0x00000000c0a1ec08,0x00000000c4300000)
 Metaspace       used 27470K, committed 28288K, reserved 1114112K
  class space    used 2841K, committed 3200K, reserved 1048576K
}
Event: 1.956 GC heap after
{Heap after GC invocations=8 (full 1):
 PSYoungGen      total 27136K, used 2557K [0x00000000eab00000, 0x00000000ecc00000, 0x0000000100000000)
  eden space 24576K, 0% used [0x00000000eab00000,0x00000000eab00000,0x00000000ec300000)
  from space 2560K, 99% used [0x00000000ec580000,0x00000000ec7ff768,0x00000000ec800000)
  to   space 4096K, 0% used [0x00000000ec800000,0x00000000ec800000,0x00000000ecc00000)
 ParOldGen       total 68608K, used 11776K [0x00000000c0000000, 0x00000000c4300000, 0x00000000eab00000)
  object space 68608K, 17% used [0x00000000c0000000,0x00000000c0b80198,0x00000000c4300000)
 Metaspace       used 27470K, committed 28288K, reserved 1114112K
  class space    used 2841K, committed 3200K, reserved 1048576K
}
Event: 2.090 GC heap before
{Heap before GC invocations=9 (full 1):
 PSYoungGen      total 27136K, used 27133K [0x00000000eab00000, 0x00000000ecc00000, 0x0000000100000000)
  eden space 24576K, 100% used [0x00000000eab00000,0x00000000ec300000,0x00000000ec300000)
  from space 2560K, 99% used [0x00000000ec580000,0x00000000ec7ff768,0x00000000ec800000)
  to   space 4096K, 0% used [0x00000000ec800000,0x00000000ec800000,0x00000000ecc00000)
 ParOldGen       total 68608K, used 11776K [0x00000000c0000000, 0x00000000c4300000, 0x00000000eab00000)
  object space 68608K, 17% used [0x00000000c0000000,0x00000000c0b80198,0x00000000c4300000)
 Metaspace       used 30087K, committed 30848K, reserved 1114112K
  class space    used 3008K, committed 3392K, reserved 1048576K
}
Event: 2.091 GC heap after
{Heap after GC invocations=9 (full 1):
 PSYoungGen      total 27136K, used 2981K [0x00000000eab00000, 0x00000000ecb00000, 0x0000000100000000)
  eden space 24064K, 0% used [0x00000000eab00000,0x00000000eab00000,0x00000000ec280000)
  from space 3072K, 97% used [0x00000000ec800000,0x00000000ecae94d8,0x00000000ecb00000)
  to   space 3584K, 0% used [0x00000000ec400000,0x00000000ec400000,0x00000000ec780000)
 ParOldGen       total 68608K, used 11784K [0x00000000c0000000, 0x00000000c4300000, 0x00000000eab00000)
  object space 68608K, 17% used [0x00000000c0000000,0x00000000c0b82198,0x00000000c4300000)
 Metaspace       used 30087K, committed 30848K, reserved 1114112K
  class space    used 3008K, committed 3392K, reserved 1048576K
}
Event: 2.218 GC heap before
{Heap before GC invocations=10 (full 1):
 PSYoungGen      total 27136K, used 27045K [0x00000000eab00000, 0x00000000ecb00000, 0x0000000100000000)
  eden space 24064K, 100% used [0x00000000eab00000,0x00000000ec280000,0x00000000ec280000)
  from space 3072K, 97% used [0x00000000ec800000,0x00000000ecae94d8,0x00000000ecb00000)
  to   space 3584K, 0% used [0x00000000ec400000,0x00000000ec400000,0x00000000ec780000)
 ParOldGen       total 68608K, used 11784K [0x00000000c0000000, 0x00000000c4300000, 0x00000000eab00000)
  object space 68608K, 17% used [0x00000000c0000000,0x00000000c0b82198,0x00000000c4300000)
 Metaspace       used 32454K, committed 33216K, reserved 1114112K
  class space    used 3195K, committed 3584K, reserved 1048576K
}
Event: 2.219 GC heap after
{Heap after GC invocations=10 (full 1):
 PSYoungGen      total 26112K, used 2187K [0x00000000eab00000, 0x00000000ec880000, 0x0000000100000000)
  eden space 23552K, 0% used [0x00000000eab00000,0x00000000eab00000,0x00000000ec200000)
  from space 2560K, 85% used [0x00000000ec400000,0x00000000ec622d78,0x00000000ec680000)
  to   space 2048K, 0% used [0x00000000ec680000,0x00000000ec680000,0x00000000ec880000)
 ParOldGen       total 68608K, used 12774K [0x00000000c0000000, 0x00000000c4300000, 0x00000000eab00000)
  object space 68608K, 18% used [0x00000000c0000000,0x00000000c0c79878,0x00000000c4300000)
 Metaspace       used 32454K, committed 33216K, reserved 1114112K
  class space    used 3195K, committed 3584K, reserved 1048576K
}
Event: 2.493 GC heap before
{Heap before GC invocations=11 (full 1):
 PSYoungGen      total 26112K, used 18435K [0x00000000eab00000, 0x00000000ec880000, 0x0000000100000000)
  eden space 23552K, 68% used [0x00000000eab00000,0x00000000ebaddeb0,0x00000000ec200000)
  from space 2560K, 85% used [0x00000000ec400000,0x00000000ec622d78,0x00000000ec680000)
  to   space 2048K, 0% used [0x00000000ec680000,0x00000000ec680000,0x00000000ec880000)
 ParOldGen       total 68608K, used 12774K [0x00000000c0000000, 0x00000000c4300000, 0x00000000eab00000)
  object space 68608K, 18% used [0x00000000c0000000,0x00000000c0c79878,0x00000000c4300000)
 Metaspace       used 35093K, committed 35840K, reserved 1114112K
  class space    used 3492K, committed 3840K, reserved 1048576K
}
Event: 2.495 GC heap after
{Heap after GC invocations=11 (full 1):
 PSYoungGen      total 25600K, used 1632K [0x00000000eab00000, 0x00000000ec880000, 0x0000000100000000)
  eden space 23552K, 0% used [0x00000000eab00000,0x00000000eab00000,0x00000000ec200000)
  from space 2048K, 79% used [0x00000000ec680000,0x00000000ec818020,0x00000000ec880000)
  to   space 2048K, 0% used [0x00000000ec480000,0x00000000ec480000,0x00000000ec680000)
 ParOldGen       total 68608K, used 14538K [0x00000000c0000000, 0x00000000c4300000, 0x00000000eab00000)
  object space 68608K, 21% used [0x00000000c0000000,0x00000000c0e329f8,0x00000000c4300000)
 Metaspace       used 35093K, committed 35840K, reserved 1114112K
  class space    used 3492K, committed 3840K, reserved 1048576K
}
Event: 2.495 GC heap before
{Heap before GC invocations=12 (full 2):
 PSYoungGen      total 25600K, used 1632K [0x00000000eab00000, 0x00000000ec880000, 0x0000000100000000)
  eden space 23552K, 0% used [0x00000000eab00000,0x00000000eab00000,0x00000000ec200000)
  from space 2048K, 79% used [0x00000000ec680000,0x00000000ec818020,0x00000000ec880000)
  to   space 2048K, 0% used [0x00000000ec480000,0x00000000ec480000,0x00000000ec680000)
 ParOldGen       total 68608K, used 14538K [0x00000000c0000000, 0x00000000c4300000, 0x00000000eab00000)
  object space 68608K, 21% used [0x00000000c0000000,0x00000000c0e329f8,0x00000000c4300000)
 Metaspace       used 35093K, committed 35840K, reserved 1114112K
  class space    used 3492K, committed 3840K, reserved 1048576K
}
Event: 2.514 GC heap after
{Heap after GC invocations=12 (full 2):
 PSYoungGen      total 25600K, used 0K [0x00000000eab00000, 0x00000000ec880000, 0x0000000100000000)
  eden space 23552K, 0% used [0x00000000eab00000,0x00000000eab00000,0x00000000ec200000)
  from space 2048K, 0% used [0x00000000ec680000,0x00000000ec680000,0x00000000ec880000)
  to   space 2048K, 0% used [0x00000000ec480000,0x00000000ec480000,0x00000000ec680000)
 ParOldGen       total 68608K, used 14044K [0x00000000c0000000, 0x00000000c4300000, 0x00000000eab00000)
  object space 68608K, 20% used [0x00000000c0000000,0x00000000c0db73c0,0x00000000c4300000)
 Metaspace       used 35093K, committed 35840K, reserved 1114112K
  class space    used 3492K, committed 3840K, reserved 1048576K
}
Event: 2.731 GC heap before
{Heap before GC invocations=13 (full 2):
 PSYoungGen      total 25600K, used 23552K [0x00000000eab00000, 0x00000000ec880000, 0x0000000100000000)
  eden space 23552K, 100% used [0x00000000eab00000,0x00000000ec200000,0x00000000ec200000)
  from space 2048K, 0% used [0x00000000ec680000,0x00000000ec680000,0x00000000ec880000)
  to   space 2048K, 0% used [0x00000000ec480000,0x00000000ec480000,0x00000000ec680000)
 ParOldGen       total 68608K, used 14044K [0x00000000c0000000, 0x00000000c4300000, 0x00000000eab00000)
  object space 68608K, 20% used [0x00000000c0000000,0x00000000c0db73c0,0x00000000c4300000)
 Metaspace       used 38292K, committed 39232K, reserved 1114112K
  class space    used 3898K, committed 4288K, reserved 1048576K
}
Event: 2.732 GC heap after
{Heap after GC invocations=13 (full 2):
 PSYoungGen      total 24576K, used 1241K [0x00000000eab00000, 0x00000000ec700000, 0x0000000100000000)
  eden space 23040K, 0% used [0x00000000eab00000,0x00000000eab00000,0x00000000ec180000)
  from space 1536K, 80% used [0x00000000ec480000,0x00000000ec5b65f8,0x00000000ec600000)
  to   space 1024K, 0% used [0x00000000ec600000,0x00000000ec600000,0x00000000ec700000)
 ParOldGen       total 68608K, used 14052K [0x00000000c0000000, 0x00000000c4300000, 0x00000000eab00000)
  object space 68608K, 20% used [0x00000000c0000000,0x00000000c0db93c0,0x00000000c4300000)
 Metaspace       used 38292K, committed 39232K, reserved 1114112K
  class space    used 3898K, committed 4288K, reserved 1048576K
}
Event: 2.939 GC heap before
{Heap before GC invocations=14 (full 2):
 PSYoungGen      total 24576K, used 24281K [0x00000000eab00000, 0x00000000ec700000, 0x0000000100000000)
  eden space 23040K, 100% used [0x00000000eab00000,0x00000000ec180000,0x00000000ec180000)
  from space 1536K, 80% used [0x00000000ec480000,0x00000000ec5b65f8,0x00000000ec600000)
  to   space 1024K, 0% used [0x00000000ec600000,0x00000000ec600000,0x00000000ec700000)
 ParOldGen       total 68608K, used 14052K [0x00000000c0000000, 0x00000000c4300000, 0x00000000eab00000)
  object space 68608K, 20% used [0x00000000c0000000,0x00000000c0db93c0,0x00000000c4300000)
 Metaspace       used 41258K, committed 42240K, reserved 1114112K
  class space    used 4310K, committed 4736K, reserved 1048576K
}
Event: 2.941 GC heap after
{Heap after GC invocations=14 (full 2):
 PSYoungGen      total 23552K, used 1021K [0x00000000eab00000, 0x00000000ec700000, 0x0000000100000000)
  eden space 22528K, 0% used [0x00000000eab00000,0x00000000eab00000,0x00000000ec100000)
  from space 1024K, 99% used [0x00000000ec600000,0x00000000ec6ff658,0x00000000ec700000)
  to   space 3072K, 0% used [0x00000000ec100000,0x00000000ec100000,0x00000000ec400000)
 ParOldGen       total 68608K, used 15793K [0x00000000c0000000, 0x00000000c4300000, 0x00000000eab00000)
  object space 68608K, 23% used [0x00000000c0000000,0x00000000c0f6c550,0x00000000c4300000)
 Metaspace       used 41258K, committed 42240K, reserved 1114112K
  class space    used 4310K, committed 4736K, reserved 1048576K
}
Event: 3.112 GC heap before
{Heap before GC invocations=15 (full 2):
 PSYoungGen      total 23552K, used 23549K [0x00000000eab00000, 0x00000000ec700000, 0x0000000100000000)
  eden space 22528K, 100% used [0x00000000eab00000,0x00000000ec100000,0x00000000ec100000)
  from space 1024K, 99% used [0x00000000ec600000,0x00000000ec6ff658,0x00000000ec700000)
  to   space 3072K, 0% used [0x00000000ec100000,0x00000000ec100000,0x00000000ec400000)
 ParOldGen       total 68608K, used 15793K [0x00000000c0000000, 0x00000000c4300000, 0x00000000eab00000)
  object space 68608K, 23% used [0x00000000c0000000,0x00000000c0f6c550,0x00000000c4300000)
 Metaspace       used 42879K, committed 43840K, reserved 1114112K
  class space    used 4549K, committed 4992K, reserved 1048576K
}
Event: 3.113 GC heap after
{Heap after GC invocations=15 (full 2):
 PSYoungGen      total 25088K, used 801K [0x00000000eab00000, 0x00000000ec680000, 0x0000000100000000)
  eden space 22016K, 0% used [0x00000000eab00000,0x00000000eab00000,0x00000000ec080000)
  from space 3072K, 26% used [0x00000000ec100000,0x00000000ec1c8508,0x00000000ec400000)
  to   space 1536K, 0% used [0x00000000ec500000,0x00000000ec500000,0x00000000ec680000)
 ParOldGen       total 68608K, used 16812K [0x00000000c0000000, 0x00000000c4300000, 0x00000000eab00000)
  object space 68608K, 24% used [0x00000000c0000000,0x00000000c106b0b0,0x00000000c4300000)
 Metaspace       used 42879K, committed 43840K, reserved 1114112K
  class space    used 4549K, committed 4992K, reserved 1048576K
}
Event: 3.347 GC heap before
{Heap before GC invocations=16 (full 2):
 PSYoungGen      total 25088K, used 22817K [0x00000000eab00000, 0x00000000ec680000, 0x0000000100000000)
  eden space 22016K, 100% used [0x00000000eab00000,0x00000000ec080000,0x00000000ec080000)
  from space 3072K, 26% used [0x00000000ec100000,0x00000000ec1c8508,0x00000000ec400000)
  to   space 1536K, 0% used [0x00000000ec500000,0x00000000ec500000,0x00000000ec680000)
 ParOldGen       total 68608K, used 16812K [0x00000000c0000000, 0x00000000c4300000, 0x00000000eab00000)
  object space 68608K, 24% used [0x00000000c0000000,0x00000000c106b0b0,0x00000000c4300000)
 Metaspace       used 45196K, committed 46208K, reserved 1114112K
  class space    used 4855K, committed 5312K, reserved 1048576K
}
Event: 3.348 GC heap after
{Heap after GC invocations=16 (full 2):
 PSYoungGen      total 23040K, used 864K [0x00000000eab00000, 0x00000000ec600000, 0x0000000100000000)
  eden space 22016K, 0% used [0x00000000eab00000,0x00000000eab00000,0x00000000ec080000)
  from space 1024K, 84% used [0x00000000ec500000,0x00000000ec5d8000,0x00000000ec600000)
  to   space 1024K, 0% used [0x00000000ec400000,0x00000000ec400000,0x00000000ec500000)
 ParOldGen       total 68608K, used 17356K [0x00000000c0000000, 0x00000000c4300000, 0x00000000eab00000)
  object space 68608K, 25% used [0x00000000c0000000,0x00000000c10f30b0,0x00000000c4300000)
 Metaspace       used 45196K, committed 46208K, reserved 1114112K
  class space    used 4855K, committed 5312K, reserved 1048576K
}
Event: 3.634 GC heap before
{Heap before GC invocations=17 (full 2):
 PSYoungGen      total 23040K, used 22880K [0x00000000eab00000, 0x00000000ec600000, 0x0000000100000000)
  eden space 22016K, 100% used [0x00000000eab00000,0x00000000ec080000,0x00000000ec080000)
  from space 1024K, 84% used [0x00000000ec500000,0x00000000ec5d8000,0x00000000ec600000)
  to   space 1024K, 0% used [0x00000000ec400000,0x00000000ec400000,0x00000000ec500000)
 ParOldGen       total 68608K, used 17356K [0x00000000c0000000, 0x00000000c4300000, 0x00000000eab00000)
  object space 68608K, 25% used [0x00000000c0000000,0x00000000c10f30b0,0x00000000c4300000)
 Metaspace       used 47881K, committed 48896K, reserved 1114112K
  class space    used 5225K, committed 5696K, reserved 1048576K
}
Event: 3.636 GC heap after
{Heap after GC invocations=17 (full 2):
 PSYoungGen      total 23040K, used 1024K [0x00000000eab00000, 0x00000000ec580000, 0x0000000100000000)
  eden space 22016K, 0% used [0x00000000eab00000,0x00000000eab00000,0x00000000ec080000)
  from space 1024K, 100% used [0x00000000ec400000,0x00000000ec500000,0x00000000ec500000)
  to   space 512K, 0% used [0x00000000ec500000,0x00000000ec500000,0x00000000ec580000)
 ParOldGen       total 68608K, used 18332K [0x00000000c0000000, 0x00000000c4300000, 0x00000000eab00000)
  object space 68608K, 26% used [0x00000000c0000000,0x00000000c11e70b0,0x00000000c4300000)
 Metaspace       used 47881K, committed 48896K, reserved 1114112K
  class space    used 5225K, committed 5696K, reserved 1048576K
}

Dll operation events (10 events):
Event: 0.008 Loaded shared library c:\Users\messi\.vscode\extensions\redhat.java-1.26.0-win32-x64\jre\17.0.9-win32-x86_64\bin\java.dll
Event: 0.098 Loaded shared library c:\Users\messi\.vscode\extensions\redhat.java-1.26.0-win32-x64\jre\17.0.9-win32-x86_64\bin\zip.dll
Event: 0.099 Loaded shared library C:\Users\messi\.vscode\extensions\redhat.java-1.26.0-win32-x64\jre\17.0.9-win32-x86_64\bin\instrument.dll
Event: 0.107 Loaded shared library C:\Users\messi\.vscode\extensions\redhat.java-1.26.0-win32-x64\jre\17.0.9-win32-x86_64\bin\net.dll
Event: 0.109 Loaded shared library C:\Users\messi\.vscode\extensions\redhat.java-1.26.0-win32-x64\jre\17.0.9-win32-x86_64\bin\nio.dll
Event: 0.113 Loaded shared library C:\Users\messi\.vscode\extensions\redhat.java-1.26.0-win32-x64\jre\17.0.9-win32-x86_64\bin\zip.dll
Event: 0.122 Loaded shared library C:\Users\messi\.vscode\extensions\redhat.java-1.26.0-win32-x64\jre\17.0.9-win32-x86_64\bin\jimage.dll
Event: 0.157 Loaded shared library c:\Users\messi\.vscode\extensions\redhat.java-1.26.0-win32-x64\jre\17.0.9-win32-x86_64\bin\verify.dll
Event: 0.868 Loaded shared library C:\Users\messi\AppData\Roaming\Code\User\globalStorage\redhat.java\1.26.0\config_win\org.eclipse.equinox.launcher\org.eclipse.equinox.launcher.win32.win32.x86_64_1.2.800.v20231003-1442\eclipse_11802.dll
Event: 2.529 Loaded shared library C:\Users\messi\AppData\Local\Temp\jna-103786865\jna18087108004456723851.dll

Deoptimization events (20 events):
Event: 3.455 Thread 0x00000175f92f9860 Uncommon trap: trap_request=0xffffff45 fr.pc=0x00000175e8a2ad5c relative=0x000000000000143c
Event: 3.455 Thread 0x00000175f92f9860 Uncommon trap: reason=unstable_if action=reinterpret pc=0x00000175e8a2ad5c method=lombok.patcher.ScriptManager$OurClassFileTransformer.transform(Ljava/lang/ClassLoader;Ljava/lang/String;Ljava/lang/Class;Ljava/security/ProtectionDomain;[B)[B @ 1 c2
Event: 3.455 Thread 0x00000175f92f9860 DEOPT PACKING pc=0x00000175e8a2ad5c sp=0x0000006c06bfb380
Event: 3.455 Thread 0x00000175f92f9860 DEOPT UNPACKING pc=0x00000175e84466a3 sp=0x0000006c06bfb308 mode 2
Event: 3.455 Thread 0x00000175f92f9860 Uncommon trap: trap_request=0xffffff45 fr.pc=0x00000175e89b14b8 relative=0x0000000000000038
Event: 3.455 Thread 0x00000175f92f9860 Uncommon trap: reason=unstable_if action=reinterpret pc=0x00000175e89b14b8 method=java.lang.StringLatin1.canEncode(I)Z @ 4 c2
Event: 3.455 Thread 0x00000175f92f9860 DEOPT PACKING pc=0x00000175e89b14b8 sp=0x0000006c06bfc900
Event: 3.455 Thread 0x00000175f92f9860 DEOPT UNPACKING pc=0x00000175e84466a3 sp=0x0000006c06bfc890 mode 2
Event: 3.644 Thread 0x00000175f92f9860 Uncommon trap: trap_request=0xffffffbe fr.pc=0x00000175e8c17378 relative=0x0000000000001ef8
Event: 3.644 Thread 0x00000175f92f9860 Uncommon trap: reason=profile_predicate action=maybe_recompile pc=0x00000175e8c17378 method=org.eclipse.osgi.internal.loader.BundleLoader.searchHooks(Ljava/lang/String;I)Ljava/lang/Object; @ 186 c2
Event: 3.644 Thread 0x00000175f92f9860 DEOPT PACKING pc=0x00000175e8c17378 sp=0x0000006c06bf9c10
Event: 3.644 Thread 0x00000175f92f9860 DEOPT UNPACKING pc=0x00000175e84466a3 sp=0x0000006c06bf9c08 mode 2
Event: 3.654 Thread 0x00000175f92f9860 Uncommon trap: trap_request=0x000000e1 fr.pc=0x00000175e8bbc174 relative=0x00000000000000d4
Event: 3.654 Thread 0x00000175f92f9860 Uncommon trap: reason=unloaded action=reinterpret pc=0x00000175e8bbc174 method=org.codehaus.plexus.util.xml.pull.MXParser.more()C @ 22 c2
Event: 3.654 Thread 0x00000175f92f9860 DEOPT PACKING pc=0x00000175e8bbc174 sp=0x0000006c06bfd670
Event: 3.654 Thread 0x00000175f92f9860 DEOPT UNPACKING pc=0x00000175e84466a3 sp=0x0000006c06bfd610 mode 2
Event: 3.656 Thread 0x00000175f92f9860 Uncommon trap: trap_request=0xffffffbe fr.pc=0x00000175e8c17378 relative=0x0000000000001ef8
Event: 3.656 Thread 0x00000175f92f9860 Uncommon trap: reason=profile_predicate action=maybe_recompile pc=0x00000175e8c17378 method=org.eclipse.osgi.internal.loader.BundleLoader.searchHooks(Ljava/lang/String;I)Ljava/lang/Object; @ 186 c2
Event: 3.656 Thread 0x00000175f92f9860 DEOPT PACKING pc=0x00000175e8c17378 sp=0x0000006c06bfcde0
Event: 3.656 Thread 0x00000175f92f9860 DEOPT UNPACKING pc=0x00000175e84466a3 sp=0x0000006c06bfcdf0 mode 2

Classes unloaded (7 events):
Event: 1.434 Thread 0x00000175f7151580 Unloading class 0x000000010024c400 'java/lang/invoke/LambdaForm$MH+0x000000010024c400'
Event: 1.434 Thread 0x00000175f7151580 Unloading class 0x000000010024c000 'java/lang/invoke/LambdaForm$MH+0x000000010024c000'
Event: 1.434 Thread 0x00000175f7151580 Unloading class 0x000000010024bc00 'java/lang/invoke/LambdaForm$MH+0x000000010024bc00'
Event: 1.434 Thread 0x00000175f7151580 Unloading class 0x000000010024b800 'java/lang/invoke/LambdaForm$MH+0x000000010024b800'
Event: 1.434 Thread 0x00000175f7151580 Unloading class 0x000000010024b400 'java/lang/invoke/LambdaForm$BMH+0x000000010024b400'
Event: 1.434 Thread 0x00000175f7151580 Unloading class 0x000000010024b000 'java/lang/invoke/LambdaForm$DMH+0x000000010024b000'
Event: 1.434 Thread 0x00000175f7151580 Unloading class 0x0000000100248400 'java/lang/invoke/LambdaForm$DMH+0x0000000100248400'

Classes redefined (0 events):
No events

Internal exceptions (20 events):
Event: 2.546 Thread 0x00000175f8c90770 Exception <a 'java/io/FileNotFoundException'{0x00000000ead5f9a8}> (0x00000000ead5f9a8) 
thrown [s\src\hotspot\share\prims\jni.cpp, line 516]
Event: 2.550 Thread 0x00000175f8c90770 Exception <a 'java/io/FileNotFoundException'{0x00000000eade48a0}> (0x00000000eade48a0) 
thrown [s\src\hotspot\share\prims\jni.cpp, line 516]
Event: 2.555 Thread 0x00000175f8c90770 Exception <a 'java/lang/UnsatisfiedLinkError'{0x00000000eae76558}: The specified procedure could not be found.
> (0x00000000eae76558) 
thrown [s\src\hotspot\share\prims\jni.cpp, line 535]
Event: 2.610 Thread 0x00000175de22e980 Exception <a 'java/lang/NoSuchMethodError'{0x00000000eb3b2570}: 'java.lang.Object java.lang.invoke.DirectMethodHandle$Holder.invokeStatic(java.lang.Object, java.lang.Object, long, java.lang.Object)'> (0x00000000eb3b2570) 
thrown [s\src\hotspot\share\interpreter\linkResolver.cpp, line 759]
Event: 2.610 Thread 0x00000175de22e980 Exception <a 'java/lang/NoSuchMethodError'{0x00000000eb3b6338}: 'java.lang.Object java.lang.invoke.DirectMethodHandle$Holder.invokeStaticInit(java.lang.Object, java.lang.Object, long, java.lang.Object)'> (0x00000000eb3b6338) 
thrown [s\src\hotspot\share\interpreter\linkResolver.cpp, line 759]
Event: 2.610 Thread 0x00000175de22e980 Exception <a 'java/lang/NoSuchMethodError'{0x00000000eb3bcbb0}: 'java.lang.Object java.lang.invoke.DirectMethodHandle$Holder.newInvokeSpecial(java.lang.Object, java.lang.Object, long)'> (0x00000000eb3bcbb0) 
thrown [s\src\hotspot\share\interpreter\linkResolver.cpp, line 759]
Event: 2.639 Thread 0x00000175de22e980 Exception <a 'java/lang/NoSuchMethodError'{0x00000000eb588a00}: 'void java.lang.invoke.DirectMethodHandle$Holder.invokeStatic(java.lang.Object, java.lang.Object, java.lang.Object, java.lang.Object)'> (0x00000000eb588a00) 
thrown [s\src\hotspot\share\interpreter\linkResolver.cpp, line 759]
Event: 2.712 Thread 0x00000175de22e980 Exception <a 'java/lang/NoSuchMethodError'{0x00000000ec00b4a8}: 'void java.lang.invoke.DirectMethodHandle$Holder.invokeSpecial(java.lang.Object, java.lang.Object, java.lang.Object, java.lang.Object, java.lang.Object, java.lang.Object)'> (0x00000000ec00b4a8) 
thrown [s\src\hotspot\share\interpreter\linkResolver.cpp, line 759]
Event: 2.712 Thread 0x00000175de22e980 Exception <a 'java/lang/IncompatibleClassChangeError'{0x00000000ec015218}: Found class java.lang.Object, but interface was expected> (0x00000000ec015218) 
thrown [s\src\hotspot\share\interpreter\linkResolver.cpp, line 826]
Event: 2.818 Thread 0x00000175f92f9860 Exception <a 'java/io/FileNotFoundException'{0x00000000eb5608d0}> (0x00000000eb5608d0) 
thrown [s\src\hotspot\share\prims\jni.cpp, line 516]
Event: 2.863 Thread 0x00000175f92f9860 Exception <a 'java/lang/NoSuchMethodError'{0x00000000eb8d8e40}: 'java.lang.Object java.lang.invoke.DirectMethodHandle$Holder.invokeSpecialIFC(java.lang.Object, java.lang.Object, java.lang.Object, java.lang.Object)'> (0x00000000eb8d8e40) 
thrown [s\src\hotspot\share\interpreter\linkResolver.cpp, line 759]
Event: 2.933 Thread 0x00000175f92f9860 Exception <a 'java/lang/NoSuchMethodError'{0x00000000ec0da868}: 'int java.lang.invoke.DirectMethodHandle$Holder.invokeSpecialIFC(java.lang.Object, java.lang.Object, java.lang.Object, java.lang.Object, java.lang.Object)'> (0x00000000ec0da868) 
thrown [s\src\hotspot\share\interpreter\linkResolver.cpp, line 759]
Event: 2.996 Thread 0x00000175f92f9860 Exception <a 'java/lang/NoClassDefFoundError'{0x00000000eb07ccb8}: javax/enterprise/inject/Typed> (0x00000000eb07ccb8) 
thrown [s\src\hotspot\share\classfile\systemDictionary.cpp, line 245]
Event: 3.437 Thread 0x00000175f92f9860 Exception <a 'java/lang/NoSuchMethodError'{0x00000000eb3eb3a8}: 'void java.lang.invoke.DirectMethodHandle$Holder.invokeStaticInit(java.lang.Object, java.lang.Object, java.lang.Object)'> (0x00000000eb3eb3a8) 
thrown [s\src\hotspot\share\interpreter\linkResolver.cpp, line 759]
Event: 3.439 Thread 0x00000175f92f9860 Exception <a 'java/lang/ExceptionInInitializerError'{0x00000000eb41f8d8}> (0x00000000eb41f8d8) 
thrown [s\src\hotspot\share\oops\instanceKlass.cpp, line 1218]
Event: 3.455 Thread 0x00000175f92f9860 Implicit null exception at 0x00000175e8aa80af to 0x00000175e8aa8258
Event: 3.455 Thread 0x00000175f92f9860 Implicit null exception at 0x00000175e8a29969 to 0x00000175e8a2ad3c
Event: 3.456 Thread 0x00000175f92f9860 Exception <a 'java/lang/NoSuchMethodError'{0x00000000eb59b860}: 'java.lang.Object java.lang.invoke.Invokers$Holder.invokeExact_MT(java.lang.Object, int, java.lang.Object)'> (0x00000000eb59b860) 
thrown [s\src\hotspot\share\interpreter\linkResolver.cpp, line 759]
Event: 3.464 Thread 0x00000175f92f9860 Exception <a 'java/lang/NoSuchMethodError'{0x00000000eb620168}: 'int java.lang.invoke.DirectMethodHandle$Holder.invokeSpecial(java.lang.Object, java.lang.Object, java.lang.Object, java.lang.Object)'> (0x00000000eb620168) 
thrown [s\src\hotspot\share\interpreter\linkResolver.cpp, line 759]
Event: 3.644 Thread 0x00000175f92f9860 Exception <a 'java/lang/NoClassDefFoundError'{0x00000000eabc5128}: com/google/inject/servlet/ServletModuleTargetVisitor> (0x00000000eabc5128) 
thrown [s\src\hotspot\share\classfile\systemDictionary.cpp, line 245]

VM Operations (20 events):
Event: 2.870 Executing VM operation: HandshakeAllThreads
Event: 2.870 Executing VM operation: HandshakeAllThreads done
Event: 2.939 Executing VM operation: ParallelGCFailedAllocation
Event: 2.941 Executing VM operation: ParallelGCFailedAllocation done
Event: 2.989 Executing VM operation: HandshakeAllThreads
Event: 2.989 Executing VM operation: HandshakeAllThreads done
Event: 3.112 Executing VM operation: ParallelGCFailedAllocation
Event: 3.113 Executing VM operation: ParallelGCFailedAllocation done
Event: 3.200 Executing VM operation: HandshakeAllThreads
Event: 3.200 Executing VM operation: HandshakeAllThreads done
Event: 3.217 Executing VM operation: HandshakeAllThreads
Event: 3.217 Executing VM operation: HandshakeAllThreads done
Event: 3.347 Executing VM operation: ParallelGCFailedAllocation
Event: 3.348 Executing VM operation: ParallelGCFailedAllocation done
Event: 3.482 Executing VM operation: HandshakeAllThreads
Event: 3.482 Executing VM operation: HandshakeAllThreads done
Event: 3.629 Executing VM operation: ICBufferFull
Event: 3.629 Executing VM operation: ICBufferFull done
Event: 3.634 Executing VM operation: ParallelGCFailedAllocation
Event: 3.636 Executing VM operation: ParallelGCFailedAllocation done

Events (20 events):
Event: 3.318 loading class sun/reflect/generics/tree/VoidDescriptor
Event: 3.318 loading class sun/reflect/generics/tree/VoidDescriptor done
Event: 3.344 loading class java/util/concurrent/CompletionService
Event: 3.344 loading class java/util/concurrent/CompletionService done
Event: 3.364 loading class java/nio/channels/SocketChannel
Event: 3.364 loading class java/nio/channels/NetworkChannel
Event: 3.364 loading class java/nio/channels/NetworkChannel done
Event: 3.364 loading class java/nio/channels/spi/AbstractSelectableChannel
Event: 3.364 loading class java/nio/channels/SelectableChannel
Event: 3.364 loading class java/nio/channels/SelectableChannel done
Event: 3.364 loading class java/nio/channels/spi/AbstractSelectableChannel done
Event: 3.364 loading class java/nio/channels/SocketChannel done
Event: 3.364 loading class java/nio/channels/ServerSocketChannel
Event: 3.364 loading class java/nio/channels/ServerSocketChannel done
Event: 3.439 loading class java/lang/ExceptionInInitializerError
Event: 3.439 loading class java/lang/ExceptionInInitializerError done
Event: 3.455 loading class java/util/function/ToIntFunction
Event: 3.455 loading class java/util/function/ToIntFunction done
Event: 3.651 loading class java/lang/ProcessEnvironment$CheckedKeySet
Event: 3.651 loading class java/lang/ProcessEnvironment$CheckedKeySet done


Dynamic libraries:
0x00007ff6c55c0000 - 0x00007ff6c55ce000 	c:\Users\messi\.vscode\extensions\redhat.java-1.26.0-win32-x64\jre\17.0.9-win32-x86_64\bin\java.exe
0x00007ffd5ef90000 - 0x00007ffd5f1a7000 	C:\Windows\SYSTEM32\ntdll.dll
0x00007ffd5d990000 - 0x00007ffd5da54000 	C:\Windows\System32\KERNEL32.DLL
0x00007ffd5c930000 - 0x00007ffd5ccd6000 	C:\Windows\System32\KERNELBASE.dll
0x00007ffd5c3c0000 - 0x00007ffd5c4d1000 	C:\Windows\System32\ucrtbase.dll
0x00007ffd409f0000 - 0x00007ffd40a07000 	c:\Users\messi\.vscode\extensions\redhat.java-1.26.0-win32-x64\jre\17.0.9-win32-x86_64\bin\jli.dll
0x00007ffd40a10000 - 0x00007ffd40a2b000 	c:\Users\messi\.vscode\extensions\redhat.java-1.26.0-win32-x64\jre\17.0.9-win32-x86_64\bin\VCRUNTIME140.dll
0x00007ffd5d070000 - 0x00007ffd5d21e000 	C:\Windows\System32\USER32.dll
0x00007ffd5c640000 - 0x00007ffd5c666000 	C:\Windows\System32\win32u.dll
0x00007ffd44060000 - 0x00007ffd442f3000 	C:\Windows\WinSxS\amd64_microsoft.windows.common-controls_6595b64144ccf1df_6.0.22621.2506_none_270c5ae97388e100\COMCTL32.dll
0x00007ffd5d960000 - 0x00007ffd5d989000 	C:\Windows\System32\GDI32.dll
0x00007ffd5d850000 - 0x00007ffd5d8f7000 	C:\Windows\System32\msvcrt.dll
0x00007ffd5c810000 - 0x00007ffd5c928000 	C:\Windows\System32\gdi32full.dll
0x00007ffd5c4e0000 - 0x00007ffd5c57a000 	C:\Windows\System32\msvcp_win.dll
0x00007ffd5d670000 - 0x00007ffd5d6a1000 	C:\Windows\System32\IMM32.DLL
0x00007ffd57c20000 - 0x00007ffd57c2c000 	c:\Users\messi\.vscode\extensions\redhat.java-1.26.0-win32-x64\jre\17.0.9-win32-x86_64\bin\vcruntime140_1.dll
0x00007ffd3f8d0000 - 0x00007ffd3f95d000 	c:\Users\messi\.vscode\extensions\redhat.java-1.26.0-win32-x64\jre\17.0.9-win32-x86_64\bin\msvcp140.dll
0x00007ffcfbc00000 - 0x00007ffcfc861000 	c:\Users\messi\.vscode\extensions\redhat.java-1.26.0-win32-x64\jre\17.0.9-win32-x86_64\bin\server\jvm.dll
0x00007ffd5d220000 - 0x00007ffd5d2d3000 	C:\Windows\System32\ADVAPI32.dll
0x00007ffd5e390000 - 0x00007ffd5e438000 	C:\Windows\System32\sechost.dll
0x00007ffd5c7e0000 - 0x00007ffd5c808000 	C:\Windows\System32\bcrypt.dll
0x00007ffd5d470000 - 0x00007ffd5d587000 	C:\Windows\System32\RPCRT4.dll
0x00007ffd5b110000 - 0x00007ffd5b15d000 	C:\Windows\SYSTEM32\POWRPROF.dll
0x00007ffd27690000 - 0x00007ffd27699000 	C:\Windows\SYSTEM32\WSOCK32.dll
0x00007ffd5edd0000 - 0x00007ffd5ee41000 	C:\Windows\System32\WS2_32.dll
0x00007ffd35ec0000 - 0x00007ffd35ef4000 	C:\Windows\SYSTEM32\WINMM.dll
0x00007ffd56500000 - 0x00007ffd5650a000 	C:\Windows\SYSTEM32\VERSION.dll
0x00007ffd5b0f0000 - 0x00007ffd5b103000 	C:\Windows\SYSTEM32\UMPDC.dll
0x00007ffd5b3b0000 - 0x00007ffd5b3c8000 	C:\Windows\SYSTEM32\kernel.appcore.dll
0x00007ffd47a20000 - 0x00007ffd47a2a000 	c:\Users\messi\.vscode\extensions\redhat.java-1.26.0-win32-x64\jre\17.0.9-win32-x86_64\bin\jimage.dll
0x00007ffd45770000 - 0x00007ffd459a3000 	C:\Windows\SYSTEM32\DBGHELP.DLL
0x00007ffd5cce0000 - 0x00007ffd5d069000 	C:\Windows\System32\combase.dll
0x00007ffd5d2e0000 - 0x00007ffd5d3b7000 	C:\Windows\System32\OLEAUT32.dll
0x00007ffd48650000 - 0x00007ffd48682000 	C:\Windows\SYSTEM32\dbgcore.DLL
0x00007ffd5c2d0000 - 0x00007ffd5c34a000 	C:\Windows\System32\bcryptPrimitives.dll
0x00007ffd47680000 - 0x00007ffd4768e000 	c:\Users\messi\.vscode\extensions\redhat.java-1.26.0-win32-x64\jre\17.0.9-win32-x86_64\bin\instrument.dll
0x00007ffd41400000 - 0x00007ffd41425000 	c:\Users\messi\.vscode\extensions\redhat.java-1.26.0-win32-x64\jre\17.0.9-win32-x86_64\bin\java.dll
0x00007ffd44370000 - 0x00007ffd44388000 	c:\Users\messi\.vscode\extensions\redhat.java-1.26.0-win32-x64\jre\17.0.9-win32-x86_64\bin\zip.dll
0x00007ffd5db30000 - 0x00007ffd5e38a000 	C:\Windows\System32\SHELL32.dll
0x00007ffd5a1e0000 - 0x00007ffd5aad6000 	C:\Windows\SYSTEM32\windows.storage.dll
0x00007ffd5a0a0000 - 0x00007ffd5a1de000 	C:\Windows\SYSTEM32\wintypes.dll
0x00007ffd5ee50000 - 0x00007ffd5ef43000 	C:\Windows\System32\SHCORE.dll
0x00007ffd5da60000 - 0x00007ffd5dabe000 	C:\Windows\System32\shlwapi.dll
0x00007ffd5c200000 - 0x00007ffd5c226000 	C:\Windows\SYSTEM32\profapi.dll
0x00007ffd3f6c0000 - 0x00007ffd3f6d9000 	C:\Users\messi\.vscode\extensions\redhat.java-1.26.0-win32-x64\jre\17.0.9-win32-x86_64\bin\net.dll
0x00007ffd566b0000 - 0x00007ffd567e7000 	C:\Windows\SYSTEM32\WINHTTP.dll
0x00007ffd5b820000 - 0x00007ffd5b889000 	C:\Windows\system32\mswsock.dll
0x00007ffd3f3a0000 - 0x00007ffd3f3b6000 	C:\Users\messi\.vscode\extensions\redhat.java-1.26.0-win32-x64\jre\17.0.9-win32-x86_64\bin\nio.dll
0x00007ffd475b0000 - 0x00007ffd475c0000 	c:\Users\messi\.vscode\extensions\redhat.java-1.26.0-win32-x64\jre\17.0.9-win32-x86_64\bin\verify.dll
0x00007ffd3fe60000 - 0x00007ffd3fe9e000 	C:\Users\messi\AppData\Roaming\Code\User\globalStorage\redhat.java\1.26.0\config_win\org.eclipse.equinox.launcher\org.eclipse.equinox.launcher.win32.win32.x86_64_1.2.800.v20231003-1442\eclipse_11802.dll
0x00007ffd5d6b0000 - 0x00007ffd5d850000 	C:\Windows\System32\ole32.dll
0x00007ffd5bb70000 - 0x00007ffd5bb8b000 	C:\Windows\SYSTEM32\CRYPTSP.dll
0x00007ffd5b310000 - 0x00007ffd5b345000 	C:\Windows\system32\rsaenh.dll
0x00007ffd5b8c0000 - 0x00007ffd5b8ec000 	C:\Windows\SYSTEM32\USERENV.dll
0x00007ffd5bb50000 - 0x00007ffd5bb5c000 	C:\Windows\SYSTEM32\CRYPTBASE.dll
0x00007ffd5adb0000 - 0x00007ffd5addd000 	C:\Windows\SYSTEM32\IPHLPAPI.DLL
0x00007ffd5d950000 - 0x00007ffd5d959000 	C:\Windows\System32\NSI.dll
0x00007ffd56690000 - 0x00007ffd566a9000 	C:\Windows\SYSTEM32\dhcpcsvc6.DLL
0x00007ffd56670000 - 0x00007ffd5668f000 	C:\Windows\SYSTEM32\dhcpcsvc.DLL
0x00007ffd5ae20000 - 0x00007ffd5af19000 	C:\Windows\SYSTEM32\DNSAPI.dll
0x00007ffd3de30000 - 0x00007ffd3de75000 	C:\Users\messi\AppData\Local\Temp\jna-103786865\jna18087108004456723851.dll
0x00007ffd5edc0000 - 0x00007ffd5edc8000 	C:\Windows\System32\PSAPI.DLL

dbghelp: loaded successfully - version: 4.0.5 - missing functions: none
symbol engine: initialized successfully - sym options: 0x614 - pdb path: .;c:\Users\messi\.vscode\extensions\redhat.java-1.26.0-win32-x64\jre\17.0.9-win32-x86_64\bin;C:\Windows\SYSTEM32;C:\Windows\WinSxS\amd64_microsoft.windows.common-controls_6595b64144ccf1df_6.0.22621.2506_none_270c5ae97388e100;c:\Users\messi\.vscode\extensions\redhat.java-1.26.0-win32-x64\jre\17.0.9-win32-x86_64\bin\server;C:\Users\messi\AppData\Roaming\Code\User\globalStorage\redhat.java\1.26.0\config_win\org.eclipse.equinox.launcher\org.eclipse.equinox.launcher.win32.win32.x86_64_1.2.800.v20231003-1442;C:\Users\messi\AppData\Local\Temp\jna-103786865

VM Arguments:
jvm_args: --add-modules=ALL-SYSTEM --add-opens=java.base/java.util=ALL-UNNAMED --add-opens=java.base/java.lang=ALL-UNNAMED --add-opens=java.base/sun.nio.fs=ALL-UNNAMED -Declipse.application=org.eclipse.jdt.ls.core.id1 -Dosgi.bundles.defaultStartLevel=4 -Declipse.product=org.eclipse.jdt.ls.core.product -Djava.import.generatesMetadataFilesAtProjectRoot=false -DDetectVMInstallationsJob.disabled=true -Dfile.encoding=utf8 -XX:+UseParallelGC -XX:GCTimeRatio=4 -XX:AdaptiveSizePolicyWeight=90 -Dsun.zip.disableMemoryMapping=true -Xmx1G -Xms100m -Xlog:disable -javaagent:c:\Users\messi\.vscode\extensions\redhat.java-1.26.0-win32-x64\lombok\lombok-1.18.31-3454.jar -XX:+HeapDumpOnOutOfMemoryError -XX:HeapDumpPath=c:\Users\messi\AppData\Roaming\Code\User\workspaceStorage\d88549114971c4f169f360f53d10f945\redhat.java -Daether.dependencyCollector.impl=bf 
java_command: c:\Users\messi\.vscode\extensions\redhat.java-1.26.0-win32-x64\server\plugins\org.eclipse.equinox.launcher_1.6.700.v20231214-2017.jar -configuration c:\Users\messi\AppData\Roaming\Code\User\globalStorage\redhat.java\1.26.0\config_win -data c:\Users\messi\AppData\Roaming\Code\User\workspaceStorage\d88549114971c4f169f360f53d10f945\redhat.java\jdt_ws --stdio
java_class_path (initial): c:\Users\messi\.vscode\extensions\redhat.java-1.26.0-win32-x64\server\plugins\org.eclipse.equinox.launcher_1.6.700.v20231214-2017.jar
Launcher Type: SUN_STANDARD

[Global flags]
    uintx AdaptiveSizePolicyWeight                 = 90                                        {product} {command line}
     intx CICompilerCount                          = 4                                         {product} {ergonomic}
    uintx GCTimeRatio                              = 4                                         {product} {command line}
     bool HeapDumpOnOutOfMemoryError               = true                                   {manageable} {command line}
    ccstr HeapDumpPath                             = c:\Users\messi\AppData\Roaming\Code\User\workspaceStorage\d88549114971c4f169f360f53d10f945\redhat.java         {manageable} {command line}
   size_t InitialHeapSize                          = 104857600                                 {product} {command line}
   size_t MaxHeapSize                              = 1073741824                                {product} {command line}
   size_t MaxNewSize                               = 357564416                                 {product} {ergonomic}
   size_t MinHeapDeltaBytes                        = 524288                                    {product} {ergonomic}
   size_t MinHeapSize                              = 104857600                                 {product} {command line}
   size_t NewSize                                  = 34603008                                  {product} {ergonomic}
    uintx NonNMethodCodeHeapSize                   = 5839372                                {pd product} {ergonomic}
    uintx NonProfiledCodeHeapSize                  = 122909434                              {pd product} {ergonomic}
   size_t OldSize                                  = 70254592                                  {product} {ergonomic}
    uintx ProfiledCodeHeapSize                     = 122909434                              {pd product} {ergonomic}
    uintx ReservedCodeCacheSize                    = 251658240                              {pd product} {ergonomic}
     bool SegmentedCodeCache                       = true                                      {product} {ergonomic}
   size_t SoftMaxHeapSize                          = 1073741824                             {manageable} {ergonomic}
     bool UseCompressedClassPointers               = true                           {product lp64_product} {ergonomic}
     bool UseCompressedOops                        = true                           {product lp64_product} {ergonomic}
     bool UseLargePagesIndividualAllocation        = false                                  {pd product} {ergonomic}
     bool UseParallelGC                            = true                                      {product} {command line}

Logging:
Log output configuration:
 #0: stdout all=off uptime,level,tags
 #1: stderr all=off uptime,level,tags

Environment Variables:
PATH=C:\Program Files\Common Files\Oracle\Java\javapath;D:\Program Files (x86)\VMware\VMware Workstation\bin\;C:\Python311\Scripts\;C:\Python311\;C:\Windows\system32;C:\Windows;C:\Windows\System32\Wbem;C:\Windows\System32\WindowsPowerShell\v1.0\;C:\Windows\System32\OpenSSH\;C:\Program Files\nodejs\;C:\ProgramData\chocolatey\bin;C:\Program Files\Git\cmd;C:\MinGW\bin;C:\platform-tools;C:\Program Files\NVIDIA Corporation\NVIDIA NvDLISR;C:\Program Files (x86)\NVIDIA Corporation\PhysX\Common;C:\Program Files\dotnet\;D:\Program Files\MATLAB\R2023a\runtime\win64;D:\Program Files\MATLAB\R2023a\bin;C:\Program Files\Docker\Docker\resources\bin;C:\Program Files\MySQL\MySQL Server 8.0\bin;C:\Users\messi\AppData\Local\Microsoft\WindowsApps;C:\Users\messi\AppData\Roaming\npm;C:\Users\messi\AppData\Local\Programs\Microsoft VS Code\bin;C:\MinGW\bin;C:\platform-tools;;C:\Program Files\Azure Data Studio\bin;C:\Program Files\Azure Data Studio\bin;C:\Program Files\Azure Data Studio\bin;D:\Program Files\JetBrains\IntelliJ IDEA 2021.1\bin;;C:\Users\messi\.dotnet\tools
USERNAME=messi
OS=Windows_NT
PROCESSOR_IDENTIFIER=Intel64 Family 6 Model 158 Stepping 13, GenuineIntel
TMP=C:\Users\messi\AppData\Local\Temp
TEMP=C:\Users\messi\AppData\Local\Temp



Periodic native trim disabled


---------------  S Y S T E M  ---------------

OS:
 Windows 11 , 64 bit Build 22621 (10.0.22621.2506)
OS uptime: 0 days 3:18 hours
Hyper-V role detected

CPU: total 8 (initial active 8) (4 cores per cpu, 2 threads per core) family 6 model 158 stepping 13 microcode 0xde, cx8, cmov, fxsr, ht, mmx, 3dnowpref, sse, sse2, sse3, ssse3, sse4.1, sse4.2, popcnt, lzcnt, tsc, tscinvbit, avx, avx2, aes, erms, clmul, bmi1, bmi2, adx, fma, vzeroupper, clflush, clflushopt, hv
Processor Information for all 8 processors :
  Max Mhz: 2401, Current Mhz: 2400, Mhz Limit: 2376

Memory: 4k page, system-wide physical 16224M (3907M free)
TotalPageFile size 16224M (AvailPageFile size 8M)
current process WorkingSet (physical memory assigned to process): 216M, peak: 220M
current process commit charge ("private bytes"): 311M, peak: 316M

vm_info: OpenJDK 64-Bit Server VM (17.0.9+9) for windows-amd64 JRE (17.0.9+9), built on Oct 26 2023 14:01:42 by "admin" with MS VC++ 16.10 / 16.11 (VS2019)

END.
