#
# There is insufficient memory for the Java Runtime Environment to continue.
# Native memory allocation (mmap) failed to map 266338304 bytes for G1 virtual space
# Possible reasons:
#   The system is out of physical RAM or swap space
#   The process is running with CompressedOops enabled, and the Java Heap may be blocking the growth of the native heap
# Possible solutions:
#   Reduce memory load on the system
#   Increase physical memory or swap space
#   Check if swap backing store is full
#   Decrease Java heap size (-Xmx/-Xms)
#   Decrease number of Java threads
#   Decrease Java thread stack sizes (-Xss)
#   Set larger code cache with -XX:ReservedCodeCacheSize=
#   JVM is running with Zero Based Compressed Oops mode in which the Java heap is
#     placed in the first 32GB address space. The Java Heap base address is the
#     maximum limit for the native heap growth. Please use -XX:HeapBaseMinAddress
#     to set the Java Heap base and to place the Java Heap above 32GB virtual address.
# This output file may be truncated or incomplete.
#
#  Out of Memory Error (os_windows.cpp:3600), pid=17912, tid=9940
#
# JRE version:  (21.0.1+12) (build )
# Java VM: Java HotSpot(TM) 64-Bit Server VM (21.0.1+12-LTS-29, mixed mode, sharing, tiered, compressed oops, compressed class ptrs, g1 gc, windows-amd64)
# No core dump will be written. Minidumps are not enabled by default on client versions of Windows
#

---------------  S U M M A R Y ------------

Command Line: -Dclassworlds.conf=D:\Program Files\JetBrains\IntelliJ IDEA 2021.1\plugins\maven\lib\maven3\bin\..\bin\m2.conf -Dmaven.home=D:\Program Files\JetBrains\IntelliJ IDEA 2021.1\plugins\maven\lib\maven3\bin\.. -Dlibrary.jansi.path=D:\Program Files\JetBrains\IntelliJ IDEA 2021.1\plugins\maven\lib\maven3\bin\..\lib\jansi-native -Dmaven.multiModuleProjectDirectory=D:\messi\Documents\CODE\JAVA\demo org.codehaus.plexus.classworlds.launcher.Launcher spring-boot:run

Host: Intel(R) Core(TM) i5-9300H CPU @ 2.40GHz, 8 cores, 15G,  Windows 11 , 64 bit Build 22621 (10.0.22621.3085)
Time: Wed Feb  7 17:01:32 2024 SE Asia Standard Time elapsed time: 0.011410 seconds (0d 0h 0m 0s)

---------------  T H R E A D  ---------------

Current thread (0x000002a78d6e07e0):  JavaThread "Unknown thread" [_thread_in_vm, id=9940, stack(0x000000f8cad00000,0x000000f8cae00000) (1024K)]

Stack: [0x000000f8cad00000,0x000000f8cae00000]
Native frames: (J=compiled Java code, j=interpreted, Vv=VM code, C=native code)
V  [jvm.dll+0x6c9029]
V  [jvm.dll+0x854b81]
V  [jvm.dll+0x856e5e]
V  [jvm.dll+0x857543]
V  [jvm.dll+0x280c06]
V  [jvm.dll+0x6c5715]
V  [jvm.dll+0x6ba10a]
V  [jvm.dll+0x3557ea]
V  [jvm.dll+0x35d436]
V  [jvm.dll+0x3ae1be]
V  [jvm.dll+0x3ae468]
V  [jvm.dll+0x3291fc]
V  [jvm.dll+0x329d8b]
V  [jvm.dll+0x81d179]
V  [jvm.dll+0x3bb4f1]
V  [jvm.dll+0x805ae8]
V  [jvm.dll+0x44effe]
V  [jvm.dll+0x450901]
C  [jli.dll+0x52a3]
C  [ucrtbase.dll+0x29363]
C  [KERNEL32.DLL+0x1257d]
C  [ntdll.dll+0x5aa58]


---------------  P R O C E S S  ---------------

Threads class SMR info:
_java_thread_list=0x00007ffb688f9b88, length=0, elements={
}

Java Threads: ( => current thread )
Total: 0

Other Threads:
  0x000002a78f900020 WorkerThread "GC Thread#0"                     [id=19960, stack(0x000000f8cae00000,0x000000f8caf00000) (1024K)]
  0x000002a78f9119a0 ConcurrentGCThread "G1 Main Marker"            [id=8452, stack(0x000000f8caf00000,0x000000f8cb000000) (1024K)]
  0x000002a78f9124a0 WorkerThread "G1 Conc#0"                       [id=332, stack(0x000000f8cb000000,0x000000f8cb100000) (1024K)]

[error occurred during error reporting (printing all threads), id 0xc0000005, EXCEPTION_ACCESS_VIOLATION (0xc0000005) at pc=0x00007ffb6806c2c7]
VM state: not at safepoint (not fully initialized)

VM Mutex/Monitor currently owned by a thread:  ([mutex/lock_event])
[0x00007ffb6896a6f8] Heap_lock - owner thread: 0x000002a78d6e07e0

Heap address: 0x0000000702600000, size: 4058 MB, Compressed Oops mode: Zero based, Oop shift amount: 3

CDS archive(s) mapped at: [0x0000000000000000-0x0000000000000000-0x0000000000000000), size 0, SharedBaseAddress: 0x0000000800000000, ArchiveRelocationMode: 1.
Narrow klass base: 0x0000000000000000, Narrow klass shift: 0, Narrow klass range: 0x0

GC Precious Log:
 CardTable entry size: 512
 Card Set container configuration: InlinePtr #cards 4 size 8 Array Of Cards #cards 16 size 48 Howl #buckets 8 coarsen threshold 3686 Howl Bitmap #cards 512 size 80 coarsen threshold 460 Card regions per heap region 1 cards per card region 4096

Heap:
 garbage-first heap   total 0K, used 0K [0x0000000702600000, 0x0000000800000000)
  region size 2048K, 0 young (0K), 0 survivors (0K)

[error occurred during error reporting (printing heap information), id 0xc0000005, EXCEPTION_ACCESS_VIOLATION (0xc0000005) at pc=0x00007ffb68451be9]
GC Heap History (0 events):
No events

Dll operation events (1 events):
Event: 0.005 Loaded shared library C:\Program Files\Java\jdk-21\bin\java.dll

Deoptimization events (0 events):
No events

Classes loaded (0 events):
No events

Classes unloaded (0 events):
No events

Classes redefined (0 events):
No events

Internal exceptions (0 events):
No events

ZGC Phase Switch (0 events):
No events

VM Operations (0 events):
No events

Events (0 events):
No events


Dynamic libraries:
0x00007ff7c6920000 - 0x00007ff7c6930000 	C:\Program Files\Java\jdk-21\bin\java.exe
0x00007ffc12f50000 - 0x00007ffc13167000 	C:\Windows\SYSTEM32\ntdll.dll
0x00007ffc122f0000 - 0x00007ffc123b4000 	C:\Windows\System32\KERNEL32.DLL
0x00007ffc10660000 - 0x00007ffc10a06000 	C:\Windows\System32\KERNELBASE.dll
0x00007ffc10a10000 - 0x00007ffc10b21000 	C:\Windows\System32\ucrtbase.dll
0x00007ffc0b8e0000 - 0x00007ffc0b8f9000 	C:\Program Files\Java\jdk-21\bin\jli.dll
0x00007ffc0b2d0000 - 0x00007ffc0b2eb000 	C:\Program Files\Java\jdk-21\bin\VCRUNTIME140.dll
0x00007ffc12550000 - 0x00007ffc12603000 	C:\Windows\System32\ADVAPI32.dll
0x00007ffc12d40000 - 0x00007ffc12de7000 	C:\Windows\System32\msvcrt.dll
0x00007ffc12240000 - 0x00007ffc122e8000 	C:\Windows\System32\sechost.dll
0x00007ffc10380000 - 0x00007ffc103a8000 	C:\Windows\System32\bcrypt.dll
0x00007ffc11cb0000 - 0x00007ffc11dc7000 	C:\Windows\System32\RPCRT4.dll
0x00007ffc11e30000 - 0x00007ffc11fde000 	C:\Windows\System32\USER32.dll
0x00007ffc10290000 - 0x00007ffc102b6000 	C:\Windows\System32\win32u.dll
0x00007ffc12520000 - 0x00007ffc12549000 	C:\Windows\System32\GDI32.dll
0x00007ffbe86e0000 - 0x00007ffbe8973000 	C:\Windows\WinSxS\amd64_microsoft.windows.common-controls_6595b64144ccf1df_6.0.22621.2506_none_270c5ae97388e100\COMCTL32.dll
0x00007ffc104d0000 - 0x00007ffc105e8000 	C:\Windows\System32\gdi32full.dll
0x00007ffc10430000 - 0x00007ffc104ca000 	C:\Windows\System32\msvcp_win.dll
0x00007ffc0a1c0000 - 0x00007ffc0a1ca000 	C:\Windows\SYSTEM32\VERSION.dll
0x00007ffc12790000 - 0x00007ffc127c1000 	C:\Windows\System32\IMM32.DLL
0x00007ffc0b2c0000 - 0x00007ffc0b2cc000 	C:\Program Files\Java\jdk-21\bin\vcruntime140_1.dll
0x00007ffbea600000 - 0x00007ffbea68e000 	C:\Program Files\Java\jdk-21\bin\msvcp140.dll
0x00007ffb67d30000 - 0x00007ffb68a45000 	C:\Program Files\Java\jdk-21\bin\server\jvm.dll
0x00007ffc12660000 - 0x00007ffc126d1000 	C:\Windows\System32\WS2_32.dll
0x00007ffc0f0e0000 - 0x00007ffc0f12d000 	C:\Windows\SYSTEM32\POWRPROF.dll
0x00007ffbf6c00000 - 0x00007ffbf6c34000 	C:\Windows\SYSTEM32\WINMM.dll
0x00007ffc0f0c0000 - 0x00007ffc0f0d3000 	C:\Windows\SYSTEM32\UMPDC.dll
0x00007ffc0f380000 - 0x00007ffc0f398000 	C:\Windows\SYSTEM32\kernel.appcore.dll
0x00007ffc07a60000 - 0x00007ffc07a6a000 	C:\Program Files\Java\jdk-21\bin\jimage.dll
0x00007ffbf95b0000 - 0x00007ffbf97e3000 	C:\Windows\SYSTEM32\DBGHELP.DLL
0x00007ffc127e0000 - 0x00007ffc12b69000 	C:\Windows\System32\combase.dll
0x00007ffc10e40000 - 0x00007ffc10f17000 	C:\Windows\System32\OLEAUT32.dll
0x00007ffbf9560000 - 0x00007ffbf9592000 	C:\Windows\SYSTEM32\dbgcore.DLL
0x00007ffc103b0000 - 0x00007ffc1042a000 	C:\Windows\System32\bcryptPrimitives.dll
0x00007ffc07a40000 - 0x00007ffc07a5f000 	C:\Program Files\Java\jdk-21\bin\java.dll

dbghelp: loaded successfully - version: 4.0.5 - missing functions: none
symbol engine: initialized successfully - sym options: 0x614 - pdb path: .;C:\Program Files\Java\jdk-21\bin;C:\Windows\SYSTEM32;C:\Windows\WinSxS\amd64_microsoft.windows.common-controls_6595b64144ccf1df_6.0.22621.2506_none_270c5ae97388e100;C:\Program Files\Java\jdk-21\bin\server

VM Arguments:
jvm_args: -Dclassworlds.conf=D:\Program Files\JetBrains\IntelliJ IDEA 2021.1\plugins\maven\lib\maven3\bin\..\bin\m2.conf -Dmaven.home=D:\Program Files\JetBrains\IntelliJ IDEA 2021.1\plugins\maven\lib\maven3\bin\.. -Dlibrary.jansi.path=D:\Program Files\JetBrains\IntelliJ IDEA 2021.1\plugins\maven\lib\maven3\bin\..\lib\jansi-native -Dmaven.multiModuleProjectDirectory=D:\messi\Documents\CODE\JAVA\demo 
java_command: org.codehaus.plexus.classworlds.launcher.Launcher spring-boot:run
java_class_path (initial): D:\Program Files\JetBrains\IntelliJ IDEA 2021.1\plugins\maven\lib\maven3\bin\..\boot\plexus-classworlds-2.6.0.jar
Launcher Type: SUN_STANDARD

[Global flags]
     intx CICompilerCount                          = 4                                         {product} {ergonomic}
     uint ConcGCThreads                            = 2                                         {product} {ergonomic}
     uint G1ConcRefinementThreads                  = 8                                         {product} {ergonomic}
   size_t G1HeapRegionSize                         = 2097152                                   {product} {ergonomic}
    uintx GCDrainStackTargetSize                   = 64                                        {product} {ergonomic}
   size_t InitialHeapSize                          = 266338304                                 {product} {ergonomic}
   size_t MarkStackSize                            = 4194304                                   {product} {ergonomic}
   size_t MaxHeapSize                              = 4255121408                                {product} {ergonomic}
   size_t MinHeapDeltaBytes                        = 2097152                                   {product} {ergonomic}
   size_t MinHeapSize                              = 8388608                                   {product} {ergonomic}
    uintx NonNMethodCodeHeapSize                   = 5839372                                {pd product} {ergonomic}
    uintx NonProfiledCodeHeapSize                  = 122909434                              {pd product} {ergonomic}
    uintx ProfiledCodeHeapSize                     = 122909434                              {pd product} {ergonomic}
    uintx ReservedCodeCacheSize                    = 251658240                              {pd product} {ergonomic}
     bool SegmentedCodeCache                       = true                                      {product} {ergonomic}
   size_t SoftMaxHeapSize                          = 4255121408                             {manageable} {ergonomic}
     bool UseCompressedOops                        = true                           {product lp64_product} {ergonomic}
     bool UseG1GC                                  = true                                      {product} {ergonomic}
     bool UseLargePagesIndividualAllocation        = false                                  {pd product} {ergonomic}

Logging:
Log output configuration:
 #0: stdout all=warning uptime,level,tags foldmultilines=false
 #1: stderr all=off uptime,level,tags foldmultilines=false

Environment Variables:
JAVA_HOME=C:\Program Files\Java\jdk-21
PATH=D:\Program Files (x86)\VMware\VMware Workstation\bin\;C:\Python311\Scripts\;C:\Python311\;C:\Windows\system32;C:\Windows;C:\Windows\System32\Wbem;C:\Windows\System32\WindowsPowerShell\v1.0\;C:\Windows\System32\OpenSSH\;C:\Program Files\nodejs\;C:\ProgramData\chocolatey\bin;C:\Program Files\Git\cmd;C:\MinGW\bin;C:\platform-tools;C:\Program Files\NVIDIA Corporation\NVIDIA NvDLISR;C:\Program Files (x86)\NVIDIA Corporation\PhysX\Common;C:\Program Files\dotnet\;D:\Program Files\MATLAB\R2023a\runtime\win64;D:\Program Files\MATLAB\R2023a\bin;C:\Program Files\Docker\Docker\resources\bin;C:\Program Files\MySQL\MySQL Server 8.0\bin;C:\Users\messi\AppData\Local\Microsoft\WindowsApps;C:\Users\messi\AppData\Roaming\npm;C:\Users\messi\AppData\Local\Programs\Microsoft VS Code\bin;C:\MinGW\bin;C:\platform-tools;C:\Program Files\Azure Data Studio\bin;C:\Program Files\Azure Data Studio\bin;C:\Program Files\Azure Data Studio\bin;D:\Program Files\JetBrains\IntelliJ IDEA 2021.1\bin;;C:\Users\messi\.dotnet\tools;D:\Program Files\JetBrains\IntelliJ IDEA 2021.1\plugins\maven\lib\maven3\bin;C:\Program Files\Java\jdk-21\bin;
USERNAME=messi
OS=Windows_NT
PROCESSOR_IDENTIFIER=Intel64 Family 6 Model 158 Stepping 13, GenuineIntel
TMP=C:\Users\messi\AppData\Local\Temp
TEMP=C:\Users\messi\AppData\Local\Temp




Periodic native trim disabled

---------------  S Y S T E M  ---------------

OS:
 Windows 11 , 64 bit Build 22621 (10.0.22621.3085)
OS uptime: 0 days 2:24 hours
Hyper-V role detected

CPU: total 8 (initial active 8) (4 cores per cpu, 2 threads per core) family 6 model 158 stepping 13 microcode 0xde, cx8, cmov, fxsr, ht, mmx, 3dnowpref, sse, sse2, sse3, ssse3, sse4.1, sse4.2, popcnt, lzcnt, tsc, tscinvbit, avx, avx2, aes, erms, clmul, bmi1, bmi2, adx, fma, vzeroupper, clflush, clflushopt, hv, rdtscp, f16c
Processor Information for all 8 processors :
  Max Mhz: 2401, Current Mhz: 2400, Mhz Limit: 2376

Memory: 4k page, system-wide physical 16224M (4487M free)
TotalPageFile size 16224M (AvailPageFile size 170M)
current process WorkingSet (physical memory assigned to process): 11M, peak: 11M
current process commit charge ("private bytes"): 60M, peak: 314M

vm_info: Java HotSpot(TM) 64-Bit Server VM (21.0.1+12-LTS-29) for windows-amd64 JRE (21.0.1+12-LTS-29), built on 2023-10-05T13:27:09Z by "mach5one" with MS VC++ 17.1 (VS2022)

END.
