#
# There is insufficient memory for the Java Runtime Environment to continue.
# Native memory allocation (malloc) failed to allocate 96016 bytes for Chunk::new
# Possible reasons:
#   The system is out of physical RAM or swap space
#   The process is running with CompressedOops enabled, and the Java Heap may be blocking the growth of the native heap
# Possible solutions:
#   Reduce memory load on the system
#   Increase physical memory or swap space
#   Check if swap backing store is full
#   Decrease Java heap size (-Xmx/-Xms)
#   Decrease number of Java threads
#   Decrease Java thread stack sizes (-Xss)
#   Set larger code cache with -XX:ReservedCodeCacheSize=
#   JVM is running with Unscaled Compressed Oops mode in which the Java heap is
#     placed in the first 4GB address space. The Java Heap base address is the
#     maximum limit for the native heap growth. Please use -XX:HeapBaseMinAddress
#     to set the Java Heap base and to place the Java Heap above 4GB virtual address.
# This output file may be truncated or incomplete.
#
#  Out of Memory Error (arena.cpp:191), pid=16528, tid=17548
#
# JRE version: OpenJDK Runtime Environment Temurin-17.0.9+9 (17.0.9+9) (build 17.0.9+9)
# Java VM: OpenJDK 64-Bit Server VM Temurin-17.0.9+9 (17.0.9+9, mixed mode, tiered, compressed oops, compressed class ptrs, parallel gc, windows-amd64)
# No core dump will be written. Minidumps are not enabled by default on client versions of Windows
#

---------------  S U M M A R Y ------------

Command Line: --add-modules=ALL-SYSTEM --add-opens=java.base/java.util=ALL-UNNAMED --add-opens=java.base/java.lang=ALL-UNNAMED --add-opens=java.base/sun.nio.fs=ALL-UNNAMED -Declipse.application=org.eclipse.jdt.ls.core.id1 -Dosgi.bundles.defaultStartLevel=4 -Declipse.product=org.eclipse.jdt.ls.core.product -Djava.import.generatesMetadataFilesAtProjectRoot=false -DDetectVMInstallationsJob.disabled=true -Dfile.encoding=utf8 -XX:+UseParallelGC -XX:GCTimeRatio=4 -XX:AdaptiveSizePolicyWeight=90 -Dsun.zip.disableMemoryMapping=true -Xmx1G -Xms100m -Xlog:disable -javaagent:c:\Users\messi\.vscode\extensions\redhat.java-1.26.0-win32-x64\lombok\lombok-1.18.31-3454.jar -XX:+HeapDumpOnOutOfMemoryError -XX:HeapDumpPath=c:\Users\messi\AppData\Roaming\Code\User\workspaceStorage\d88549114971c4f169f360f53d10f945\redhat.java -Daether.dependencyCollector.impl=bf c:\Users\messi\.vscode\extensions\redhat.java-1.26.0-win32-x64\server\plugins\org.eclipse.equinox.launcher_1.6.700.v20231214-2017.jar -configuration c:\Users\messi\AppData\Roaming\Code\User\globalStorage\redhat.java\1.26.0\config_win -data c:\Users\messi\AppData\Roaming\Code\User\workspaceStorage\d88549114971c4f169f360f53d10f945\redhat.java\jdt_ws --stdio

Host: Intel(R) Core(TM) i5-9300H CPU @ 2.40GHz, 8 cores, 15G,  Windows 11 , 64 bit Build 22621 (10.0.22621.2506)
Time: Wed Jan 24 16:20:38 2024 SE Asia Standard Time elapsed time: 7.241239 seconds (0d 0h 0m 7s)

---------------  T H R E A D  ---------------

Current thread (0x00000270e5241d00):  JavaThread "C2 CompilerThread1" daemon [_thread_in_native, id=17548, stack(0x000000db95400000,0x000000db95500000)]


Current CompileTask:
C2:   7241 6298       4       jdk.internal.jimage.ImageReader$Resource::create (17 bytes)

Stack: [0x000000db95400000,0x000000db95500000]
Native frames: (J=compiled Java code, j=interpreted, Vv=VM code, C=native code)
V  [jvm.dll+0x67cf49]
V  [jvm.dll+0x83478a]
V  [jvm.dll+0x83624e]
V  [jvm.dll+0x8368b3]
V  [jvm.dll+0x247f1f]
V  [jvm.dll+0xac43c]
V  [jvm.dll+0xaca8c]
V  [jvm.dll+0x367012]
V  [jvm.dll+0x3313ba]
V  [jvm.dll+0x33085a]
V  [jvm.dll+0x21a5b1]
V  [jvm.dll+0x2199d1]
V  [jvm.dll+0x1a57cd]
V  [jvm.dll+0x2297ae]
V  [jvm.dll+0x22797c]
V  [jvm.dll+0x7e9877]
V  [jvm.dll+0x7e3c3a]
V  [jvm.dll+0x67be35]
C  [ucrtbase.dll+0x29363]
C  [KERNEL32.DLL+0x1257d]
C  [ntdll.dll+0x5aa58]


---------------  P R O C E S S  ---------------

Threads class SMR info:
_java_thread_list=0x00000270e9195250, length=30, elements={
0x00000270cbfbe110, 0x00000270dfe43260, 0x00000270dfe455d0, 0x00000270dfe49200,
0x00000270dfe49dc0, 0x00000270dfe4a980, 0x00000270dfe4b540, 0x00000270dfe4e3f0,
0x00000270e4fb9a40, 0x00000270e4fcc6f0, 0x00000270cc0210b0, 0x00000270e61405a0,
0x00000270e6849c50, 0x00000270e6c18330, 0x00000270e6cb7240, 0x00000270e72d91f0,
0x00000270e72900f0, 0x00000270e6e99930, 0x00000270e6e5e5d0, 0x00000270e6e5eff0,
0x00000270e6e61360, 0x00000270e6e5f500, 0x00000270e6e5fa10, 0x00000270e6e5ff20,
0x00000270e6e5dbb0, 0x00000270e6e60430, 0x00000270e6e60e50, 0x00000270e71c70a0,
0x00000270e5241d00, 0x00000270e62548f0
}

Java Threads: ( => current thread )
  0x00000270cbfbe110 JavaThread "main" [_thread_blocked, id=2648, stack(0x000000db93f00000,0x000000db94000000)]
  0x00000270dfe43260 JavaThread "Reference Handler" daemon [_thread_blocked, id=17892, stack(0x000000db94200000,0x000000db94300000)]
  0x00000270dfe455d0 JavaThread "Finalizer" daemon [_thread_blocked, id=16276, stack(0x000000db94300000,0x000000db94400000)]
  0x00000270dfe49200 JavaThread "Signal Dispatcher" daemon [_thread_blocked, id=16872, stack(0x000000db94400000,0x000000db94500000)]
  0x00000270dfe49dc0 JavaThread "Attach Listener" daemon [_thread_blocked, id=12396, stack(0x000000db94500000,0x000000db94600000)]
  0x00000270dfe4a980 JavaThread "Service Thread" daemon [_thread_blocked, id=5700, stack(0x000000db94600000,0x000000db94700000)]
  0x00000270dfe4b540 JavaThread "Monitor Deflation Thread" daemon [_thread_blocked, id=14192, stack(0x000000db94700000,0x000000db94800000)]
  0x00000270dfe4e3f0 JavaThread "C2 CompilerThread0" daemon [_thread_in_native, id=21908, stack(0x000000db94800000,0x000000db94900000)]
  0x00000270e4fb9a40 JavaThread "C1 CompilerThread0" daemon [_thread_blocked, id=4024, stack(0x000000db94900000,0x000000db94a00000)]
  0x00000270e4fcc6f0 JavaThread "Sweeper thread" daemon [_thread_blocked, id=7240, stack(0x000000db94a00000,0x000000db94b00000)]
  0x00000270cc0210b0 JavaThread "Common-Cleaner" daemon [_thread_blocked, id=13852, stack(0x000000db94b00000,0x000000db94c00000)]
  0x00000270e61405a0 JavaThread "Notification Thread" daemon [_thread_blocked, id=3660, stack(0x000000db94c00000,0x000000db94d00000)]
  0x00000270e6849c50 JavaThread "Active Thread: Equinox Container: 87802475-e314-4a18-b46c-220fc7ca5105" [_thread_blocked, id=8628, stack(0x000000db95600000,0x000000db95700000)]
  0x00000270e6c18330 JavaThread "Framework Event Dispatcher: Equinox Container: 87802475-e314-4a18-b46c-220fc7ca5105" daemon [_thread_blocked, id=21188, stack(0x000000db95700000,0x000000db95800000)]
  0x00000270e6cb7240 JavaThread "Start Level: Equinox Container: 87802475-e314-4a18-b46c-220fc7ca5105" daemon [_thread_blocked, id=21228, stack(0x000000db95800000,0x000000db95900000)]
  0x00000270e72d91f0 JavaThread "Bundle File Closer" daemon [_thread_blocked, id=21180, stack(0x000000db95a00000,0x000000db95b00000)]
  0x00000270e72900f0 JavaThread "SCR Component Actor" daemon [_thread_blocked, id=12652, stack(0x000000db95b00000,0x000000db95c00000)]
  0x00000270e6e99930 JavaThread "SCR Component Registry" daemon [_thread_blocked, id=6488, stack(0x000000db95c00000,0x000000db95d00000)]
  0x00000270e6e5e5d0 JavaThread "Worker-JM" [_thread_blocked, id=19568, stack(0x000000db95d00000,0x000000db95e00000)]
  0x00000270e6e5eff0 JavaThread "Worker-0: Update project demo" [_thread_in_native, id=22384, stack(0x000000db95e00000,0x000000db95f00000)]
  0x00000270e6e61360 JavaThread "Worker-1: Synchronizing projects" [_thread_blocked, id=16708, stack(0x000000db95500000,0x000000db95600000)]
  0x00000270e6e5f500 JavaThread "Java indexing" daemon [_thread_blocked, id=3980, stack(0x000000db96000000,0x000000db96100000)]
  0x00000270e6e5fa10 JavaThread "JNA Cleaner" daemon [_thread_blocked, id=17288, stack(0x000000db96100000,0x000000db96200000)]
  0x00000270e6e5ff20 JavaThread "pool-2-thread-1" [_thread_blocked, id=8824, stack(0x000000db96400000,0x000000db96500000)]
  0x00000270e6e5dbb0 JavaThread "Worker-2" [_thread_blocked, id=19948, stack(0x000000db96500000,0x000000db96600000)]
  0x00000270e6e60430 JavaThread "WorkspaceEventsHandler" [_thread_blocked, id=15956, stack(0x000000db96600000,0x000000db96700000)]
  0x00000270e6e60e50 JavaThread "pool-1-thread-1" [_thread_in_native, id=1212, stack(0x000000db96700000,0x000000db96800000)]
  0x00000270e71c70a0 JavaThread "Worker-3" [_thread_blocked, id=6304, stack(0x000000db96800000,0x000000db96900000)]
=>0x00000270e5241d00 JavaThread "C2 CompilerThread1" daemon [_thread_in_native, id=17548, stack(0x000000db95400000,0x000000db95500000)]
  0x00000270e62548f0 JavaThread "C2 CompilerThread2" daemon [_thread_in_native, id=17264, stack(0x000000db95f00000,0x000000db96000000)]

Other Threads:
  0x00000270e4f318b0 VMThread "VM Thread" [stack: 0x000000db94100000,0x000000db94200000] [id=18492]
  0x00000270e526fa70 WatcherThread [stack: 0x000000db94d00000,0x000000db94e00000] [id=19360]
  0x00000270cbfd25f0 GCTaskThread "GC Thread#0" [stack: 0x000000db94000000,0x000000db94100000] [id=4436]
  0x00000270e6181970 GCTaskThread "GC Thread#1" [stack: 0x000000db94e00000,0x000000db94f00000] [id=20608]
  0x00000270e6254e30 GCTaskThread "GC Thread#2" [stack: 0x000000db94f00000,0x000000db95000000] [id=18280]
  0x00000270e68a9050 GCTaskThread "GC Thread#3" [stack: 0x000000db95000000,0x000000db95100000] [id=7356]
  0x00000270e68a9310 GCTaskThread "GC Thread#4" [stack: 0x000000db95100000,0x000000db95200000] [id=20800]
  0x00000270e68a95d0 GCTaskThread "GC Thread#5" [stack: 0x000000db95200000,0x000000db95300000] [id=14928]
  0x00000270e68a9890 GCTaskThread "GC Thread#6" [stack: 0x000000db95300000,0x000000db95400000] [id=19332]
  0x00000270e6c16fa0 GCTaskThread "GC Thread#7" [stack: 0x000000db95900000,0x000000db95a00000] [id=11692]

Threads with active compile tasks:
C2 CompilerThread0     7268 6218       4       jdk.internal.jrtfs.JrtFileSystemProvider::readAttributes (25 bytes)
C2 CompilerThread1     7268 6298       4       jdk.internal.jimage.ImageReader$Resource::create (17 bytes)
C2 CompilerThread2     7268 6348       4       org.eclipse.core.runtime.Path::hashCode (28 bytes)

VM state: not at safepoint (normal execution)

VM Mutex/Monitor currently owned by a thread: None

Heap address: 0x00000000c0000000, size: 1024 MB, Compressed Oops mode: 32-bit

CDS archive(s) not mapped
Compressed class space mapped at: 0x0000000100000000-0x0000000140000000, reserved size: 1073741824
Narrow klass base: 0x0000000000000000, Narrow klass shift: 3, Narrow klass range: 0x140000000

GC Precious Log:
 CPUs: 8 total, 8 available
 Memory: 16224M
 Large Page Support: Disabled
 NUMA Support: Disabled
 Compressed Oops: Enabled (32-bit)
 Alignments: Space 512K, Generation 512K, Heap 2M
 Heap Min Capacity: 100M
 Heap Initial Capacity: 100M
 Heap Max Capacity: 1G
 Pre-touch: Disabled
 Parallel Workers: 8

Heap:
 PSYoungGen      total 21504K, used 18580K [0x00000000eab00000, 0x00000000ec200000, 0x0000000100000000)
  eden space 19456K, 86% used [0x00000000eab00000,0x00000000ebb6d340,0x00000000ebe00000)
  from space 2048K, 85% used [0x00000000ebe80000,0x00000000ec038000,0x00000000ec080000)
  to   space 1536K, 0% used [0x00000000ec080000,0x00000000ec080000,0x00000000ec200000)
 ParOldGen       total 68608K, used 31514K [0x00000000c0000000, 0x00000000c4300000, 0x00000000eab00000)
  object space 68608K, 45% used [0x00000000c0000000,0x00000000c1ec6b70,0x00000000c4300000)
 Metaspace       used 52946K, committed 54080K, reserved 1114112K
  class space    used 5762K, committed 6208K, reserved 1048576K

Card table byte_map: [0x00000270cb980000,0x00000270cbb90000] _byte_map_base: 0x00000270cb380000

Marking Bits: (ParMarkBitMap*) 0x00007ffcfc79d0b0
 Begin Bits: [0x00000270ddc50000, 0x00000270dec50000)
 End Bits:   [0x00000270dec50000, 0x00000270dfc50000)

Polling page: 0x00000270cb770000

Metaspace:

Usage:
  Non-class:     46.08 MB used.
      Class:      5.63 MB used.
       Both:     51.71 MB used.

Virtual space:
  Non-class space:       64.00 MB reserved,      46.75 MB ( 73%) committed,  1 nodes.
      Class space:        1.00 GB reserved,       6.06 MB ( <1%) committed,  1 nodes.
             Both:        1.06 GB reserved,      52.81 MB (  5%) committed. 

Chunk freelists:
   Non-Class:  1.30 MB
       Class:  9.95 MB
        Both:  11.25 MB

MaxMetaspaceSize: unlimited
CompressedClassSpaceSize: 1.00 GB
Initial GC threshold: 21.00 MB
Current GC threshold: 58.38 MB
CDS: off
MetaspaceReclaimPolicy: balanced
 - commit_granule_bytes: 65536.
 - commit_granule_words: 8192.
 - virtual_space_node_default_size: 8388608.
 - enlarge_chunks_in_place: 1.
 - new_chunks_are_fully_committed: 0.
 - uncommit_free_chunks: 1.
 - use_allocation_guard: 0.
 - handle_deallocations: 1.


Internal statistics:

num_allocs_failed_limit: 6.
num_arena_births: 722.
num_arena_deaths: 14.
num_vsnodes_births: 2.
num_vsnodes_deaths: 0.
num_space_committed: 845.
num_space_uncommitted: 0.
num_chunks_returned_to_freelist: 20.
num_chunks_taken_from_freelist: 2762.
num_chunk_merges: 10.
num_chunk_splits: 1727.
num_chunks_enlarged: 1024.
num_inconsistent_stats: 0.

CodeHeap 'non-profiled nmethods': size=120000Kb used=3092Kb max_used=3092Kb free=116907Kb
 bounds [0x00000270d6720000, 0x00000270d6a30000, 0x00000270ddc50000]
CodeHeap 'profiled nmethods': size=120000Kb used=11373Kb max_used=11373Kb free=108626Kb
 bounds [0x00000270cec50000, 0x00000270cf770000, 0x00000270d6180000]
CodeHeap 'non-nmethods': size=5760Kb used=1290Kb max_used=1370Kb free=4469Kb
 bounds [0x00000270d6180000, 0x00000270d63f0000, 0x00000270d6720000]
 total_blobs=6258 nmethods=5641 adapters=531
 compilation: enabled
              stopped_count=0, restarted_count=0
 full_count=0

Compilation events (20 events):
Event: 7.230 Thread 0x00000270e4fb9a40 6391       3       org.eclipse.core.runtime.SubMonitor::consume (134 bytes)
Event: 7.231 Thread 0x00000270e4fb9a40 nmethod 6391 0x00000270cf74fb10 code [0x00000270cf74fce0, 0x00000270cf750198]
Event: 7.232 Thread 0x00000270e4fb9a40 6393       3       org.eclipse.core.internal.watson.ElementTreeIterator::doIteration (114 bytes)
Event: 7.232 Thread 0x00000270e4fb9a40 nmethod 6393 0x00000270cf750290 code [0x00000270cf750480, 0x00000270cf750cc8]
Event: 7.232 Thread 0x00000270e4fb9a40 6394       1       org.eclipse.core.internal.dtree.AbstractDataTreeNode::getChildren (5 bytes)
Event: 7.232 Thread 0x00000270e4fb9a40 nmethod 6394 0x00000270d6a14a90 code [0x00000270d6a14c20, 0x00000270d6a14cf8]
Event: 7.233 Thread 0x00000270e4fb9a40 6395       1       org.eclipse.core.internal.resources.Resource::getWorkspace (5 bytes)
Event: 7.233 Thread 0x00000270e4fb9a40 nmethod 6395 0x00000270d6a14d90 code [0x00000270d6a14f20, 0x00000270d6a14ff8]
Event: 7.234 Thread 0x00000270e4fb9a40 6396       3       java.lang.invoke.MemberName::asConstructor (58 bytes)
Event: 7.234 Thread 0x00000270e4fb9a40 nmethod 6396 0x00000270cf750f90 code [0x00000270cf7511a0, 0x00000270cf751788]
Event: 7.234 Thread 0x00000270e4fb9a40 6397       3       java.io.StringWriter::write (14 bytes)
Event: 7.234 Thread 0x00000270e4fb9a40 nmethod 6397 0x00000270cf751a10 code [0x00000270cf751bc0, 0x00000270cf751e68]
Event: 7.234 Thread 0x00000270e4fb9a40 6398       3       java.util.UUID::<init> (109 bytes)
Event: 7.234 Thread 0x00000270e4fb9a40 nmethod 6398 0x00000270cf751f90 code [0x00000270cf752140, 0x00000270cf7524b8]
Event: 7.235 Thread 0x00000270e5241d00 nmethod 6290 0x00000270d6a15090 code [0x00000270d6a15300, 0x00000270d6a16a20]
Event: 7.236 Thread 0x00000270e5241d00 6298       4       jdk.internal.jimage.ImageReader$Resource::create (17 bytes)
Event: 7.238 Thread 0x00000270e4fb9a40 6399       3       com.google.gson.stream.JsonWriter::newline (47 bytes)
Event: 7.238 Thread 0x00000270e4fb9a40 nmethod 6399 0x00000270cf752690 code [0x00000270cf752860, 0x00000270cf752c38]
Event: 7.239 Thread 0x00000270e4fb9a40 6400       3       org.eclipse.core.runtime.SubMonitor::setWorkRemaining (140 bytes)
Event: 7.239 Thread 0x00000270e4fb9a40 nmethod 6400 0x00000270cf752d90 code [0x00000270cf752f60, 0x00000270cf753368]

GC Heap History (20 events):
Event: 5.547 GC heap before
{Heap before GC invocations=16 (full 2):
 PSYoungGen      total 24576K, used 23664K [0x00000000eab00000, 0x00000000ec600000, 0x0000000100000000)
  eden space 22016K, 100% used [0x00000000eab00000,0x00000000ec080000,0x00000000ec080000)
  from space 2560K, 64% used [0x00000000ec180000,0x00000000ec31c3f8,0x00000000ec400000)
  to   space 2048K, 0% used [0x00000000ec400000,0x00000000ec400000,0x00000000ec600000)
 ParOldGen       total 68608K, used 16159K [0x00000000c0000000, 0x00000000c4300000, 0x00000000eab00000)
  object space 68608K, 23% used [0x00000000c0000000,0x00000000c0fc7e98,0x00000000c4300000)
 Metaspace       used 45388K, committed 46272K, reserved 1114112K
  class space    used 4857K, committed 5248K, reserved 1048576K
}
Event: 5.549 GC heap after
{Heap after GC invocations=16 (full 2):
 PSYoungGen      total 23040K, used 800K [0x00000000eab00000, 0x00000000ec500000, 0x0000000100000000)
  eden space 22016K, 0% used [0x00000000eab00000,0x00000000eab00000,0x00000000ec080000)
  from space 1024K, 78% used [0x00000000ec400000,0x00000000ec4c8000,0x00000000ec500000)
  to   space 1536K, 0% used [0x00000000ec200000,0x00000000ec200000,0x00000000ec380000)
 ParOldGen       total 68608K, used 17641K [0x00000000c0000000, 0x00000000c4300000, 0x00000000eab00000)
  object space 68608K, 25% used [0x00000000c0000000,0x00000000c113a588,0x00000000c4300000)
 Metaspace       used 45388K, committed 46272K, reserved 1114112K
  class space    used 4857K, committed 5248K, reserved 1048576K
}
Event: 6.013 GC heap before
{Heap before GC invocations=17 (full 2):
 PSYoungGen      total 23040K, used 22816K [0x00000000eab00000, 0x00000000ec500000, 0x0000000100000000)
  eden space 22016K, 100% used [0x00000000eab00000,0x00000000ec080000,0x00000000ec080000)
  from space 1024K, 78% used [0x00000000ec400000,0x00000000ec4c8000,0x00000000ec500000)
  to   space 1536K, 0% used [0x00000000ec200000,0x00000000ec200000,0x00000000ec380000)
 ParOldGen       total 68608K, used 17641K [0x00000000c0000000, 0x00000000c4300000, 0x00000000eab00000)
  object space 68608K, 25% used [0x00000000c0000000,0x00000000c113a588,0x00000000c4300000)
 Metaspace       used 48058K, committed 49024K, reserved 1114112K
  class space    used 5219K, committed 5632K, reserved 1048576K
}
Event: 6.015 GC heap after
{Heap after GC invocations=17 (full 2):
 PSYoungGen      total 23552K, used 1472K [0x00000000eab00000, 0x00000000ec480000, 0x0000000100000000)
  eden space 22016K, 0% used [0x00000000eab00000,0x00000000eab00000,0x00000000ec080000)
  from space 1536K, 95% used [0x00000000ec200000,0x00000000ec370000,0x00000000ec380000)
  to   space 1024K, 0% used [0x00000000ec380000,0x00000000ec380000,0x00000000ec480000)
 ParOldGen       total 68608K, used 18329K [0x00000000c0000000, 0x00000000c4300000, 0x00000000eab00000)
  object space 68608K, 26% used [0x00000000c0000000,0x00000000c11e6588,0x00000000c4300000)
 Metaspace       used 48058K, committed 49024K, reserved 1114112K
  class space    used 5219K, committed 5632K, reserved 1048576K
}
Event: 6.474 GC heap before
{Heap before GC invocations=18 (full 2):
 PSYoungGen      total 23552K, used 23487K [0x00000000eab00000, 0x00000000ec480000, 0x0000000100000000)
  eden space 22016K, 99% used [0x00000000eab00000,0x00000000ec07fcd8,0x00000000ec080000)
  from space 1536K, 95% used [0x00000000ec200000,0x00000000ec370000,0x00000000ec380000)
  to   space 1024K, 0% used [0x00000000ec380000,0x00000000ec380000,0x00000000ec480000)
 ParOldGen       total 68608K, used 18329K [0x00000000c0000000, 0x00000000c4300000, 0x00000000eab00000)
  object space 68608K, 26% used [0x00000000c0000000,0x00000000c11e6588,0x00000000c4300000)
 Metaspace       used 50658K, committed 51648K, reserved 1114112K
  class space    used 5527K, committed 5952K, reserved 1048576K
}
Event: 6.476 GC heap after
{Heap after GC invocations=18 (full 2):
 PSYoungGen      total 23040K, used 1000K [0x00000000eab00000, 0x00000000ec680000, 0x0000000100000000)
  eden space 22016K, 0% used [0x00000000eab00000,0x00000000eab00000,0x00000000ec080000)
  from space 1024K, 97% used [0x00000000ec380000,0x00000000ec47a350,0x00000000ec480000)
  to   space 3072K, 0% used [0x00000000ec080000,0x00000000ec080000,0x00000000ec380000)
 ParOldGen       total 68608K, used 19816K [0x00000000c0000000, 0x00000000c4300000, 0x00000000eab00000)
  object space 68608K, 28% used [0x00000000c0000000,0x00000000c135a288,0x00000000c4300000)
 Metaspace       used 50658K, committed 51648K, reserved 1114112K
  class space    used 5527K, committed 5952K, reserved 1048576K
}
Event: 6.729 GC heap before
{Heap before GC invocations=19 (full 2):
 PSYoungGen      total 23040K, used 23016K [0x00000000eab00000, 0x00000000ec680000, 0x0000000100000000)
  eden space 22016K, 100% used [0x00000000eab00000,0x00000000ec080000,0x00000000ec080000)
  from space 1024K, 97% used [0x00000000ec380000,0x00000000ec47a350,0x00000000ec480000)
  to   space 3072K, 0% used [0x00000000ec080000,0x00000000ec080000,0x00000000ec380000)
 ParOldGen       total 68608K, used 19816K [0x00000000c0000000, 0x00000000c4300000, 0x00000000eab00000)
  object space 68608K, 28% used [0x00000000c0000000,0x00000000c135a288,0x00000000c4300000)
 Metaspace       used 51478K, committed 52544K, reserved 1114112K
  class space    used 5608K, committed 6080K, reserved 1048576K
}
Event: 6.731 GC heap after
{Heap after GC invocations=19 (full 2):
 PSYoungGen      total 23552K, used 1312K [0x00000000eab00000, 0x00000000ec480000, 0x0000000100000000)
  eden space 22016K, 0% used [0x00000000eab00000,0x00000000eab00000,0x00000000ec080000)
  from space 1536K, 85% used [0x00000000ec080000,0x00000000ec1c8000,0x00000000ec200000)
  to   space 2048K, 0% used [0x00000000ec280000,0x00000000ec280000,0x00000000ec480000)
 ParOldGen       total 68608K, used 20801K [0x00000000c0000000, 0x00000000c4300000, 0x00000000eab00000)
  object space 68608K, 30% used [0x00000000c0000000,0x00000000c14506c8,0x00000000c4300000)
 Metaspace       used 51478K, committed 52544K, reserved 1114112K
  class space    used 5608K, committed 6080K, reserved 1048576K
}
Event: 6.853 GC heap before
{Heap before GC invocations=20 (full 2):
 PSYoungGen      total 23552K, used 23328K [0x00000000eab00000, 0x00000000ec480000, 0x0000000100000000)
  eden space 22016K, 100% used [0x00000000eab00000,0x00000000ec080000,0x00000000ec080000)
  from space 1536K, 85% used [0x00000000ec080000,0x00000000ec1c8000,0x00000000ec200000)
  to   space 2048K, 0% used [0x00000000ec280000,0x00000000ec280000,0x00000000ec480000)
 ParOldGen       total 68608K, used 20801K [0x00000000c0000000, 0x00000000c4300000, 0x00000000eab00000)
  object space 68608K, 30% used [0x00000000c0000000,0x00000000c14506c8,0x00000000c4300000)
 Metaspace       used 52117K, committed 53184K, reserved 1114112K
  class space    used 5677K, committed 6144K, reserved 1048576K
}
Event: 6.854 GC heap after
{Heap after GC invocations=20 (full 2):
 PSYoungGen      total 24064K, used 1824K [0x00000000eab00000, 0x00000000ec480000, 0x0000000100000000)
  eden space 22016K, 0% used [0x00000000eab00000,0x00000000eab00000,0x00000000ec080000)
  from space 2048K, 89% used [0x00000000ec280000,0x00000000ec448040,0x00000000ec480000)
  to   space 2048K, 0% used [0x00000000ec080000,0x00000000ec080000,0x00000000ec280000)
 ParOldGen       total 68608K, used 21963K [0x00000000c0000000, 0x00000000c4300000, 0x00000000eab00000)
  object space 68608K, 32% used [0x00000000c0000000,0x00000000c1572d10,0x00000000c4300000)
 Metaspace       used 52117K, committed 53184K, reserved 1114112K
  class space    used 5677K, committed 6144K, reserved 1048576K
}
Event: 6.943 GC heap before
{Heap before GC invocations=21 (full 2):
 PSYoungGen      total 24064K, used 23840K [0x00000000eab00000, 0x00000000ec480000, 0x0000000100000000)
  eden space 22016K, 100% used [0x00000000eab00000,0x00000000ec080000,0x00000000ec080000)
  from space 2048K, 89% used [0x00000000ec280000,0x00000000ec448040,0x00000000ec480000)
  to   space 2048K, 0% used [0x00000000ec080000,0x00000000ec080000,0x00000000ec280000)
 ParOldGen       total 68608K, used 21963K [0x00000000c0000000, 0x00000000c4300000, 0x00000000eab00000)
  object space 68608K, 32% used [0x00000000c0000000,0x00000000c1572d10,0x00000000c4300000)
 Metaspace       used 52331K, committed 53440K, reserved 1114112K
  class space    used 5697K, committed 6144K, reserved 1048576K
}
Event: 6.945 GC heap after
{Heap after GC invocations=21 (full 2):
 PSYoungGen      total 24064K, used 1920K [0x00000000eab00000, 0x00000000ec480000, 0x0000000100000000)
  eden space 22016K, 0% used [0x00000000eab00000,0x00000000eab00000,0x00000000ec080000)
  from space 2048K, 93% used [0x00000000ec080000,0x00000000ec260010,0x00000000ec280000)
  to   space 2048K, 0% used [0x00000000ec280000,0x00000000ec280000,0x00000000ec480000)
 ParOldGen       total 68608K, used 23675K [0x00000000c0000000, 0x00000000c4300000, 0x00000000eab00000)
  object space 68608K, 34% used [0x00000000c0000000,0x00000000c171ed60,0x00000000c4300000)
 Metaspace       used 52331K, committed 53440K, reserved 1114112K
  class space    used 5697K, committed 6144K, reserved 1048576K
}
Event: 7.007 GC heap before
{Heap before GC invocations=22 (full 2):
 PSYoungGen      total 24064K, used 23936K [0x00000000eab00000, 0x00000000ec480000, 0x0000000100000000)
  eden space 22016K, 100% used [0x00000000eab00000,0x00000000ec080000,0x00000000ec080000)
  from space 2048K, 93% used [0x00000000ec080000,0x00000000ec260010,0x00000000ec280000)
  to   space 2048K, 0% used [0x00000000ec280000,0x00000000ec280000,0x00000000ec480000)
 ParOldGen       total 68608K, used 23675K [0x00000000c0000000, 0x00000000c4300000, 0x00000000eab00000)
  object space 68608K, 34% used [0x00000000c0000000,0x00000000c171ed60,0x00000000c4300000)
 Metaspace       used 52390K, committed 53504K, reserved 1114112K
  class space    used 5708K, committed 6144K, reserved 1048576K
}
Event: 7.009 GC heap after
{Heap after GC invocations=22 (full 2):
 PSYoungGen      total 21504K, used 2016K [0x00000000eab00000, 0x00000000ec980000, 0x0000000100000000)
  eden space 19456K, 0% used [0x00000000eab00000,0x00000000eab00000,0x00000000ebe00000)
  from space 2048K, 98% used [0x00000000ec280000,0x00000000ec478020,0x00000000ec480000)
  to   space 4608K, 0% used [0x00000000ebe00000,0x00000000ebe00000,0x00000000ec280000)
 ParOldGen       total 68608K, used 25739K [0x00000000c0000000, 0x00000000c4300000, 0x00000000eab00000)
  object space 68608K, 37% used [0x00000000c0000000,0x00000000c1922d60,0x00000000c4300000)
 Metaspace       used 52390K, committed 53504K, reserved 1114112K
  class space    used 5708K, committed 6144K, reserved 1048576K
}
Event: 7.040 GC heap before
{Heap before GC invocations=23 (full 2):
 PSYoungGen      total 21504K, used 21472K [0x00000000eab00000, 0x00000000ec980000, 0x0000000100000000)
  eden space 19456K, 100% used [0x00000000eab00000,0x00000000ebe00000,0x00000000ebe00000)
  from space 2048K, 98% used [0x00000000ec280000,0x00000000ec478020,0x00000000ec480000)
  to   space 4608K, 0% used [0x00000000ebe00000,0x00000000ebe00000,0x00000000ec280000)
 ParOldGen       total 68608K, used 25739K [0x00000000c0000000, 0x00000000c4300000, 0x00000000eab00000)
  object space 68608K, 37% used [0x00000000c0000000,0x00000000c1922d60,0x00000000c4300000)
 Metaspace       used 52390K, committed 53504K, reserved 1114112K
  class space    used 5708K, committed 6144K, reserved 1048576K
}
Event: 7.042 GC heap after
{Heap after GC invocations=23 (full 2):
 PSYoungGen      total 21504K, used 1856K [0x00000000eab00000, 0x00000000ec400000, 0x0000000100000000)
  eden space 19456K, 0% used [0x00000000eab00000,0x00000000eab00000,0x00000000ebe00000)
  from space 2048K, 90% used [0x00000000ebe00000,0x00000000ebfd0000,0x00000000ec000000)
  to   space 3072K, 0% used [0x00000000ec100000,0x00000000ec100000,0x00000000ec400000)
 ParOldGen       total 68608K, used 27778K [0x00000000c0000000, 0x00000000c4300000, 0x00000000eab00000)
  object space 68608K, 40% used [0x00000000c0000000,0x00000000c1b20b60,0x00000000c4300000)
 Metaspace       used 52390K, committed 53504K, reserved 1114112K
  class space    used 5708K, committed 6144K, reserved 1048576K
}
Event: 7.076 GC heap before
{Heap before GC invocations=24 (full 2):
 PSYoungGen      total 21504K, used 21312K [0x00000000eab00000, 0x00000000ec400000, 0x0000000100000000)
  eden space 19456K, 100% used [0x00000000eab00000,0x00000000ebe00000,0x00000000ebe00000)
  from space 2048K, 90% used [0x00000000ebe00000,0x00000000ebfd0000,0x00000000ec000000)
  to   space 3072K, 0% used [0x00000000ec100000,0x00000000ec100000,0x00000000ec400000)
 ParOldGen       total 68608K, used 27778K [0x00000000c0000000, 0x00000000c4300000, 0x00000000eab00000)
  object space 68608K, 40% used [0x00000000c0000000,0x00000000c1b20b60,0x00000000c4300000)
 Metaspace       used 52390K, committed 53504K, reserved 1114112K
  class space    used 5708K, committed 6144K, reserved 1048576K
}
Event: 7.079 GC heap after
{Heap after GC invocations=24 (full 2):
 PSYoungGen      total 22016K, used 2048K [0x00000000eab00000, 0x00000000ec380000, 0x0000000100000000)
  eden space 19456K, 0% used [0x00000000eab00000,0x00000000eab00000,0x00000000ebe00000)
  from space 2560K, 80% used [0x00000000ec100000,0x00000000ec300010,0x00000000ec380000)
  to   space 2560K, 0% used [0x00000000ebe80000,0x00000000ebe80000,0x00000000ec100000)
 ParOldGen       total 68608K, used 29506K [0x00000000c0000000, 0x00000000c4300000, 0x00000000eab00000)
  object space 68608K, 43% used [0x00000000c0000000,0x00000000c1cd0b60,0x00000000c4300000)
 Metaspace       used 52390K, committed 53504K, reserved 1114112K
  class space    used 5708K, committed 6144K, reserved 1048576K
}
Event: 7.104 GC heap before
{Heap before GC invocations=25 (full 2):
 PSYoungGen      total 22016K, used 21504K [0x00000000eab00000, 0x00000000ec380000, 0x0000000100000000)
  eden space 19456K, 100% used [0x00000000eab00000,0x00000000ebe00000,0x00000000ebe00000)
  from space 2560K, 80% used [0x00000000ec100000,0x00000000ec300010,0x00000000ec380000)
  to   space 2560K, 0% used [0x00000000ebe80000,0x00000000ebe80000,0x00000000ec100000)
 ParOldGen       total 68608K, used 29506K [0x00000000c0000000, 0x00000000c4300000, 0x00000000eab00000)
  object space 68608K, 43% used [0x00000000c0000000,0x00000000c1cd0b60,0x00000000c4300000)
 Metaspace       used 52390K, committed 53504K, reserved 1114112K
  class space    used 5708K, committed 6144K, reserved 1048576K
}
Event: 7.107 GC heap after
{Heap after GC invocations=25 (full 2):
 PSYoungGen      total 21504K, used 1760K [0x00000000eab00000, 0x00000000ec200000, 0x0000000100000000)
  eden space 19456K, 0% used [0x00000000eab00000,0x00000000eab00000,0x00000000ebe00000)
  from space 2048K, 85% used [0x00000000ebe80000,0x00000000ec038000,0x00000000ec080000)
  to   space 1536K, 0% used [0x00000000ec080000,0x00000000ec080000,0x00000000ec200000)
 ParOldGen       total 68608K, used 31514K [0x00000000c0000000, 0x00000000c4300000, 0x00000000eab00000)
  object space 68608K, 45% used [0x00000000c0000000,0x00000000c1ec6b70,0x00000000c4300000)
 Metaspace       used 52390K, committed 53504K, reserved 1114112K
  class space    used 5708K, committed 6144K, reserved 1048576K
}

Dll operation events (10 events):
Event: 0.017 Loaded shared library c:\Users\messi\.vscode\extensions\redhat.java-1.26.0-win32-x64\jre\17.0.9-win32-x86_64\bin\java.dll
Event: 0.244 Loaded shared library c:\Users\messi\.vscode\extensions\redhat.java-1.26.0-win32-x64\jre\17.0.9-win32-x86_64\bin\zip.dll
Event: 0.247 Loaded shared library C:\Users\messi\.vscode\extensions\redhat.java-1.26.0-win32-x64\jre\17.0.9-win32-x86_64\bin\instrument.dll
Event: 0.264 Loaded shared library C:\Users\messi\.vscode\extensions\redhat.java-1.26.0-win32-x64\jre\17.0.9-win32-x86_64\bin\net.dll
Event: 0.266 Loaded shared library C:\Users\messi\.vscode\extensions\redhat.java-1.26.0-win32-x64\jre\17.0.9-win32-x86_64\bin\nio.dll
Event: 0.273 Loaded shared library C:\Users\messi\.vscode\extensions\redhat.java-1.26.0-win32-x64\jre\17.0.9-win32-x86_64\bin\zip.dll
Event: 0.290 Loaded shared library C:\Users\messi\.vscode\extensions\redhat.java-1.26.0-win32-x64\jre\17.0.9-win32-x86_64\bin\jimage.dll
Event: 0.384 Loaded shared library c:\Users\messi\.vscode\extensions\redhat.java-1.26.0-win32-x64\jre\17.0.9-win32-x86_64\bin\verify.dll
Event: 1.555 Loaded shared library C:\Users\messi\AppData\Roaming\Code\User\globalStorage\redhat.java\1.26.0\config_win\org.eclipse.equinox.launcher\org.eclipse.equinox.launcher.win32.win32.x86_64_1.2.800.v20231003-1442\eclipse_11802.dll
Event: 4.346 Loaded shared library C:\Users\messi\AppData\Local\Temp\jna-103786865\jna6184237195577045159.dll

Deoptimization events (20 events):
Event: 7.118 Thread 0x00000270e71c70a0 Uncommon trap: trap_request=0xffffffbe fr.pc=0x00000270d69f3cb8 relative=0x00000000000005f8
Event: 7.118 Thread 0x00000270e71c70a0 Uncommon trap: reason=profile_predicate action=maybe_recompile pc=0x00000270d69f3cb8 method=org.eclipse.jdt.internal.core.util.HashtableOfArrayToObject.get([Ljava/lang/Object;)Ljava/lang/Object; @ 64 c2
Event: 7.118 Thread 0x00000270e71c70a0 DEOPT PACKING pc=0x00000270d69f3cb8 sp=0x000000db968fe720
Event: 7.118 Thread 0x00000270e71c70a0 DEOPT UNPACKING pc=0x00000270d61d66a3 sp=0x000000db968fe6d0 mode 2
Event: 7.172 Thread 0x00000270e71c70a0 Uncommon trap: trap_request=0xffffffde fr.pc=0x00000270d69e974c relative=0x00000000000018ac
Event: 7.172 Thread 0x00000270e71c70a0 Uncommon trap: reason=class_check action=maybe_recompile pc=0x00000270d69e974c method=java.nio.file.FileTreeWalker.visit(Ljava/nio/file/Path;ZZ)Ljava/nio/file/FileTreeWalker$Event; @ 58 c2
Event: 7.172 Thread 0x00000270e71c70a0 DEOPT PACKING pc=0x00000270d69e974c sp=0x000000db968fed20
Event: 7.172 Thread 0x00000270e71c70a0 DEOPT UNPACKING pc=0x00000270d61d66a3 sp=0x000000db968fed20 mode 2
Event: 7.175 Thread 0x00000270e71c70a0 Uncommon trap: trap_request=0xffffffde fr.pc=0x00000270d69e974c relative=0x00000000000018ac
Event: 7.175 Thread 0x00000270e71c70a0 Uncommon trap: reason=class_check action=maybe_recompile pc=0x00000270d69e974c method=java.nio.file.FileTreeWalker.visit(Ljava/nio/file/Path;ZZ)Ljava/nio/file/FileTreeWalker$Event; @ 58 c2
Event: 7.175 Thread 0x00000270e71c70a0 DEOPT PACKING pc=0x00000270d69e974c sp=0x000000db968fed20
Event: 7.175 Thread 0x00000270e71c70a0 DEOPT UNPACKING pc=0x00000270d61d66a3 sp=0x000000db968fed20 mode 2
Event: 7.194 Thread 0x00000270e71c70a0 Uncommon trap: trap_request=0xffffff45 fr.pc=0x00000270d67d13d0 relative=0x00000000000021f0
Event: 7.194 Thread 0x00000270e71c70a0 Uncommon trap: reason=unstable_if action=reinterpret pc=0x00000270d67d13d0 method=org.codehaus.plexus.util.xml.pull.MXParser.isS(C)Z @ 21 c2
Event: 7.194 Thread 0x00000270e71c70a0 DEOPT PACKING pc=0x00000270d67d13d0 sp=0x000000db968fe640
Event: 7.194 Thread 0x00000270e71c70a0 DEOPT UNPACKING pc=0x00000270d61d66a3 sp=0x000000db968fe590 mode 2
Event: 7.194 Thread 0x00000270e71c70a0 Uncommon trap: trap_request=0xffffff45 fr.pc=0x00000270d6790788 relative=0x00000000000001e8
Event: 7.194 Thread 0x00000270e71c70a0 Uncommon trap: reason=unstable_if action=reinterpret pc=0x00000270d6790788 method=org.codehaus.plexus.util.xml.pull.MXParser.isS(C)Z @ 21 c2
Event: 7.194 Thread 0x00000270e71c70a0 DEOPT PACKING pc=0x00000270d6790788 sp=0x000000db968fe710
Event: 7.194 Thread 0x00000270e71c70a0 DEOPT UNPACKING pc=0x00000270d61d66a3 sp=0x000000db968fe638 mode 2

Classes unloaded (7 events):
Event: 2.625 Thread 0x00000270e4f318b0 Unloading class 0x000000010024a800 'java/lang/invoke/LambdaForm$MH+0x000000010024a800'
Event: 2.625 Thread 0x00000270e4f318b0 Unloading class 0x000000010024a400 'java/lang/invoke/LambdaForm$MH+0x000000010024a400'
Event: 2.625 Thread 0x00000270e4f318b0 Unloading class 0x000000010024a000 'java/lang/invoke/LambdaForm$MH+0x000000010024a000'
Event: 2.625 Thread 0x00000270e4f318b0 Unloading class 0x0000000100249c00 'java/lang/invoke/LambdaForm$MH+0x0000000100249c00'
Event: 2.626 Thread 0x00000270e4f318b0 Unloading class 0x0000000100249800 'java/lang/invoke/LambdaForm$BMH+0x0000000100249800'
Event: 2.626 Thread 0x00000270e4f318b0 Unloading class 0x0000000100249400 'java/lang/invoke/LambdaForm$DMH+0x0000000100249400'
Event: 2.626 Thread 0x00000270e4f318b0 Unloading class 0x0000000100244800 'java/lang/invoke/LambdaForm$DMH+0x0000000100244800'

Classes redefined (0 events):
No events

Internal exceptions (20 events):
Event: 4.586 Thread 0x00000270e6e61360 Exception <a 'java/lang/NoSuchMethodError'{0x00000000ead685f8}: 'int java.lang.invoke.DirectMethodHandle$Holder.invokeSpecialIFC(java.lang.Object, java.lang.Object, java.lang.Object, java.lang.Object, java.lang.Object)'> (0x00000000ead685f8) 
thrown [s\src\hotspot\share\interpreter\linkResolver.cpp, line 759]
Event: 4.685 Thread 0x00000270cbfbe110 Exception <a 'java/lang/NoSuchMethodError'{0x00000000eba970e0}: 'void java.lang.invoke.DirectMethodHandle$Holder.invokeSpecial(java.lang.Object, java.lang.Object, java.lang.Object, java.lang.Object, java.lang.Object, java.lang.Object)'> (0x00000000eba970e0) 
thrown [s\src\hotspot\share\interpreter\linkResolver.cpp, line 759]
Event: 4.686 Thread 0x00000270cbfbe110 Exception <a 'java/lang/IncompatibleClassChangeError'{0x00000000ebaa0bc8}: Found class java.lang.Object, but interface was expected> (0x00000000ebaa0bc8) 
thrown [s\src\hotspot\share\interpreter\linkResolver.cpp, line 826]
Event: 4.820 Thread 0x00000270e6e61360 Exception <a 'java/lang/NoClassDefFoundError'{0x00000000eab22ec0}: javax/enterprise/inject/Typed> (0x00000000eab22ec0) 
thrown [s\src\hotspot\share\classfile\systemDictionary.cpp, line 245]
Event: 4.868 Thread 0x00000270e6e60e50 Exception <a 'java/io/FileNotFoundException'{0x00000000eb042fb0}> (0x00000000eb042fb0) 
thrown [s\src\hotspot\share\prims\jni.cpp, line 516]
Event: 5.751 Thread 0x00000270e6e61360 Exception <a 'java/lang/NoSuchMethodError'{0x00000000eb53b668}: 'void java.lang.invoke.DirectMethodHandle$Holder.invokeStaticInit(java.lang.Object, java.lang.Object, java.lang.Object)'> (0x00000000eb53b668) 
thrown [s\src\hotspot\share\interpreter\linkResolver.cpp, line 759]
Event: 5.757 Thread 0x00000270e6e61360 Exception <a 'java/lang/ExceptionInInitializerError'{0x00000000eb56ff40}> (0x00000000eb56ff40) 
thrown [s\src\hotspot\share\oops\instanceKlass.cpp, line 1218]
Event: 5.786 Thread 0x00000270e6e61360 Implicit null exception at 0x00000270d6837aaf to 0x00000270d6837c58
Event: 5.786 Thread 0x00000270e6e61360 Implicit null exception at 0x00000270d67b8c69 to 0x00000270d67ba058
Event: 5.792 Thread 0x00000270e6e61360 Exception <a 'java/lang/NoSuchMethodError'{0x00000000eb6eac38}: 'java.lang.Object java.lang.invoke.Invokers$Holder.invokeExact_MT(java.lang.Object, int, java.lang.Object)'> (0x00000000eb6eac38) 
thrown [s\src\hotspot\share\interpreter\linkResolver.cpp, line 759]
Event: 5.804 Thread 0x00000270e6e61360 Exception <a 'java/lang/NoSuchMethodError'{0x00000000eb75bda0}: 'int java.lang.invoke.DirectMethodHandle$Holder.invokeSpecial(java.lang.Object, java.lang.Object, java.lang.Object, java.lang.Object)'> (0x00000000eb75bda0) 
thrown [s\src\hotspot\share\interpreter\linkResolver.cpp, line 759]
Event: 6.039 Thread 0x00000270e6e61360 Exception <a 'java/lang/NoClassDefFoundError'{0x00000000ead002e8}: com/google/inject/servlet/ServletModuleTargetVisitor> (0x00000000ead002e8) 
thrown [s\src\hotspot\share\classfile\systemDictionary.cpp, line 245]
Event: 6.090 Thread 0x00000270e6e5eff0 Exception <a 'java/lang/NoSuchMethodError'{0x00000000eb163090}: 'int java.lang.invoke.DirectMethodHandle$Holder.invokeSpecialIFC(java.lang.Object, java.lang.Object, java.lang.Object, java.lang.Object)'> (0x00000000eb163090) 
thrown [s\src\hotspot\share\interpreter\linkResolver.cpp, line 759]
Event: 6.227 Thread 0x00000270e6e5eff0 Exception <a 'java/io/FileNotFoundException'{0x00000000eb9a9df0}> (0x00000000eb9a9df0) 
thrown [s\src\hotspot\share\prims\jni.cpp, line 516]
Event: 6.612 Thread 0x00000270e71c70a0 Exception <a 'java/lang/NoSuchMethodError'{0x00000000ead192d8}: 'int java.lang.invoke.DirectMethodHandle$Holder.invokeInterface(java.lang.Object, java.lang.Object)'> (0x00000000ead192d8) 
thrown [s\src\hotspot\share\interpreter\linkResolver.cpp, line 759]
Event: 6.612 Thread 0x00000270e71c70a0 Exception <a 'java/lang/IncompatibleClassChangeError'{0x00000000ead35360}: Found class java.lang.Object, but interface was expected> (0x00000000ead35360) 
thrown [s\src\hotspot\share\interpreter\linkResolver.cpp, line 826]
Event: 6.665 Thread 0x00000270e71c70a0 Exception <a 'java/lang/NoSuchMethodError'{0x00000000eb916a58}: 'java.lang.Object java.lang.invoke.Invokers$Holder.invoke_MT(java.lang.Object, java.lang.Object, java.lang.Object)'> (0x00000000eb916a58) 
thrown [s\src\hotspot\share\interpreter\linkResolver.cpp, line 759]
Event: 6.862 Thread 0x00000270e71c70a0 Exception <a 'java/io/FileNotFoundException'{0x00000000eabca040}> (0x00000000eabca040) 
thrown [s\src\hotspot\share\prims\jni.cpp, line 516]
Event: 6.863 Thread 0x00000270e71c70a0 Exception <a 'java/io/FileNotFoundException'{0x00000000eabcb598}> (0x00000000eabcb598) 
thrown [s\src\hotspot\share\prims\jni.cpp, line 516]
Event: 7.239 Thread 0x00000270e71c70a0 Exception <a 'sun/nio/fs/WindowsException'{0x00000000eb9e3eb0}> (0x00000000eb9e3eb0) 
thrown [s\src\hotspot\share\prims\jni.cpp, line 516]

VM Operations (20 events):
Event: 6.684 Executing VM operation: HandshakeAllThreads
Event: 6.684 Executing VM operation: HandshakeAllThreads done
Event: 6.728 Executing VM operation: HandshakeAllThreads
Event: 6.728 Executing VM operation: HandshakeAllThreads done
Event: 6.729 Executing VM operation: ParallelGCFailedAllocation
Event: 6.731 Executing VM operation: ParallelGCFailedAllocation done
Event: 6.852 Executing VM operation: ParallelGCFailedAllocation
Event: 6.854 Executing VM operation: ParallelGCFailedAllocation done
Event: 6.943 Executing VM operation: ParallelGCFailedAllocation
Event: 6.945 Executing VM operation: ParallelGCFailedAllocation done
Event: 7.007 Executing VM operation: ParallelGCFailedAllocation
Event: 7.009 Executing VM operation: ParallelGCFailedAllocation done
Event: 7.040 Executing VM operation: ParallelGCFailedAllocation
Event: 7.042 Executing VM operation: ParallelGCFailedAllocation done
Event: 7.076 Executing VM operation: ParallelGCFailedAllocation
Event: 7.079 Executing VM operation: ParallelGCFailedAllocation done
Event: 7.104 Executing VM operation: ParallelGCFailedAllocation
Event: 7.107 Executing VM operation: ParallelGCFailedAllocation done
Event: 7.201 Executing VM operation: HandshakeAllThreads
Event: 7.201 Executing VM operation: HandshakeAllThreads done

Events (20 events):
Event: 6.729 loading class java/nio/file/FileVisitResult
Event: 6.729 loading class java/nio/file/FileVisitResult done
Event: 6.779 loading class java/util/regex/Pattern$BackRef
Event: 6.779 loading class java/util/regex/Pattern$BackRef done
Event: 6.812 loading class java/nio/channels/Channels$ReadableByteChannelImpl
Event: 6.812 loading class java/nio/channels/Channels$ReadableByteChannelImpl done
Event: 6.812 loading class java/nio/channels/NonWritableChannelException
Event: 6.812 loading class java/nio/channels/NonWritableChannelException done
Event: 7.171 loading class java/nio/file/SimpleFileVisitor
Event: 7.171 loading class java/nio/file/SimpleFileVisitor done
Event: 7.171 loading class java/nio/file/FileTreeWalker$1
Event: 7.171 loading class java/nio/file/FileTreeWalker$1 done
Event: 7.173 loading class sun/nio/fs/Globs
Event: 7.173 loading class sun/nio/fs/Globs done
Event: 7.174 loading class java/util/regex/Pattern$SliceU
Event: 7.174 loading class java/util/regex/Pattern$SliceU done
Event: 7.174 loading class sun/nio/fs/WindowsFileSystem$2
Event: 7.174 loading class java/nio/file/PathMatcher
Event: 7.174 loading class java/nio/file/PathMatcher done
Event: 7.174 loading class sun/nio/fs/WindowsFileSystem$2 done


Dynamic libraries:
0x00007ff6c55c0000 - 0x00007ff6c55ce000 	c:\Users\messi\.vscode\extensions\redhat.java-1.26.0-win32-x64\jre\17.0.9-win32-x86_64\bin\java.exe
0x00007ffd5ef90000 - 0x00007ffd5f1a7000 	C:\Windows\SYSTEM32\ntdll.dll
0x00007ffd5d990000 - 0x00007ffd5da54000 	C:\Windows\System32\KERNEL32.DLL
0x00007ffd5c930000 - 0x00007ffd5ccd6000 	C:\Windows\System32\KERNELBASE.dll
0x00007ffd5c3c0000 - 0x00007ffd5c4d1000 	C:\Windows\System32\ucrtbase.dll
0x00007ffd40a10000 - 0x00007ffd40a2b000 	c:\Users\messi\.vscode\extensions\redhat.java-1.26.0-win32-x64\jre\17.0.9-win32-x86_64\bin\VCRUNTIME140.dll
0x00007ffd409f0000 - 0x00007ffd40a07000 	c:\Users\messi\.vscode\extensions\redhat.java-1.26.0-win32-x64\jre\17.0.9-win32-x86_64\bin\jli.dll
0x00007ffd5d070000 - 0x00007ffd5d21e000 	C:\Windows\System32\USER32.dll
0x00007ffd5c640000 - 0x00007ffd5c666000 	C:\Windows\System32\win32u.dll
0x00007ffd5d960000 - 0x00007ffd5d989000 	C:\Windows\System32\GDI32.dll
0x00007ffd44060000 - 0x00007ffd442f3000 	C:\Windows\WinSxS\amd64_microsoft.windows.common-controls_6595b64144ccf1df_6.0.22621.2506_none_270c5ae97388e100\COMCTL32.dll
0x00007ffd5c810000 - 0x00007ffd5c928000 	C:\Windows\System32\gdi32full.dll
0x00007ffd5d850000 - 0x00007ffd5d8f7000 	C:\Windows\System32\msvcrt.dll
0x00007ffd5c4e0000 - 0x00007ffd5c57a000 	C:\Windows\System32\msvcp_win.dll
0x00007ffd5d670000 - 0x00007ffd5d6a1000 	C:\Windows\System32\IMM32.DLL
0x00007ffd57c20000 - 0x00007ffd57c2c000 	c:\Users\messi\.vscode\extensions\redhat.java-1.26.0-win32-x64\jre\17.0.9-win32-x86_64\bin\vcruntime140_1.dll
0x00007ffd3f8d0000 - 0x00007ffd3f95d000 	c:\Users\messi\.vscode\extensions\redhat.java-1.26.0-win32-x64\jre\17.0.9-win32-x86_64\bin\msvcp140.dll
0x00007ffcfbc00000 - 0x00007ffcfc861000 	c:\Users\messi\.vscode\extensions\redhat.java-1.26.0-win32-x64\jre\17.0.9-win32-x86_64\bin\server\jvm.dll
0x00007ffd5d220000 - 0x00007ffd5d2d3000 	C:\Windows\System32\ADVAPI32.dll
0x00007ffd5e390000 - 0x00007ffd5e438000 	C:\Windows\System32\sechost.dll
0x00007ffd5c7e0000 - 0x00007ffd5c808000 	C:\Windows\System32\bcrypt.dll
0x00007ffd5d470000 - 0x00007ffd5d587000 	C:\Windows\System32\RPCRT4.dll
0x00007ffd5b110000 - 0x00007ffd5b15d000 	C:\Windows\SYSTEM32\POWRPROF.dll
0x00007ffd35ec0000 - 0x00007ffd35ef4000 	C:\Windows\SYSTEM32\WINMM.dll
0x00007ffd27690000 - 0x00007ffd27699000 	C:\Windows\SYSTEM32\WSOCK32.dll
0x00007ffd5edd0000 - 0x00007ffd5ee41000 	C:\Windows\System32\WS2_32.dll
0x00007ffd56500000 - 0x00007ffd5650a000 	C:\Windows\SYSTEM32\VERSION.dll
0x00007ffd5b0f0000 - 0x00007ffd5b103000 	C:\Windows\SYSTEM32\UMPDC.dll
0x00007ffd5b3b0000 - 0x00007ffd5b3c8000 	C:\Windows\SYSTEM32\kernel.appcore.dll
0x00007ffd47a20000 - 0x00007ffd47a2a000 	c:\Users\messi\.vscode\extensions\redhat.java-1.26.0-win32-x64\jre\17.0.9-win32-x86_64\bin\jimage.dll
0x00007ffd45770000 - 0x00007ffd459a3000 	C:\Windows\SYSTEM32\DBGHELP.DLL
0x00007ffd5cce0000 - 0x00007ffd5d069000 	C:\Windows\System32\combase.dll
0x00007ffd5d2e0000 - 0x00007ffd5d3b7000 	C:\Windows\System32\OLEAUT32.dll
0x00007ffd48650000 - 0x00007ffd48682000 	C:\Windows\SYSTEM32\dbgcore.DLL
0x00007ffd5c2d0000 - 0x00007ffd5c34a000 	C:\Windows\System32\bcryptPrimitives.dll
0x00007ffd47680000 - 0x00007ffd4768e000 	c:\Users\messi\.vscode\extensions\redhat.java-1.26.0-win32-x64\jre\17.0.9-win32-x86_64\bin\instrument.dll
0x00007ffd41400000 - 0x00007ffd41425000 	c:\Users\messi\.vscode\extensions\redhat.java-1.26.0-win32-x64\jre\17.0.9-win32-x86_64\bin\java.dll
0x00007ffd44370000 - 0x00007ffd44388000 	c:\Users\messi\.vscode\extensions\redhat.java-1.26.0-win32-x64\jre\17.0.9-win32-x86_64\bin\zip.dll
0x00007ffd5db30000 - 0x00007ffd5e38a000 	C:\Windows\System32\SHELL32.dll
0x00007ffd5a1e0000 - 0x00007ffd5aad6000 	C:\Windows\SYSTEM32\windows.storage.dll
0x00007ffd5a0a0000 - 0x00007ffd5a1de000 	C:\Windows\SYSTEM32\wintypes.dll
0x00007ffd5ee50000 - 0x00007ffd5ef43000 	C:\Windows\System32\SHCORE.dll
0x00007ffd5da60000 - 0x00007ffd5dabe000 	C:\Windows\System32\shlwapi.dll
0x00007ffd5c200000 - 0x00007ffd5c226000 	C:\Windows\SYSTEM32\profapi.dll
0x00007ffd3f6c0000 - 0x00007ffd3f6d9000 	C:\Users\messi\.vscode\extensions\redhat.java-1.26.0-win32-x64\jre\17.0.9-win32-x86_64\bin\net.dll
0x00007ffd566b0000 - 0x00007ffd567e7000 	C:\Windows\SYSTEM32\WINHTTP.dll
0x00007ffd5b820000 - 0x00007ffd5b889000 	C:\Windows\system32\mswsock.dll
0x00007ffd3f3a0000 - 0x00007ffd3f3b6000 	C:\Users\messi\.vscode\extensions\redhat.java-1.26.0-win32-x64\jre\17.0.9-win32-x86_64\bin\nio.dll
0x00007ffd475b0000 - 0x00007ffd475c0000 	c:\Users\messi\.vscode\extensions\redhat.java-1.26.0-win32-x64\jre\17.0.9-win32-x86_64\bin\verify.dll
0x00007ffd3fe60000 - 0x00007ffd3fe9e000 	C:\Users\messi\AppData\Roaming\Code\User\globalStorage\redhat.java\1.26.0\config_win\org.eclipse.equinox.launcher\org.eclipse.equinox.launcher.win32.win32.x86_64_1.2.800.v20231003-1442\eclipse_11802.dll
0x00007ffd5d6b0000 - 0x00007ffd5d850000 	C:\Windows\System32\ole32.dll
0x00007ffd5bb70000 - 0x00007ffd5bb8b000 	C:\Windows\SYSTEM32\CRYPTSP.dll
0x00007ffd5b310000 - 0x00007ffd5b345000 	C:\Windows\system32\rsaenh.dll
0x00007ffd5b8c0000 - 0x00007ffd5b8ec000 	C:\Windows\SYSTEM32\USERENV.dll
0x00007ffd5bb50000 - 0x00007ffd5bb5c000 	C:\Windows\SYSTEM32\CRYPTBASE.dll
0x00007ffd5adb0000 - 0x00007ffd5addd000 	C:\Windows\SYSTEM32\IPHLPAPI.DLL
0x00007ffd5d950000 - 0x00007ffd5d959000 	C:\Windows\System32\NSI.dll
0x00007ffd56690000 - 0x00007ffd566a9000 	C:\Windows\SYSTEM32\dhcpcsvc6.DLL
0x00007ffd56670000 - 0x00007ffd5668f000 	C:\Windows\SYSTEM32\dhcpcsvc.DLL
0x00007ffd5ae20000 - 0x00007ffd5af19000 	C:\Windows\SYSTEM32\DNSAPI.dll
0x00007ffd3dbf0000 - 0x00007ffd3dc35000 	C:\Users\messi\AppData\Local\Temp\jna-103786865\jna6184237195577045159.dll
0x00007ffd5edc0000 - 0x00007ffd5edc8000 	C:\Windows\System32\PSAPI.DLL

dbghelp: loaded successfully - version: 4.0.5 - missing functions: none
symbol engine: initialized successfully - sym options: 0x614 - pdb path: .;c:\Users\messi\.vscode\extensions\redhat.java-1.26.0-win32-x64\jre\17.0.9-win32-x86_64\bin;C:\Windows\SYSTEM32;C:\Windows\WinSxS\amd64_microsoft.windows.common-controls_6595b64144ccf1df_6.0.22621.2506_none_270c5ae97388e100;c:\Users\messi\.vscode\extensions\redhat.java-1.26.0-win32-x64\jre\17.0.9-win32-x86_64\bin\server;C:\Users\messi\AppData\Roaming\Code\User\globalStorage\redhat.java\1.26.0\config_win\org.eclipse.equinox.launcher\org.eclipse.equinox.launcher.win32.win32.x86_64_1.2.800.v20231003-1442;C:\Users\messi\AppData\Local\Temp\jna-103786865

VM Arguments:
jvm_args: --add-modules=ALL-SYSTEM --add-opens=java.base/java.util=ALL-UNNAMED --add-opens=java.base/java.lang=ALL-UNNAMED --add-opens=java.base/sun.nio.fs=ALL-UNNAMED -Declipse.application=org.eclipse.jdt.ls.core.id1 -Dosgi.bundles.defaultStartLevel=4 -Declipse.product=org.eclipse.jdt.ls.core.product -Djava.import.generatesMetadataFilesAtProjectRoot=false -DDetectVMInstallationsJob.disabled=true -Dfile.encoding=utf8 -XX:+UseParallelGC -XX:GCTimeRatio=4 -XX:AdaptiveSizePolicyWeight=90 -Dsun.zip.disableMemoryMapping=true -Xmx1G -Xms100m -Xlog:disable -javaagent:c:\Users\messi\.vscode\extensions\redhat.java-1.26.0-win32-x64\lombok\lombok-1.18.31-3454.jar -XX:+HeapDumpOnOutOfMemoryError -XX:HeapDumpPath=c:\Users\messi\AppData\Roaming\Code\User\workspaceStorage\d88549114971c4f169f360f53d10f945\redhat.java -Daether.dependencyCollector.impl=bf 
java_command: c:\Users\messi\.vscode\extensions\redhat.java-1.26.0-win32-x64\server\plugins\org.eclipse.equinox.launcher_1.6.700.v20231214-2017.jar -configuration c:\Users\messi\AppData\Roaming\Code\User\globalStorage\redhat.java\1.26.0\config_win -data c:\Users\messi\AppData\Roaming\Code\User\workspaceStorage\d88549114971c4f169f360f53d10f945\redhat.java\jdt_ws --stdio
java_class_path (initial): c:\Users\messi\.vscode\extensions\redhat.java-1.26.0-win32-x64\server\plugins\org.eclipse.equinox.launcher_1.6.700.v20231214-2017.jar
Launcher Type: SUN_STANDARD

[Global flags]
    uintx AdaptiveSizePolicyWeight                 = 90                                        {product} {command line}
     intx CICompilerCount                          = 4                                         {product} {ergonomic}
    uintx GCTimeRatio                              = 4                                         {product} {command line}
     bool HeapDumpOnOutOfMemoryError               = true                                   {manageable} {command line}
    ccstr HeapDumpPath                             = c:\Users\messi\AppData\Roaming\Code\User\workspaceStorage\d88549114971c4f169f360f53d10f945\redhat.java         {manageable} {command line}
   size_t InitialHeapSize                          = 104857600                                 {product} {command line}
   size_t MaxHeapSize                              = 1073741824                                {product} {command line}
   size_t MaxNewSize                               = 357564416                                 {product} {ergonomic}
   size_t MinHeapDeltaBytes                        = 524288                                    {product} {ergonomic}
   size_t MinHeapSize                              = 104857600                                 {product} {command line}
   size_t NewSize                                  = 34603008                                  {product} {ergonomic}
    uintx NonNMethodCodeHeapSize                   = 5839372                                {pd product} {ergonomic}
    uintx NonProfiledCodeHeapSize                  = 122909434                              {pd product} {ergonomic}
   size_t OldSize                                  = 70254592                                  {product} {ergonomic}
    uintx ProfiledCodeHeapSize                     = 122909434                              {pd product} {ergonomic}
    uintx ReservedCodeCacheSize                    = 251658240                              {pd product} {ergonomic}
     bool SegmentedCodeCache                       = true                                      {product} {ergonomic}
   size_t SoftMaxHeapSize                          = 1073741824                             {manageable} {ergonomic}
     bool UseCompressedClassPointers               = true                           {product lp64_product} {ergonomic}
     bool UseCompressedOops                        = true                           {product lp64_product} {ergonomic}
     bool UseLargePagesIndividualAllocation        = false                                  {pd product} {ergonomic}
     bool UseParallelGC                            = true                                      {product} {command line}

Logging:
Log output configuration:
 #0: stdout all=off uptime,level,tags
 #1: stderr all=off uptime,level,tags

Environment Variables:
PATH=C:\Program Files\Common Files\Oracle\Java\javapath;D:\Program Files (x86)\VMware\VMware Workstation\bin\;C:\Python311\Scripts\;C:\Python311\;C:\Windows\system32;C:\Windows;C:\Windows\System32\Wbem;C:\Windows\System32\WindowsPowerShell\v1.0\;C:\Windows\System32\OpenSSH\;C:\Program Files\nodejs\;C:\ProgramData\chocolatey\bin;C:\Program Files\Git\cmd;C:\MinGW\bin;C:\platform-tools;C:\Program Files\NVIDIA Corporation\NVIDIA NvDLISR;C:\Program Files (x86)\NVIDIA Corporation\PhysX\Common;C:\Program Files\dotnet\;D:\Program Files\MATLAB\R2023a\runtime\win64;D:\Program Files\MATLAB\R2023a\bin;C:\Program Files\Docker\Docker\resources\bin;C:\Program Files\MySQL\MySQL Server 8.0\bin;C:\Users\messi\AppData\Local\Microsoft\WindowsApps;C:\Users\messi\AppData\Roaming\npm;C:\Users\messi\AppData\Local\Programs\Microsoft VS Code\bin;C:\MinGW\bin;C:\platform-tools;;C:\Program Files\Azure Data Studio\bin;C:\Program Files\Azure Data Studio\bin;C:\Program Files\Azure Data Studio\bin;D:\Program Files\JetBrains\IntelliJ IDEA 2021.1\bin;;C:\Users\messi\.dotnet\tools
USERNAME=messi
OS=Windows_NT
PROCESSOR_IDENTIFIER=Intel64 Family 6 Model 158 Stepping 13, GenuineIntel
TMP=C:\Users\messi\AppData\Local\Temp
TEMP=C:\Users\messi\AppData\Local\Temp



Periodic native trim disabled


---------------  S Y S T E M  ---------------

OS:
 Windows 11 , 64 bit Build 22621 (10.0.22621.2506)
OS uptime: 0 days 3:18 hours
Hyper-V role detected

CPU: total 8 (initial active 8) (4 cores per cpu, 2 threads per core) family 6 model 158 stepping 13 microcode 0xde, cx8, cmov, fxsr, ht, mmx, 3dnowpref, sse, sse2, sse3, ssse3, sse4.1, sse4.2, popcnt, lzcnt, tsc, tscinvbit, avx, avx2, aes, erms, clmul, bmi1, bmi2, adx, fma, vzeroupper, clflush, clflushopt, hv
Processor Information for all 8 processors :
  Max Mhz: 2401, Current Mhz: 2400, Mhz Limit: 2376

Memory: 4k page, system-wide physical 16224M (3881M free)
TotalPageFile size 16224M (AvailPageFile size 5M)
current process WorkingSet (physical memory assigned to process): 223M, peak: 228M
current process commit charge ("private bytes"): 302M, peak: 315M

vm_info: OpenJDK 64-Bit Server VM (17.0.9+9) for windows-amd64 JRE (17.0.9+9), built on Oct 26 2023 14:01:42 by "admin" with MS VC++ 16.10 / 16.11 (VS2019)

END.
